[0.009s] Invoking command in '/home/wen/chall/build/simulation': CMAKE_PREFIX_PATH=/home/wen/chall/install/mav_msgs:/home/wen/chall/install/takeoff_pkg:/home/wen/chall/install/simulation:/home/wen/chall/install/mav_planning_msgs:/home/wen/chall/install/controller_pkg:/home/wen/chall/install/mapping_pkg:/home/wen/ws/install/trajectory_planner_pkg:/home/wen/ws/install/state_estimator_pkg:/home/wen/ws/install/simulation:/home/wen/ws/install/mission_planner_pkg:/home/wen/ws/install/mav_planning_msgs:/home/wen/ws/install/controller_pkg:/home/wen/ws/install/mav_msgs:/opt/ros/jazzy/opt/gz_math_vendor:/opt/ros/jazzy/opt/gz_utils_vendor:/opt/ros/jazzy/opt/gz_cmake_vendor:/opt/ros/jazzy DEBUGINFOD_URLS=https://debuginfod.ubuntu.com LD_LIBRARY_PATH=/home/wen/chall/install/mav_msgs/lib:/home/wen/chall/install/simulation/lib:/home/wen/chall/install/mav_planning_msgs/lib:/home/wen/chall/install/controller_pkg/lib:/home/wen/ws/install/simulation/lib:/home/wen/ws/install/mav_planning_msgs/lib:/home/wen/ws/install/controller_pkg/lib:/home/wen/ws/install/mav_msgs/lib:/opt/ros/jazzy/opt/rviz_ogre_vendor/lib:/opt/ros/jazzy/lib/x86_64-linux-gnu:/opt/ros/jazzy/opt/gz_math_vendor/lib:/opt/ros/jazzy/opt/gz_utils_vendor/lib:/opt/ros/jazzy/opt/gz_cmake_vendor/lib:/opt/ros/jazzy/lib PYTHONPATH=/home/wen/chall/install/mav_msgs/lib/python3.12/site-packages:/home/wen/chall/install/mav_planning_msgs/lib/python3.12/site-packages:/home/wen/ws/install/mav_planning_msgs/lib/python3.12/site-packages:/home/wen/ws/install/mav_msgs/lib/python3.12/site-packages:/opt/ros/jazzy/lib/python3.12/site-packages /usr/bin/cmake /home/wen/chall/src/simulation -DCMAKE_INSTALL_PREFIX=/home/wen/chall/install/simulation
[0.049s] -- The C compiler identification is GNU 13.3.0
[0.087s] -- The CXX compiler identification is GNU 13.3.0
[0.100s] -- Detecting C compiler ABI info
[0.168s] -- Detecting C compiler ABI info - done
[0.175s] -- Check for working C compiler: /usr/bin/cc - skipped
[0.175s] -- Detecting C compile features
[0.175s] -- Detecting C compile features - done
[0.181s] -- Detecting CXX compiler ABI info
[0.255s] -- Detecting CXX compiler ABI info - done
[0.262s] -- Check for working CXX compiler: /usr/bin/c++ - skipped
[0.262s] -- Detecting CXX compile features
[0.263s] -- Detecting CXX compile features - done
[0.265s] -- Found ament_cmake: 2.5.5 (/opt/ros/jazzy/share/ament_cmake/cmake)
[0.365s] -- Found Python3: /usr/bin/python3 (found version "3.12.3") found components: Interpreter 
[0.437s] -- Found rclcpp: 28.1.16 (/opt/ros/jazzy/share/rclcpp/cmake)
[0.465s] -- Found rosidl_generator_c: 4.6.7 (/opt/ros/jazzy/share/rosidl_generator_c/cmake)
[0.475s] -- Found rosidl_generator_cpp: 4.6.7 (/opt/ros/jazzy/share/rosidl_generator_cpp/cmake)
[0.486s] -- Using all available rosidl_typesupport_c: rosidl_typesupport_fastrtps_c;rosidl_typesupport_introspection_c
[0.498s] -- Using all available rosidl_typesupport_cpp: rosidl_typesupport_fastrtps_cpp;rosidl_typesupport_introspection_cpp
[0.551s] -- Found rmw_implementation_cmake: 7.3.3 (/opt/ros/jazzy/share/rmw_implementation_cmake/cmake)
[0.553s] -- Found rmw_fastrtps_cpp: 8.4.3 (/opt/ros/jazzy/share/rmw_fastrtps_cpp/cmake)
[0.620s] -- Found OpenSSL: /usr/lib/x86_64-linux-gnu/libcrypto.so (found version "3.0.13")  
[0.633s] -- Found FastRTPS: /opt/ros/jazzy/include (Required is at least version "2.13") 
[0.652s] -- Using RMW implementation 'rmw_fastrtps_cpp' as default
[0.700s] -- Found std_msgs: 5.3.6 (/opt/ros/jazzy/share/std_msgs/cmake)
[0.709s] -- Found geometry_msgs: 5.3.6 (/opt/ros/jazzy/share/geometry_msgs/cmake)
[0.719s] -- Found tf2: 0.36.19 (/opt/ros/jazzy/share/tf2/cmake)
[0.723s] -- Found tf2_ros: 0.36.19 (/opt/ros/jazzy/share/tf2_ros/cmake)
[0.808s] -- Found tf2_geometry_msgs: 0.36.19 (/opt/ros/jazzy/share/tf2_geometry_msgs/cmake)
[0.818s] -- Found eigen3_cmake_module: 0.3.0 (/opt/ros/jazzy/share/eigen3_cmake_module/cmake)
[0.818s] -- Found Eigen3: TRUE (found version "3.4.0") 
[0.818s] -- Ensuring Eigen3 include directory is part of orocos-kdl CMake target
[0.820s] -- Found mav_msgs: 3.3.3 (/home/wen/chall/install/mav_msgs/share/mav_msgs/cmake)
[0.857s] -- Found trajectory_msgs: 5.3.6 (/opt/ros/jazzy/share/trajectory_msgs/cmake)
[0.870s] -- Found visualization_msgs: 5.3.6 (/opt/ros/jazzy/share/visualization_msgs/cmake)
[0.906s] -- Found cv_bridge: 4.1.0 (/opt/ros/jazzy/share/cv_bridge/cmake)
[0.919s] -- Found OpenCV: /usr (found version "4.6.0") 
[0.936s] -- Performing Test CMAKE_HAVE_LIBC_PTHREAD
[1.003s] -- Performing Test CMAKE_HAVE_LIBC_PTHREAD - Success
[1.003s] -- Found Threads: TRUE  
[1.067s] -- Configuring done (1.1s)
[1.095s] -- Generating done (0.0s)
[1.100s] -- Build files have been written to: /home/wen/chall/build/simulation
[1.112s] Invoked command in '/home/wen/chall/build/simulation' returned '0': CMAKE_PREFIX_PATH=/home/wen/chall/install/mav_msgs:/home/wen/chall/install/takeoff_pkg:/home/wen/chall/install/simulation:/home/wen/chall/install/mav_planning_msgs:/home/wen/chall/install/controller_pkg:/home/wen/chall/install/mapping_pkg:/home/wen/ws/install/trajectory_planner_pkg:/home/wen/ws/install/state_estimator_pkg:/home/wen/ws/install/simulation:/home/wen/ws/install/mission_planner_pkg:/home/wen/ws/install/mav_planning_msgs:/home/wen/ws/install/controller_pkg:/home/wen/ws/install/mav_msgs:/opt/ros/jazzy/opt/gz_math_vendor:/opt/ros/jazzy/opt/gz_utils_vendor:/opt/ros/jazzy/opt/gz_cmake_vendor:/opt/ros/jazzy DEBUGINFOD_URLS=https://debuginfod.ubuntu.com LD_LIBRARY_PATH=/home/wen/chall/install/mav_msgs/lib:/home/wen/chall/install/simulation/lib:/home/wen/chall/install/mav_planning_msgs/lib:/home/wen/chall/install/controller_pkg/lib:/home/wen/ws/install/simulation/lib:/home/wen/ws/install/mav_planning_msgs/lib:/home/wen/ws/install/controller_pkg/lib:/home/wen/ws/install/mav_msgs/lib:/opt/ros/jazzy/opt/rviz_ogre_vendor/lib:/opt/ros/jazzy/lib/x86_64-linux-gnu:/opt/ros/jazzy/opt/gz_math_vendor/lib:/opt/ros/jazzy/opt/gz_utils_vendor/lib:/opt/ros/jazzy/opt/gz_cmake_vendor/lib:/opt/ros/jazzy/lib PYTHONPATH=/home/wen/chall/install/mav_msgs/lib/python3.12/site-packages:/home/wen/chall/install/mav_planning_msgs/lib/python3.12/site-packages:/home/wen/ws/install/mav_planning_msgs/lib/python3.12/site-packages:/home/wen/ws/install/mav_msgs/lib/python3.12/site-packages:/opt/ros/jazzy/lib/python3.12/site-packages /usr/bin/cmake /home/wen/chall/src/simulation -DCMAKE_INSTALL_PREFIX=/home/wen/chall/install/simulation
[1.112s] Invoking command in '/home/wen/chall/build/simulation': CMAKE_PREFIX_PATH=/home/wen/chall/install/mav_msgs:/home/wen/chall/install/takeoff_pkg:/home/wen/chall/install/simulation:/home/wen/chall/install/mav_planning_msgs:/home/wen/chall/install/controller_pkg:/home/wen/chall/install/mapping_pkg:/home/wen/ws/install/trajectory_planner_pkg:/home/wen/ws/install/state_estimator_pkg:/home/wen/ws/install/simulation:/home/wen/ws/install/mission_planner_pkg:/home/wen/ws/install/mav_planning_msgs:/home/wen/ws/install/controller_pkg:/home/wen/ws/install/mav_msgs:/opt/ros/jazzy/opt/gz_math_vendor:/opt/ros/jazzy/opt/gz_utils_vendor:/opt/ros/jazzy/opt/gz_cmake_vendor:/opt/ros/jazzy DEBUGINFOD_URLS=https://debuginfod.ubuntu.com LD_LIBRARY_PATH=/home/wen/chall/install/mav_msgs/lib:/home/wen/chall/install/simulation/lib:/home/wen/chall/install/mav_planning_msgs/lib:/home/wen/chall/install/controller_pkg/lib:/home/wen/ws/install/simulation/lib:/home/wen/ws/install/mav_planning_msgs/lib:/home/wen/ws/install/controller_pkg/lib:/home/wen/ws/install/mav_msgs/lib:/opt/ros/jazzy/opt/rviz_ogre_vendor/lib:/opt/ros/jazzy/lib/x86_64-linux-gnu:/opt/ros/jazzy/opt/gz_math_vendor/lib:/opt/ros/jazzy/opt/gz_utils_vendor/lib:/opt/ros/jazzy/opt/gz_cmake_vendor/lib:/opt/ros/jazzy/lib PYTHONPATH=/home/wen/chall/install/mav_msgs/lib/python3.12/site-packages:/home/wen/chall/install/mav_planning_msgs/lib/python3.12/site-packages:/home/wen/ws/install/mav_planning_msgs/lib/python3.12/site-packages:/home/wen/ws/install/mav_msgs/lib/python3.12/site-packages:/opt/ros/jazzy/lib/python3.12/site-packages /usr/bin/cmake --build /home/wen/chall/build/simulation -- -j4 -l4
[1.161s] [  5%] [34m[1mCreating directories for 'libsocket'[0m
[1.163s] [ 11%] [32mBuilding CXX object CMakeFiles/state_estimate_corruptor_node.dir/src/state_estimate_corruptor_node.cpp.o[0m
[1.179s] [ 16%] [34m[1mPerforming download step (git clone) for 'libsocket'[0m
[1.195s] Cloning into 'libsocket'...
[2.258s] Already on 'master'
[2.258s] Your branch is up to date with 'origin/master'.
[2.307s] [ 22%] [34m[1mNo update step for 'libsocket'[0m
[2.331s] [ 27%] [34m[1mNo patch step for 'libsocket'[0m
[2.349s] [ 33%] [34m[1mPerforming configure step for 'libsocket'[0m
[2.356s] [33mCMake Warning (dev) at CMakeLists.txt:1 (PROJECT):
[2.358s]   cmake_minimum_required() should be called prior to this top-level project()
[2.358s]   call.  Please see the cmake-commands(7) manual for usage documentation of
[2.358s]   both commands.
[2.358s] This warning is for project developers.  Use -Wno-dev to suppress it.
[2.358s] [0m
[2.393s] -- The C compiler identification is GNU 13.3.0
[2.439s] -- The CXX compiler identification is GNU 13.3.0
[2.454s] -- Detecting C compiler ABI info
[2.540s] -- Detecting C compiler ABI info - done
[2.547s] -- Check for working C compiler: /usr/bin/cc - skipped
[2.549s] -- Detecting C compile features
[2.549s] -- Detecting C compile features - done
[2.558s] -- Detecting CXX compiler ABI info
[2.656s] -- Detecting CXX compiler ABI info - done
[2.662s] -- Check for working CXX compiler: /usr/bin/c++ - skipped
[2.663s] -- Detecting CXX compile features
[2.663s] -- Detecting CXX compile features - done
[2.664s] [0mCMake Deprecation Warning at CMakeLists.txt:2 (CMAKE_MINIMUM_REQUIRED):
[2.664s]   Compatibility with CMake < 3.5 will be removed from a future version of
[2.664s]   CMake.
[2.664s] 
[2.664s]   Update the VERSION argument <min> value or use a ...<max> suffix to tell
[2.664s]   CMake that the project does not need compatibility with older versions.
[2.664s] 
[2.664s] [0m
[2.665s] [0mCMake Deprecation Warning at C/CMakeLists.txt:1 (CMAKE_MINIMUM_REQUIRED):
[2.665s]   Compatibility with CMake < 3.5 will be removed from a future version of
[2.665s]   CMake.
[2.665s] 
[2.666s]   Update the VERSION argument <min> value or use a ...<max> suffix to tell
[2.666s]   CMake that the project does not need compatibility with older versions.
[2.666s] 
[2.666s] [0m
[2.666s] [0mCMake Deprecation Warning at headers/CMakeLists.txt:1 (CMAKE_MINIMUM_REQUIRED):
[2.666s]   Compatibility with CMake < 3.5 will be removed from a future version of
[2.666s]   CMake.
[2.666s] 
[2.666s]   Update the VERSION argument <min> value or use a ...<max> suffix to tell
[2.667s]   CMake that the project does not need compatibility with older versions.
[2.667s] 
[2.667s] [0m
[2.667s] [0mCMake Deprecation Warning at C++/CMakeLists.txt:1 (cmake_minimum_required):
[2.667s]   Compatibility with CMake < 3.5 will be removed from a future version of
[2.667s]   CMake.
[2.667s] 
[2.667s]   Update the VERSION argument <min> value or use a ...<max> suffix to tell
[2.667s]   CMake that the project does not need compatibility with older versions.
[2.667s] 
[2.668s] [0m
[2.673s] -- Configuring done (0.3s)
[2.683s] -- Generating done (0.0s)
[2.683s] -- Build files have been written to: /home/wen/chall/build/simulation/libsocket-prefix/src/libsocket-build
[2.701s] [ 38%] [34m[1mPerforming build step for 'libsocket'[0m
[2.749s] [  4%] [32mBuilding C object C/CMakeFiles/socket_o.dir/inet/libinetsocket.c.o[0m
[2.763s] [  8%] [32mBuilding C object C/CMakeFiles/socket_o.dir/unix/libunixsocket.c.o[0m
[2.770s] [ 12%] [32mBuilding CXX object C++/CMakeFiles/socket++_o.dir/dgramclient.cpp.o[0m
[2.870s] [ 16%] [32mBuilding CXX object C++/CMakeFiles/socket++_o.dir/dgramoverstream.cpp.o[0m
[2.890s] [ 16%] Built target socket_o
[2.897s] [ 20%] [32mBuilding CXX object C++/CMakeFiles/socket++_o.dir/framing.cpp.o[0m
[2.982s] [ 25%] [32mBuilding CXX object C++/CMakeFiles/socket++_o.dir/inetbase.cpp.o[0m
[3.041s] [ 29%] [32mBuilding CXX object C++/CMakeFiles/socket++_o.dir/inetclientstream.cpp.o[0m
[3.187s] [ 33%] [32mBuilding CXX object C++/CMakeFiles/socket++_o.dir/inetserverdgram.cpp.o[0m
[3.302s] [ 37%] [32mBuilding CXX object C++/CMakeFiles/socket++_o.dir/select.cpp.o[0m
[3.349s] [ 41%] [32mBuilding CXX object C++/CMakeFiles/socket++_o.dir/streamclient.cpp.o[0m
[3.524s] [ 45%] [32mBuilding CXX object C++/CMakeFiles/socket++_o.dir/unixclientdgram.cpp.o[0m
[3.526s] [ 50%] [32mBuilding CXX object C++/CMakeFiles/socket++_o.dir/unixdgram.cpp.o[0m
[3.659s] [ 54%] [32mBuilding CXX object C++/CMakeFiles/socket++_o.dir/unixserverstream.cpp.o[0m
[3.756s] [ 58%] [32mBuilding CXX object C++/CMakeFiles/socket++_o.dir/exception.cpp.o[0m
[3.852s] [ 62%] [32mBuilding CXX object C++/CMakeFiles/socket++_o.dir/inetclientdgram.cpp.o[0m
[3.962s] [ 66%] [32mBuilding CXX object C++/CMakeFiles/socket++_o.dir/inetdgram.cpp.o[0m
[3.967s] [ 70%] [32mBuilding CXX object C++/CMakeFiles/socket++_o.dir/inetserverstream.cpp.o[0m
[4.107s] [ 75%] [32mBuilding CXX object C++/CMakeFiles/socket++_o.dir/socket.cpp.o[0m
[4.213s] [ 79%] [32mBuilding CXX object C++/CMakeFiles/socket++_o.dir/unixbase.cpp.o[0m
[4.241s] [ 83%] [32mBuilding CXX object C++/CMakeFiles/socket++_o.dir/unixclientstream.cpp.o[0m
[4.378s] [ 87%] [32mBuilding CXX object C++/CMakeFiles/socket++_o.dir/unixserverdgram.cpp.o[0m
[4.449s] [ 91%] [32m[1mLinking C static library libsocket_int.a[0m
[4.515s] [ 91%] Built target socket_int
[4.531s] [ 95%] [32m[1mLinking C shared library libsocket.so[0m
[4.544s] [ 95%] Built target socket++_o
[4.565s] [ 95%] Built target socket
[4.585s] [100%] [32m[1mLinking CXX shared library libsocket++.so[0m
[4.639s] [100%] Built target socket++
[4.660s] [ 44%] [34m[1mPerforming install step for 'libsocket'[0m
[4.714s] [ 79%] Built target socket++_o
[4.717s] [ 87%] Built target socket_o
[4.749s] [ 91%] Built target socket_int
[4.750s] [ 95%] Built target socket
[4.765s] [100%] Built target socket++
[4.780s] [36mInstall the project...[0m
[4.788s] -- Install configuration: "Release"
[4.788s] -- Installing: /home/wen/chall/install/simulation/lib/libsocket.so
[4.788s] -- Installing: /home/wen/chall/install/simulation/include/libsocket/unixdgram.hpp
[4.788s] -- Installing: /home/wen/chall/install/simulation/include/libsocket/exception.hpp
[4.788s] -- Installing: /home/wen/chall/install/simulation/include/libsocket/inetclientdgram.hpp
[4.790s] -- Installing: /home/wen/chall/install/simulation/include/libsocket/libinetsocket.h
[4.790s] -- Installing: /home/wen/chall/install/simulation/include/libsocket/unixserverstream.hpp
[4.790s] -- Installing: /home/wen/chall/install/simulation/include/libsocket/dgramclient.hpp
[4.790s] -- Installing: /home/wen/chall/install/simulation/include/libsocket/streamclient.hpp
[4.790s] -- Installing: /home/wen/chall/install/simulation/include/libsocket/inetserverstream.hpp
[4.790s] -- Installing: /home/wen/chall/install/simulation/include/libsocket/unixclientdgram.hpp
[4.790s] -- Installing: /home/wen/chall/install/simulation/include/libsocket/socket.hpp
[4.790s] -- Installing: /home/wen/chall/install/simulation/include/libsocket/inetbase.hpp
[4.790s] -- Installing: /home/wen/chall/install/simulation/include/libsocket/inetserverdgram.hpp
[4.790s] -- Installing: /home/wen/chall/install/simulation/include/libsocket/unixclientstream.hpp
[4.790s] -- Installing: /home/wen/chall/install/simulation/include/libsocket/libunixsocket.h
[4.790s] -- Installing: /home/wen/chall/install/simulation/include/libsocket/select.hpp
[4.790s] -- Installing: /home/wen/chall/install/simulation/include/libsocket/inetclientstream.hpp
[4.790s] -- Installing: /home/wen/chall/install/simulation/include/libsocket/unixbase.hpp
[4.790s] -- Installing: /home/wen/chall/install/simulation/include/libsocket/unixserverdgram.hpp
[4.790s] -- Installing: /home/wen/chall/install/simulation/include/libsocket/inetdgram.hpp
[4.790s] -- Installing: /home/wen/chall/install/simulation/include/libsocket/dgramoverstream.hpp
[4.790s] -- Installing: /home/wen/chall/install/simulation/include/libsocket/framing.hpp
[4.790s] -- Installing: /home/wen/chall/install/simulation/include/libsocket/epoll.hpp
[4.790s] -- Installing: /home/wen/chall/install/simulation/lib/libsocket++.so
[4.815s] [ 50%] [34m[1mCompleted 'libsocket'[0m
[4.867s] [ 50%] Built target libsocket
[4.895s] [ 55%] [32mBuilding CXX object CMakeFiles/w_to_unity.dir/src/w_to_unity.cpp.o[0m
[4.905s] [ 61%] [32mBuilding CXX object tcpimage/CMakeFiles/tcpstreamreader.dir/TCPStreamReader.cpp.o[0m
[5.529s] [ 66%] [32m[1mLinking CXX static library libtcpstreamreader.a[0m
[5.595s] [ 66%] Built target tcpstreamreader
[5.642s] [ 72%] [32mBuilding CXX object tcpimage/CMakeFiles/tcpimage.dir/TCPImageServer.cpp.o[0m
[5.974s] [ 77%] [32m[1mLinking CXX static library libtcpimage.a[0m
[6.003s] [ 77%] Built target tcpimage
[6.022s] [ 83%] [32mBuilding CXX object CMakeFiles/unity_ros.dir/src/unity_ros.cpp.o[0m
[12.679s] [ 88%] [32m[1mLinking CXX executable w_to_unity[0m
[13.308s] [ 88%] Built target w_to_unity
[13.531s] [ 94%] [32m[1mLinking CXX executable state_estimate_corruptor_node[0m
[14.107s] [ 94%] Built target state_estimate_corruptor_node
[18.951s] [100%] [32m[1mLinking CXX executable unity_ros[0m
[19.649s] [100%] Built target unity_ros
[19.658s] Invoked command in '/home/wen/chall/build/simulation' returned '0': CMAKE_PREFIX_PATH=/home/wen/chall/install/mav_msgs:/home/wen/chall/install/takeoff_pkg:/home/wen/chall/install/simulation:/home/wen/chall/install/mav_planning_msgs:/home/wen/chall/install/controller_pkg:/home/wen/chall/install/mapping_pkg:/home/wen/ws/install/trajectory_planner_pkg:/home/wen/ws/install/state_estimator_pkg:/home/wen/ws/install/simulation:/home/wen/ws/install/mission_planner_pkg:/home/wen/ws/install/mav_planning_msgs:/home/wen/ws/install/controller_pkg:/home/wen/ws/install/mav_msgs:/opt/ros/jazzy/opt/gz_math_vendor:/opt/ros/jazzy/opt/gz_utils_vendor:/opt/ros/jazzy/opt/gz_cmake_vendor:/opt/ros/jazzy DEBUGINFOD_URLS=https://debuginfod.ubuntu.com LD_LIBRARY_PATH=/home/wen/chall/install/mav_msgs/lib:/home/wen/chall/install/simulation/lib:/home/wen/chall/install/mav_planning_msgs/lib:/home/wen/chall/install/controller_pkg/lib:/home/wen/ws/install/simulation/lib:/home/wen/ws/install/mav_planning_msgs/lib:/home/wen/ws/install/controller_pkg/lib:/home/wen/ws/install/mav_msgs/lib:/opt/ros/jazzy/opt/rviz_ogre_vendor/lib:/opt/ros/jazzy/lib/x86_64-linux-gnu:/opt/ros/jazzy/opt/gz_math_vendor/lib:/opt/ros/jazzy/opt/gz_utils_vendor/lib:/opt/ros/jazzy/opt/gz_cmake_vendor/lib:/opt/ros/jazzy/lib PYTHONPATH=/home/wen/chall/install/mav_msgs/lib/python3.12/site-packages:/home/wen/chall/install/mav_planning_msgs/lib/python3.12/site-packages:/home/wen/ws/install/mav_planning_msgs/lib/python3.12/site-packages:/home/wen/ws/install/mav_msgs/lib/python3.12/site-packages:/opt/ros/jazzy/lib/python3.12/site-packages /usr/bin/cmake --build /home/wen/chall/build/simulation -- -j4 -l4
[19.659s] Invoking command in '/home/wen/chall/build/simulation': CMAKE_PREFIX_PATH=/home/wen/chall/install/mav_msgs:/home/wen/chall/install/takeoff_pkg:/home/wen/chall/install/simulation:/home/wen/chall/install/mav_planning_msgs:/home/wen/chall/install/controller_pkg:/home/wen/chall/install/mapping_pkg:/home/wen/ws/install/trajectory_planner_pkg:/home/wen/ws/install/state_estimator_pkg:/home/wen/ws/install/simulation:/home/wen/ws/install/mission_planner_pkg:/home/wen/ws/install/mav_planning_msgs:/home/wen/ws/install/controller_pkg:/home/wen/ws/install/mav_msgs:/opt/ros/jazzy/opt/gz_math_vendor:/opt/ros/jazzy/opt/gz_utils_vendor:/opt/ros/jazzy/opt/gz_cmake_vendor:/opt/ros/jazzy DEBUGINFOD_URLS=https://debuginfod.ubuntu.com LD_LIBRARY_PATH=/home/wen/chall/install/mav_msgs/lib:/home/wen/chall/install/simulation/lib:/home/wen/chall/install/mav_planning_msgs/lib:/home/wen/chall/install/controller_pkg/lib:/home/wen/ws/install/simulation/lib:/home/wen/ws/install/mav_planning_msgs/lib:/home/wen/ws/install/controller_pkg/lib:/home/wen/ws/install/mav_msgs/lib:/opt/ros/jazzy/opt/rviz_ogre_vendor/lib:/opt/ros/jazzy/lib/x86_64-linux-gnu:/opt/ros/jazzy/opt/gz_math_vendor/lib:/opt/ros/jazzy/opt/gz_utils_vendor/lib:/opt/ros/jazzy/opt/gz_cmake_vendor/lib:/opt/ros/jazzy/lib PYTHONPATH=/home/wen/chall/install/mav_msgs/lib/python3.12/site-packages:/home/wen/chall/install/mav_planning_msgs/lib/python3.12/site-packages:/home/wen/ws/install/mav_planning_msgs/lib/python3.12/site-packages:/home/wen/ws/install/mav_msgs/lib/python3.12/site-packages:/opt/ros/jazzy/lib/python3.12/site-packages /usr/bin/cmake --install /home/wen/chall/build/simulation
[19.665s] -- Install configuration: ""
[19.665s] -- Installing: /home/wen/chall/install/simulation/lib/simulation/w_to_unity
[19.667s] -- Set non-toolchain portion of runtime path of "/home/wen/chall/install/simulation/lib/simulation/w_to_unity" to ""
[19.668s] -- Installing: /home/wen/chall/install/simulation/lib/simulation/state_estimate_corruptor_node
[19.673s] -- Set non-toolchain portion of runtime path of "/home/wen/chall/install/simulation/lib/simulation/state_estimate_corruptor_node" to ""
[19.673s] -- Installing: /home/wen/chall/install/simulation/lib/simulation/unity_ros
[19.678s] -- Set non-toolchain portion of runtime path of "/home/wen/chall/install/simulation/lib/simulation/unity_ros" to ""
[19.678s] -- Installing: /home/wen/chall/install/simulation/share/simulation/launch
[19.678s] -- Installing: /home/wen/chall/install/simulation/share/simulation/launch/unity_ros.launch.py
[19.678s] -- Installing: /home/wen/chall/install/simulation/share/simulation/launch/simulation.launch.py
[19.679s] -- Installing: /home/wen/chall/install/simulation/share/simulation/launch/unity_sim.launch.py
[19.679s] -- Installing: /home/wen/chall/install/simulation/share/ament_index/resource_index/package_run_dependencies/simulation
[19.680s] -- Installing: /home/wen/chall/install/simulation/share/ament_index/resource_index/parent_prefix_path/simulation
[19.680s] -- Installing: /home/wen/chall/install/simulation/share/simulation/environment/ament_prefix_path.sh
[19.680s] -- Installing: /home/wen/chall/install/simulation/share/simulation/environment/ament_prefix_path.dsv
[19.680s] -- Installing: /home/wen/chall/install/simulation/share/simulation/environment/path.sh
[19.680s] -- Installing: /home/wen/chall/install/simulation/share/simulation/environment/path.dsv
[19.681s] -- Installing: /home/wen/chall/install/simulation/share/simulation/local_setup.bash
[19.681s] -- Installing: /home/wen/chall/install/simulation/share/simulation/local_setup.sh
[19.682s] -- Installing: /home/wen/chall/install/simulation/share/simulation/local_setup.zsh
[19.682s] -- Installing: /home/wen/chall/install/simulation/share/simulation/local_setup.dsv
[19.682s] -- Installing: /home/wen/chall/install/simulation/share/simulation/package.dsv
[19.683s] -- Installing: /home/wen/chall/install/simulation/share/ament_index/resource_index/packages/simulation
[19.683s] -- Installing: /home/wen/chall/install/simulation/share/simulation/cmake/ament_cmake_export_dependencies-extras.cmake
[19.683s] -- Installing: /home/wen/chall/install/simulation/share/simulation/cmake/simulationConfig.cmake
[19.683s] -- Installing: /home/wen/chall/install/simulation/share/simulation/cmake/simulationConfig-version.cmake
[19.683s] -- Installing: /home/wen/chall/install/simulation/share/simulation/package.xml
[19.685s] Invoked command in '/home/wen/chall/build/simulation' returned '0': CMAKE_PREFIX_PATH=/home/wen/chall/install/mav_msgs:/home/wen/chall/install/takeoff_pkg:/home/wen/chall/install/simulation:/home/wen/chall/install/mav_planning_msgs:/home/wen/chall/install/controller_pkg:/home/wen/chall/install/mapping_pkg:/home/wen/ws/install/trajectory_planner_pkg:/home/wen/ws/install/state_estimator_pkg:/home/wen/ws/install/simulation:/home/wen/ws/install/mission_planner_pkg:/home/wen/ws/install/mav_planning_msgs:/home/wen/ws/install/controller_pkg:/home/wen/ws/install/mav_msgs:/opt/ros/jazzy/opt/gz_math_vendor:/opt/ros/jazzy/opt/gz_utils_vendor:/opt/ros/jazzy/opt/gz_cmake_vendor:/opt/ros/jazzy DEBUGINFOD_URLS=https://debuginfod.ubuntu.com LD_LIBRARY_PATH=/home/wen/chall/install/mav_msgs/lib:/home/wen/chall/install/simulation/lib:/home/wen/chall/install/mav_planning_msgs/lib:/home/wen/chall/install/controller_pkg/lib:/home/wen/ws/install/simulation/lib:/home/wen/ws/install/mav_planning_msgs/lib:/home/wen/ws/install/controller_pkg/lib:/home/wen/ws/install/mav_msgs/lib:/opt/ros/jazzy/opt/rviz_ogre_vendor/lib:/opt/ros/jazzy/lib/x86_64-linux-gnu:/opt/ros/jazzy/opt/gz_math_vendor/lib:/opt/ros/jazzy/opt/gz_utils_vendor/lib:/opt/ros/jazzy/opt/gz_cmake_vendor/lib:/opt/ros/jazzy/lib PYTHONPATH=/home/wen/chall/install/mav_msgs/lib/python3.12/site-packages:/home/wen/chall/install/mav_planning_msgs/lib/python3.12/site-packages:/home/wen/ws/install/mav_planning_msgs/lib/python3.12/site-packages:/home/wen/ws/install/mav_msgs/lib/python3.12/site-packages:/opt/ros/jazzy/lib/python3.12/site-packages /usr/bin/cmake --install /home/wen/chall/build/simulation
