[0.012s] Invoking command in '/home/wen/chall/build/mav_planning_msgs': CMAKE_PREFIX_PATH=/home/wen/chall/install/mav_msgs:/home/wen/chall/install/takeoff_pkg:/home/wen/chall/install/simulation:/home/wen/chall/install/mav_planning_msgs:/home/wen/chall/install/controller_pkg:/home/wen/chall/install/mapping_pkg:/home/wen/ws/install/trajectory_planner_pkg:/home/wen/ws/install/state_estimator_pkg:/home/wen/ws/install/simulation:/home/wen/ws/install/mission_planner_pkg:/home/wen/ws/install/mav_planning_msgs:/home/wen/ws/install/controller_pkg:/home/wen/ws/install/mav_msgs:/opt/ros/jazzy/opt/gz_math_vendor:/opt/ros/jazzy/opt/gz_utils_vendor:/opt/ros/jazzy/opt/gz_cmake_vendor:/opt/ros/jazzy DEBUGINFOD_URLS=https://debuginfod.ubuntu.com LD_LIBRARY_PATH=/home/wen/chall/install/mav_msgs/lib:/home/wen/chall/install/simulation/lib:/home/wen/chall/install/mav_planning_msgs/lib:/home/wen/chall/install/controller_pkg/lib:/home/wen/ws/install/simulation/lib:/home/wen/ws/install/mav_planning_msgs/lib:/home/wen/ws/install/controller_pkg/lib:/home/wen/ws/install/mav_msgs/lib:/opt/ros/jazzy/opt/rviz_ogre_vendor/lib:/opt/ros/jazzy/lib/x86_64-linux-gnu:/opt/ros/jazzy/opt/gz_math_vendor/lib:/opt/ros/jazzy/opt/gz_utils_vendor/lib:/opt/ros/jazzy/opt/gz_cmake_vendor/lib:/opt/ros/jazzy/lib PYTHONPATH=/home/wen/chall/install/mav_msgs/lib/python3.12/site-packages:/home/wen/chall/install/mav_planning_msgs/lib/python3.12/site-packages:/home/wen/ws/install/mav_planning_msgs/lib/python3.12/site-packages:/home/wen/ws/install/mav_msgs/lib/python3.12/site-packages:/opt/ros/jazzy/lib/python3.12/site-packages /usr/bin/cmake --build /home/wen/chall/build/mav_planning_msgs -- -j4 -l4
[0.068s] [  1%] Built target mav_planning_msgs__rosidl_generator_type_description
[0.103s] [ 27%] Built target mav_planning_msgs__rosidl_generator_c
[0.104s] [ 27%] Built target ament_cmake_python_copy_mav_planning_msgs
[0.113s] [ 27%] Built target mav_planning_msgs__cpp
[0.128s] [ 42%] Built target mav_planning_msgs__rosidl_typesupport_c
[0.129s] [ 47%] Built target mav_planning_msgs__rosidl_typesupport_introspection_c
[0.137s] [ 57%] Built target mav_planning_msgs__rosidl_typesupport_fastrtps_c
[0.160s] [ 67%] Built target mav_planning_msgs__rosidl_typesupport_fastrtps_cpp
[0.161s] [ 76%] Built target mav_planning_msgs__rosidl_typesupport_cpp
[0.169s] [ 85%] Built target mav_planning_msgs__rosidl_typesupport_introspection_cpp
[0.192s] [ 85%] Built target mav_planning_msgs
[0.216s] [ 86%] Built target mav_planning_msgs__py
[0.240s] [ 95%] Built target mav_planning_msgs__rosidl_generator_py
[0.262s] running egg_info
[0.262s] [ 99%] Built target mav_planning_msgs_s__rosidl_typesupport_introspection_c
[0.263s] [ 99%] Built target mav_planning_msgs_s__rosidl_typesupport_c
[0.263s] [100%] Built target mav_planning_msgs_s__rosidl_typesupport_fastrtps_c
[0.274s] writing mav_planning_msgs.egg-info/PKG-INFO
[0.274s] writing dependency_links to mav_planning_msgs.egg-info/dependency_links.txt
[0.274s] writing top-level names to mav_planning_msgs.egg-info/top_level.txt
[0.306s] reading manifest file 'mav_planning_msgs.egg-info/SOURCES.txt'
[0.309s] writing manifest file 'mav_planning_msgs.egg-info/SOURCES.txt'
[0.327s] [100%] Built target ament_cmake_python_build_mav_planning_msgs_egg
[0.336s] Invoked command in '/home/wen/chall/build/mav_planning_msgs' returned '0': CMAKE_PREFIX_PATH=/home/wen/chall/install/mav_msgs:/home/wen/chall/install/takeoff_pkg:/home/wen/chall/install/simulation:/home/wen/chall/install/mav_planning_msgs:/home/wen/chall/install/controller_pkg:/home/wen/chall/install/mapping_pkg:/home/wen/ws/install/trajectory_planner_pkg:/home/wen/ws/install/state_estimator_pkg:/home/wen/ws/install/simulation:/home/wen/ws/install/mission_planner_pkg:/home/wen/ws/install/mav_planning_msgs:/home/wen/ws/install/controller_pkg:/home/wen/ws/install/mav_msgs:/opt/ros/jazzy/opt/gz_math_vendor:/opt/ros/jazzy/opt/gz_utils_vendor:/opt/ros/jazzy/opt/gz_cmake_vendor:/opt/ros/jazzy DEBUGINFOD_URLS=https://debuginfod.ubuntu.com LD_LIBRARY_PATH=/home/wen/chall/install/mav_msgs/lib:/home/wen/chall/install/simulation/lib:/home/wen/chall/install/mav_planning_msgs/lib:/home/wen/chall/install/controller_pkg/lib:/home/wen/ws/install/simulation/lib:/home/wen/ws/install/mav_planning_msgs/lib:/home/wen/ws/install/controller_pkg/lib:/home/wen/ws/install/mav_msgs/lib:/opt/ros/jazzy/opt/rviz_ogre_vendor/lib:/opt/ros/jazzy/lib/x86_64-linux-gnu:/opt/ros/jazzy/opt/gz_math_vendor/lib:/opt/ros/jazzy/opt/gz_utils_vendor/lib:/opt/ros/jazzy/opt/gz_cmake_vendor/lib:/opt/ros/jazzy/lib PYTHONPATH=/home/wen/chall/install/mav_msgs/lib/python3.12/site-packages:/home/wen/chall/install/mav_planning_msgs/lib/python3.12/site-packages:/home/wen/ws/install/mav_planning_msgs/lib/python3.12/site-packages:/home/wen/ws/install/mav_msgs/lib/python3.12/site-packages:/opt/ros/jazzy/lib/python3.12/site-packages /usr/bin/cmake --build /home/wen/chall/build/mav_planning_msgs -- -j4 -l4
[0.338s] Invoking command in '/home/wen/chall/build/mav_planning_msgs': CMAKE_PREFIX_PATH=/home/wen/chall/install/mav_msgs:/home/wen/chall/install/takeoff_pkg:/home/wen/chall/install/simulation:/home/wen/chall/install/mav_planning_msgs:/home/wen/chall/install/controller_pkg:/home/wen/chall/install/mapping_pkg:/home/wen/ws/install/trajectory_planner_pkg:/home/wen/ws/install/state_estimator_pkg:/home/wen/ws/install/simulation:/home/wen/ws/install/mission_planner_pkg:/home/wen/ws/install/mav_planning_msgs:/home/wen/ws/install/controller_pkg:/home/wen/ws/install/mav_msgs:/opt/ros/jazzy/opt/gz_math_vendor:/opt/ros/jazzy/opt/gz_utils_vendor:/opt/ros/jazzy/opt/gz_cmake_vendor:/opt/ros/jazzy DEBUGINFOD_URLS=https://debuginfod.ubuntu.com LD_LIBRARY_PATH=/home/wen/chall/install/mav_msgs/lib:/home/wen/chall/install/simulation/lib:/home/wen/chall/install/mav_planning_msgs/lib:/home/wen/chall/install/controller_pkg/lib:/home/wen/ws/install/simulation/lib:/home/wen/ws/install/mav_planning_msgs/lib:/home/wen/ws/install/controller_pkg/lib:/home/wen/ws/install/mav_msgs/lib:/opt/ros/jazzy/opt/rviz_ogre_vendor/lib:/opt/ros/jazzy/lib/x86_64-linux-gnu:/opt/ros/jazzy/opt/gz_math_vendor/lib:/opt/ros/jazzy/opt/gz_utils_vendor/lib:/opt/ros/jazzy/opt/gz_cmake_vendor/lib:/opt/ros/jazzy/lib PYTHONPATH=/home/wen/chall/install/mav_msgs/lib/python3.12/site-packages:/home/wen/chall/install/mav_planning_msgs/lib/python3.12/site-packages:/home/wen/ws/install/mav_planning_msgs/lib/python3.12/site-packages:/home/wen/ws/install/mav_msgs/lib/python3.12/site-packages:/opt/ros/jazzy/lib/python3.12/site-packages /usr/bin/cmake --install /home/wen/chall/build/mav_planning_msgs
[0.349s] -- Install configuration: ""
[0.349s] -- Up-to-date: /home/wen/chall/install/mav_planning_msgs/share/ament_index/resource_index/rosidl_interfaces/mav_planning_msgs
[0.349s] -- Up-to-date: /home/wen/chall/install/mav_planning_msgs/share/mav_planning_msgs/msg/Point2D.json
[0.349s] -- Up-to-date: /home/wen/chall/install/mav_planning_msgs/share/mav_planning_msgs/msg/PointCloudWithPose.json
[0.350s] -- Up-to-date: /home/wen/chall/install/mav_planning_msgs/share/mav_planning_msgs/msg/Polygon2D.json
[0.350s] -- Up-to-date: /home/wen/chall/install/mav_planning_msgs/share/mav_planning_msgs/msg/PolygonWithHoles.json
[0.350s] -- Up-to-date: /home/wen/chall/install/mav_planning_msgs/share/mav_planning_msgs/msg/PolygonWithHolesStamped.json
[0.350s] -- Up-to-date: /home/wen/chall/install/mav_planning_msgs/share/mav_planning_msgs/msg/PolynomialSegment.json
[0.350s] -- Up-to-date: /home/wen/chall/install/mav_planning_msgs/share/mav_planning_msgs/msg/PolynomialSegment4D.json
[0.350s] -- Up-to-date: /home/wen/chall/install/mav_planning_msgs/share/mav_planning_msgs/msg/PolynomialTrajectory.json
[0.350s] -- Up-to-date: /home/wen/chall/install/mav_planning_msgs/share/mav_planning_msgs/msg/PolynomialTrajectory4D.json
[0.350s] -- Up-to-date: /home/wen/chall/install/mav_planning_msgs/share/mav_planning_msgs/srv/PlannerService.json
[0.350s] -- Up-to-date: /home/wen/chall/install/mav_planning_msgs/share/mav_planning_msgs/srv/PolygonService.json
[0.350s] -- Up-to-date: /home/wen/chall/install/mav_planning_msgs/share/mav_planning_msgs/srv/ChangeNameService.json
[0.350s] -- Up-to-date: /home/wen/chall/install/mav_planning_msgs/include/mav_planning_msgs/mav_planning_msgs
[0.351s] -- Up-to-date: /home/wen/chall/install/mav_planning_msgs/include/mav_planning_msgs/mav_planning_msgs/msg
[0.351s] -- Up-to-date: /home/wen/chall/install/mav_planning_msgs/include/mav_planning_msgs/mav_planning_msgs/msg/point2_d.h
[0.351s] -- Up-to-date: /home/wen/chall/install/mav_planning_msgs/include/mav_planning_msgs/mav_planning_msgs/msg/polygon2_d.h
[0.351s] -- Up-to-date: /home/wen/chall/install/mav_planning_msgs/include/mav_planning_msgs/mav_planning_msgs/msg/detail
[0.351s] -- Up-to-date: /home/wen/chall/install/mav_planning_msgs/include/mav_planning_msgs/mav_planning_msgs/msg/detail/point2_d__description.c
[0.351s] -- Up-to-date: /home/wen/chall/install/mav_planning_msgs/include/mav_planning_msgs/mav_planning_msgs/msg/detail/point_cloud_with_pose__functions.h
[0.351s] -- Up-to-date: /home/wen/chall/install/mav_planning_msgs/include/mav_planning_msgs/mav_planning_msgs/msg/detail/polynomial_trajectory4_d__struct.h
[0.351s] -- Up-to-date: /home/wen/chall/install/mav_planning_msgs/include/mav_planning_msgs/mav_planning_msgs/msg/detail/polynomial_trajectory__struct.h
[0.351s] -- Up-to-date: /home/wen/chall/install/mav_planning_msgs/include/mav_planning_msgs/mav_planning_msgs/msg/detail/polynomial_segment4_d__functions.c
[0.351s] -- Installing: /home/wen/chall/install/mav_planning_msgs/include/mav_planning_msgs/mav_planning_msgs/msg/detail/polynomial_trajectory__type_support.c
[0.351s] -- Up-to-date: /home/wen/chall/install/mav_planning_msgs/include/mav_planning_msgs/mav_planning_msgs/msg/detail/point2_d__functions.c
[0.351s] -- Up-to-date: /home/wen/chall/install/mav_planning_msgs/include/mav_planning_msgs/mav_planning_msgs/msg/detail/point_cloud_with_pose__description.c
[0.351s] -- Up-to-date: /home/wen/chall/install/mav_planning_msgs/include/mav_planning_msgs/mav_planning_msgs/msg/detail/polygon2_d__type_support.h
[0.351s] -- Up-to-date: /home/wen/chall/install/mav_planning_msgs/include/mav_planning_msgs/mav_planning_msgs/msg/detail/point2_d__type_support.h
[0.352s] -- Up-to-date: /home/wen/chall/install/mav_planning_msgs/include/mav_planning_msgs/mav_planning_msgs/msg/detail/polynomial_segment4_d__functions.h
[0.352s] -- Installing: /home/wen/chall/install/mav_planning_msgs/include/mav_planning_msgs/mav_planning_msgs/msg/detail/polygon2_d__type_support.c
[0.352s] -- Up-to-date: /home/wen/chall/install/mav_planning_msgs/include/mav_planning_msgs/mav_planning_msgs/msg/detail/polygon_with_holes_stamped__type_support.h
[0.352s] -- Installing: /home/wen/chall/install/mav_planning_msgs/include/mav_planning_msgs/mav_planning_msgs/msg/detail/polynomial_segment__type_support.c
[0.352s] -- Up-to-date: /home/wen/chall/install/mav_planning_msgs/include/mav_planning_msgs/mav_planning_msgs/msg/detail/polygon_with_holes__functions.c
[0.352s] -- Up-to-date: /home/wen/chall/install/mav_planning_msgs/include/mav_planning_msgs/mav_planning_msgs/msg/detail/polygon_with_holes_stamped__functions.c
[0.352s] -- Up-to-date: /home/wen/chall/install/mav_planning_msgs/include/mav_planning_msgs/mav_planning_msgs/msg/detail/polygon_with_holes__type_support.h
[0.352s] -- Up-to-date: /home/wen/chall/install/mav_planning_msgs/include/mav_planning_msgs/mav_planning_msgs/msg/detail/polynomial_trajectory__type_support.h
[0.352s] -- Up-to-date: /home/wen/chall/install/mav_planning_msgs/include/mav_planning_msgs/mav_planning_msgs/msg/detail/polygon_with_holes__functions.h
[0.352s] -- Up-to-date: /home/wen/chall/install/mav_planning_msgs/include/mav_planning_msgs/mav_planning_msgs/msg/detail/polygon_with_holes_stamped__description.c
[0.352s] -- Up-to-date: /home/wen/chall/install/mav_planning_msgs/include/mav_planning_msgs/mav_planning_msgs/msg/detail/point_cloud_with_pose__functions.c
[0.353s] -- Up-to-date: /home/wen/chall/install/mav_planning_msgs/include/mav_planning_msgs/mav_planning_msgs/msg/detail/polynomial_trajectory4_d__description.c
[0.353s] -- Up-to-date: /home/wen/chall/install/mav_planning_msgs/include/mav_planning_msgs/mav_planning_msgs/msg/detail/polygon_with_holes_stamped__struct.h
[0.353s] -- Installing: /home/wen/chall/install/mav_planning_msgs/include/mav_planning_msgs/mav_planning_msgs/msg/detail/point2_d__type_support.c
[0.353s] -- Installing: /home/wen/chall/install/mav_planning_msgs/include/mav_planning_msgs/mav_planning_msgs/msg/detail/point_cloud_with_pose__type_support.c
[0.353s] -- Up-to-date: /home/wen/chall/install/mav_planning_msgs/include/mav_planning_msgs/mav_planning_msgs/msg/detail/polygon2_d__description.c
[0.353s] -- Up-to-date: /home/wen/chall/install/mav_planning_msgs/include/mav_planning_msgs/mav_planning_msgs/msg/detail/polynomial_segment4_d__struct.h
[0.353s] -- Up-to-date: /home/wen/chall/install/mav_planning_msgs/include/mav_planning_msgs/mav_planning_msgs/msg/detail/polynomial_trajectory4_d__functions.c
[0.353s] -- Installing: /home/wen/chall/install/mav_planning_msgs/include/mav_planning_msgs/mav_planning_msgs/msg/detail/polynomial_segment4_d__type_support.c
[0.353s] -- Up-to-date: /home/wen/chall/install/mav_planning_msgs/include/mav_planning_msgs/mav_planning_msgs/msg/detail/polynomial_segment__type_support.h
[0.353s] -- Installing: /home/wen/chall/install/mav_planning_msgs/include/mav_planning_msgs/mav_planning_msgs/msg/detail/polygon_with_holes_stamped__type_support.c
[0.354s] -- Up-to-date: /home/wen/chall/install/mav_planning_msgs/include/mav_planning_msgs/mav_planning_msgs/msg/detail/polynomial_trajectory4_d__type_support.h
[0.354s] -- Up-to-date: /home/wen/chall/install/mav_planning_msgs/include/mav_planning_msgs/mav_planning_msgs/msg/detail/polygon_with_holes_stamped__functions.h
[0.354s] -- Up-to-date: /home/wen/chall/install/mav_planning_msgs/include/mav_planning_msgs/mav_planning_msgs/msg/detail/polynomial_segment__functions.h
[0.354s] -- Installing: /home/wen/chall/install/mav_planning_msgs/include/mav_planning_msgs/mav_planning_msgs/msg/detail/polynomial_trajectory4_d__type_support.c
[0.354s] -- Up-to-date: /home/wen/chall/install/mav_planning_msgs/include/mav_planning_msgs/mav_planning_msgs/msg/detail/polynomial_segment4_d__description.c
[0.354s] -- Up-to-date: /home/wen/chall/install/mav_planning_msgs/include/mav_planning_msgs/mav_planning_msgs/msg/detail/polygon_with_holes__struct.h
[0.354s] -- Installing: /home/wen/chall/install/mav_planning_msgs/include/mav_planning_msgs/mav_planning_msgs/msg/detail/polygon_with_holes__type_support.c
[0.354s] -- Up-to-date: /home/wen/chall/install/mav_planning_msgs/include/mav_planning_msgs/mav_planning_msgs/msg/detail/point2_d__functions.h
[0.354s] -- Up-to-date: /home/wen/chall/install/mav_planning_msgs/include/mav_planning_msgs/mav_planning_msgs/msg/detail/polynomial_segment__functions.c
[0.354s] -- Up-to-date: /home/wen/chall/install/mav_planning_msgs/include/mav_planning_msgs/mav_planning_msgs/msg/detail/polynomial_trajectory__functions.c
[0.354s] -- Up-to-date: /home/wen/chall/install/mav_planning_msgs/include/mav_planning_msgs/mav_planning_msgs/msg/detail/polynomial_trajectory4_d__functions.h
[0.354s] -- Up-to-date: /home/wen/chall/install/mav_planning_msgs/include/mav_planning_msgs/mav_planning_msgs/msg/detail/polynomial_segment__description.c
[0.354s] -- Up-to-date: /home/wen/chall/install/mav_planning_msgs/include/mav_planning_msgs/mav_planning_msgs/msg/detail/polynomial_segment__struct.h
[0.354s] -- Up-to-date: /home/wen/chall/install/mav_planning_msgs/include/mav_planning_msgs/mav_planning_msgs/msg/detail/polygon_with_holes__description.c
[0.354s] -- Up-to-date: /home/wen/chall/install/mav_planning_msgs/include/mav_planning_msgs/mav_planning_msgs/msg/detail/polygon2_d__struct.h
[0.354s] -- Up-to-date: /home/wen/chall/install/mav_planning_msgs/include/mav_planning_msgs/mav_planning_msgs/msg/detail/point_cloud_with_pose__struct.h
[0.354s] -- Up-to-date: /home/wen/chall/install/mav_planning_msgs/include/mav_planning_msgs/mav_planning_msgs/msg/detail/polynomial_trajectory__functions.h
[0.354s] -- Up-to-date: /home/wen/chall/install/mav_planning_msgs/include/mav_planning_msgs/mav_planning_msgs/msg/detail/point_cloud_with_pose__type_support.h
[0.354s] -- Up-to-date: /home/wen/chall/install/mav_planning_msgs/include/mav_planning_msgs/mav_planning_msgs/msg/detail/polygon2_d__functions.h
[0.354s] -- Up-to-date: /home/wen/chall/install/mav_planning_msgs/include/mav_planning_msgs/mav_planning_msgs/msg/detail/polynomial_segment4_d__type_support.h
[0.354s] -- Up-to-date: /home/wen/chall/install/mav_planning_msgs/include/mav_planning_msgs/mav_planning_msgs/msg/detail/polynomial_trajectory__description.c
[0.354s] -- Up-to-date: /home/wen/chall/install/mav_planning_msgs/include/mav_planning_msgs/mav_planning_msgs/msg/detail/point2_d__struct.h
[0.354s] -- Up-to-date: /home/wen/chall/install/mav_planning_msgs/include/mav_planning_msgs/mav_planning_msgs/msg/detail/polygon2_d__functions.c
[0.355s] -- Up-to-date: /home/wen/chall/install/mav_planning_msgs/include/mav_planning_msgs/mav_planning_msgs/msg/polygon_with_holes.h
[0.355s] -- Up-to-date: /home/wen/chall/install/mav_planning_msgs/include/mav_planning_msgs/mav_planning_msgs/msg/rosidl_generator_c__visibility_control.h
[0.355s] -- Up-to-date: /home/wen/chall/install/mav_planning_msgs/include/mav_planning_msgs/mav_planning_msgs/msg/polynomial_trajectory.h
[0.355s] -- Up-to-date: /home/wen/chall/install/mav_planning_msgs/include/mav_planning_msgs/mav_planning_msgs/msg/polygon_with_holes_stamped.h
[0.355s] -- Up-to-date: /home/wen/chall/install/mav_planning_msgs/include/mav_planning_msgs/mav_planning_msgs/msg/polynomial_trajectory4_d.h
[0.355s] -- Up-to-date: /home/wen/chall/install/mav_planning_msgs/include/mav_planning_msgs/mav_planning_msgs/msg/point_cloud_with_pose.h
[0.355s] -- Up-to-date: /home/wen/chall/install/mav_planning_msgs/include/mav_planning_msgs/mav_planning_msgs/msg/polynomial_segment4_d.h
[0.355s] -- Up-to-date: /home/wen/chall/install/mav_planning_msgs/include/mav_planning_msgs/mav_planning_msgs/msg/polynomial_segment.h
[0.355s] -- Up-to-date: /home/wen/chall/install/mav_planning_msgs/include/mav_planning_msgs/mav_planning_msgs/srv
[0.355s] -- Up-to-date: /home/wen/chall/install/mav_planning_msgs/include/mav_planning_msgs/mav_planning_msgs/srv/detail
[0.356s] -- Up-to-date: /home/wen/chall/install/mav_planning_msgs/include/mav_planning_msgs/mav_planning_msgs/srv/detail/planner_service__struct.h
[0.356s] -- Up-to-date: /home/wen/chall/install/mav_planning_msgs/include/mav_planning_msgs/mav_planning_msgs/srv/detail/polygon_service__description.c
[0.356s] -- Up-to-date: /home/wen/chall/install/mav_planning_msgs/include/mav_planning_msgs/mav_planning_msgs/srv/detail/planner_service__functions.c
[0.356s] -- Up-to-date: /home/wen/chall/install/mav_planning_msgs/include/mav_planning_msgs/mav_planning_msgs/srv/detail/change_name_service__functions.c
[0.356s] -- Up-to-date: /home/wen/chall/install/mav_planning_msgs/include/mav_planning_msgs/mav_planning_msgs/srv/detail/change_name_service__functions.h
[0.356s] -- Up-to-date: /home/wen/chall/install/mav_planning_msgs/include/mav_planning_msgs/mav_planning_msgs/srv/detail/polygon_service__type_support.h
[0.356s] -- Up-to-date: /home/wen/chall/install/mav_planning_msgs/include/mav_planning_msgs/mav_planning_msgs/srv/detail/change_name_service__description.c
[0.356s] -- Up-to-date: /home/wen/chall/install/mav_planning_msgs/include/mav_planning_msgs/mav_planning_msgs/srv/detail/polygon_service__functions.c
[0.356s] -- Installing: /home/wen/chall/install/mav_planning_msgs/include/mav_planning_msgs/mav_planning_msgs/srv/detail/polygon_service__type_support.c
[0.357s] -- Up-to-date: /home/wen/chall/install/mav_planning_msgs/include/mav_planning_msgs/mav_planning_msgs/srv/detail/planner_service__description.c
[0.357s] -- Up-to-date: /home/wen/chall/install/mav_planning_msgs/include/mav_planning_msgs/mav_planning_msgs/srv/detail/planner_service__functions.h
[0.357s] -- Up-to-date: /home/wen/chall/install/mav_planning_msgs/include/mav_planning_msgs/mav_planning_msgs/srv/detail/polygon_service__functions.h
[0.357s] -- Up-to-date: /home/wen/chall/install/mav_planning_msgs/include/mav_planning_msgs/mav_planning_msgs/srv/detail/change_name_service__struct.h
[0.357s] -- Up-to-date: /home/wen/chall/install/mav_planning_msgs/include/mav_planning_msgs/mav_planning_msgs/srv/detail/polygon_service__struct.h
[0.357s] -- Installing: /home/wen/chall/install/mav_planning_msgs/include/mav_planning_msgs/mav_planning_msgs/srv/detail/change_name_service__type_support.c
[0.357s] -- Installing: /home/wen/chall/install/mav_planning_msgs/include/mav_planning_msgs/mav_planning_msgs/srv/detail/planner_service__type_support.c
[0.357s] -- Up-to-date: /home/wen/chall/install/mav_planning_msgs/include/mav_planning_msgs/mav_planning_msgs/srv/detail/change_name_service__type_support.h
[0.357s] -- Up-to-date: /home/wen/chall/install/mav_planning_msgs/include/mav_planning_msgs/mav_planning_msgs/srv/detail/planner_service__type_support.h
[0.357s] -- Up-to-date: /home/wen/chall/install/mav_planning_msgs/include/mav_planning_msgs/mav_planning_msgs/srv/planner_service.h
[0.358s] -- Up-to-date: /home/wen/chall/install/mav_planning_msgs/include/mav_planning_msgs/mav_planning_msgs/srv/change_name_service.h
[0.358s] -- Up-to-date: /home/wen/chall/install/mav_planning_msgs/include/mav_planning_msgs/mav_planning_msgs/srv/polygon_service.h
[0.358s] -- Up-to-date: /home/wen/chall/install/mav_planning_msgs/share/mav_planning_msgs/environment/library_path.sh
[0.358s] -- Up-to-date: /home/wen/chall/install/mav_planning_msgs/share/mav_planning_msgs/environment/library_path.dsv
[0.358s] -- Up-to-date: /home/wen/chall/install/mav_planning_msgs/lib/libmav_planning_msgs__rosidl_generator_c.so
[0.358s] -- Up-to-date: /home/wen/chall/install/mav_planning_msgs/include/mav_planning_msgs/mav_planning_msgs
[0.358s] -- Up-to-date: /home/wen/chall/install/mav_planning_msgs/include/mav_planning_msgs/mav_planning_msgs/msg
[0.358s] -- Up-to-date: /home/wen/chall/install/mav_planning_msgs/include/mav_planning_msgs/mav_planning_msgs/msg/detail
[0.358s] -- Up-to-date: /home/wen/chall/install/mav_planning_msgs/include/mav_planning_msgs/mav_planning_msgs/msg/detail/polygon_with_holes__rosidl_typesupport_fastrtps_c.h
[0.358s] -- Up-to-date: /home/wen/chall/install/mav_planning_msgs/include/mav_planning_msgs/mav_planning_msgs/msg/detail/polynomial_trajectory__rosidl_typesupport_fastrtps_c.h
[0.358s] -- Up-to-date: /home/wen/chall/install/mav_planning_msgs/include/mav_planning_msgs/mav_planning_msgs/msg/detail/polynomial_trajectory4_d__rosidl_typesupport_fastrtps_c.h
[0.358s] -- Up-to-date: /home/wen/chall/install/mav_planning_msgs/include/mav_planning_msgs/mav_planning_msgs/msg/detail/polynomial_segment4_d__rosidl_typesupport_fastrtps_c.h
[0.358s] -- Up-to-date: /home/wen/chall/install/mav_planning_msgs/include/mav_planning_msgs/mav_planning_msgs/msg/detail/polygon2_d__rosidl_typesupport_fastrtps_c.h
[0.358s] -- Up-to-date: /home/wen/chall/install/mav_planning_msgs/include/mav_planning_msgs/mav_planning_msgs/msg/detail/polynomial_segment__rosidl_typesupport_fastrtps_c.h
[0.358s] -- Up-to-date: /home/wen/chall/install/mav_planning_msgs/include/mav_planning_msgs/mav_planning_msgs/msg/detail/polygon_with_holes_stamped__rosidl_typesupport_fastrtps_c.h
[0.359s] -- Up-to-date: /home/wen/chall/install/mav_planning_msgs/include/mav_planning_msgs/mav_planning_msgs/msg/detail/point_cloud_with_pose__rosidl_typesupport_fastrtps_c.h
[0.359s] -- Up-to-date: /home/wen/chall/install/mav_planning_msgs/include/mav_planning_msgs/mav_planning_msgs/msg/detail/point2_d__rosidl_typesupport_fastrtps_c.h
[0.359s] -- Up-to-date: /home/wen/chall/install/mav_planning_msgs/include/mav_planning_msgs/mav_planning_msgs/msg/rosidl_typesupport_fastrtps_c__visibility_control.h
[0.359s] -- Up-to-date: /home/wen/chall/install/mav_planning_msgs/include/mav_planning_msgs/mav_planning_msgs/srv
[0.359s] -- Up-to-date: /home/wen/chall/install/mav_planning_msgs/include/mav_planning_msgs/mav_planning_msgs/srv/detail
[0.359s] -- Up-to-date: /home/wen/chall/install/mav_planning_msgs/include/mav_planning_msgs/mav_planning_msgs/srv/detail/planner_service__rosidl_typesupport_fastrtps_c.h
[0.359s] -- Up-to-date: /home/wen/chall/install/mav_planning_msgs/include/mav_planning_msgs/mav_planning_msgs/srv/detail/change_name_service__rosidl_typesupport_fastrtps_c.h
[0.359s] -- Up-to-date: /home/wen/chall/install/mav_planning_msgs/include/mav_planning_msgs/mav_planning_msgs/srv/detail/polygon_service__rosidl_typesupport_fastrtps_c.h
[0.359s] -- Up-to-date: /home/wen/chall/install/mav_planning_msgs/lib/libmav_planning_msgs__rosidl_typesupport_fastrtps_c.so
[0.359s] -- Up-to-date: /home/wen/chall/install/mav_planning_msgs/include/mav_planning_msgs/mav_planning_msgs
[0.359s] -- Up-to-date: /home/wen/chall/install/mav_planning_msgs/include/mav_planning_msgs/mav_planning_msgs/msg
[0.360s] -- Up-to-date: /home/wen/chall/install/mav_planning_msgs/include/mav_planning_msgs/mav_planning_msgs/msg/detail
[0.360s] -- Installing: /home/wen/chall/install/mav_planning_msgs/include/mav_planning_msgs/mav_planning_msgs/msg/detail/polynomial_trajectory__type_support.c
[0.360s] -- Up-to-date: /home/wen/chall/install/mav_planning_msgs/include/mav_planning_msgs/mav_planning_msgs/msg/detail/polynomial_trajectory__rosidl_typesupport_introspection_c.h
[0.360s] -- Up-to-date: /home/wen/chall/install/mav_planning_msgs/include/mav_planning_msgs/mav_planning_msgs/msg/detail/polynomial_segment4_d__rosidl_typesupport_introspection_c.h
[0.360s] -- Installing: /home/wen/chall/install/mav_planning_msgs/include/mav_planning_msgs/mav_planning_msgs/msg/detail/polygon2_d__type_support.c
[0.360s] -- Installing: /home/wen/chall/install/mav_planning_msgs/include/mav_planning_msgs/mav_planning_msgs/msg/detail/polynomial_segment__type_support.c
[0.360s] -- Installing: /home/wen/chall/install/mav_planning_msgs/include/mav_planning_msgs/mav_planning_msgs/msg/detail/point2_d__type_support.c
[0.360s] -- Installing: /home/wen/chall/install/mav_planning_msgs/include/mav_planning_msgs/mav_planning_msgs/msg/detail/point_cloud_with_pose__type_support.c
[0.360s] -- Installing: /home/wen/chall/install/mav_planning_msgs/include/mav_planning_msgs/mav_planning_msgs/msg/detail/polynomial_segment4_d__type_support.c
[0.360s] -- Installing: /home/wen/chall/install/mav_planning_msgs/include/mav_planning_msgs/mav_planning_msgs/msg/detail/polygon_with_holes_stamped__type_support.c
[0.360s] -- Up-to-date: /home/wen/chall/install/mav_planning_msgs/include/mav_planning_msgs/mav_planning_msgs/msg/detail/point2_d__rosidl_typesupport_introspection_c.h
[0.360s] -- Installing: /home/wen/chall/install/mav_planning_msgs/include/mav_planning_msgs/mav_planning_msgs/msg/detail/polynomial_trajectory4_d__type_support.c
[0.361s] -- Up-to-date: /home/wen/chall/install/mav_planning_msgs/include/mav_planning_msgs/mav_planning_msgs/msg/detail/polygon_with_holes_stamped__rosidl_typesupport_introspection_c.h
[0.361s] -- Installing: /home/wen/chall/install/mav_planning_msgs/include/mav_planning_msgs/mav_planning_msgs/msg/detail/polygon_with_holes__type_support.c
[0.361s] -- Up-to-date: /home/wen/chall/install/mav_planning_msgs/include/mav_planning_msgs/mav_planning_msgs/msg/detail/point_cloud_with_pose__rosidl_typesupport_introspection_c.h
[0.361s] -- Up-to-date: /home/wen/chall/install/mav_planning_msgs/include/mav_planning_msgs/mav_planning_msgs/msg/detail/polygon_with_holes__rosidl_typesupport_introspection_c.h
[0.361s] -- Up-to-date: /home/wen/chall/install/mav_planning_msgs/include/mav_planning_msgs/mav_planning_msgs/msg/detail/polynomial_trajectory4_d__rosidl_typesupport_introspection_c.h
[0.362s] -- Up-to-date: /home/wen/chall/install/mav_planning_msgs/include/mav_planning_msgs/mav_planning_msgs/msg/detail/polynomial_segment__rosidl_typesupport_introspection_c.h
[0.362s] -- Up-to-date: /home/wen/chall/install/mav_planning_msgs/include/mav_planning_msgs/mav_planning_msgs/msg/detail/polygon2_d__rosidl_typesupport_introspection_c.h
[0.362s] -- Up-to-date: /home/wen/chall/install/mav_planning_msgs/include/mav_planning_msgs/mav_planning_msgs/msg/rosidl_typesupport_introspection_c__visibility_control.h
[0.362s] -- Up-to-date: /home/wen/chall/install/mav_planning_msgs/include/mav_planning_msgs/mav_planning_msgs/srv
[0.362s] -- Up-to-date: /home/wen/chall/install/mav_planning_msgs/include/mav_planning_msgs/mav_planning_msgs/srv/detail
[0.362s] -- Up-to-date: /home/wen/chall/install/mav_planning_msgs/include/mav_planning_msgs/mav_planning_msgs/srv/detail/change_name_service__rosidl_typesupport_introspection_c.h
[0.362s] -- Installing: /home/wen/chall/install/mav_planning_msgs/include/mav_planning_msgs/mav_planning_msgs/srv/detail/polygon_service__type_support.c
[0.362s] -- Up-to-date: /home/wen/chall/install/mav_planning_msgs/include/mav_planning_msgs/mav_planning_msgs/srv/detail/polygon_service__rosidl_typesupport_introspection_c.h
[0.362s] -- Up-to-date: /home/wen/chall/install/mav_planning_msgs/include/mav_planning_msgs/mav_planning_msgs/srv/detail/planner_service__rosidl_typesupport_introspection_c.h
[0.362s] -- Installing: /home/wen/chall/install/mav_planning_msgs/include/mav_planning_msgs/mav_planning_msgs/srv/detail/change_name_service__type_support.c
[0.362s] -- Installing: /home/wen/chall/install/mav_planning_msgs/include/mav_planning_msgs/mav_planning_msgs/srv/detail/planner_service__type_support.c
[0.363s] -- Up-to-date: /home/wen/chall/install/mav_planning_msgs/lib/libmav_planning_msgs__rosidl_typesupport_introspection_c.so
[0.364s] -- Up-to-date: /home/wen/chall/install/mav_planning_msgs/lib/libmav_planning_msgs__rosidl_typesupport_c.so
[0.364s] -- Up-to-date: /home/wen/chall/install/mav_planning_msgs/include/mav_planning_msgs/mav_planning_msgs
[0.364s] -- Up-to-date: /home/wen/chall/install/mav_planning_msgs/include/mav_planning_msgs/mav_planning_msgs/msg
[0.364s] -- Up-to-date: /home/wen/chall/install/mav_planning_msgs/include/mav_planning_msgs/mav_planning_msgs/msg/polygon2_d.hpp
[0.364s] -- Up-to-date: /home/wen/chall/install/mav_planning_msgs/include/mav_planning_msgs/mav_planning_msgs/msg/polygon_with_holes_stamped.hpp
[0.364s] -- Up-to-date: /home/wen/chall/install/mav_planning_msgs/include/mav_planning_msgs/mav_planning_msgs/msg/detail
[0.364s] -- Up-to-date: /home/wen/chall/install/mav_planning_msgs/include/mav_planning_msgs/mav_planning_msgs/msg/detail/point2_d__type_support.hpp
[0.364s] -- Up-to-date: /home/wen/chall/install/mav_planning_msgs/include/mav_planning_msgs/mav_planning_msgs/msg/detail/polynomial_trajectory4_d__builder.hpp
[0.365s] -- Up-to-date: /home/wen/chall/install/mav_planning_msgs/include/mav_planning_msgs/mav_planning_msgs/msg/detail/polygon2_d__builder.hpp
[0.365s] -- Up-to-date: /home/wen/chall/install/mav_planning_msgs/include/mav_planning_msgs/mav_planning_msgs/msg/detail/polygon_with_holes__type_support.hpp
[0.365s] -- Up-to-date: /home/wen/chall/install/mav_planning_msgs/include/mav_planning_msgs/mav_planning_msgs/msg/detail/polynomial_segment4_d__builder.hpp
[0.365s] -- Up-to-date: /home/wen/chall/install/mav_planning_msgs/include/mav_planning_msgs/mav_planning_msgs/msg/detail/polygon_with_holes__struct.hpp
[0.365s] -- Up-to-date: /home/wen/chall/install/mav_planning_msgs/include/mav_planning_msgs/mav_planning_msgs/msg/detail/polynomial_segment4_d__traits.hpp
[0.365s] -- Up-to-date: /home/wen/chall/install/mav_planning_msgs/include/mav_planning_msgs/mav_planning_msgs/msg/detail/polygon2_d__type_support.hpp
[0.365s] -- Up-to-date: /home/wen/chall/install/mav_planning_msgs/include/mav_planning_msgs/mav_planning_msgs/msg/detail/point_cloud_with_pose__struct.hpp
[0.365s] -- Up-to-date: /home/wen/chall/install/mav_planning_msgs/include/mav_planning_msgs/mav_planning_msgs/msg/detail/point2_d__traits.hpp
[0.365s] -- Up-to-date: /home/wen/chall/install/mav_planning_msgs/include/mav_planning_msgs/mav_planning_msgs/msg/detail/polynomial_trajectory__struct.hpp
[0.365s] -- Up-to-date: /home/wen/chall/install/mav_planning_msgs/include/mav_planning_msgs/mav_planning_msgs/msg/detail/point2_d__struct.hpp
[0.366s] -- Up-to-date: /home/wen/chall/install/mav_planning_msgs/include/mav_planning_msgs/mav_planning_msgs/msg/detail/polynomial_trajectory__builder.hpp
[0.366s] -- Up-to-date: /home/wen/chall/install/mav_planning_msgs/include/mav_planning_msgs/mav_planning_msgs/msg/detail/polynomial_segment__struct.hpp
[0.366s] -- Up-to-date: /home/wen/chall/install/mav_planning_msgs/include/mav_planning_msgs/mav_planning_msgs/msg/detail/polynomial_trajectory__type_support.hpp
[0.366s] -- Up-to-date: /home/wen/chall/install/mav_planning_msgs/include/mav_planning_msgs/mav_planning_msgs/msg/detail/polynomial_trajectory4_d__struct.hpp
[0.366s] -- Up-to-date: /home/wen/chall/install/mav_planning_msgs/include/mav_planning_msgs/mav_planning_msgs/msg/detail/polynomial_trajectory4_d__type_support.hpp
[0.366s] -- Up-to-date: /home/wen/chall/install/mav_planning_msgs/include/mav_planning_msgs/mav_planning_msgs/msg/detail/polynomial_segment4_d__struct.hpp
[0.366s] -- Up-to-date: /home/wen/chall/install/mav_planning_msgs/include/mav_planning_msgs/mav_planning_msgs/msg/detail/polygon2_d__struct.hpp
[0.366s] -- Up-to-date: /home/wen/chall/install/mav_planning_msgs/include/mav_planning_msgs/mav_planning_msgs/msg/detail/polygon2_d__traits.hpp
[0.366s] -- Up-to-date: /home/wen/chall/install/mav_planning_msgs/include/mav_planning_msgs/mav_planning_msgs/msg/detail/point_cloud_with_pose__type_support.hpp
[0.366s] -- Up-to-date: /home/wen/chall/install/mav_planning_msgs/include/mav_planning_msgs/mav_planning_msgs/msg/detail/polygon_with_holes_stamped__type_support.hpp
[0.367s] -- Up-to-date: /home/wen/chall/install/mav_planning_msgs/include/mav_planning_msgs/mav_planning_msgs/msg/detail/polygon_with_holes__builder.hpp
[0.367s] -- Up-to-date: /home/wen/chall/install/mav_planning_msgs/include/mav_planning_msgs/mav_planning_msgs/msg/detail/polygon_with_holes_stamped__struct.hpp
[0.367s] -- Up-to-date: /home/wen/chall/install/mav_planning_msgs/include/mav_planning_msgs/mav_planning_msgs/msg/detail/polygon_with_holes_stamped__traits.hpp
[0.367s] -- Up-to-date: /home/wen/chall/install/mav_planning_msgs/include/mav_planning_msgs/mav_planning_msgs/msg/detail/polynomial_segment__builder.hpp
[0.367s] -- Up-to-date: /home/wen/chall/install/mav_planning_msgs/include/mav_planning_msgs/mav_planning_msgs/msg/detail/polygon_with_holes__traits.hpp
[0.367s] -- Up-to-date: /home/wen/chall/install/mav_planning_msgs/include/mav_planning_msgs/mav_planning_msgs/msg/detail/polynomial_trajectory__traits.hpp
[0.367s] -- Up-to-date: /home/wen/chall/install/mav_planning_msgs/include/mav_planning_msgs/mav_planning_msgs/msg/detail/polygon_with_holes_stamped__builder.hpp
[0.367s] -- Up-to-date: /home/wen/chall/install/mav_planning_msgs/include/mav_planning_msgs/mav_planning_msgs/msg/detail/point_cloud_with_pose__traits.hpp
[0.367s] -- Up-to-date: /home/wen/chall/install/mav_planning_msgs/include/mav_planning_msgs/mav_planning_msgs/msg/detail/point2_d__builder.hpp
[0.367s] -- Up-to-date: /home/wen/chall/install/mav_planning_msgs/include/mav_planning_msgs/mav_planning_msgs/msg/detail/point_cloud_with_pose__builder.hpp
[0.367s] -- Up-to-date: /home/wen/chall/install/mav_planning_msgs/include/mav_planning_msgs/mav_planning_msgs/msg/detail/polynomial_trajectory4_d__traits.hpp
[0.367s] -- Up-to-date: /home/wen/chall/install/mav_planning_msgs/include/mav_planning_msgs/mav_planning_msgs/msg/detail/polynomial_segment__type_support.hpp
[0.368s] -- Up-to-date: /home/wen/chall/install/mav_planning_msgs/include/mav_planning_msgs/mav_planning_msgs/msg/detail/polynomial_segment4_d__type_support.hpp
[0.368s] -- Up-to-date: /home/wen/chall/install/mav_planning_msgs/include/mav_planning_msgs/mav_planning_msgs/msg/detail/polynomial_segment__traits.hpp
[0.368s] -- Up-to-date: /home/wen/chall/install/mav_planning_msgs/include/mav_planning_msgs/mav_planning_msgs/msg/point2_d.hpp
[0.368s] -- Up-to-date: /home/wen/chall/install/mav_planning_msgs/include/mav_planning_msgs/mav_planning_msgs/msg/polynomial_segment.hpp
[0.368s] -- Up-to-date: /home/wen/chall/install/mav_planning_msgs/include/mav_planning_msgs/mav_planning_msgs/msg/polygon_with_holes.hpp
[0.368s] -- Up-to-date: /home/wen/chall/install/mav_planning_msgs/include/mav_planning_msgs/mav_planning_msgs/msg/polynomial_segment4_d.hpp
[0.368s] -- Up-to-date: /home/wen/chall/install/mav_planning_msgs/include/mav_planning_msgs/mav_planning_msgs/msg/polynomial_trajectory.hpp
[0.368s] -- Up-to-date: /home/wen/chall/install/mav_planning_msgs/include/mav_planning_msgs/mav_planning_msgs/msg/polynomial_trajectory4_d.hpp
[0.368s] -- Up-to-date: /home/wen/chall/install/mav_planning_msgs/include/mav_planning_msgs/mav_planning_msgs/msg/point_cloud_with_pose.hpp
[0.368s] -- Up-to-date: /home/wen/chall/install/mav_planning_msgs/include/mav_planning_msgs/mav_planning_msgs/msg/rosidl_generator_cpp__visibility_control.hpp
[0.368s] -- Up-to-date: /home/wen/chall/install/mav_planning_msgs/include/mav_planning_msgs/mav_planning_msgs/srv
[0.368s] -- Up-to-date: /home/wen/chall/install/mav_planning_msgs/include/mav_planning_msgs/mav_planning_msgs/srv/detail
[0.368s] -- Up-to-date: /home/wen/chall/install/mav_planning_msgs/include/mav_planning_msgs/mav_planning_msgs/srv/detail/change_name_service__builder.hpp
[0.368s] -- Up-to-date: /home/wen/chall/install/mav_planning_msgs/include/mav_planning_msgs/mav_planning_msgs/srv/detail/planner_service__traits.hpp
[0.368s] -- Up-to-date: /home/wen/chall/install/mav_planning_msgs/include/mav_planning_msgs/mav_planning_msgs/srv/detail/change_name_service__type_support.hpp
[0.368s] -- Up-to-date: /home/wen/chall/install/mav_planning_msgs/include/mav_planning_msgs/mav_planning_msgs/srv/detail/planner_service__type_support.hpp
[0.369s] -- Up-to-date: /home/wen/chall/install/mav_planning_msgs/include/mav_planning_msgs/mav_planning_msgs/srv/detail/change_name_service__struct.hpp
[0.369s] -- Up-to-date: /home/wen/chall/install/mav_planning_msgs/include/mav_planning_msgs/mav_planning_msgs/srv/detail/polygon_service__builder.hpp
[0.369s] -- Up-to-date: /home/wen/chall/install/mav_planning_msgs/include/mav_planning_msgs/mav_planning_msgs/srv/detail/polygon_service__type_support.hpp
[0.369s] -- Up-to-date: /home/wen/chall/install/mav_planning_msgs/include/mav_planning_msgs/mav_planning_msgs/srv/detail/planner_service__builder.hpp
[0.369s] -- Up-to-date: /home/wen/chall/install/mav_planning_msgs/include/mav_planning_msgs/mav_planning_msgs/srv/detail/polygon_service__traits.hpp
[0.369s] -- Up-to-date: /home/wen/chall/install/mav_planning_msgs/include/mav_planning_msgs/mav_planning_msgs/srv/detail/change_name_service__traits.hpp
[0.369s] -- Up-to-date: /home/wen/chall/install/mav_planning_msgs/include/mav_planning_msgs/mav_planning_msgs/srv/detail/polygon_service__struct.hpp
[0.369s] -- Up-to-date: /home/wen/chall/install/mav_planning_msgs/include/mav_planning_msgs/mav_planning_msgs/srv/detail/planner_service__struct.hpp
[0.369s] -- Up-to-date: /home/wen/chall/install/mav_planning_msgs/include/mav_planning_msgs/mav_planning_msgs/srv/polygon_service.hpp
[0.369s] -- Up-to-date: /home/wen/chall/install/mav_planning_msgs/include/mav_planning_msgs/mav_planning_msgs/srv/planner_service.hpp
[0.369s] -- Up-to-date: /home/wen/chall/install/mav_planning_msgs/include/mav_planning_msgs/mav_planning_msgs/srv/change_name_service.hpp
[0.369s] -- Up-to-date: /home/wen/chall/install/mav_planning_msgs/include/mav_planning_msgs/mav_planning_msgs
[0.370s] -- Up-to-date: /home/wen/chall/install/mav_planning_msgs/include/mav_planning_msgs/mav_planning_msgs/msg
[0.370s] -- Up-to-date: /home/wen/chall/install/mav_planning_msgs/include/mav_planning_msgs/mav_planning_msgs/msg/rosidl_typesupport_fastrtps_cpp__visibility_control.h
[0.370s] -- Up-to-date: /home/wen/chall/install/mav_planning_msgs/include/mav_planning_msgs/mav_planning_msgs/msg/detail
[0.370s] -- Up-to-date: /home/wen/chall/install/mav_planning_msgs/include/mav_planning_msgs/mav_planning_msgs/msg/detail/point_cloud_with_pose__rosidl_typesupport_fastrtps_cpp.hpp
[0.370s] -- Up-to-date: /home/wen/chall/install/mav_planning_msgs/include/mav_planning_msgs/mav_planning_msgs/msg/detail/polynomial_segment__rosidl_typesupport_fastrtps_cpp.hpp
[0.370s] -- Up-to-date: /home/wen/chall/install/mav_planning_msgs/include/mav_planning_msgs/mav_planning_msgs/msg/detail/polygon_with_holes_stamped__rosidl_typesupport_fastrtps_cpp.hpp
[0.370s] -- Up-to-date: /home/wen/chall/install/mav_planning_msgs/include/mav_planning_msgs/mav_planning_msgs/msg/detail/polynomial_trajectory4_d__rosidl_typesupport_fastrtps_cpp.hpp
[0.370s] -- Up-to-date: /home/wen/chall/install/mav_planning_msgs/include/mav_planning_msgs/mav_planning_msgs/msg/detail/polynomial_trajectory__rosidl_typesupport_fastrtps_cpp.hpp
[0.370s] -- Up-to-date: /home/wen/chall/install/mav_planning_msgs/include/mav_planning_msgs/mav_planning_msgs/msg/detail/point2_d__rosidl_typesupport_fastrtps_cpp.hpp
[0.370s] -- Up-to-date: /home/wen/chall/install/mav_planning_msgs/include/mav_planning_msgs/mav_planning_msgs/msg/detail/polygon2_d__rosidl_typesupport_fastrtps_cpp.hpp
[0.370s] -- Up-to-date: /home/wen/chall/install/mav_planning_msgs/include/mav_planning_msgs/mav_planning_msgs/msg/detail/polynomial_segment4_d__rosidl_typesupport_fastrtps_cpp.hpp
[0.370s] -- Up-to-date: /home/wen/chall/install/mav_planning_msgs/include/mav_planning_msgs/mav_planning_msgs/msg/detail/dds_fastrtps
[0.370s] -- Up-to-date: /home/wen/chall/install/mav_planning_msgs/include/mav_planning_msgs/mav_planning_msgs/msg/detail/polygon_with_holes__rosidl_typesupport_fastrtps_cpp.hpp
[0.370s] -- Up-to-date: /home/wen/chall/install/mav_planning_msgs/include/mav_planning_msgs/mav_planning_msgs/srv
[0.370s] -- Up-to-date: /home/wen/chall/install/mav_planning_msgs/include/mav_planning_msgs/mav_planning_msgs/srv/detail
[0.370s] -- Up-to-date: /home/wen/chall/install/mav_planning_msgs/include/mav_planning_msgs/mav_planning_msgs/srv/detail/polygon_service__rosidl_typesupport_fastrtps_cpp.hpp
[0.370s] -- Up-to-date: /home/wen/chall/install/mav_planning_msgs/include/mav_planning_msgs/mav_planning_msgs/srv/detail/change_name_service__rosidl_typesupport_fastrtps_cpp.hpp
[0.370s] -- Up-to-date: /home/wen/chall/install/mav_planning_msgs/include/mav_planning_msgs/mav_planning_msgs/srv/detail/planner_service__rosidl_typesupport_fastrtps_cpp.hpp
[0.370s] -- Up-to-date: /home/wen/chall/install/mav_planning_msgs/include/mav_planning_msgs/mav_planning_msgs/srv/detail/dds_fastrtps
[0.370s] -- Up-to-date: /home/wen/chall/install/mav_planning_msgs/lib/libmav_planning_msgs__rosidl_typesupport_fastrtps_cpp.so
[0.370s] -- Up-to-date: /home/wen/chall/install/mav_planning_msgs/include/mav_planning_msgs/mav_planning_msgs
[0.370s] -- Up-to-date: /home/wen/chall/install/mav_planning_msgs/include/mav_planning_msgs/mav_planning_msgs/msg
[0.370s] -- Up-to-date: /home/wen/chall/install/mav_planning_msgs/include/mav_planning_msgs/mav_planning_msgs/msg/detail
[0.371s] -- Up-to-date: /home/wen/chall/install/mav_planning_msgs/include/mav_planning_msgs/mav_planning_msgs/msg/detail/polynomial_trajectory4_d__rosidl_typesupport_introspection_cpp.hpp
[0.371s] -- Up-to-date: /home/wen/chall/install/mav_planning_msgs/include/mav_planning_msgs/mav_planning_msgs/msg/detail/polynomial_segment__rosidl_typesupport_introspection_cpp.hpp
[0.371s] -- Up-to-date: /home/wen/chall/install/mav_planning_msgs/include/mav_planning_msgs/mav_planning_msgs/msg/detail/polygon_with_holes__type_support.cpp
[0.371s] -- Up-to-date: /home/wen/chall/install/mav_planning_msgs/include/mav_planning_msgs/mav_planning_msgs/msg/detail/point2_d__rosidl_typesupport_introspection_cpp.hpp
[0.371s] -- Up-to-date: /home/wen/chall/install/mav_planning_msgs/include/mav_planning_msgs/mav_planning_msgs/msg/detail/polynomial_trajectory__rosidl_typesupport_introspection_cpp.hpp
[0.371s] -- Up-to-date: /home/wen/chall/install/mav_planning_msgs/include/mav_planning_msgs/mav_planning_msgs/msg/detail/polygon2_d__rosidl_typesupport_introspection_cpp.hpp
[0.371s] -- Up-to-date: /home/wen/chall/install/mav_planning_msgs/include/mav_planning_msgs/mav_planning_msgs/msg/detail/polygon_with_holes_stamped__type_support.cpp
[0.371s] -- Up-to-date: /home/wen/chall/install/mav_planning_msgs/include/mav_planning_msgs/mav_planning_msgs/msg/detail/polygon2_d__type_support.cpp
[0.371s] -- Up-to-date: /home/wen/chall/install/mav_planning_msgs/include/mav_planning_msgs/mav_planning_msgs/msg/detail/point_cloud_with_pose__rosidl_typesupport_introspection_cpp.hpp
[0.371s] -- Up-to-date: /home/wen/chall/install/mav_planning_msgs/include/mav_planning_msgs/mav_planning_msgs/msg/detail/polygon_with_holes__rosidl_typesupport_introspection_cpp.hpp
[0.371s] -- Up-to-date: /home/wen/chall/install/mav_planning_msgs/include/mav_planning_msgs/mav_planning_msgs/msg/detail/polynomial_segment4_d__type_support.cpp
[0.371s] -- Up-to-date: /home/wen/chall/install/mav_planning_msgs/include/mav_planning_msgs/mav_planning_msgs/msg/detail/polygon_with_holes_stamped__rosidl_typesupport_introspection_cpp.hpp
[0.371s] -- Up-to-date: /home/wen/chall/install/mav_planning_msgs/include/mav_planning_msgs/mav_planning_msgs/msg/detail/polynomial_segment4_d__rosidl_typesupport_introspection_cpp.hpp
[0.371s] -- Up-to-date: /home/wen/chall/install/mav_planning_msgs/include/mav_planning_msgs/mav_planning_msgs/msg/detail/polynomial_trajectory4_d__type_support.cpp
[0.371s] -- Up-to-date: /home/wen/chall/install/mav_planning_msgs/include/mav_planning_msgs/mav_planning_msgs/msg/detail/polynomial_segment__type_support.cpp
[0.371s] -- Up-to-date: /home/wen/chall/install/mav_planning_msgs/include/mav_planning_msgs/mav_planning_msgs/msg/detail/point2_d__type_support.cpp
[0.371s] -- Up-to-date: /home/wen/chall/install/mav_planning_msgs/include/mav_planning_msgs/mav_planning_msgs/msg/detail/polynomial_trajectory__type_support.cpp
[0.371s] -- Up-to-date: /home/wen/chall/install/mav_planning_msgs/include/mav_planning_msgs/mav_planning_msgs/msg/detail/point_cloud_with_pose__type_support.cpp
[0.371s] -- Up-to-date: /home/wen/chall/install/mav_planning_msgs/include/mav_planning_msgs/mav_planning_msgs/srv
[0.372s] -- Up-to-date: /home/wen/chall/install/mav_planning_msgs/include/mav_planning_msgs/mav_planning_msgs/srv/detail
[0.372s] -- Up-to-date: /home/wen/chall/install/mav_planning_msgs/include/mav_planning_msgs/mav_planning_msgs/srv/detail/planner_service__type_support.cpp
[0.372s] -- Up-to-date: /home/wen/chall/install/mav_planning_msgs/include/mav_planning_msgs/mav_planning_msgs/srv/detail/planner_service__rosidl_typesupport_introspection_cpp.hpp
[0.372s] -- Up-to-date: /home/wen/chall/install/mav_planning_msgs/include/mav_planning_msgs/mav_planning_msgs/srv/detail/change_name_service__type_support.cpp
[0.372s] -- Up-to-date: /home/wen/chall/install/mav_planning_msgs/include/mav_planning_msgs/mav_planning_msgs/srv/detail/change_name_service__rosidl_typesupport_introspection_cpp.hpp
[0.372s] -- Up-to-date: /home/wen/chall/install/mav_planning_msgs/include/mav_planning_msgs/mav_planning_msgs/srv/detail/polygon_service__type_support.cpp
[0.372s] -- Up-to-date: /home/wen/chall/install/mav_planning_msgs/include/mav_planning_msgs/mav_planning_msgs/srv/detail/polygon_service__rosidl_typesupport_introspection_cpp.hpp
[0.372s] -- Up-to-date: /home/wen/chall/install/mav_planning_msgs/lib/libmav_planning_msgs__rosidl_typesupport_introspection_cpp.so
[0.373s] -- Up-to-date: /home/wen/chall/install/mav_planning_msgs/lib/libmav_planning_msgs__rosidl_typesupport_cpp.so
[0.373s] -- Up-to-date: /home/wen/chall/install/mav_planning_msgs/share/mav_planning_msgs/environment/pythonpath.sh
[0.373s] -- Up-to-date: /home/wen/chall/install/mav_planning_msgs/share/mav_planning_msgs/environment/pythonpath.dsv
[0.373s] -- Up-to-date: /home/wen/chall/install/mav_planning_msgs/lib/python3.12/site-packages/mav_planning_msgs-3.3.3-py3.12.egg-info
[0.373s] -- Installing: /home/wen/chall/install/mav_planning_msgs/lib/python3.12/site-packages/mav_planning_msgs-3.3.3-py3.12.egg-info/PKG-INFO
[0.373s] -- Installing: /home/wen/chall/install/mav_planning_msgs/lib/python3.12/site-packages/mav_planning_msgs-3.3.3-py3.12.egg-info/SOURCES.txt
[0.373s] -- Installing: /home/wen/chall/install/mav_planning_msgs/lib/python3.12/site-packages/mav_planning_msgs-3.3.3-py3.12.egg-info/dependency_links.txt
[0.373s] -- Installing: /home/wen/chall/install/mav_planning_msgs/lib/python3.12/site-packages/mav_planning_msgs-3.3.3-py3.12.egg-info/top_level.txt
[0.373s] -- Up-to-date: /home/wen/chall/install/mav_planning_msgs/lib/python3.12/site-packages/mav_planning_msgs
[0.373s] -- Up-to-date: /home/wen/chall/install/mav_planning_msgs/lib/python3.12/site-packages/mav_planning_msgs/_mav_planning_msgs_s.ep.rosidl_typesupport_c.c
[0.373s] -- Up-to-date: /home/wen/chall/install/mav_planning_msgs/lib/python3.12/site-packages/mav_planning_msgs/_mav_planning_msgs_s.ep.rosidl_typesupport_introspection_c.c
[0.374s] -- Up-to-date: /home/wen/chall/install/mav_planning_msgs/lib/python3.12/site-packages/mav_planning_msgs/msg
[0.374s] -- Up-to-date: /home/wen/chall/install/mav_planning_msgs/lib/python3.12/site-packages/mav_planning_msgs/msg/_polygon2_d.py
[0.374s] -- Up-to-date: /home/wen/chall/install/mav_planning_msgs/lib/python3.12/site-packages/mav_planning_msgs/msg/_polynomial_trajectory.py
[0.374s] -- Up-to-date: /home/wen/chall/install/mav_planning_msgs/lib/python3.12/site-packages/mav_planning_msgs/msg/_point_cloud_with_pose.py
[0.374s] -- Up-to-date: /home/wen/chall/install/mav_planning_msgs/lib/python3.12/site-packages/mav_planning_msgs/msg/_polygon_with_holes_stamped_s.c
[0.374s] -- Up-to-date: /home/wen/chall/install/mav_planning_msgs/lib/python3.12/site-packages/mav_planning_msgs/msg/_polynomial_segment_s.c
[0.374s] -- Up-to-date: /home/wen/chall/install/mav_planning_msgs/lib/python3.12/site-packages/mav_planning_msgs/msg/_polygon_with_holes.py
[0.374s] -- Up-to-date: /home/wen/chall/install/mav_planning_msgs/lib/python3.12/site-packages/mav_planning_msgs/msg/_polynomial_segment4_d_s.c
[0.374s] -- Up-to-date: /home/wen/chall/install/mav_planning_msgs/lib/python3.12/site-packages/mav_planning_msgs/msg/_polynomial_trajectory_s.c
[0.374s] -- Up-to-date: /home/wen/chall/install/mav_planning_msgs/lib/python3.12/site-packages/mav_planning_msgs/msg/_polygon_with_holes_s.c
[0.374s] -- Up-to-date: /home/wen/chall/install/mav_planning_msgs/lib/python3.12/site-packages/mav_planning_msgs/msg/_polygon2_d_s.c
[0.374s] -- Up-to-date: /home/wen/chall/install/mav_planning_msgs/lib/python3.12/site-packages/mav_planning_msgs/msg/_polynomial_segment.py
[0.374s] -- Up-to-date: /home/wen/chall/install/mav_planning_msgs/lib/python3.12/site-packages/mav_planning_msgs/msg/_polygon_with_holes_stamped.py
[0.374s] -- Up-to-date: /home/wen/chall/install/mav_planning_msgs/lib/python3.12/site-packages/mav_planning_msgs/msg/_point2_d_s.c
[0.374s] -- Up-to-date: /home/wen/chall/install/mav_planning_msgs/lib/python3.12/site-packages/mav_planning_msgs/msg/_polynomial_trajectory4_d_s.c
[0.374s] -- Up-to-date: /home/wen/chall/install/mav_planning_msgs/lib/python3.12/site-packages/mav_planning_msgs/msg/_polynomial_segment4_d.py
[0.374s] -- Up-to-date: /home/wen/chall/install/mav_planning_msgs/lib/python3.12/site-packages/mav_planning_msgs/msg/__init__.py
[0.374s] -- Up-to-date: /home/wen/chall/install/mav_planning_msgs/lib/python3.12/site-packages/mav_planning_msgs/msg/_polynomial_trajectory4_d.py
[0.374s] -- Up-to-date: /home/wen/chall/install/mav_planning_msgs/lib/python3.12/site-packages/mav_planning_msgs/msg/_point_cloud_with_pose_s.c
[0.374s] -- Up-to-date: /home/wen/chall/install/mav_planning_msgs/lib/python3.12/site-packages/mav_planning_msgs/msg/_point2_d.py
[0.374s] -- Up-to-date: /home/wen/chall/install/mav_planning_msgs/lib/python3.12/site-packages/mav_planning_msgs/mav_planning_msgs_s__rosidl_typesupport_fastrtps_c.so
[0.374s] -- Up-to-date: /home/wen/chall/install/mav_planning_msgs/lib/python3.12/site-packages/mav_planning_msgs/mav_planning_msgs_s__rosidl_typesupport_introspection_c.so
[0.374s] -- Up-to-date: /home/wen/chall/install/mav_planning_msgs/lib/python3.12/site-packages/mav_planning_msgs/__init__.py
[0.374s] -- Up-to-date: /home/wen/chall/install/mav_planning_msgs/lib/python3.12/site-packages/mav_planning_msgs/srv
[0.374s] -- Up-to-date: /home/wen/chall/install/mav_planning_msgs/lib/python3.12/site-packages/mav_planning_msgs/srv/_planner_service.py
[0.374s] -- Up-to-date: /home/wen/chall/install/mav_planning_msgs/lib/python3.12/site-packages/mav_planning_msgs/srv/_polygon_service_s.c
[0.374s] -- Up-to-date: /home/wen/chall/install/mav_planning_msgs/lib/python3.12/site-packages/mav_planning_msgs/srv/_change_name_service.py
[0.374s] -- Up-to-date: /home/wen/chall/install/mav_planning_msgs/lib/python3.12/site-packages/mav_planning_msgs/srv/_planner_service_s.c
[0.374s] -- Up-to-date: /home/wen/chall/install/mav_planning_msgs/lib/python3.12/site-packages/mav_planning_msgs/srv/__init__.py
[0.375s] -- Up-to-date: /home/wen/chall/install/mav_planning_msgs/lib/python3.12/site-packages/mav_planning_msgs/srv/_polygon_service.py
[0.375s] -- Up-to-date: /home/wen/chall/install/mav_planning_msgs/lib/python3.12/site-packages/mav_planning_msgs/srv/_change_name_service_s.c
[0.375s] -- Up-to-date: /home/wen/chall/install/mav_planning_msgs/lib/python3.12/site-packages/mav_planning_msgs/_mav_planning_msgs_s.ep.rosidl_typesupport_fastrtps_c.c
[0.375s] -- Up-to-date: /home/wen/chall/install/mav_planning_msgs/lib/python3.12/site-packages/mav_planning_msgs/mav_planning_msgs_s__rosidl_typesupport_c.so
[0.401s] Listing '/home/wen/chall/install/mav_planning_msgs/lib/python3.12/site-packages/mav_planning_msgs'...
[0.401s] Listing '/home/wen/chall/install/mav_planning_msgs/lib/python3.12/site-packages/mav_planning_msgs/msg'...
[0.401s] Listing '/home/wen/chall/install/mav_planning_msgs/lib/python3.12/site-packages/mav_planning_msgs/srv'...
[0.404s] -- Up-to-date: /home/wen/chall/install/mav_planning_msgs/lib/python3.12/site-packages/mav_planning_msgs/mav_planning_msgs_s__rosidl_typesupport_fastrtps_c.so
[0.405s] -- Up-to-date: /home/wen/chall/install/mav_planning_msgs/lib/python3.12/site-packages/mav_planning_msgs/mav_planning_msgs_s__rosidl_typesupport_introspection_c.so
[0.405s] -- Up-to-date: /home/wen/chall/install/mav_planning_msgs/lib/python3.12/site-packages/mav_planning_msgs/mav_planning_msgs_s__rosidl_typesupport_c.so
[0.406s] -- Up-to-date: /home/wen/chall/install/mav_planning_msgs/lib/libmav_planning_msgs__rosidl_generator_py.so
[0.406s] -- Up-to-date: /home/wen/chall/install/mav_planning_msgs/share/mav_planning_msgs/msg/Point2D.idl
[0.406s] -- Up-to-date: /home/wen/chall/install/mav_planning_msgs/share/mav_planning_msgs/msg/PointCloudWithPose.idl
[0.406s] -- Up-to-date: /home/wen/chall/install/mav_planning_msgs/share/mav_planning_msgs/msg/Polygon2D.idl
[0.406s] -- Up-to-date: /home/wen/chall/install/mav_planning_msgs/share/mav_planning_msgs/msg/PolygonWithHoles.idl
[0.406s] -- Up-to-date: /home/wen/chall/install/mav_planning_msgs/share/mav_planning_msgs/msg/PolygonWithHolesStamped.idl
[0.407s] -- Up-to-date: /home/wen/chall/install/mav_planning_msgs/share/mav_planning_msgs/msg/PolynomialSegment.idl
[0.407s] -- Up-to-date: /home/wen/chall/install/mav_planning_msgs/share/mav_planning_msgs/msg/PolynomialSegment4D.idl
[0.407s] -- Up-to-date: /home/wen/chall/install/mav_planning_msgs/share/mav_planning_msgs/msg/PolynomialTrajectory.idl
[0.407s] -- Up-to-date: /home/wen/chall/install/mav_planning_msgs/share/mav_planning_msgs/msg/PolynomialTrajectory4D.idl
[0.407s] -- Up-to-date: /home/wen/chall/install/mav_planning_msgs/share/mav_planning_msgs/srv/PlannerService.idl
[0.407s] -- Up-to-date: /home/wen/chall/install/mav_planning_msgs/share/mav_planning_msgs/srv/PolygonService.idl
[0.407s] -- Up-to-date: /home/wen/chall/install/mav_planning_msgs/share/mav_planning_msgs/srv/ChangeNameService.idl
[0.407s] -- Up-to-date: /home/wen/chall/install/mav_planning_msgs/share/mav_planning_msgs/msg/Point2D.msg
[0.407s] -- Up-to-date: /home/wen/chall/install/mav_planning_msgs/share/mav_planning_msgs/msg/PointCloudWithPose.msg
[0.407s] -- Up-to-date: /home/wen/chall/install/mav_planning_msgs/share/mav_planning_msgs/msg/Polygon2D.msg
[0.407s] -- Up-to-date: /home/wen/chall/install/mav_planning_msgs/share/mav_planning_msgs/msg/PolygonWithHoles.msg
[0.407s] -- Up-to-date: /home/wen/chall/install/mav_planning_msgs/share/mav_planning_msgs/msg/PolygonWithHolesStamped.msg
[0.407s] -- Up-to-date: /home/wen/chall/install/mav_planning_msgs/share/mav_planning_msgs/msg/PolynomialSegment.msg
[0.407s] -- Up-to-date: /home/wen/chall/install/mav_planning_msgs/share/mav_planning_msgs/msg/PolynomialSegment4D.msg
[0.407s] -- Up-to-date: /home/wen/chall/install/mav_planning_msgs/share/mav_planning_msgs/msg/PolynomialTrajectory.msg
[0.407s] -- Up-to-date: /home/wen/chall/install/mav_planning_msgs/share/mav_planning_msgs/msg/PolynomialTrajectory4D.msg
[0.407s] -- Up-to-date: /home/wen/chall/install/mav_planning_msgs/share/mav_planning_msgs/srv/PlannerService.srv
[0.407s] -- Up-to-date: /home/wen/chall/install/mav_planning_msgs/share/mav_planning_msgs/srv/PolygonService.srv
[0.407s] -- Up-to-date: /home/wen/chall/install/mav_planning_msgs/share/mav_planning_msgs/srv/ChangeNameService.srv
[0.407s] -- Up-to-date: /home/wen/chall/install/mav_planning_msgs/include/mav_planning_msgs
[0.408s] -- Up-to-date: /home/wen/chall/install/mav_planning_msgs/include/mav_planning_msgs/mav_planning_msgs
[0.408s] -- Up-to-date: /home/wen/chall/install/mav_planning_msgs/include/mav_planning_msgs/mav_planning_msgs/conversions.hpp
[0.408s] -- Up-to-date: /home/wen/chall/install/mav_planning_msgs/include/mav_planning_msgs/mav_planning_msgs/conversions_deprecated.hpp
[0.408s] -- Up-to-date: /home/wen/chall/install/mav_planning_msgs/include/mav_planning_msgs/mav_planning_msgs/eigen_planning_msgs.hpp
[0.408s] -- Up-to-date: /home/wen/chall/install/mav_planning_msgs/share/ament_index/resource_index/package_run_dependencies/mav_planning_msgs
[0.408s] -- Up-to-date: /home/wen/chall/install/mav_planning_msgs/share/ament_index/resource_index/parent_prefix_path/mav_planning_msgs
[0.408s] -- Up-to-date: /home/wen/chall/install/mav_planning_msgs/share/mav_planning_msgs/environment/ament_prefix_path.sh
[0.408s] -- Up-to-date: /home/wen/chall/install/mav_planning_msgs/share/mav_planning_msgs/environment/ament_prefix_path.dsv
[0.408s] -- Up-to-date: /home/wen/chall/install/mav_planning_msgs/share/mav_planning_msgs/environment/path.sh
[0.408s] -- Up-to-date: /home/wen/chall/install/mav_planning_msgs/share/mav_planning_msgs/environment/path.dsv
[0.409s] -- Up-to-date: /home/wen/chall/install/mav_planning_msgs/share/mav_planning_msgs/local_setup.bash
[0.409s] -- Up-to-date: /home/wen/chall/install/mav_planning_msgs/share/mav_planning_msgs/local_setup.sh
[0.409s] -- Up-to-date: /home/wen/chall/install/mav_planning_msgs/share/mav_planning_msgs/local_setup.zsh
[0.409s] -- Up-to-date: /home/wen/chall/install/mav_planning_msgs/share/mav_planning_msgs/local_setup.dsv
[0.409s] -- Installing: /home/wen/chall/install/mav_planning_msgs/share/mav_planning_msgs/package.dsv
[0.409s] -- Up-to-date: /home/wen/chall/install/mav_planning_msgs/share/ament_index/resource_index/packages/mav_planning_msgs
[0.409s] -- Up-to-date: /home/wen/chall/install/mav_planning_msgs/share/mav_planning_msgs/cmake/export_mav_planning_msgs__rosidl_generator_cExport.cmake
[0.409s] -- Up-to-date: /home/wen/chall/install/mav_planning_msgs/share/mav_planning_msgs/cmake/export_mav_planning_msgs__rosidl_generator_cExport-noconfig.cmake
[0.410s] -- Up-to-date: /home/wen/chall/install/mav_planning_msgs/share/mav_planning_msgs/cmake/export_mav_planning_msgs__rosidl_typesupport_fastrtps_cExport.cmake
[0.410s] -- Up-to-date: /home/wen/chall/install/mav_planning_msgs/share/mav_planning_msgs/cmake/export_mav_planning_msgs__rosidl_typesupport_fastrtps_cExport-noconfig.cmake
[0.410s] -- Up-to-date: /home/wen/chall/install/mav_planning_msgs/share/mav_planning_msgs/cmake/mav_planning_msgs__rosidl_typesupport_introspection_cExport.cmake
[0.410s] -- Up-to-date: /home/wen/chall/install/mav_planning_msgs/share/mav_planning_msgs/cmake/mav_planning_msgs__rosidl_typesupport_introspection_cExport-noconfig.cmake
[0.410s] -- Up-to-date: /home/wen/chall/install/mav_planning_msgs/share/mav_planning_msgs/cmake/mav_planning_msgs__rosidl_typesupport_cExport.cmake
[0.411s] -- Up-to-date: /home/wen/chall/install/mav_planning_msgs/share/mav_planning_msgs/cmake/mav_planning_msgs__rosidl_typesupport_cExport-noconfig.cmake
[0.411s] -- Up-to-date: /home/wen/chall/install/mav_planning_msgs/share/mav_planning_msgs/cmake/export_mav_planning_msgs__rosidl_generator_cppExport.cmake
[0.411s] -- Up-to-date: /home/wen/chall/install/mav_planning_msgs/share/mav_planning_msgs/cmake/export_mav_planning_msgs__rosidl_typesupport_fastrtps_cppExport.cmake
[0.411s] -- Up-to-date: /home/wen/chall/install/mav_planning_msgs/share/mav_planning_msgs/cmake/export_mav_planning_msgs__rosidl_typesupport_fastrtps_cppExport-noconfig.cmake
[0.412s] -- Up-to-date: /home/wen/chall/install/mav_planning_msgs/share/mav_planning_msgs/cmake/mav_planning_msgs__rosidl_typesupport_introspection_cppExport.cmake
[0.412s] -- Up-to-date: /home/wen/chall/install/mav_planning_msgs/share/mav_planning_msgs/cmake/mav_planning_msgs__rosidl_typesupport_introspection_cppExport-noconfig.cmake
[0.412s] -- Up-to-date: /home/wen/chall/install/mav_planning_msgs/share/mav_planning_msgs/cmake/mav_planning_msgs__rosidl_typesupport_cppExport.cmake
[0.412s] -- Up-to-date: /home/wen/chall/install/mav_planning_msgs/share/mav_planning_msgs/cmake/mav_planning_msgs__rosidl_typesupport_cppExport-noconfig.cmake
[0.412s] -- Up-to-date: /home/wen/chall/install/mav_planning_msgs/share/mav_planning_msgs/cmake/export_mav_planning_msgs__rosidl_generator_pyExport.cmake
[0.412s] -- Up-to-date: /home/wen/chall/install/mav_planning_msgs/share/mav_planning_msgs/cmake/export_mav_planning_msgs__rosidl_generator_pyExport-noconfig.cmake
[0.412s] -- Up-to-date: /home/wen/chall/install/mav_planning_msgs/share/mav_planning_msgs/cmake/rosidl_cmake-extras.cmake
[0.412s] -- Up-to-date: /home/wen/chall/install/mav_planning_msgs/share/mav_planning_msgs/cmake/ament_cmake_export_dependencies-extras.cmake
[0.413s] -- Up-to-date: /home/wen/chall/install/mav_planning_msgs/share/mav_planning_msgs/cmake/ament_cmake_export_include_directories-extras.cmake
[0.413s] -- Up-to-date: /home/wen/chall/install/mav_planning_msgs/share/mav_planning_msgs/cmake/ament_cmake_export_libraries-extras.cmake
[0.413s] -- Up-to-date: /home/wen/chall/install/mav_planning_msgs/share/mav_planning_msgs/cmake/ament_cmake_export_targets-extras.cmake
[0.413s] -- Up-to-date: /home/wen/chall/install/mav_planning_msgs/share/mav_planning_msgs/cmake/rosidl_cmake_export_typesupport_targets-extras.cmake
[0.413s] -- Up-to-date: /home/wen/chall/install/mav_planning_msgs/share/mav_planning_msgs/cmake/rosidl_cmake_export_typesupport_libraries-extras.cmake
[0.413s] -- Up-to-date: /home/wen/chall/install/mav_planning_msgs/share/mav_planning_msgs/cmake/mav_planning_msgsConfig.cmake
[0.413s] -- Up-to-date: /home/wen/chall/install/mav_planning_msgs/share/mav_planning_msgs/cmake/mav_planning_msgsConfig-version.cmake
[0.413s] -- Up-to-date: /home/wen/chall/install/mav_planning_msgs/share/mav_planning_msgs/package.xml
[0.415s] Invoked command in '/home/wen/chall/build/mav_planning_msgs' returned '0': CMAKE_PREFIX_PATH=/home/wen/chall/install/mav_msgs:/home/wen/chall/install/takeoff_pkg:/home/wen/chall/install/simulation:/home/wen/chall/install/mav_planning_msgs:/home/wen/chall/install/controller_pkg:/home/wen/chall/install/mapping_pkg:/home/wen/ws/install/trajectory_planner_pkg:/home/wen/ws/install/state_estimator_pkg:/home/wen/ws/install/simulation:/home/wen/ws/install/mission_planner_pkg:/home/wen/ws/install/mav_planning_msgs:/home/wen/ws/install/controller_pkg:/home/wen/ws/install/mav_msgs:/opt/ros/jazzy/opt/gz_math_vendor:/opt/ros/jazzy/opt/gz_utils_vendor:/opt/ros/jazzy/opt/gz_cmake_vendor:/opt/ros/jazzy DEBUGINFOD_URLS=https://debuginfod.ubuntu.com LD_LIBRARY_PATH=/home/wen/chall/install/mav_msgs/lib:/home/wen/chall/install/simulation/lib:/home/wen/chall/install/mav_planning_msgs/lib:/home/wen/chall/install/controller_pkg/lib:/home/wen/ws/install/simulation/lib:/home/wen/ws/install/mav_planning_msgs/lib:/home/wen/ws/install/controller_pkg/lib:/home/wen/ws/install/mav_msgs/lib:/opt/ros/jazzy/opt/rviz_ogre_vendor/lib:/opt/ros/jazzy/lib/x86_64-linux-gnu:/opt/ros/jazzy/opt/gz_math_vendor/lib:/opt/ros/jazzy/opt/gz_utils_vendor/lib:/opt/ros/jazzy/opt/gz_cmake_vendor/lib:/opt/ros/jazzy/lib PYTHONPATH=/home/wen/chall/install/mav_msgs/lib/python3.12/site-packages:/home/wen/chall/install/mav_planning_msgs/lib/python3.12/site-packages:/home/wen/ws/install/mav_planning_msgs/lib/python3.12/site-packages:/home/wen/ws/install/mav_msgs/lib/python3.12/site-packages:/opt/ros/jazzy/lib/python3.12/site-packages /usr/bin/cmake --install /home/wen/chall/build/mav_planning_msgs
