[0.013s] Invoking command in '/home/wen/chall/build/controller_pkg': CMAKE_PREFIX_PATH=/home/wen/chall/install/mav_msgs:/home/wen/chall/install/takeoff_pkg:/home/wen/chall/install/simulation:/home/wen/chall/install/mav_planning_msgs:/home/wen/chall/install/controller_pkg:/home/wen/chall/install/mapping_pkg:/home/wen/ws/install/trajectory_planner_pkg:/home/wen/ws/install/state_estimator_pkg:/home/wen/ws/install/simulation:/home/wen/ws/install/mission_planner_pkg:/home/wen/ws/install/mav_planning_msgs:/home/wen/ws/install/controller_pkg:/home/wen/ws/install/mav_msgs:/opt/ros/jazzy/opt/gz_math_vendor:/opt/ros/jazzy/opt/gz_utils_vendor:/opt/ros/jazzy/opt/gz_cmake_vendor:/opt/ros/jazzy DEBUGINFOD_URLS=https://debuginfod.ubuntu.com LD_LIBRARY_PATH=/home/wen/chall/install/mav_msgs/lib:/home/wen/chall/install/simulation/lib:/home/wen/chall/install/mav_planning_msgs/lib:/home/wen/chall/install/controller_pkg/lib:/home/wen/ws/install/simulation/lib:/home/wen/ws/install/mav_planning_msgs/lib:/home/wen/ws/install/controller_pkg/lib:/home/wen/ws/install/mav_msgs/lib:/opt/ros/jazzy/opt/rviz_ogre_vendor/lib:/opt/ros/jazzy/lib/x86_64-linux-gnu:/opt/ros/jazzy/opt/gz_math_vendor/lib:/opt/ros/jazzy/opt/gz_utils_vendor/lib:/opt/ros/jazzy/opt/gz_cmake_vendor/lib:/opt/ros/jazzy/lib PYTHONPATH=/home/wen/chall/install/mav_msgs/lib/python3.12/site-packages:/home/wen/chall/install/mav_planning_msgs/lib/python3.12/site-packages:/home/wen/ws/install/mav_planning_msgs/lib/python3.12/site-packages:/home/wen/ws/install/mav_msgs/lib/python3.12/site-packages:/opt/ros/jazzy/lib/python3.12/site-packages /usr/bin/cmake /home/wen/chall/src/controller_pkg -DCMAKE_INSTALL_PREFIX=/home/wen/chall/install/controller_pkg
[0.055s] -- The C compiler identification is GNU 13.3.0
[0.095s] -- The CXX compiler identification is GNU 13.3.0
[0.107s] -- Detecting C compiler ABI info
[0.172s] -- Detecting C compiler ABI info - done
[0.177s] -- Check for working C compiler: /usr/bin/cc - skipped
[0.177s] -- Detecting C compile features
[0.177s] -- Detecting C compile features - done
[0.184s] -- Detecting CXX compiler ABI info
[0.262s] -- Detecting CXX compiler ABI info - done
[0.268s] -- Check for working CXX compiler: /usr/bin/c++ - skipped
[0.268s] -- Detecting CXX compile features
[0.268s] -- Detecting CXX compile features - done
[0.271s] -- Found ament_cmake: 2.5.5 (/opt/ros/jazzy/share/ament_cmake/cmake)
[0.377s] -- Found Python3: /usr/bin/python3 (found version "3.12.3") found components: Interpreter 
[0.448s] -- Found rclcpp: 28.1.16 (/opt/ros/jazzy/share/rclcpp/cmake)
[0.475s] -- Found rosidl_generator_c: 4.6.7 (/opt/ros/jazzy/share/rosidl_generator_c/cmake)
[0.486s] -- Found rosidl_generator_cpp: 4.6.7 (/opt/ros/jazzy/share/rosidl_generator_cpp/cmake)
[0.499s] -- Using all available rosidl_typesupport_c: rosidl_typesupport_fastrtps_c;rosidl_typesupport_introspection_c
[0.511s] -- Using all available rosidl_typesupport_cpp: rosidl_typesupport_fastrtps_cpp;rosidl_typesupport_introspection_cpp
[0.567s] -- Found rmw_implementation_cmake: 7.3.3 (/opt/ros/jazzy/share/rmw_implementation_cmake/cmake)
[0.569s] -- Found rmw_fastrtps_cpp: 8.4.3 (/opt/ros/jazzy/share/rmw_fastrtps_cpp/cmake)
[0.639s] -- Found OpenSSL: /usr/lib/x86_64-linux-gnu/libcrypto.so (found version "3.0.13")  
[0.652s] -- Found FastRTPS: /opt/ros/jazzy/include (Required is at least version "2.13") 
[0.668s] -- Using RMW implementation 'rmw_fastrtps_cpp' as default
[0.716s] -- Found std_msgs: 5.3.6 (/opt/ros/jazzy/share/std_msgs/cmake)
[0.724s] -- Found geometry_msgs: 5.3.6 (/opt/ros/jazzy/share/geometry_msgs/cmake)
[0.735s] -- Found tf2: 0.36.19 (/opt/ros/jazzy/share/tf2/cmake)
[0.738s] -- Found tf2_ros: 0.36.19 (/opt/ros/jazzy/share/tf2_ros/cmake)
[0.825s] -- Found tf2_eigen: 0.36.19 (/opt/ros/jazzy/share/tf2_eigen/cmake)
[0.832s] -- Found mav_msgs: 3.3.3 (/home/wen/chall/install/mav_msgs/share/mav_msgs/cmake)
[0.866s] -- Found trajectory_msgs: 5.3.6 (/opt/ros/jazzy/share/trajectory_msgs/cmake)
[0.882s] -- Found Eigen3: TRUE (found version "3.4.0") 
[0.943s] -- Configuring done (0.9s)
[0.954s] -- Generating done (0.0s)
[0.958s] -- Build files have been written to: /home/wen/chall/build/controller_pkg
[0.967s] Invoked command in '/home/wen/chall/build/controller_pkg' returned '0': CMAKE_PREFIX_PATH=/home/wen/chall/install/mav_msgs:/home/wen/chall/install/takeoff_pkg:/home/wen/chall/install/simulation:/home/wen/chall/install/mav_planning_msgs:/home/wen/chall/install/controller_pkg:/home/wen/chall/install/mapping_pkg:/home/wen/ws/install/trajectory_planner_pkg:/home/wen/ws/install/state_estimator_pkg:/home/wen/ws/install/simulation:/home/wen/ws/install/mission_planner_pkg:/home/wen/ws/install/mav_planning_msgs:/home/wen/ws/install/controller_pkg:/home/wen/ws/install/mav_msgs:/opt/ros/jazzy/opt/gz_math_vendor:/opt/ros/jazzy/opt/gz_utils_vendor:/opt/ros/jazzy/opt/gz_cmake_vendor:/opt/ros/jazzy DEBUGINFOD_URLS=https://debuginfod.ubuntu.com LD_LIBRARY_PATH=/home/wen/chall/install/mav_msgs/lib:/home/wen/chall/install/simulation/lib:/home/wen/chall/install/mav_planning_msgs/lib:/home/wen/chall/install/controller_pkg/lib:/home/wen/ws/install/simulation/lib:/home/wen/ws/install/mav_planning_msgs/lib:/home/wen/ws/install/controller_pkg/lib:/home/wen/ws/install/mav_msgs/lib:/opt/ros/jazzy/opt/rviz_ogre_vendor/lib:/opt/ros/jazzy/lib/x86_64-linux-gnu:/opt/ros/jazzy/opt/gz_math_vendor/lib:/opt/ros/jazzy/opt/gz_utils_vendor/lib:/opt/ros/jazzy/opt/gz_cmake_vendor/lib:/opt/ros/jazzy/lib PYTHONPATH=/home/wen/chall/install/mav_msgs/lib/python3.12/site-packages:/home/wen/chall/install/mav_planning_msgs/lib/python3.12/site-packages:/home/wen/ws/install/mav_planning_msgs/lib/python3.12/site-packages:/home/wen/ws/install/mav_msgs/lib/python3.12/site-packages:/opt/ros/jazzy/lib/python3.12/site-packages /usr/bin/cmake /home/wen/chall/src/controller_pkg -DCMAKE_INSTALL_PREFIX=/home/wen/chall/install/controller_pkg
[0.967s] Invoking command in '/home/wen/chall/build/controller_pkg': CMAKE_PREFIX_PATH=/home/wen/chall/install/mav_msgs:/home/wen/chall/install/takeoff_pkg:/home/wen/chall/install/simulation:/home/wen/chall/install/mav_planning_msgs:/home/wen/chall/install/controller_pkg:/home/wen/chall/install/mapping_pkg:/home/wen/ws/install/trajectory_planner_pkg:/home/wen/ws/install/state_estimator_pkg:/home/wen/ws/install/simulation:/home/wen/ws/install/mission_planner_pkg:/home/wen/ws/install/mav_planning_msgs:/home/wen/ws/install/controller_pkg:/home/wen/ws/install/mav_msgs:/opt/ros/jazzy/opt/gz_math_vendor:/opt/ros/jazzy/opt/gz_utils_vendor:/opt/ros/jazzy/opt/gz_cmake_vendor:/opt/ros/jazzy DEBUGINFOD_URLS=https://debuginfod.ubuntu.com LD_LIBRARY_PATH=/home/wen/chall/install/mav_msgs/lib:/home/wen/chall/install/simulation/lib:/home/wen/chall/install/mav_planning_msgs/lib:/home/wen/chall/install/controller_pkg/lib:/home/wen/ws/install/simulation/lib:/home/wen/ws/install/mav_planning_msgs/lib:/home/wen/ws/install/controller_pkg/lib:/home/wen/ws/install/mav_msgs/lib:/opt/ros/jazzy/opt/rviz_ogre_vendor/lib:/opt/ros/jazzy/lib/x86_64-linux-gnu:/opt/ros/jazzy/opt/gz_math_vendor/lib:/opt/ros/jazzy/opt/gz_utils_vendor/lib:/opt/ros/jazzy/opt/gz_cmake_vendor/lib:/opt/ros/jazzy/lib PYTHONPATH=/home/wen/chall/install/mav_msgs/lib/python3.12/site-packages:/home/wen/chall/install/mav_planning_msgs/lib/python3.12/site-packages:/home/wen/ws/install/mav_planning_msgs/lib/python3.12/site-packages:/home/wen/ws/install/mav_msgs/lib/python3.12/site-packages:/opt/ros/jazzy/lib/python3.12/site-packages /usr/bin/cmake --build /home/wen/chall/build/controller_pkg -- -j4 -l4
[1.005s] [ 50%] [32mBuilding CXX object CMakeFiles/controller_node.dir/src/controller_wrapper.cpp.o[0m
[3.573s] [100%] [32m[1mLinking CXX executable controller_node[0m
[3.789s] [100%] Built target controller_node
[3.811s] Invoked command in '/home/wen/chall/build/controller_pkg' returned '0': CMAKE_PREFIX_PATH=/home/wen/chall/install/mav_msgs:/home/wen/chall/install/takeoff_pkg:/home/wen/chall/install/simulation:/home/wen/chall/install/mav_planning_msgs:/home/wen/chall/install/controller_pkg:/home/wen/chall/install/mapping_pkg:/home/wen/ws/install/trajectory_planner_pkg:/home/wen/ws/install/state_estimator_pkg:/home/wen/ws/install/simulation:/home/wen/ws/install/mission_planner_pkg:/home/wen/ws/install/mav_planning_msgs:/home/wen/ws/install/controller_pkg:/home/wen/ws/install/mav_msgs:/opt/ros/jazzy/opt/gz_math_vendor:/opt/ros/jazzy/opt/gz_utils_vendor:/opt/ros/jazzy/opt/gz_cmake_vendor:/opt/ros/jazzy DEBUGINFOD_URLS=https://debuginfod.ubuntu.com LD_LIBRARY_PATH=/home/wen/chall/install/mav_msgs/lib:/home/wen/chall/install/simulation/lib:/home/wen/chall/install/mav_planning_msgs/lib:/home/wen/chall/install/controller_pkg/lib:/home/wen/ws/install/simulation/lib:/home/wen/ws/install/mav_planning_msgs/lib:/home/wen/ws/install/controller_pkg/lib:/home/wen/ws/install/mav_msgs/lib:/opt/ros/jazzy/opt/rviz_ogre_vendor/lib:/opt/ros/jazzy/lib/x86_64-linux-gnu:/opt/ros/jazzy/opt/gz_math_vendor/lib:/opt/ros/jazzy/opt/gz_utils_vendor/lib:/opt/ros/jazzy/opt/gz_cmake_vendor/lib:/opt/ros/jazzy/lib PYTHONPATH=/home/wen/chall/install/mav_msgs/lib/python3.12/site-packages:/home/wen/chall/install/mav_planning_msgs/lib/python3.12/site-packages:/home/wen/ws/install/mav_planning_msgs/lib/python3.12/site-packages:/home/wen/ws/install/mav_msgs/lib/python3.12/site-packages:/opt/ros/jazzy/lib/python3.12/site-packages /usr/bin/cmake --build /home/wen/chall/build/controller_pkg -- -j4 -l4
[3.812s] Invoking command in '/home/wen/chall/build/controller_pkg': CMAKE_PREFIX_PATH=/home/wen/chall/install/mav_msgs:/home/wen/chall/install/takeoff_pkg:/home/wen/chall/install/simulation:/home/wen/chall/install/mav_planning_msgs:/home/wen/chall/install/controller_pkg:/home/wen/chall/install/mapping_pkg:/home/wen/ws/install/trajectory_planner_pkg:/home/wen/ws/install/state_estimator_pkg:/home/wen/ws/install/simulation:/home/wen/ws/install/mission_planner_pkg:/home/wen/ws/install/mav_planning_msgs:/home/wen/ws/install/controller_pkg:/home/wen/ws/install/mav_msgs:/opt/ros/jazzy/opt/gz_math_vendor:/opt/ros/jazzy/opt/gz_utils_vendor:/opt/ros/jazzy/opt/gz_cmake_vendor:/opt/ros/jazzy DEBUGINFOD_URLS=https://debuginfod.ubuntu.com LD_LIBRARY_PATH=/home/wen/chall/install/mav_msgs/lib:/home/wen/chall/install/simulation/lib:/home/wen/chall/install/mav_planning_msgs/lib:/home/wen/chall/install/controller_pkg/lib:/home/wen/ws/install/simulation/lib:/home/wen/ws/install/mav_planning_msgs/lib:/home/wen/ws/install/controller_pkg/lib:/home/wen/ws/install/mav_msgs/lib:/opt/ros/jazzy/opt/rviz_ogre_vendor/lib:/opt/ros/jazzy/lib/x86_64-linux-gnu:/opt/ros/jazzy/opt/gz_math_vendor/lib:/opt/ros/jazzy/opt/gz_utils_vendor/lib:/opt/ros/jazzy/opt/gz_cmake_vendor/lib:/opt/ros/jazzy/lib PYTHONPATH=/home/wen/chall/install/mav_msgs/lib/python3.12/site-packages:/home/wen/chall/install/mav_planning_msgs/lib/python3.12/site-packages:/home/wen/ws/install/mav_planning_msgs/lib/python3.12/site-packages:/home/wen/ws/install/mav_msgs/lib/python3.12/site-packages:/opt/ros/jazzy/lib/python3.12/site-packages /usr/bin/cmake --install /home/wen/chall/build/controller_pkg
[3.824s] -- Install configuration: ""
[3.829s] -- Installing: /home/wen/chall/install/controller_pkg/lib/controller_pkg/controller_node
[3.829s] -- Set non-toolchain portion of runtime path of "/home/wen/chall/install/controller_pkg/lib/controller_pkg/controller_node" to ""
[3.829s] -- Installing: /home/wen/chall/install/controller_pkg/lib/libcontroller_lib.so
[3.836s] -- Installing: /home/wen/chall/install/controller_pkg/include/controller_pkg
[3.836s] -- Installing: /home/wen/chall/install/controller_pkg/include/controller_pkg/controller_pkg
[3.836s] -- Installing: /home/wen/chall/install/controller_pkg/include/controller_pkg/controller_pkg/controller_node.hpp
[3.836s] -- Installing: /home/wen/chall/install/controller_pkg/share/controller_pkg/launch
[3.837s] -- Installing: /home/wen/chall/install/controller_pkg/share/controller_pkg/launch/controller.launch.py
[3.837s] -- Installing: /home/wen/chall/install/controller_pkg/share/controller_pkg/config
[3.839s] -- Installing: /home/wen/chall/install/controller_pkg/share/controller_pkg/config/controller_params.yaml
[3.840s] -- Installing: /home/wen/chall/install/controller_pkg/share/ament_index/resource_index/package_run_dependencies/controller_pkg
[3.842s] -- Installing: /home/wen/chall/install/controller_pkg/share/ament_index/resource_index/parent_prefix_path/controller_pkg
[3.842s] -- Installing: /home/wen/chall/install/controller_pkg/share/controller_pkg/environment/ament_prefix_path.sh
[3.842s] -- Installing: /home/wen/chall/install/controller_pkg/share/controller_pkg/environment/ament_prefix_path.dsv
[3.842s] -- Installing: /home/wen/chall/install/controller_pkg/share/controller_pkg/environment/path.sh
[3.842s] -- Installing: /home/wen/chall/install/controller_pkg/share/controller_pkg/environment/path.dsv
[3.843s] -- Installing: /home/wen/chall/install/controller_pkg/share/controller_pkg/local_setup.bash
[3.843s] -- Installing: /home/wen/chall/install/controller_pkg/share/controller_pkg/local_setup.sh
[3.843s] -- Installing: /home/wen/chall/install/controller_pkg/share/controller_pkg/local_setup.zsh
[3.843s] -- Installing: /home/wen/chall/install/controller_pkg/share/controller_pkg/local_setup.dsv
[3.843s] -- Installing: /home/wen/chall/install/controller_pkg/share/controller_pkg/package.dsv
[3.843s] -- Installing: /home/wen/chall/install/controller_pkg/share/ament_index/resource_index/packages/controller_pkg
[3.843s] -- Installing: /home/wen/chall/install/controller_pkg/share/controller_pkg/cmake/ament_cmake_export_dependencies-extras.cmake
[3.843s] -- Installing: /home/wen/chall/install/controller_pkg/share/controller_pkg/cmake/controller_pkgConfig.cmake
[3.846s] -- Installing: /home/wen/chall/install/controller_pkg/share/controller_pkg/cmake/controller_pkgConfig-version.cmake
[3.846s] -- Installing: /home/wen/chall/install/controller_pkg/share/controller_pkg/package.xml
[3.851s] Invoked command in '/home/wen/chall/build/controller_pkg' returned '0': CMAKE_PREFIX_PATH=/home/wen/chall/install/mav_msgs:/home/wen/chall/install/takeoff_pkg:/home/wen/chall/install/simulation:/home/wen/chall/install/mav_planning_msgs:/home/wen/chall/install/controller_pkg:/home/wen/chall/install/mapping_pkg:/home/wen/ws/install/trajectory_planner_pkg:/home/wen/ws/install/state_estimator_pkg:/home/wen/ws/install/simulation:/home/wen/ws/install/mission_planner_pkg:/home/wen/ws/install/mav_planning_msgs:/home/wen/ws/install/controller_pkg:/home/wen/ws/install/mav_msgs:/opt/ros/jazzy/opt/gz_math_vendor:/opt/ros/jazzy/opt/gz_utils_vendor:/opt/ros/jazzy/opt/gz_cmake_vendor:/opt/ros/jazzy DEBUGINFOD_URLS=https://debuginfod.ubuntu.com LD_LIBRARY_PATH=/home/wen/chall/install/mav_msgs/lib:/home/wen/chall/install/simulation/lib:/home/wen/chall/install/mav_planning_msgs/lib:/home/wen/chall/install/controller_pkg/lib:/home/wen/ws/install/simulation/lib:/home/wen/ws/install/mav_planning_msgs/lib:/home/wen/ws/install/controller_pkg/lib:/home/wen/ws/install/mav_msgs/lib:/opt/ros/jazzy/opt/rviz_ogre_vendor/lib:/opt/ros/jazzy/lib/x86_64-linux-gnu:/opt/ros/jazzy/opt/gz_math_vendor/lib:/opt/ros/jazzy/opt/gz_utils_vendor/lib:/opt/ros/jazzy/opt/gz_cmake_vendor/lib:/opt/ros/jazzy/lib PYTHONPATH=/home/wen/chall/install/mav_msgs/lib/python3.12/site-packages:/home/wen/chall/install/mav_planning_msgs/lib/python3.12/site-packages:/home/wen/ws/install/mav_planning_msgs/lib/python3.12/site-packages:/home/wen/ws/install/mav_msgs/lib/python3.12/site-packages:/opt/ros/jazzy/lib/python3.12/site-packages /usr/bin/cmake --install /home/wen/chall/build/controller_pkg
