[0.026s] Invoking command in '/home/wen/chall/build/mapping_pkg': CMAKE_PREFIX_PATH=${CMAKE_PREFIX_PATH}:/opt/ros/jazzy DEBUGINFOD_URLS=https://debuginfod.ubuntu.com /usr/bin/cmake --build /home/wen/chall/build/mapping_pkg -- -j4 -l4
[0.128s] Invoked command in '/home/wen/chall/build/mapping_pkg' returned '0': CMAKE_PREFIX_PATH=${CMAKE_PREFIX_PATH}:/opt/ros/jazzy DEBUGINFOD_URLS=https://debuginfod.ubuntu.com /usr/bin/cmake --build /home/wen/chall/build/mapping_pkg -- -j4 -l4
[0.136s] Invoking command in '/home/wen/chall/build/mapping_pkg': CMAKE_PREFIX_PATH=${CMAKE_PREFIX_PATH}:/opt/ros/jazzy DEBUGINFOD_URLS=https://debuginfod.ubuntu.com /usr/bin/cmake --install /home/wen/chall/build/mapping_pkg
[0.142s] -- Install configuration: ""
[0.143s] -- Up-to-date: /home/wen/chall/install/mapping_pkg/share/mapping_pkg/launch
[0.143s] -- Up-to-date: /home/wen/chall/install/mapping_pkg/share/mapping_pkg/launch/__pycache__
[0.144s] -- Up-to-date: /home/wen/chall/install/mapping_pkg/share/mapping_pkg/launch/__pycache__/pointcloud.launch.cpython-312.pyc
[0.144s] -- Up-to-date: /home/wen/chall/install/mapping_pkg/share/mapping_pkg/launch/pointcloud.launch.py
[0.144s] -- Up-to-date: /home/wen/chall/install/mapping_pkg/share/mapping_pkg/launch/mapping.launch.py
[0.144s] -- Up-to-date: /home/wen/chall/install/mapping_pkg/share/mapping_pkg/launch/octomap.launch.py
[0.144s] -- Up-to-date: /home/wen/chall/install/mapping_pkg/share/mapping_pkg/config
[0.144s] -- Up-to-date: /home/wen/chall/install/mapping_pkg/share/mapping_pkg/config/voxel_params.yaml
[0.145s] -- Up-to-date: /home/wen/chall/install/mapping_pkg/share/mapping_pkg/config/octomap_params.yaml
[0.145s] -- Up-to-date: /home/wen/chall/install/mapping_pkg/share/ament_index/resource_index/package_run_dependencies/mapping_pkg
[0.145s] -- Up-to-date: /home/wen/chall/install/mapping_pkg/share/ament_index/resource_index/parent_prefix_path/mapping_pkg
[0.145s] -- Up-to-date: /home/wen/chall/install/mapping_pkg/share/mapping_pkg/environment/ament_prefix_path.sh
[0.145s] -- Up-to-date: /home/wen/chall/install/mapping_pkg/share/mapping_pkg/environment/ament_prefix_path.dsv
[0.145s] -- Up-to-date: /home/wen/chall/install/mapping_pkg/share/mapping_pkg/environment/path.sh
[0.145s] -- Up-to-date: /home/wen/chall/install/mapping_pkg/share/mapping_pkg/environment/path.dsv
[0.146s] -- Up-to-date: /home/wen/chall/install/mapping_pkg/share/mapping_pkg/local_setup.bash
[0.146s] -- Up-to-date: /home/wen/chall/install/mapping_pkg/share/mapping_pkg/local_setup.sh
[0.146s] -- Up-to-date: /home/wen/chall/install/mapping_pkg/share/mapping_pkg/local_setup.zsh
[0.146s] -- Up-to-date: /home/wen/chall/install/mapping_pkg/share/mapping_pkg/local_setup.dsv
[0.146s] -- Installing: /home/wen/chall/install/mapping_pkg/share/mapping_pkg/package.dsv
[0.146s] -- Up-to-date: /home/wen/chall/install/mapping_pkg/share/ament_index/resource_index/packages/mapping_pkg
[0.148s] -- Up-to-date: /home/wen/chall/install/mapping_pkg/share/mapping_pkg/cmake/mapping_pkgConfig.cmake
[0.148s] -- Up-to-date: /home/wen/chall/install/mapping_pkg/share/mapping_pkg/cmake/mapping_pkgConfig-version.cmake
[0.148s] -- Up-to-date: /home/wen/chall/install/mapping_pkg/share/mapping_pkg/package.xml
[0.151s] Invoked command in '/home/wen/chall/build/mapping_pkg' returned '0': CMAKE_PREFIX_PATH=${CMAKE_PREFIX_PATH}:/opt/ros/jazzy DEBUGINFOD_URLS=https://debuginfod.ubuntu.com /usr/bin/cmake --install /home/wen/chall/build/mapping_pkg
