[0.013s] Invoking command in '/home/wen/Desktop/as project/autonomoussystems2025/ros2_ws/build/mav_planning_msgs': AMENT_PREFIX_PATH=/home/wen/chall/install/mav_msgs:${AMENT_PREFIX_PATH} CMAKE_PREFIX_PATH=/home/wen/Desktop/as project/autonomoussystems2025/ros2_ws/install/mav_msgs:/home/wen/ws/install/trajectory_planner_pkg:/home/wen/ws/install/state_estimator_pkg:/home/wen/ws/install/simulation:/home/wen/ws/install/mission_planner_pkg:/home/wen/ws/install/mav_planning_msgs:/home/wen/ws/install/controller_pkg:/home/wen/ws/install/mav_msgs:/opt/ros/jazzy/opt/gz_math_vendor:/opt/ros/jazzy/opt/gz_utils_vendor:/opt/ros/jazzy/opt/gz_cmake_vendor:/opt/ros/jazzy DEBUGINFOD_URLS=https://debuginfod.ubuntu.com LD_LIBRARY_PATH=/home/wen/chall/install/mav_msgs/lib:/home/wen/Desktop/as project/autonomoussystems2025/ros2_ws/install/mav_msgs/lib:${LD_LIBRARY_PATH} PYTHONPATH=/home/wen/chall/install/mav_msgs/lib/python3.12/site-packages:/home/wen/Desktop/as project/autonomoussystems2025/ros2_ws/install/mav_msgs/lib/python3.12/site-packages:${PYTHONPATH} /usr/bin/cmake --build /home/wen/Desktop/as project/autonomoussystems2025/ros2_ws/build/mav_planning_msgs -- -j4 -l4
[0.019s] [0mCMake Error: The current CMakeCache.txt directory /home/wen/Desktop/as project/autonomoussystems2025/ros2_ws/build/mav_planning_msgs/CMakeCache.txt is different than the directory /home/wen/chall/build/mav_planning_msgs where CMakeCache.txt was created. This may result in binaries being created in the wrong place. If you are not sure, reedit the CMakeCache.txt[0m
[0.080s] [  1%] Built target mav_planning_msgs__rosidl_generator_type_description
[0.121s] [  1%] Built target mav_planning_msgs__cpp
[0.135s] [  1%] Built target ament_cmake_python_copy_mav_planning_msgs
[0.140s] [ 27%] Built target mav_planning_msgs__rosidl_generator_c
[0.205s] [ 36%] Built target mav_planning_msgs__rosidl_typesupport_cpp
[0.206s] [ 46%] Built target mav_planning_msgs__rosidl_typesupport_fastrtps_c
[0.212s] [ 56%] Built target mav_planning_msgs__rosidl_typesupport_introspection_c
[0.247s] [ 66%] Built target mav_planning_msgs__rosidl_typesupport_c
[0.258s] [ 76%] Built target mav_planning_msgs__rosidl_typesupport_fastrtps_cpp
[0.261s] [ 85%] Built target mav_planning_msgs__rosidl_typesupport_introspection_cpp
[0.293s] [ 85%] Built target mav_planning_msgs
[0.324s] [ 86%] Built target mav_planning_msgs__py
[0.361s] [ 95%] Built target mav_planning_msgs__rosidl_generator_py
[0.362s] running egg_info
[0.385s] writing mav_planning_msgs.egg-info/PKG-INFO
[0.386s] writing dependency_links to mav_planning_msgs.egg-info/dependency_links.txt
[0.386s] writing top-level names to mav_planning_msgs.egg-info/top_level.txt
[0.394s] [ 97%] Built target mav_planning_msgs_s__rosidl_typesupport_introspection_c
[0.395s] [ 99%] Built target mav_planning_msgs_s__rosidl_typesupport_c
[0.395s] [100%] Built target mav_planning_msgs_s__rosidl_typesupport_fastrtps_c
[0.431s] reading manifest file 'mav_planning_msgs.egg-info/SOURCES.txt'
[0.432s] writing manifest file 'mav_planning_msgs.egg-info/SOURCES.txt'
[0.454s] [100%] Built target ament_cmake_python_build_mav_planning_msgs_egg
[0.463s] Invoked command in '/home/wen/Desktop/as project/autonomoussystems2025/ros2_ws/build/mav_planning_msgs' returned '0': AMENT_PREFIX_PATH=/home/wen/chall/install/mav_msgs:${AMENT_PREFIX_PATH} CMAKE_PREFIX_PATH=/home/wen/Desktop/as project/autonomoussystems2025/ros2_ws/install/mav_msgs:/home/wen/ws/install/trajectory_planner_pkg:/home/wen/ws/install/state_estimator_pkg:/home/wen/ws/install/simulation:/home/wen/ws/install/mission_planner_pkg:/home/wen/ws/install/mav_planning_msgs:/home/wen/ws/install/controller_pkg:/home/wen/ws/install/mav_msgs:/opt/ros/jazzy/opt/gz_math_vendor:/opt/ros/jazzy/opt/gz_utils_vendor:/opt/ros/jazzy/opt/gz_cmake_vendor:/opt/ros/jazzy DEBUGINFOD_URLS=https://debuginfod.ubuntu.com LD_LIBRARY_PATH=/home/wen/chall/install/mav_msgs/lib:/home/wen/Desktop/as project/autonomoussystems2025/ros2_ws/install/mav_msgs/lib:${LD_LIBRARY_PATH} PYTHONPATH=/home/wen/chall/install/mav_msgs/lib/python3.12/site-packages:/home/wen/Desktop/as project/autonomoussystems2025/ros2_ws/install/mav_msgs/lib/python3.12/site-packages:${PYTHONPATH} /usr/bin/cmake --build /home/wen/Desktop/as project/autonomoussystems2025/ros2_ws/build/mav_planning_msgs -- -j4 -l4
[0.465s] Invoking command in '/home/wen/Desktop/as project/autonomoussystems2025/ros2_ws/build/mav_planning_msgs': AMENT_PREFIX_PATH=/home/wen/chall/install/mav_msgs:${AMENT_PREFIX_PATH} CMAKE_PREFIX_PATH=/home/wen/Desktop/as project/autonomoussystems2025/ros2_ws/install/mav_msgs:/home/wen/ws/install/trajectory_planner_pkg:/home/wen/ws/install/state_estimator_pkg:/home/wen/ws/install/simulation:/home/wen/ws/install/mission_planner_pkg:/home/wen/ws/install/mav_planning_msgs:/home/wen/ws/install/controller_pkg:/home/wen/ws/install/mav_msgs:/opt/ros/jazzy/opt/gz_math_vendor:/opt/ros/jazzy/opt/gz_utils_vendor:/opt/ros/jazzy/opt/gz_cmake_vendor:/opt/ros/jazzy DEBUGINFOD_URLS=https://debuginfod.ubuntu.com LD_LIBRARY_PATH=/home/wen/chall/install/mav_msgs/lib:/home/wen/Desktop/as project/autonomoussystems2025/ros2_ws/install/mav_msgs/lib:${LD_LIBRARY_PATH} PYTHONPATH=/home/wen/chall/install/mav_msgs/lib/python3.12/site-packages:/home/wen/Desktop/as project/autonomoussystems2025/ros2_ws/install/mav_msgs/lib/python3.12/site-packages:${PYTHONPATH} /usr/bin/cmake --install /home/wen/Desktop/as project/autonomoussystems2025/ros2_ws/build/mav_planning_msgs
[0.473s] -- Install configuration: ""
[0.473s] -- Up-to-date: /home/wen/chall/install/mav_planning_msgs/share/ament_index/resource_index/rosidl_interfaces/mav_planning_msgs
[0.473s] -- Up-to-date: /home/wen/chall/install/mav_planning_msgs/share/mav_planning_msgs/msg/Point2D.json
[0.473s] -- Up-to-date: /home/wen/chall/install/mav_planning_msgs/share/mav_planning_msgs/msg/PointCloudWithPose.json
[0.473s] -- Up-to-date: /home/wen/chall/install/mav_planning_msgs/share/mav_planning_msgs/msg/Polygon2D.json
[0.473s] -- Up-to-date: /home/wen/chall/install/mav_planning_msgs/share/mav_planning_msgs/msg/PolygonWithHoles.json
[0.473s] -- Up-to-date: /home/wen/chall/install/mav_planning_msgs/share/mav_planning_msgs/msg/PolygonWithHolesStamped.json
[0.473s] -- Up-to-date: /home/wen/chall/install/mav_planning_msgs/share/mav_planning_msgs/msg/PolynomialSegment.json
[0.473s] -- Up-to-date: /home/wen/chall/install/mav_planning_msgs/share/mav_planning_msgs/msg/PolynomialSegment4D.json
[0.473s] -- Up-to-date: /home/wen/chall/install/mav_planning_msgs/share/mav_planning_msgs/msg/PolynomialTrajectory.json
[0.473s] -- Up-to-date: /home/wen/chall/install/mav_planning_msgs/share/mav_planning_msgs/msg/PolynomialTrajectory4D.json
[0.473s] -- Up-to-date: /home/wen/chall/install/mav_planning_msgs/share/mav_planning_msgs/srv/PlannerService.json
[0.473s] -- Up-to-date: /home/wen/chall/install/mav_planning_msgs/share/mav_planning_msgs/srv/PolygonService.json
[0.474s] -- Up-to-date: /home/wen/chall/install/mav_planning_msgs/share/mav_planning_msgs/srv/ChangeNameService.json
[0.474s] -- Up-to-date: /home/wen/chall/install/mav_planning_msgs/include/mav_planning_msgs/mav_planning_msgs
[0.474s] -- Up-to-date: /home/wen/chall/install/mav_planning_msgs/include/mav_planning_msgs/mav_planning_msgs/msg
[0.474s] -- Up-to-date: /home/wen/chall/install/mav_planning_msgs/include/mav_planning_msgs/mav_planning_msgs/msg/point2_d.h
[0.474s] -- Up-to-date: /home/wen/chall/install/mav_planning_msgs/include/mav_planning_msgs/mav_planning_msgs/msg/polygon2_d.h
[0.474s] -- Up-to-date: /home/wen/chall/install/mav_planning_msgs/include/mav_planning_msgs/mav_planning_msgs/msg/detail
[0.474s] -- Up-to-date: /home/wen/chall/install/mav_planning_msgs/include/mav_planning_msgs/mav_planning_msgs/msg/detail/point2_d__description.c
[0.474s] -- Up-to-date: /home/wen/chall/install/mav_planning_msgs/include/mav_planning_msgs/mav_planning_msgs/msg/detail/point_cloud_with_pose__functions.h
[0.474s] -- Up-to-date: /home/wen/chall/install/mav_planning_msgs/include/mav_planning_msgs/mav_planning_msgs/msg/detail/polynomial_trajectory4_d__struct.h
[0.474s] -- Up-to-date: /home/wen/chall/install/mav_planning_msgs/include/mav_planning_msgs/mav_planning_msgs/msg/detail/polynomial_trajectory__struct.h
[0.474s] -- Up-to-date: /home/wen/chall/install/mav_planning_msgs/include/mav_planning_msgs/mav_planning_msgs/msg/detail/polynomial_segment4_d__functions.c
[0.474s] -- Installing: /home/wen/chall/install/mav_planning_msgs/include/mav_planning_msgs/mav_planning_msgs/msg/detail/polynomial_trajectory__type_support.c
[0.475s] -- Up-to-date: /home/wen/chall/install/mav_planning_msgs/include/mav_planning_msgs/mav_planning_msgs/msg/detail/point2_d__functions.c
[0.475s] -- Up-to-date: /home/wen/chall/install/mav_planning_msgs/include/mav_planning_msgs/mav_planning_msgs/msg/detail/point_cloud_with_pose__description.c
[0.475s] -- Up-to-date: /home/wen/chall/install/mav_planning_msgs/include/mav_planning_msgs/mav_planning_msgs/msg/detail/polygon2_d__type_support.h
[0.475s] -- Up-to-date: /home/wen/chall/install/mav_planning_msgs/include/mav_planning_msgs/mav_planning_msgs/msg/detail/point2_d__type_support.h
[0.475s] -- Up-to-date: /home/wen/chall/install/mav_planning_msgs/include/mav_planning_msgs/mav_planning_msgs/msg/detail/polynomial_segment4_d__functions.h
[0.475s] -- Installing: /home/wen/chall/install/mav_planning_msgs/include/mav_planning_msgs/mav_planning_msgs/msg/detail/polygon2_d__type_support.c
[0.475s] -- Up-to-date: /home/wen/chall/install/mav_planning_msgs/include/mav_planning_msgs/mav_planning_msgs/msg/detail/polygon_with_holes_stamped__type_support.h
[0.475s] -- Installing: /home/wen/chall/install/mav_planning_msgs/include/mav_planning_msgs/mav_planning_msgs/msg/detail/polynomial_segment__type_support.c
[0.475s] -- Up-to-date: /home/wen/chall/install/mav_planning_msgs/include/mav_planning_msgs/mav_planning_msgs/msg/detail/polygon_with_holes__functions.c
[0.475s] -- Up-to-date: /home/wen/chall/install/mav_planning_msgs/include/mav_planning_msgs/mav_planning_msgs/msg/detail/polygon_with_holes_stamped__functions.c
[0.475s] -- Up-to-date: /home/wen/chall/install/mav_planning_msgs/include/mav_planning_msgs/mav_planning_msgs/msg/detail/polygon_with_holes__type_support.h
[0.476s] -- Up-to-date: /home/wen/chall/install/mav_planning_msgs/include/mav_planning_msgs/mav_planning_msgs/msg/detail/polynomial_trajectory__type_support.h
[0.476s] -- Up-to-date: /home/wen/chall/install/mav_planning_msgs/include/mav_planning_msgs/mav_planning_msgs/msg/detail/polygon_with_holes__functions.h
[0.476s] -- Up-to-date: /home/wen/chall/install/mav_planning_msgs/include/mav_planning_msgs/mav_planning_msgs/msg/detail/polygon_with_holes_stamped__description.c
[0.476s] -- Up-to-date: /home/wen/chall/install/mav_planning_msgs/include/mav_planning_msgs/mav_planning_msgs/msg/detail/point_cloud_with_pose__functions.c
[0.476s] -- Up-to-date: /home/wen/chall/install/mav_planning_msgs/include/mav_planning_msgs/mav_planning_msgs/msg/detail/polynomial_trajectory4_d__description.c
[0.476s] -- Up-to-date: /home/wen/chall/install/mav_planning_msgs/include/mav_planning_msgs/mav_planning_msgs/msg/detail/polygon_with_holes_stamped__struct.h
[0.476s] -- Installing: /home/wen/chall/install/mav_planning_msgs/include/mav_planning_msgs/mav_planning_msgs/msg/detail/point2_d__type_support.c
[0.476s] -- Installing: /home/wen/chall/install/mav_planning_msgs/include/mav_planning_msgs/mav_planning_msgs/msg/detail/point_cloud_with_pose__type_support.c
[0.476s] -- Up-to-date: /home/wen/chall/install/mav_planning_msgs/include/mav_planning_msgs/mav_planning_msgs/msg/detail/polygon2_d__description.c
[0.477s] -- Up-to-date: /home/wen/chall/install/mav_planning_msgs/include/mav_planning_msgs/mav_planning_msgs/msg/detail/polynomial_segment4_d__struct.h
[0.477s] -- Up-to-date: /home/wen/chall/install/mav_planning_msgs/include/mav_planning_msgs/mav_planning_msgs/msg/detail/polynomial_trajectory4_d__functions.c
[0.477s] -- Installing: /home/wen/chall/install/mav_planning_msgs/include/mav_planning_msgs/mav_planning_msgs/msg/detail/polynomial_segment4_d__type_support.c
[0.477s] -- Up-to-date: /home/wen/chall/install/mav_planning_msgs/include/mav_planning_msgs/mav_planning_msgs/msg/detail/polynomial_segment__type_support.h
[0.477s] -- Installing: /home/wen/chall/install/mav_planning_msgs/include/mav_planning_msgs/mav_planning_msgs/msg/detail/polygon_with_holes_stamped__type_support.c
[0.477s] -- Up-to-date: /home/wen/chall/install/mav_planning_msgs/include/mav_planning_msgs/mav_planning_msgs/msg/detail/polynomial_trajectory4_d__type_support.h
[0.478s] -- Up-to-date: /home/wen/chall/install/mav_planning_msgs/include/mav_planning_msgs/mav_planning_msgs/msg/detail/polygon_with_holes_stamped__functions.h
[0.478s] -- Up-to-date: /home/wen/chall/install/mav_planning_msgs/include/mav_planning_msgs/mav_planning_msgs/msg/detail/polynomial_segment__functions.h
[0.478s] -- Installing: /home/wen/chall/install/mav_planning_msgs/include/mav_planning_msgs/mav_planning_msgs/msg/detail/polynomial_trajectory4_d__type_support.c
[0.478s] -- Up-to-date: /home/wen/chall/install/mav_planning_msgs/include/mav_planning_msgs/mav_planning_msgs/msg/detail/polynomial_segment4_d__description.c
[0.478s] -- Up-to-date: /home/wen/chall/install/mav_planning_msgs/include/mav_planning_msgs/mav_planning_msgs/msg/detail/polygon_with_holes__struct.h
[0.478s] -- Installing: /home/wen/chall/install/mav_planning_msgs/include/mav_planning_msgs/mav_planning_msgs/msg/detail/polygon_with_holes__type_support.c
[0.478s] -- Up-to-date: /home/wen/chall/install/mav_planning_msgs/include/mav_planning_msgs/mav_planning_msgs/msg/detail/point2_d__functions.h
[0.478s] -- Up-to-date: /home/wen/chall/install/mav_planning_msgs/include/mav_planning_msgs/mav_planning_msgs/msg/detail/polynomial_segment__functions.c
[0.478s] -- Up-to-date: /home/wen/chall/install/mav_planning_msgs/include/mav_planning_msgs/mav_planning_msgs/msg/detail/polynomial_trajectory__functions.c
[0.478s] -- Up-to-date: /home/wen/chall/install/mav_planning_msgs/include/mav_planning_msgs/mav_planning_msgs/msg/detail/polynomial_trajectory4_d__functions.h
[0.478s] -- Up-to-date: /home/wen/chall/install/mav_planning_msgs/include/mav_planning_msgs/mav_planning_msgs/msg/detail/polynomial_segment__description.c
[0.479s] -- Up-to-date: /home/wen/chall/install/mav_planning_msgs/include/mav_planning_msgs/mav_planning_msgs/msg/detail/polynomial_segment__struct.h
[0.479s] -- Up-to-date: /home/wen/chall/install/mav_planning_msgs/include/mav_planning_msgs/mav_planning_msgs/msg/detail/polygon_with_holes__description.c
[0.479s] -- Up-to-date: /home/wen/chall/install/mav_planning_msgs/include/mav_planning_msgs/mav_planning_msgs/msg/detail/polygon2_d__struct.h
[0.479s] -- Up-to-date: /home/wen/chall/install/mav_planning_msgs/include/mav_planning_msgs/mav_planning_msgs/msg/detail/point_cloud_with_pose__struct.h
[0.479s] -- Up-to-date: /home/wen/chall/install/mav_planning_msgs/include/mav_planning_msgs/mav_planning_msgs/msg/detail/polynomial_trajectory__functions.h
[0.479s] -- Up-to-date: /home/wen/chall/install/mav_planning_msgs/include/mav_planning_msgs/mav_planning_msgs/msg/detail/point_cloud_with_pose__type_support.h
[0.479s] -- Up-to-date: /home/wen/chall/install/mav_planning_msgs/include/mav_planning_msgs/mav_planning_msgs/msg/detail/polygon2_d__functions.h
[0.479s] -- Up-to-date: /home/wen/chall/install/mav_planning_msgs/include/mav_planning_msgs/mav_planning_msgs/msg/detail/polynomial_segment4_d__type_support.h
[0.479s] -- Up-to-date: /home/wen/chall/install/mav_planning_msgs/include/mav_planning_msgs/mav_planning_msgs/msg/detail/polynomial_trajectory__description.c
[0.479s] -- Up-to-date: /home/wen/chall/install/mav_planning_msgs/include/mav_planning_msgs/mav_planning_msgs/msg/detail/point2_d__struct.h
[0.479s] -- Up-to-date: /home/wen/chall/install/mav_planning_msgs/include/mav_planning_msgs/mav_planning_msgs/msg/detail/polygon2_d__functions.c
[0.479s] -- Up-to-date: /home/wen/chall/install/mav_planning_msgs/include/mav_planning_msgs/mav_planning_msgs/msg/polygon_with_holes.h
[0.479s] -- Up-to-date: /home/wen/chall/install/mav_planning_msgs/include/mav_planning_msgs/mav_planning_msgs/msg/rosidl_generator_c__visibility_control.h
[0.479s] -- Up-to-date: /home/wen/chall/install/mav_planning_msgs/include/mav_planning_msgs/mav_planning_msgs/msg/polynomial_trajectory.h
[0.480s] -- Up-to-date: /home/wen/chall/install/mav_planning_msgs/include/mav_planning_msgs/mav_planning_msgs/msg/polygon_with_holes_stamped.h
[0.480s] -- Up-to-date: /home/wen/chall/install/mav_planning_msgs/include/mav_planning_msgs/mav_planning_msgs/msg/polynomial_trajectory4_d.h
[0.480s] -- Up-to-date: /home/wen/chall/install/mav_planning_msgs/include/mav_planning_msgs/mav_planning_msgs/msg/point_cloud_with_pose.h
[0.480s] -- Up-to-date: /home/wen/chall/install/mav_planning_msgs/include/mav_planning_msgs/mav_planning_msgs/msg/polynomial_segment4_d.h
[0.480s] -- Up-to-date: /home/wen/chall/install/mav_planning_msgs/include/mav_planning_msgs/mav_planning_msgs/msg/polynomial_segment.h
[0.480s] -- Up-to-date: /home/wen/chall/install/mav_planning_msgs/include/mav_planning_msgs/mav_planning_msgs/srv
[0.480s] -- Up-to-date: /home/wen/chall/install/mav_planning_msgs/include/mav_planning_msgs/mav_planning_msgs/srv/detail
[0.480s] -- Up-to-date: /home/wen/chall/install/mav_planning_msgs/include/mav_planning_msgs/mav_planning_msgs/srv/detail/planner_service__struct.h
[0.480s] -- Up-to-date: /home/wen/chall/install/mav_planning_msgs/include/mav_planning_msgs/mav_planning_msgs/srv/detail/polygon_service__description.c
[0.480s] -- Up-to-date: /home/wen/chall/install/mav_planning_msgs/include/mav_planning_msgs/mav_planning_msgs/srv/detail/planner_service__functions.c
[0.480s] -- Up-to-date: /home/wen/chall/install/mav_planning_msgs/include/mav_planning_msgs/mav_planning_msgs/srv/detail/change_name_service__functions.c
[0.480s] -- Up-to-date: /home/wen/chall/install/mav_planning_msgs/include/mav_planning_msgs/mav_planning_msgs/srv/detail/change_name_service__functions.h
[0.480s] -- Up-to-date: /home/wen/chall/install/mav_planning_msgs/include/mav_planning_msgs/mav_planning_msgs/srv/detail/polygon_service__type_support.h
[0.480s] -- Up-to-date: /home/wen/chall/install/mav_planning_msgs/include/mav_planning_msgs/mav_planning_msgs/srv/detail/change_name_service__description.c
[0.480s] -- Up-to-date: /home/wen/chall/install/mav_planning_msgs/include/mav_planning_msgs/mav_planning_msgs/srv/detail/polygon_service__functions.c
[0.480s] -- Installing: /home/wen/chall/install/mav_planning_msgs/include/mav_planning_msgs/mav_planning_msgs/srv/detail/polygon_service__type_support.c
[0.481s] -- Up-to-date: /home/wen/chall/install/mav_planning_msgs/include/mav_planning_msgs/mav_planning_msgs/srv/detail/planner_service__description.c
[0.481s] -- Up-to-date: /home/wen/chall/install/mav_planning_msgs/include/mav_planning_msgs/mav_planning_msgs/srv/detail/planner_service__functions.h
[0.481s] -- Up-to-date: /home/wen/chall/install/mav_planning_msgs/include/mav_planning_msgs/mav_planning_msgs/srv/detail/polygon_service__functions.h
[0.481s] -- Up-to-date: /home/wen/chall/install/mav_planning_msgs/include/mav_planning_msgs/mav_planning_msgs/srv/detail/change_name_service__struct.h
[0.481s] -- Up-to-date: /home/wen/chall/install/mav_planning_msgs/include/mav_planning_msgs/mav_planning_msgs/srv/detail/polygon_service__struct.h
[0.481s] -- Installing: /home/wen/chall/install/mav_planning_msgs/include/mav_planning_msgs/mav_planning_msgs/srv/detail/change_name_service__type_support.c
[0.481s] -- Installing: /home/wen/chall/install/mav_planning_msgs/include/mav_planning_msgs/mav_planning_msgs/srv/detail/planner_service__type_support.c
[0.481s] -- Up-to-date: /home/wen/chall/install/mav_planning_msgs/include/mav_planning_msgs/mav_planning_msgs/srv/detail/change_name_service__type_support.h
[0.481s] -- Up-to-date: /home/wen/chall/install/mav_planning_msgs/include/mav_planning_msgs/mav_planning_msgs/srv/detail/planner_service__type_support.h
[0.481s] -- Up-to-date: /home/wen/chall/install/mav_planning_msgs/include/mav_planning_msgs/mav_planning_msgs/srv/planner_service.h
[0.481s] -- Up-to-date: /home/wen/chall/install/mav_planning_msgs/include/mav_planning_msgs/mav_planning_msgs/srv/change_name_service.h
[0.481s] -- Up-to-date: /home/wen/chall/install/mav_planning_msgs/include/mav_planning_msgs/mav_planning_msgs/srv/polygon_service.h
[0.481s] -- Up-to-date: /home/wen/chall/install/mav_planning_msgs/share/mav_planning_msgs/environment/library_path.sh
[0.482s] -- Up-to-date: /home/wen/chall/install/mav_planning_msgs/share/mav_planning_msgs/environment/library_path.dsv
[0.482s] -- Up-to-date: /home/wen/chall/install/mav_planning_msgs/lib/libmav_planning_msgs__rosidl_generator_c.so
[0.482s] -- Up-to-date: /home/wen/chall/install/mav_planning_msgs/include/mav_planning_msgs/mav_planning_msgs
[0.483s] -- Up-to-date: /home/wen/chall/install/mav_planning_msgs/include/mav_planning_msgs/mav_planning_msgs/msg
[0.483s] -- Up-to-date: /home/wen/chall/install/mav_planning_msgs/include/mav_planning_msgs/mav_planning_msgs/msg/detail
[0.483s] -- Up-to-date: /home/wen/chall/install/mav_planning_msgs/include/mav_planning_msgs/mav_planning_msgs/msg/detail/polygon_with_holes__rosidl_typesupport_fastrtps_c.h
[0.483s] -- Up-to-date: /home/wen/chall/install/mav_planning_msgs/include/mav_planning_msgs/mav_planning_msgs/msg/detail/polynomial_trajectory__rosidl_typesupport_fastrtps_c.h
[0.484s] -- Up-to-date: /home/wen/chall/install/mav_planning_msgs/include/mav_planning_msgs/mav_planning_msgs/msg/detail/polynomial_trajectory4_d__rosidl_typesupport_fastrtps_c.h
[0.484s] -- Up-to-date: /home/wen/chall/install/mav_planning_msgs/include/mav_planning_msgs/mav_planning_msgs/msg/detail/polynomial_segment4_d__rosidl_typesupport_fastrtps_c.h
[0.484s] -- Up-to-date: /home/wen/chall/install/mav_planning_msgs/include/mav_planning_msgs/mav_planning_msgs/msg/detail/polygon2_d__rosidl_typesupport_fastrtps_c.h
[0.484s] -- Up-to-date: /home/wen/chall/install/mav_planning_msgs/include/mav_planning_msgs/mav_planning_msgs/msg/detail/polynomial_segment__rosidl_typesupport_fastrtps_c.h
[0.484s] -- Up-to-date: /home/wen/chall/install/mav_planning_msgs/include/mav_planning_msgs/mav_planning_msgs/msg/detail/polygon_with_holes_stamped__rosidl_typesupport_fastrtps_c.h
[0.484s] -- Up-to-date: /home/wen/chall/install/mav_planning_msgs/include/mav_planning_msgs/mav_planning_msgs/msg/detail/point_cloud_with_pose__rosidl_typesupport_fastrtps_c.h
[0.484s] -- Up-to-date: /home/wen/chall/install/mav_planning_msgs/include/mav_planning_msgs/mav_planning_msgs/msg/detail/point2_d__rosidl_typesupport_fastrtps_c.h
[0.484s] -- Up-to-date: /home/wen/chall/install/mav_planning_msgs/include/mav_planning_msgs/mav_planning_msgs/msg/rosidl_typesupport_fastrtps_c__visibility_control.h
[0.484s] -- Up-to-date: /home/wen/chall/install/mav_planning_msgs/include/mav_planning_msgs/mav_planning_msgs/srv
[0.484s] -- Up-to-date: /home/wen/chall/install/mav_planning_msgs/include/mav_planning_msgs/mav_planning_msgs/srv/detail
[0.484s] -- Up-to-date: /home/wen/chall/install/mav_planning_msgs/include/mav_planning_msgs/mav_planning_msgs/srv/detail/planner_service__rosidl_typesupport_fastrtps_c.h
[0.484s] -- Up-to-date: /home/wen/chall/install/mav_planning_msgs/include/mav_planning_msgs/mav_planning_msgs/srv/detail/change_name_service__rosidl_typesupport_fastrtps_c.h
[0.484s] -- Up-to-date: /home/wen/chall/install/mav_planning_msgs/include/mav_planning_msgs/mav_planning_msgs/srv/detail/polygon_service__rosidl_typesupport_fastrtps_c.h
[0.486s] -- Up-to-date: /home/wen/chall/install/mav_planning_msgs/lib/libmav_planning_msgs__rosidl_typesupport_fastrtps_c.so
[0.486s] -- Up-to-date: /home/wen/chall/install/mav_planning_msgs/include/mav_planning_msgs/mav_planning_msgs
[0.486s] -- Up-to-date: /home/wen/chall/install/mav_planning_msgs/include/mav_planning_msgs/mav_planning_msgs/msg
[0.486s] -- Up-to-date: /home/wen/chall/install/mav_planning_msgs/include/mav_planning_msgs/mav_planning_msgs/msg/detail
[0.487s] -- Installing: /home/wen/chall/install/mav_planning_msgs/include/mav_planning_msgs/mav_planning_msgs/msg/detail/polynomial_trajectory__type_support.c
[0.487s] -- Up-to-date: /home/wen/chall/install/mav_planning_msgs/include/mav_planning_msgs/mav_planning_msgs/msg/detail/polynomial_trajectory__rosidl_typesupport_introspection_c.h
[0.487s] -- Up-to-date: /home/wen/chall/install/mav_planning_msgs/include/mav_planning_msgs/mav_planning_msgs/msg/detail/polynomial_segment4_d__rosidl_typesupport_introspection_c.h
[0.487s] -- Installing: /home/wen/chall/install/mav_planning_msgs/include/mav_planning_msgs/mav_planning_msgs/msg/detail/polygon2_d__type_support.c
[0.487s] -- Installing: /home/wen/chall/install/mav_planning_msgs/include/mav_planning_msgs/mav_planning_msgs/msg/detail/polynomial_segment__type_support.c
[0.488s] -- Installing: /home/wen/chall/install/mav_planning_msgs/include/mav_planning_msgs/mav_planning_msgs/msg/detail/point2_d__type_support.c
[0.488s] -- Installing: /home/wen/chall/install/mav_planning_msgs/include/mav_planning_msgs/mav_planning_msgs/msg/detail/point_cloud_with_pose__type_support.c
[0.488s] -- Installing: /home/wen/chall/install/mav_planning_msgs/include/mav_planning_msgs/mav_planning_msgs/msg/detail/polynomial_segment4_d__type_support.c
[0.488s] -- Installing: /home/wen/chall/install/mav_planning_msgs/include/mav_planning_msgs/mav_planning_msgs/msg/detail/polygon_with_holes_stamped__type_support.c
[0.488s] -- Up-to-date: /home/wen/chall/install/mav_planning_msgs/include/mav_planning_msgs/mav_planning_msgs/msg/detail/point2_d__rosidl_typesupport_introspection_c.h
[0.489s] -- Installing: /home/wen/chall/install/mav_planning_msgs/include/mav_planning_msgs/mav_planning_msgs/msg/detail/polynomial_trajectory4_d__type_support.c
[0.489s] -- Up-to-date: /home/wen/chall/install/mav_planning_msgs/include/mav_planning_msgs/mav_planning_msgs/msg/detail/polygon_with_holes_stamped__rosidl_typesupport_introspection_c.h
[0.489s] -- Installing: /home/wen/chall/install/mav_planning_msgs/include/mav_planning_msgs/mav_planning_msgs/msg/detail/polygon_with_holes__type_support.c
[0.489s] -- Up-to-date: /home/wen/chall/install/mav_planning_msgs/include/mav_planning_msgs/mav_planning_msgs/msg/detail/point_cloud_with_pose__rosidl_typesupport_introspection_c.h
[0.489s] -- Up-to-date: /home/wen/chall/install/mav_planning_msgs/include/mav_planning_msgs/mav_planning_msgs/msg/detail/polygon_with_holes__rosidl_typesupport_introspection_c.h
[0.489s] -- Up-to-date: /home/wen/chall/install/mav_planning_msgs/include/mav_planning_msgs/mav_planning_msgs/msg/detail/polynomial_trajectory4_d__rosidl_typesupport_introspection_c.h
[0.489s] -- Up-to-date: /home/wen/chall/install/mav_planning_msgs/include/mav_planning_msgs/mav_planning_msgs/msg/detail/polynomial_segment__rosidl_typesupport_introspection_c.h
[0.489s] -- Up-to-date: /home/wen/chall/install/mav_planning_msgs/include/mav_planning_msgs/mav_planning_msgs/msg/detail/polygon2_d__rosidl_typesupport_introspection_c.h
[0.489s] -- Up-to-date: /home/wen/chall/install/mav_planning_msgs/include/mav_planning_msgs/mav_planning_msgs/msg/rosidl_typesupport_introspection_c__visibility_control.h
[0.489s] -- Up-to-date: /home/wen/chall/install/mav_planning_msgs/include/mav_planning_msgs/mav_planning_msgs/srv
[0.489s] -- Up-to-date: /home/wen/chall/install/mav_planning_msgs/include/mav_planning_msgs/mav_planning_msgs/srv/detail
[0.490s] -- Up-to-date: /home/wen/chall/install/mav_planning_msgs/include/mav_planning_msgs/mav_planning_msgs/srv/detail/change_name_service__rosidl_typesupport_introspection_c.h
[0.490s] -- Installing: /home/wen/chall/install/mav_planning_msgs/include/mav_planning_msgs/mav_planning_msgs/srv/detail/polygon_service__type_support.c
[0.490s] -- Up-to-date: /home/wen/chall/install/mav_planning_msgs/include/mav_planning_msgs/mav_planning_msgs/srv/detail/polygon_service__rosidl_typesupport_introspection_c.h
[0.490s] -- Up-to-date: /home/wen/chall/install/mav_planning_msgs/include/mav_planning_msgs/mav_planning_msgs/srv/detail/planner_service__rosidl_typesupport_introspection_c.h
[0.490s] -- Installing: /home/wen/chall/install/mav_planning_msgs/include/mav_planning_msgs/mav_planning_msgs/srv/detail/change_name_service__type_support.c
[0.490s] -- Installing: /home/wen/chall/install/mav_planning_msgs/include/mav_planning_msgs/mav_planning_msgs/srv/detail/planner_service__type_support.c
[0.491s] -- Up-to-date: /home/wen/chall/install/mav_planning_msgs/lib/libmav_planning_msgs__rosidl_typesupport_introspection_c.so
[0.492s] -- Up-to-date: /home/wen/chall/install/mav_planning_msgs/lib/libmav_planning_msgs__rosidl_typesupport_c.so
[0.492s] -- Up-to-date: /home/wen/chall/install/mav_planning_msgs/include/mav_planning_msgs/mav_planning_msgs
[0.493s] -- Up-to-date: /home/wen/chall/install/mav_planning_msgs/include/mav_planning_msgs/mav_planning_msgs/msg
[0.493s] -- Up-to-date: /home/wen/chall/install/mav_planning_msgs/include/mav_planning_msgs/mav_planning_msgs/msg/polygon2_d.hpp
[0.493s] -- Up-to-date: /home/wen/chall/install/mav_planning_msgs/include/mav_planning_msgs/mav_planning_msgs/msg/polygon_with_holes_stamped.hpp
[0.493s] -- Up-to-date: /home/wen/chall/install/mav_planning_msgs/include/mav_planning_msgs/mav_planning_msgs/msg/detail
[0.493s] -- Up-to-date: /home/wen/chall/install/mav_planning_msgs/include/mav_planning_msgs/mav_planning_msgs/msg/detail/point2_d__type_support.hpp
[0.493s] -- Up-to-date: /home/wen/chall/install/mav_planning_msgs/include/mav_planning_msgs/mav_planning_msgs/msg/detail/polynomial_trajectory4_d__builder.hpp
[0.493s] -- Up-to-date: /home/wen/chall/install/mav_planning_msgs/include/mav_planning_msgs/mav_planning_msgs/msg/detail/polygon2_d__builder.hpp
[0.493s] -- Up-to-date: /home/wen/chall/install/mav_planning_msgs/include/mav_planning_msgs/mav_planning_msgs/msg/detail/polygon_with_holes__type_support.hpp
[0.493s] -- Up-to-date: /home/wen/chall/install/mav_planning_msgs/include/mav_planning_msgs/mav_planning_msgs/msg/detail/polynomial_segment4_d__builder.hpp
[0.493s] -- Up-to-date: /home/wen/chall/install/mav_planning_msgs/include/mav_planning_msgs/mav_planning_msgs/msg/detail/polygon_with_holes__struct.hpp
[0.494s] -- Up-to-date: /home/wen/chall/install/mav_planning_msgs/include/mav_planning_msgs/mav_planning_msgs/msg/detail/polynomial_segment4_d__traits.hpp
[0.494s] -- Up-to-date: /home/wen/chall/install/mav_planning_msgs/include/mav_planning_msgs/mav_planning_msgs/msg/detail/polygon2_d__type_support.hpp
[0.494s] -- Up-to-date: /home/wen/chall/install/mav_planning_msgs/include/mav_planning_msgs/mav_planning_msgs/msg/detail/point_cloud_with_pose__struct.hpp
[0.494s] -- Up-to-date: /home/wen/chall/install/mav_planning_msgs/include/mav_planning_msgs/mav_planning_msgs/msg/detail/point2_d__traits.hpp
[0.494s] -- Up-to-date: /home/wen/chall/install/mav_planning_msgs/include/mav_planning_msgs/mav_planning_msgs/msg/detail/polynomial_trajectory__struct.hpp
[0.494s] -- Up-to-date: /home/wen/chall/install/mav_planning_msgs/include/mav_planning_msgs/mav_planning_msgs/msg/detail/point2_d__struct.hpp
[0.494s] -- Up-to-date: /home/wen/chall/install/mav_planning_msgs/include/mav_planning_msgs/mav_planning_msgs/msg/detail/polynomial_trajectory__builder.hpp
[0.494s] -- Up-to-date: /home/wen/chall/install/mav_planning_msgs/include/mav_planning_msgs/mav_planning_msgs/msg/detail/polynomial_segment__struct.hpp
[0.494s] -- Up-to-date: /home/wen/chall/install/mav_planning_msgs/include/mav_planning_msgs/mav_planning_msgs/msg/detail/polynomial_trajectory__type_support.hpp
[0.494s] -- Up-to-date: /home/wen/chall/install/mav_planning_msgs/include/mav_planning_msgs/mav_planning_msgs/msg/detail/polynomial_trajectory4_d__struct.hpp
[0.494s] -- Up-to-date: /home/wen/chall/install/mav_planning_msgs/include/mav_planning_msgs/mav_planning_msgs/msg/detail/polynomial_trajectory4_d__type_support.hpp
[0.494s] -- Up-to-date: /home/wen/chall/install/mav_planning_msgs/include/mav_planning_msgs/mav_planning_msgs/msg/detail/polynomial_segment4_d__struct.hpp
[0.494s] -- Up-to-date: /home/wen/chall/install/mav_planning_msgs/include/mav_planning_msgs/mav_planning_msgs/msg/detail/polygon2_d__struct.hpp
[0.494s] -- Up-to-date: /home/wen/chall/install/mav_planning_msgs/include/mav_planning_msgs/mav_planning_msgs/msg/detail/polygon2_d__traits.hpp
[0.494s] -- Up-to-date: /home/wen/chall/install/mav_planning_msgs/include/mav_planning_msgs/mav_planning_msgs/msg/detail/point_cloud_with_pose__type_support.hpp
[0.494s] -- Up-to-date: /home/wen/chall/install/mav_planning_msgs/include/mav_planning_msgs/mav_planning_msgs/msg/detail/polygon_with_holes_stamped__type_support.hpp
[0.495s] -- Up-to-date: /home/wen/chall/install/mav_planning_msgs/include/mav_planning_msgs/mav_planning_msgs/msg/detail/polygon_with_holes__builder.hpp
[0.495s] -- Up-to-date: /home/wen/chall/install/mav_planning_msgs/include/mav_planning_msgs/mav_planning_msgs/msg/detail/polygon_with_holes_stamped__struct.hpp
[0.495s] -- Up-to-date: /home/wen/chall/install/mav_planning_msgs/include/mav_planning_msgs/mav_planning_msgs/msg/detail/polygon_with_holes_stamped__traits.hpp
[0.495s] -- Up-to-date: /home/wen/chall/install/mav_planning_msgs/include/mav_planning_msgs/mav_planning_msgs/msg/detail/polynomial_segment__builder.hpp
[0.495s] -- Up-to-date: /home/wen/chall/install/mav_planning_msgs/include/mav_planning_msgs/mav_planning_msgs/msg/detail/polygon_with_holes__traits.hpp
[0.495s] -- Up-to-date: /home/wen/chall/install/mav_planning_msgs/include/mav_planning_msgs/mav_planning_msgs/msg/detail/polynomial_trajectory__traits.hpp
[0.495s] -- Up-to-date: /home/wen/chall/install/mav_planning_msgs/include/mav_planning_msgs/mav_planning_msgs/msg/detail/polygon_with_holes_stamped__builder.hpp
[0.495s] -- Up-to-date: /home/wen/chall/install/mav_planning_msgs/include/mav_planning_msgs/mav_planning_msgs/msg/detail/point_cloud_with_pose__traits.hpp
[0.495s] -- Up-to-date: /home/wen/chall/install/mav_planning_msgs/include/mav_planning_msgs/mav_planning_msgs/msg/detail/point2_d__builder.hpp
[0.495s] -- Up-to-date: /home/wen/chall/install/mav_planning_msgs/include/mav_planning_msgs/mav_planning_msgs/msg/detail/point_cloud_with_pose__builder.hpp
[0.495s] -- Up-to-date: /home/wen/chall/install/mav_planning_msgs/include/mav_planning_msgs/mav_planning_msgs/msg/detail/polynomial_trajectory4_d__traits.hpp
[0.495s] -- Up-to-date: /home/wen/chall/install/mav_planning_msgs/include/mav_planning_msgs/mav_planning_msgs/msg/detail/polynomial_segment__type_support.hpp
[0.495s] -- Up-to-date: /home/wen/chall/install/mav_planning_msgs/include/mav_planning_msgs/mav_planning_msgs/msg/detail/polynomial_segment4_d__type_support.hpp
[0.495s] -- Up-to-date: /home/wen/chall/install/mav_planning_msgs/include/mav_planning_msgs/mav_planning_msgs/msg/detail/polynomial_segment__traits.hpp
[0.495s] -- Up-to-date: /home/wen/chall/install/mav_planning_msgs/include/mav_planning_msgs/mav_planning_msgs/msg/point2_d.hpp
[0.495s] -- Up-to-date: /home/wen/chall/install/mav_planning_msgs/include/mav_planning_msgs/mav_planning_msgs/msg/polynomial_segment.hpp
[0.496s] -- Up-to-date: /home/wen/chall/install/mav_planning_msgs/include/mav_planning_msgs/mav_planning_msgs/msg/polygon_with_holes.hpp
[0.496s] -- Up-to-date: /home/wen/chall/install/mav_planning_msgs/include/mav_planning_msgs/mav_planning_msgs/msg/polynomial_segment4_d.hpp
[0.496s] -- Up-to-date: /home/wen/chall/install/mav_planning_msgs/include/mav_planning_msgs/mav_planning_msgs/msg/polynomial_trajectory.hpp
[0.496s] -- Up-to-date: /home/wen/chall/install/mav_planning_msgs/include/mav_planning_msgs/mav_planning_msgs/msg/polynomial_trajectory4_d.hpp
[0.496s] -- Up-to-date: /home/wen/chall/install/mav_planning_msgs/include/mav_planning_msgs/mav_planning_msgs/msg/point_cloud_with_pose.hpp
[0.496s] -- Up-to-date: /home/wen/chall/install/mav_planning_msgs/include/mav_planning_msgs/mav_planning_msgs/msg/rosidl_generator_cpp__visibility_control.hpp
[0.496s] -- Up-to-date: /home/wen/chall/install/mav_planning_msgs/include/mav_planning_msgs/mav_planning_msgs/srv
[0.496s] -- Up-to-date: /home/wen/chall/install/mav_planning_msgs/include/mav_planning_msgs/mav_planning_msgs/srv/detail
[0.496s] -- Up-to-date: /home/wen/chall/install/mav_planning_msgs/include/mav_planning_msgs/mav_planning_msgs/srv/detail/change_name_service__builder.hpp
[0.496s] -- Up-to-date: /home/wen/chall/install/mav_planning_msgs/include/mav_planning_msgs/mav_planning_msgs/srv/detail/planner_service__traits.hpp
[0.496s] -- Up-to-date: /home/wen/chall/install/mav_planning_msgs/include/mav_planning_msgs/mav_planning_msgs/srv/detail/change_name_service__type_support.hpp
[0.496s] -- Up-to-date: /home/wen/chall/install/mav_planning_msgs/include/mav_planning_msgs/mav_planning_msgs/srv/detail/planner_service__type_support.hpp
[0.496s] -- Up-to-date: /home/wen/chall/install/mav_planning_msgs/include/mav_planning_msgs/mav_planning_msgs/srv/detail/change_name_service__struct.hpp
[0.496s] -- Up-to-date: /home/wen/chall/install/mav_planning_msgs/include/mav_planning_msgs/mav_planning_msgs/srv/detail/polygon_service__builder.hpp
[0.496s] -- Up-to-date: /home/wen/chall/install/mav_planning_msgs/include/mav_planning_msgs/mav_planning_msgs/srv/detail/polygon_service__type_support.hpp
[0.497s] -- Up-to-date: /home/wen/chall/install/mav_planning_msgs/include/mav_planning_msgs/mav_planning_msgs/srv/detail/planner_service__builder.hpp
[0.497s] -- Up-to-date: /home/wen/chall/install/mav_planning_msgs/include/mav_planning_msgs/mav_planning_msgs/srv/detail/polygon_service__traits.hpp
[0.497s] -- Up-to-date: /home/wen/chall/install/mav_planning_msgs/include/mav_planning_msgs/mav_planning_msgs/srv/detail/change_name_service__traits.hpp
[0.497s] -- Up-to-date: /home/wen/chall/install/mav_planning_msgs/include/mav_planning_msgs/mav_planning_msgs/srv/detail/polygon_service__struct.hpp
[0.497s] -- Up-to-date: /home/wen/chall/install/mav_planning_msgs/include/mav_planning_msgs/mav_planning_msgs/srv/detail/planner_service__struct.hpp
[0.497s] -- Up-to-date: /home/wen/chall/install/mav_planning_msgs/include/mav_planning_msgs/mav_planning_msgs/srv/polygon_service.hpp
[0.497s] -- Up-to-date: /home/wen/chall/install/mav_planning_msgs/include/mav_planning_msgs/mav_planning_msgs/srv/planner_service.hpp
[0.497s] -- Up-to-date: /home/wen/chall/install/mav_planning_msgs/include/mav_planning_msgs/mav_planning_msgs/srv/change_name_service.hpp
[0.497s] -- Up-to-date: /home/wen/chall/install/mav_planning_msgs/include/mav_planning_msgs/mav_planning_msgs
[0.497s] -- Up-to-date: /home/wen/chall/install/mav_planning_msgs/include/mav_planning_msgs/mav_planning_msgs/msg
[0.497s] -- Up-to-date: /home/wen/chall/install/mav_planning_msgs/include/mav_planning_msgs/mav_planning_msgs/msg/rosidl_typesupport_fastrtps_cpp__visibility_control.h
[0.497s] -- Up-to-date: /home/wen/chall/install/mav_planning_msgs/include/mav_planning_msgs/mav_planning_msgs/msg/detail
[0.497s] -- Up-to-date: /home/wen/chall/install/mav_planning_msgs/include/mav_planning_msgs/mav_planning_msgs/msg/detail/point_cloud_with_pose__rosidl_typesupport_fastrtps_cpp.hpp
[0.497s] -- Up-to-date: /home/wen/chall/install/mav_planning_msgs/include/mav_planning_msgs/mav_planning_msgs/msg/detail/polynomial_segment__rosidl_typesupport_fastrtps_cpp.hpp
[0.498s] -- Up-to-date: /home/wen/chall/install/mav_planning_msgs/include/mav_planning_msgs/mav_planning_msgs/msg/detail/polygon_with_holes_stamped__rosidl_typesupport_fastrtps_cpp.hpp
[0.498s] -- Up-to-date: /home/wen/chall/install/mav_planning_msgs/include/mav_planning_msgs/mav_planning_msgs/msg/detail/polynomial_trajectory4_d__rosidl_typesupport_fastrtps_cpp.hpp
[0.498s] -- Up-to-date: /home/wen/chall/install/mav_planning_msgs/include/mav_planning_msgs/mav_planning_msgs/msg/detail/polynomial_trajectory__rosidl_typesupport_fastrtps_cpp.hpp
[0.498s] -- Up-to-date: /home/wen/chall/install/mav_planning_msgs/include/mav_planning_msgs/mav_planning_msgs/msg/detail/point2_d__rosidl_typesupport_fastrtps_cpp.hpp
[0.498s] -- Up-to-date: /home/wen/chall/install/mav_planning_msgs/include/mav_planning_msgs/mav_planning_msgs/msg/detail/polygon2_d__rosidl_typesupport_fastrtps_cpp.hpp
[0.498s] -- Up-to-date: /home/wen/chall/install/mav_planning_msgs/include/mav_planning_msgs/mav_planning_msgs/msg/detail/polynomial_segment4_d__rosidl_typesupport_fastrtps_cpp.hpp
[0.498s] -- Up-to-date: /home/wen/chall/install/mav_planning_msgs/include/mav_planning_msgs/mav_planning_msgs/msg/detail/dds_fastrtps
[0.498s] -- Up-to-date: /home/wen/chall/install/mav_planning_msgs/include/mav_planning_msgs/mav_planning_msgs/msg/detail/polygon_with_holes__rosidl_typesupport_fastrtps_cpp.hpp
[0.498s] -- Up-to-date: /home/wen/chall/install/mav_planning_msgs/include/mav_planning_msgs/mav_planning_msgs/srv
[0.498s] -- Up-to-date: /home/wen/chall/install/mav_planning_msgs/include/mav_planning_msgs/mav_planning_msgs/srv/detail
[0.498s] -- Up-to-date: /home/wen/chall/install/mav_planning_msgs/include/mav_planning_msgs/mav_planning_msgs/srv/detail/polygon_service__rosidl_typesupport_fastrtps_cpp.hpp
[0.498s] -- Up-to-date: /home/wen/chall/install/mav_planning_msgs/include/mav_planning_msgs/mav_planning_msgs/srv/detail/change_name_service__rosidl_typesupport_fastrtps_cpp.hpp
[0.498s] -- Up-to-date: /home/wen/chall/install/mav_planning_msgs/include/mav_planning_msgs/mav_planning_msgs/srv/detail/planner_service__rosidl_typesupport_fastrtps_cpp.hpp
[0.498s] -- Up-to-date: /home/wen/chall/install/mav_planning_msgs/include/mav_planning_msgs/mav_planning_msgs/srv/detail/dds_fastrtps
[0.499s] -- Up-to-date: /home/wen/chall/install/mav_planning_msgs/lib/libmav_planning_msgs__rosidl_typesupport_fastrtps_cpp.so
[0.499s] -- Up-to-date: /home/wen/chall/install/mav_planning_msgs/include/mav_planning_msgs/mav_planning_msgs
[0.499s] -- Up-to-date: /home/wen/chall/install/mav_planning_msgs/include/mav_planning_msgs/mav_planning_msgs/msg
[0.500s] -- Up-to-date: /home/wen/chall/install/mav_planning_msgs/include/mav_planning_msgs/mav_planning_msgs/msg/detail
[0.500s] -- Up-to-date: /home/wen/chall/install/mav_planning_msgs/include/mav_planning_msgs/mav_planning_msgs/msg/detail/polynomial_trajectory4_d__rosidl_typesupport_introspection_cpp.hpp
[0.500s] -- Up-to-date: /home/wen/chall/install/mav_planning_msgs/include/mav_planning_msgs/mav_planning_msgs/msg/detail/polynomial_segment__rosidl_typesupport_introspection_cpp.hpp
[0.500s] -- Up-to-date: /home/wen/chall/install/mav_planning_msgs/include/mav_planning_msgs/mav_planning_msgs/msg/detail/polygon_with_holes__type_support.cpp
[0.500s] -- Up-to-date: /home/wen/chall/install/mav_planning_msgs/include/mav_planning_msgs/mav_planning_msgs/msg/detail/point2_d__rosidl_typesupport_introspection_cpp.hpp
[0.500s] -- Up-to-date: /home/wen/chall/install/mav_planning_msgs/include/mav_planning_msgs/mav_planning_msgs/msg/detail/polynomial_trajectory__rosidl_typesupport_introspection_cpp.hpp
[0.500s] -- Up-to-date: /home/wen/chall/install/mav_planning_msgs/include/mav_planning_msgs/mav_planning_msgs/msg/detail/polygon2_d__rosidl_typesupport_introspection_cpp.hpp
[0.500s] -- Up-to-date: /home/wen/chall/install/mav_planning_msgs/include/mav_planning_msgs/mav_planning_msgs/msg/detail/polygon_with_holes_stamped__type_support.cpp
[0.500s] -- Up-to-date: /home/wen/chall/install/mav_planning_msgs/include/mav_planning_msgs/mav_planning_msgs/msg/detail/polygon2_d__type_support.cpp
[0.500s] -- Up-to-date: /home/wen/chall/install/mav_planning_msgs/include/mav_planning_msgs/mav_planning_msgs/msg/detail/point_cloud_with_pose__rosidl_typesupport_introspection_cpp.hpp
[0.500s] -- Up-to-date: /home/wen/chall/install/mav_planning_msgs/include/mav_planning_msgs/mav_planning_msgs/msg/detail/polygon_with_holes__rosidl_typesupport_introspection_cpp.hpp
[0.500s] -- Up-to-date: /home/wen/chall/install/mav_planning_msgs/include/mav_planning_msgs/mav_planning_msgs/msg/detail/polynomial_segment4_d__type_support.cpp
[0.500s] -- Up-to-date: /home/wen/chall/install/mav_planning_msgs/include/mav_planning_msgs/mav_planning_msgs/msg/detail/polygon_with_holes_stamped__rosidl_typesupport_introspection_cpp.hpp
[0.501s] -- Up-to-date: /home/wen/chall/install/mav_planning_msgs/include/mav_planning_msgs/mav_planning_msgs/msg/detail/polynomial_segment4_d__rosidl_typesupport_introspection_cpp.hpp
[0.501s] -- Up-to-date: /home/wen/chall/install/mav_planning_msgs/include/mav_planning_msgs/mav_planning_msgs/msg/detail/polynomial_trajectory4_d__type_support.cpp
[0.501s] -- Up-to-date: /home/wen/chall/install/mav_planning_msgs/include/mav_planning_msgs/mav_planning_msgs/msg/detail/polynomial_segment__type_support.cpp
[0.501s] -- Up-to-date: /home/wen/chall/install/mav_planning_msgs/include/mav_planning_msgs/mav_planning_msgs/msg/detail/point2_d__type_support.cpp
[0.501s] -- Up-to-date: /home/wen/chall/install/mav_planning_msgs/include/mav_planning_msgs/mav_planning_msgs/msg/detail/polynomial_trajectory__type_support.cpp
[0.501s] -- Up-to-date: /home/wen/chall/install/mav_planning_msgs/include/mav_planning_msgs/mav_planning_msgs/msg/detail/point_cloud_with_pose__type_support.cpp
[0.501s] -- Up-to-date: /home/wen/chall/install/mav_planning_msgs/include/mav_planning_msgs/mav_planning_msgs/srv
[0.501s] -- Up-to-date: /home/wen/chall/install/mav_planning_msgs/include/mav_planning_msgs/mav_planning_msgs/srv/detail
[0.501s] -- Up-to-date: /home/wen/chall/install/mav_planning_msgs/include/mav_planning_msgs/mav_planning_msgs/srv/detail/planner_service__type_support.cpp
[0.501s] -- Up-to-date: /home/wen/chall/install/mav_planning_msgs/include/mav_planning_msgs/mav_planning_msgs/srv/detail/planner_service__rosidl_typesupport_introspection_cpp.hpp
[0.501s] -- Up-to-date: /home/wen/chall/install/mav_planning_msgs/include/mav_planning_msgs/mav_planning_msgs/srv/detail/change_name_service__type_support.cpp
[0.501s] -- Up-to-date: /home/wen/chall/install/mav_planning_msgs/include/mav_planning_msgs/mav_planning_msgs/srv/detail/change_name_service__rosidl_typesupport_introspection_cpp.hpp
[0.501s] -- Up-to-date: /home/wen/chall/install/mav_planning_msgs/include/mav_planning_msgs/mav_planning_msgs/srv/detail/polygon_service__type_support.cpp
[0.501s] -- Up-to-date: /home/wen/chall/install/mav_planning_msgs/include/mav_planning_msgs/mav_planning_msgs/srv/detail/polygon_service__rosidl_typesupport_introspection_cpp.hpp
[0.502s] -- Up-to-date: /home/wen/chall/install/mav_planning_msgs/lib/libmav_planning_msgs__rosidl_typesupport_introspection_cpp.so
[0.503s] -- Up-to-date: /home/wen/chall/install/mav_planning_msgs/lib/libmav_planning_msgs__rosidl_typesupport_cpp.so
[0.503s] -- Up-to-date: /home/wen/chall/install/mav_planning_msgs/share/mav_planning_msgs/environment/pythonpath.sh
[0.503s] -- Up-to-date: /home/wen/chall/install/mav_planning_msgs/share/mav_planning_msgs/environment/pythonpath.dsv
[0.503s] -- Up-to-date: /home/wen/chall/install/mav_planning_msgs/lib/python3.12/site-packages/mav_planning_msgs-3.3.3-py3.12.egg-info
[0.503s] -- Installing: /home/wen/chall/install/mav_planning_msgs/lib/python3.12/site-packages/mav_planning_msgs-3.3.3-py3.12.egg-info/PKG-INFO
[0.504s] -- Installing: /home/wen/chall/install/mav_planning_msgs/lib/python3.12/site-packages/mav_planning_msgs-3.3.3-py3.12.egg-info/SOURCES.txt
[0.504s] -- Installing: /home/wen/chall/install/mav_planning_msgs/lib/python3.12/site-packages/mav_planning_msgs-3.3.3-py3.12.egg-info/dependency_links.txt
[0.504s] -- Installing: /home/wen/chall/install/mav_planning_msgs/lib/python3.12/site-packages/mav_planning_msgs-3.3.3-py3.12.egg-info/top_level.txt
[0.504s] -- Up-to-date: /home/wen/chall/install/mav_planning_msgs/lib/python3.12/site-packages/mav_planning_msgs
[0.504s] -- Up-to-date: /home/wen/chall/install/mav_planning_msgs/lib/python3.12/site-packages/mav_planning_msgs/_mav_planning_msgs_s.ep.rosidl_typesupport_c.c
[0.504s] -- Up-to-date: /home/wen/chall/install/mav_planning_msgs/lib/python3.12/site-packages/mav_planning_msgs/_mav_planning_msgs_s.ep.rosidl_typesupport_introspection_c.c
[0.504s] -- Up-to-date: /home/wen/chall/install/mav_planning_msgs/lib/python3.12/site-packages/mav_planning_msgs/msg
[0.504s] -- Up-to-date: /home/wen/chall/install/mav_planning_msgs/lib/python3.12/site-packages/mav_planning_msgs/msg/_polygon2_d.py
[0.504s] -- Up-to-date: /home/wen/chall/install/mav_planning_msgs/lib/python3.12/site-packages/mav_planning_msgs/msg/_polynomial_trajectory.py
[0.504s] -- Up-to-date: /home/wen/chall/install/mav_planning_msgs/lib/python3.12/site-packages/mav_planning_msgs/msg/_point_cloud_with_pose.py
[0.504s] -- Up-to-date: /home/wen/chall/install/mav_planning_msgs/lib/python3.12/site-packages/mav_planning_msgs/msg/_polygon_with_holes_stamped_s.c
[0.504s] -- Up-to-date: /home/wen/chall/install/mav_planning_msgs/lib/python3.12/site-packages/mav_planning_msgs/msg/_polynomial_segment_s.c
[0.504s] -- Up-to-date: /home/wen/chall/install/mav_planning_msgs/lib/python3.12/site-packages/mav_planning_msgs/msg/_polygon_with_holes.py
[0.504s] -- Up-to-date: /home/wen/chall/install/mav_planning_msgs/lib/python3.12/site-packages/mav_planning_msgs/msg/_polynomial_segment4_d_s.c
[0.505s] -- Up-to-date: /home/wen/chall/install/mav_planning_msgs/lib/python3.12/site-packages/mav_planning_msgs/msg/_polynomial_trajectory_s.c
[0.505s] -- Up-to-date: /home/wen/chall/install/mav_planning_msgs/lib/python3.12/site-packages/mav_planning_msgs/msg/_polygon_with_holes_s.c
[0.505s] -- Up-to-date: /home/wen/chall/install/mav_planning_msgs/lib/python3.12/site-packages/mav_planning_msgs/msg/_polygon2_d_s.c
[0.505s] -- Up-to-date: /home/wen/chall/install/mav_planning_msgs/lib/python3.12/site-packages/mav_planning_msgs/msg/_polynomial_segment.py
[0.505s] -- Up-to-date: /home/wen/chall/install/mav_planning_msgs/lib/python3.12/site-packages/mav_planning_msgs/msg/_polygon_with_holes_stamped.py
[0.505s] -- Up-to-date: /home/wen/chall/install/mav_planning_msgs/lib/python3.12/site-packages/mav_planning_msgs/msg/_point2_d_s.c
[0.505s] -- Up-to-date: /home/wen/chall/install/mav_planning_msgs/lib/python3.12/site-packages/mav_planning_msgs/msg/_polynomial_trajectory4_d_s.c
[0.505s] -- Up-to-date: /home/wen/chall/install/mav_planning_msgs/lib/python3.12/site-packages/mav_planning_msgs/msg/_polynomial_segment4_d.py
[0.505s] -- Up-to-date: /home/wen/chall/install/mav_planning_msgs/lib/python3.12/site-packages/mav_planning_msgs/msg/__init__.py
[0.505s] -- Up-to-date: /home/wen/chall/install/mav_planning_msgs/lib/python3.12/site-packages/mav_planning_msgs/msg/_polynomial_trajectory4_d.py
[0.505s] -- Up-to-date: /home/wen/chall/install/mav_planning_msgs/lib/python3.12/site-packages/mav_planning_msgs/msg/_point_cloud_with_pose_s.c
[0.506s] -- Up-to-date: /home/wen/chall/install/mav_planning_msgs/lib/python3.12/site-packages/mav_planning_msgs/msg/_point2_d.py
[0.506s] -- Up-to-date: /home/wen/chall/install/mav_planning_msgs/lib/python3.12/site-packages/mav_planning_msgs/mav_planning_msgs_s__rosidl_typesupport_fastrtps_c.so
[0.506s] -- Up-to-date: /home/wen/chall/install/mav_planning_msgs/lib/python3.12/site-packages/mav_planning_msgs/mav_planning_msgs_s__rosidl_typesupport_introspection_c.so
[0.506s] -- Up-to-date: /home/wen/chall/install/mav_planning_msgs/lib/python3.12/site-packages/mav_planning_msgs/__init__.py
[0.506s] -- Up-to-date: /home/wen/chall/install/mav_planning_msgs/lib/python3.12/site-packages/mav_planning_msgs/srv
[0.506s] -- Up-to-date: /home/wen/chall/install/mav_planning_msgs/lib/python3.12/site-packages/mav_planning_msgs/srv/_planner_service.py
[0.506s] -- Up-to-date: /home/wen/chall/install/mav_planning_msgs/lib/python3.12/site-packages/mav_planning_msgs/srv/_polygon_service_s.c
[0.506s] -- Up-to-date: /home/wen/chall/install/mav_planning_msgs/lib/python3.12/site-packages/mav_planning_msgs/srv/_change_name_service.py
[0.506s] -- Up-to-date: /home/wen/chall/install/mav_planning_msgs/lib/python3.12/site-packages/mav_planning_msgs/srv/_planner_service_s.c
[0.506s] -- Up-to-date: /home/wen/chall/install/mav_planning_msgs/lib/python3.12/site-packages/mav_planning_msgs/srv/__init__.py
[0.506s] -- Up-to-date: /home/wen/chall/install/mav_planning_msgs/lib/python3.12/site-packages/mav_planning_msgs/srv/_polygon_service.py
[0.506s] -- Up-to-date: /home/wen/chall/install/mav_planning_msgs/lib/python3.12/site-packages/mav_planning_msgs/srv/_change_name_service_s.c
[0.506s] -- Up-to-date: /home/wen/chall/install/mav_planning_msgs/lib/python3.12/site-packages/mav_planning_msgs/_mav_planning_msgs_s.ep.rosidl_typesupport_fastrtps_c.c
[0.506s] -- Up-to-date: /home/wen/chall/install/mav_planning_msgs/lib/python3.12/site-packages/mav_planning_msgs/mav_planning_msgs_s__rosidl_typesupport_c.so
[0.539s] Listing '/home/wen/chall/install/mav_planning_msgs/lib/python3.12/site-packages/mav_planning_msgs'...
[0.539s] Listing '/home/wen/chall/install/mav_planning_msgs/lib/python3.12/site-packages/mav_planning_msgs/msg'...
[0.539s] Listing '/home/wen/chall/install/mav_planning_msgs/lib/python3.12/site-packages/mav_planning_msgs/srv'...
[0.544s] -- Up-to-date: /home/wen/chall/install/mav_planning_msgs/lib/python3.12/site-packages/mav_planning_msgs/mav_planning_msgs_s__rosidl_typesupport_fastrtps_c.so
[0.546s] -- Up-to-date: /home/wen/chall/install/mav_planning_msgs/lib/python3.12/site-packages/mav_planning_msgs/mav_planning_msgs_s__rosidl_typesupport_introspection_c.so
[0.547s] -- Up-to-date: /home/wen/chall/install/mav_planning_msgs/lib/python3.12/site-packages/mav_planning_msgs/mav_planning_msgs_s__rosidl_typesupport_c.so
[0.547s] -- Up-to-date: /home/wen/chall/install/mav_planning_msgs/lib/libmav_planning_msgs__rosidl_generator_py.so
[0.548s] -- Up-to-date: /home/wen/chall/install/mav_planning_msgs/share/mav_planning_msgs/msg/Point2D.idl
[0.548s] -- Up-to-date: /home/wen/chall/install/mav_planning_msgs/share/mav_planning_msgs/msg/PointCloudWithPose.idl
[0.548s] -- Up-to-date: /home/wen/chall/install/mav_planning_msgs/share/mav_planning_msgs/msg/Polygon2D.idl
[0.548s] -- Up-to-date: /home/wen/chall/install/mav_planning_msgs/share/mav_planning_msgs/msg/PolygonWithHoles.idl
[0.548s] -- Up-to-date: /home/wen/chall/install/mav_planning_msgs/share/mav_planning_msgs/msg/PolygonWithHolesStamped.idl
[0.549s] -- Up-to-date: /home/wen/chall/install/mav_planning_msgs/share/mav_planning_msgs/msg/PolynomialSegment.idl
[0.549s] -- Up-to-date: /home/wen/chall/install/mav_planning_msgs/share/mav_planning_msgs/msg/PolynomialSegment4D.idl
[0.550s] -- Up-to-date: /home/wen/chall/install/mav_planning_msgs/share/mav_planning_msgs/msg/PolynomialTrajectory.idl
[0.550s] -- Up-to-date: /home/wen/chall/install/mav_planning_msgs/share/mav_planning_msgs/msg/PolynomialTrajectory4D.idl
[0.550s] -- Up-to-date: /home/wen/chall/install/mav_planning_msgs/share/mav_planning_msgs/srv/PlannerService.idl
[0.550s] -- Up-to-date: /home/wen/chall/install/mav_planning_msgs/share/mav_planning_msgs/srv/PolygonService.idl
[0.550s] -- Up-to-date: /home/wen/chall/install/mav_planning_msgs/share/mav_planning_msgs/srv/ChangeNameService.idl
[0.550s] -- Up-to-date: /home/wen/chall/install/mav_planning_msgs/share/mav_planning_msgs/msg/Point2D.msg
[0.550s] -- Up-to-date: /home/wen/chall/install/mav_planning_msgs/share/mav_planning_msgs/msg/PointCloudWithPose.msg
[0.550s] -- Up-to-date: /home/wen/chall/install/mav_planning_msgs/share/mav_planning_msgs/msg/Polygon2D.msg
[0.550s] -- Up-to-date: /home/wen/chall/install/mav_planning_msgs/share/mav_planning_msgs/msg/PolygonWithHoles.msg
[0.550s] -- Up-to-date: /home/wen/chall/install/mav_planning_msgs/share/mav_planning_msgs/msg/PolygonWithHolesStamped.msg
[0.550s] -- Up-to-date: /home/wen/chall/install/mav_planning_msgs/share/mav_planning_msgs/msg/PolynomialSegment.msg
[0.550s] -- Up-to-date: /home/wen/chall/install/mav_planning_msgs/share/mav_planning_msgs/msg/PolynomialSegment4D.msg
[0.550s] -- Up-to-date: /home/wen/chall/install/mav_planning_msgs/share/mav_planning_msgs/msg/PolynomialTrajectory.msg
[0.550s] -- Up-to-date: /home/wen/chall/install/mav_planning_msgs/share/mav_planning_msgs/msg/PolynomialTrajectory4D.msg
[0.550s] -- Up-to-date: /home/wen/chall/install/mav_planning_msgs/share/mav_planning_msgs/srv/PlannerService.srv
[0.550s] -- Up-to-date: /home/wen/chall/install/mav_planning_msgs/share/mav_planning_msgs/srv/PolygonService.srv
[0.550s] -- Up-to-date: /home/wen/chall/install/mav_planning_msgs/share/mav_planning_msgs/srv/ChangeNameService.srv
[0.551s] -- Up-to-date: /home/wen/chall/install/mav_planning_msgs/include/mav_planning_msgs
[0.551s] -- Up-to-date: /home/wen/chall/install/mav_planning_msgs/include/mav_planning_msgs/mav_planning_msgs
[0.551s] -- Up-to-date: /home/wen/chall/install/mav_planning_msgs/include/mav_planning_msgs/mav_planning_msgs/conversions.hpp
[0.552s] -- Up-to-date: /home/wen/chall/install/mav_planning_msgs/include/mav_planning_msgs/mav_planning_msgs/conversions_deprecated.hpp
[0.552s] -- Up-to-date: /home/wen/chall/install/mav_planning_msgs/include/mav_planning_msgs/mav_planning_msgs/eigen_planning_msgs.hpp
[0.552s] -- Up-to-date: /home/wen/chall/install/mav_planning_msgs/share/ament_index/resource_index/package_run_dependencies/mav_planning_msgs
[0.552s] -- Up-to-date: /home/wen/chall/install/mav_planning_msgs/share/ament_index/resource_index/parent_prefix_path/mav_planning_msgs
[0.552s] -- Up-to-date: /home/wen/chall/install/mav_planning_msgs/share/mav_planning_msgs/environment/ament_prefix_path.sh
[0.552s] -- Up-to-date: /home/wen/chall/install/mav_planning_msgs/share/mav_planning_msgs/environment/ament_prefix_path.dsv
[0.552s] -- Up-to-date: /home/wen/chall/install/mav_planning_msgs/share/mav_planning_msgs/environment/path.sh
[0.552s] -- Up-to-date: /home/wen/chall/install/mav_planning_msgs/share/mav_planning_msgs/environment/path.dsv
[0.552s] -- Up-to-date: /home/wen/chall/install/mav_planning_msgs/share/mav_planning_msgs/local_setup.bash
[0.552s] -- Up-to-date: /home/wen/chall/install/mav_planning_msgs/share/mav_planning_msgs/local_setup.sh
[0.552s] -- Up-to-date: /home/wen/chall/install/mav_planning_msgs/share/mav_planning_msgs/local_setup.zsh
[0.552s] -- Up-to-date: /home/wen/chall/install/mav_planning_msgs/share/mav_planning_msgs/local_setup.dsv
[0.552s] -- Up-to-date: /home/wen/chall/install/mav_planning_msgs/share/mav_planning_msgs/package.dsv
[0.552s] -- Up-to-date: /home/wen/chall/install/mav_planning_msgs/share/ament_index/resource_index/packages/mav_planning_msgs
[0.552s] -- Up-to-date: /home/wen/chall/install/mav_planning_msgs/share/mav_planning_msgs/cmake/export_mav_planning_msgs__rosidl_generator_cExport.cmake
[0.552s] -- Up-to-date: /home/wen/chall/install/mav_planning_msgs/share/mav_planning_msgs/cmake/export_mav_planning_msgs__rosidl_generator_cExport-noconfig.cmake
[0.552s] -- Up-to-date: /home/wen/chall/install/mav_planning_msgs/share/mav_planning_msgs/cmake/export_mav_planning_msgs__rosidl_typesupport_fastrtps_cExport.cmake
[0.552s] -- Up-to-date: /home/wen/chall/install/mav_planning_msgs/share/mav_planning_msgs/cmake/export_mav_planning_msgs__rosidl_typesupport_fastrtps_cExport-noconfig.cmake
[0.553s] -- Up-to-date: /home/wen/chall/install/mav_planning_msgs/share/mav_planning_msgs/cmake/mav_planning_msgs__rosidl_typesupport_introspection_cExport.cmake
[0.553s] -- Up-to-date: /home/wen/chall/install/mav_planning_msgs/share/mav_planning_msgs/cmake/mav_planning_msgs__rosidl_typesupport_introspection_cExport-noconfig.cmake
[0.553s] -- Up-to-date: /home/wen/chall/install/mav_planning_msgs/share/mav_planning_msgs/cmake/mav_planning_msgs__rosidl_typesupport_cExport.cmake
[0.553s] -- Up-to-date: /home/wen/chall/install/mav_planning_msgs/share/mav_planning_msgs/cmake/mav_planning_msgs__rosidl_typesupport_cExport-noconfig.cmake
[0.554s] -- Up-to-date: /home/wen/chall/install/mav_planning_msgs/share/mav_planning_msgs/cmake/export_mav_planning_msgs__rosidl_generator_cppExport.cmake
[0.554s] -- Up-to-date: /home/wen/chall/install/mav_planning_msgs/share/mav_planning_msgs/cmake/export_mav_planning_msgs__rosidl_typesupport_fastrtps_cppExport.cmake
[0.554s] -- Up-to-date: /home/wen/chall/install/mav_planning_msgs/share/mav_planning_msgs/cmake/export_mav_planning_msgs__rosidl_typesupport_fastrtps_cppExport-noconfig.cmake
[0.555s] -- Up-to-date: /home/wen/chall/install/mav_planning_msgs/share/mav_planning_msgs/cmake/mav_planning_msgs__rosidl_typesupport_introspection_cppExport.cmake
[0.555s] -- Up-to-date: /home/wen/chall/install/mav_planning_msgs/share/mav_planning_msgs/cmake/mav_planning_msgs__rosidl_typesupport_introspection_cppExport-noconfig.cmake
[0.556s] -- Up-to-date: /home/wen/chall/install/mav_planning_msgs/share/mav_planning_msgs/cmake/mav_planning_msgs__rosidl_typesupport_cppExport.cmake
[0.556s] -- Up-to-date: /home/wen/chall/install/mav_planning_msgs/share/mav_planning_msgs/cmake/mav_planning_msgs__rosidl_typesupport_cppExport-noconfig.cmake
[0.557s] -- Up-to-date: /home/wen/chall/install/mav_planning_msgs/share/mav_planning_msgs/cmake/export_mav_planning_msgs__rosidl_generator_pyExport.cmake
[0.557s] -- Up-to-date: /home/wen/chall/install/mav_planning_msgs/share/mav_planning_msgs/cmake/export_mav_planning_msgs__rosidl_generator_pyExport-noconfig.cmake
[0.557s] -- Up-to-date: /home/wen/chall/install/mav_planning_msgs/share/mav_planning_msgs/cmake/rosidl_cmake-extras.cmake
[0.557s] -- Up-to-date: /home/wen/chall/install/mav_planning_msgs/share/mav_planning_msgs/cmake/ament_cmake_export_dependencies-extras.cmake
[0.557s] -- Up-to-date: /home/wen/chall/install/mav_planning_msgs/share/mav_planning_msgs/cmake/ament_cmake_export_include_directories-extras.cmake
[0.557s] -- Up-to-date: /home/wen/chall/install/mav_planning_msgs/share/mav_planning_msgs/cmake/ament_cmake_export_libraries-extras.cmake
[0.557s] -- Up-to-date: /home/wen/chall/install/mav_planning_msgs/share/mav_planning_msgs/cmake/ament_cmake_export_targets-extras.cmake
[0.557s] -- Up-to-date: /home/wen/chall/install/mav_planning_msgs/share/mav_planning_msgs/cmake/rosidl_cmake_export_typesupport_targets-extras.cmake
[0.557s] -- Up-to-date: /home/wen/chall/install/mav_planning_msgs/share/mav_planning_msgs/cmake/rosidl_cmake_export_typesupport_libraries-extras.cmake
[0.557s] -- Up-to-date: /home/wen/chall/install/mav_planning_msgs/share/mav_planning_msgs/cmake/mav_planning_msgsConfig.cmake
[0.557s] -- Up-to-date: /home/wen/chall/install/mav_planning_msgs/share/mav_planning_msgs/cmake/mav_planning_msgsConfig-version.cmake
[0.557s] -- Up-to-date: /home/wen/chall/install/mav_planning_msgs/share/mav_planning_msgs/package.xml
[0.560s] Invoked command in '/home/wen/Desktop/as project/autonomoussystems2025/ros2_ws/build/mav_planning_msgs' returned '0': AMENT_PREFIX_PATH=/home/wen/chall/install/mav_msgs:${AMENT_PREFIX_PATH} CMAKE_PREFIX_PATH=/home/wen/Desktop/as project/autonomoussystems2025/ros2_ws/install/mav_msgs:/home/wen/ws/install/trajectory_planner_pkg:/home/wen/ws/install/state_estimator_pkg:/home/wen/ws/install/simulation:/home/wen/ws/install/mission_planner_pkg:/home/wen/ws/install/mav_planning_msgs:/home/wen/ws/install/controller_pkg:/home/wen/ws/install/mav_msgs:/opt/ros/jazzy/opt/gz_math_vendor:/opt/ros/jazzy/opt/gz_utils_vendor:/opt/ros/jazzy/opt/gz_cmake_vendor:/opt/ros/jazzy DEBUGINFOD_URLS=https://debuginfod.ubuntu.com LD_LIBRARY_PATH=/home/wen/chall/install/mav_msgs/lib:/home/wen/Desktop/as project/autonomoussystems2025/ros2_ws/install/mav_msgs/lib:${LD_LIBRARY_PATH} PYTHONPATH=/home/wen/chall/install/mav_msgs/lib/python3.12/site-packages:/home/wen/Desktop/as project/autonomoussystems2025/ros2_ws/install/mav_msgs/lib/python3.12/site-packages:${PYTHONPATH} /usr/bin/cmake --install /home/wen/Desktop/as project/autonomoussystems2025/ros2_ws/build/mav_planning_msgs
