[ 44%] Built target libsocket
[ 55%] Built target state_estimate_corruptor_node
[ 66%] Built target tcpstreamreader
[ 77%] Built target w_to_unity
[ 88%] Built target tcpimage
[100%] Built target unity_ros
-- Install configuration: ""
-- Up-to-date: /home/wen/chall/install/simulation/lib/simulation/w_to_unity
-- Up-to-date: /home/wen/chall/install/simulation/lib/simulation/state_estimate_corruptor_node
-- Up-to-date: /home/wen/chall/install/simulation/lib/simulation/unity_ros
-- Up-to-date: /home/wen/chall/install/simulation/share/simulation/launch
-- Up-to-date: /home/wen/chall/install/simulation/share/simulation/launch/unity_ros.launch.py
-- Up-to-date: /home/wen/chall/install/simulation/share/simulation/launch/simulation.launch.py
-- Up-to-date: /home/wen/chall/install/simulation/share/simulation/launch/unity_sim.launch.py
-- Up-to-date: /home/wen/chall/install/simulation/share/ament_index/resource_index/package_run_dependencies/simulation
-- Up-to-date: /home/wen/chall/install/simulation/share/ament_index/resource_index/parent_prefix_path/simulation
-- Up-to-date: /home/wen/chall/install/simulation/share/simulation/environment/ament_prefix_path.sh
-- Up-to-date: /home/wen/chall/install/simulation/share/simulation/environment/ament_prefix_path.dsv
-- Up-to-date: /home/wen/chall/install/simulation/share/simulation/environment/path.sh
-- Up-to-date: /home/wen/chall/install/simulation/share/simulation/environment/path.dsv
-- Up-to-date: /home/wen/chall/install/simulation/share/simulation/local_setup.bash
-- Up-to-date: /home/wen/chall/install/simulation/share/simulation/local_setup.sh
-- Up-to-date: /home/wen/chall/install/simulation/share/simulation/local_setup.zsh
-- Up-to-date: /home/wen/chall/install/simulation/share/simulation/local_setup.dsv
-- Installing: /home/wen/chall/install/simulation/share/simulation/package.dsv
-- Up-to-date: /home/wen/chall/install/simulation/share/ament_index/resource_index/packages/simulation
-- Up-to-date: /home/wen/chall/install/simulation/share/simulation/cmake/ament_cmake_export_dependencies-extras.cmake
-- Up-to-date: /home/wen/chall/install/simulation/share/simulation/cmake/simulationConfig.cmake
-- Up-to-date: /home/wen/chall/install/simulation/share/simulation/cmake/simulationConfig-version.cmake
-- Up-to-date: /home/wen/chall/install/simulation/share/simulation/package.xml
