[0.012s] Invoking command in '/home/wen/chall/build/simulation': CMAKE_PREFIX_PATH=/home/wen/chall/install/mav_msgs:/home/wen/chall/install/takeoff_pkg:/home/wen/chall/install/simulation:/home/wen/chall/install/mav_planning_msgs:/home/wen/chall/install/controller_pkg:/home/wen/chall/install/mapping_pkg:/home/wen/ws/install/trajectory_planner_pkg:/home/wen/ws/install/state_estimator_pkg:/home/wen/ws/install/simulation:/home/wen/ws/install/mission_planner_pkg:/home/wen/ws/install/mav_planning_msgs:/home/wen/ws/install/controller_pkg:/home/wen/ws/install/mav_msgs:/opt/ros/jazzy/opt/gz_math_vendor:/opt/ros/jazzy/opt/gz_utils_vendor:/opt/ros/jazzy/opt/gz_cmake_vendor:/opt/ros/jazzy DEBUGINFOD_URLS=https://debuginfod.ubuntu.com LD_LIBRARY_PATH=/home/wen/chall/install/mav_msgs/lib:/home/wen/chall/install/simulation/lib:/home/wen/chall/install/mav_planning_msgs/lib:/home/wen/chall/install/controller_pkg/lib:/home/wen/ws/install/simulation/lib:/home/wen/ws/install/mav_planning_msgs/lib:/home/wen/ws/install/controller_pkg/lib:/home/wen/ws/install/mav_msgs/lib:/opt/ros/jazzy/opt/rviz_ogre_vendor/lib:/opt/ros/jazzy/lib/x86_64-linux-gnu:/opt/ros/jazzy/opt/gz_math_vendor/lib:/opt/ros/jazzy/opt/gz_utils_vendor/lib:/opt/ros/jazzy/opt/gz_cmake_vendor/lib:/opt/ros/jazzy/lib PYTHONPATH=/home/wen/chall/install/mav_msgs/lib/python3.12/site-packages:/home/wen/chall/install/mav_planning_msgs/lib/python3.12/site-packages:/home/wen/ws/install/mav_planning_msgs/lib/python3.12/site-packages:/home/wen/ws/install/mav_msgs/lib/python3.12/site-packages:/opt/ros/jazzy/lib/python3.12/site-packages /usr/bin/cmake --build /home/wen/chall/build/simulation -- -j4 -l4
[0.068s] [ 44%] Built target libsocket
[0.079s] [ 55%] Built target state_estimate_corruptor_node
[0.097s] [ 66%] Built target tcpstreamreader
[0.098s] [ 77%] Built target w_to_unity
[0.129s] [ 88%] Built target tcpimage
[0.165s] [100%] Built target unity_ros
[0.174s] Invoked command in '/home/wen/chall/build/simulation' returned '0': CMAKE_PREFIX_PATH=/home/wen/chall/install/mav_msgs:/home/wen/chall/install/takeoff_pkg:/home/wen/chall/install/simulation:/home/wen/chall/install/mav_planning_msgs:/home/wen/chall/install/controller_pkg:/home/wen/chall/install/mapping_pkg:/home/wen/ws/install/trajectory_planner_pkg:/home/wen/ws/install/state_estimator_pkg:/home/wen/ws/install/simulation:/home/wen/ws/install/mission_planner_pkg:/home/wen/ws/install/mav_planning_msgs:/home/wen/ws/install/controller_pkg:/home/wen/ws/install/mav_msgs:/opt/ros/jazzy/opt/gz_math_vendor:/opt/ros/jazzy/opt/gz_utils_vendor:/opt/ros/jazzy/opt/gz_cmake_vendor:/opt/ros/jazzy DEBUGINFOD_URLS=https://debuginfod.ubuntu.com LD_LIBRARY_PATH=/home/wen/chall/install/mav_msgs/lib:/home/wen/chall/install/simulation/lib:/home/wen/chall/install/mav_planning_msgs/lib:/home/wen/chall/install/controller_pkg/lib:/home/wen/ws/install/simulation/lib:/home/wen/ws/install/mav_planning_msgs/lib:/home/wen/ws/install/controller_pkg/lib:/home/wen/ws/install/mav_msgs/lib:/opt/ros/jazzy/opt/rviz_ogre_vendor/lib:/opt/ros/jazzy/lib/x86_64-linux-gnu:/opt/ros/jazzy/opt/gz_math_vendor/lib:/opt/ros/jazzy/opt/gz_utils_vendor/lib:/opt/ros/jazzy/opt/gz_cmake_vendor/lib:/opt/ros/jazzy/lib PYTHONPATH=/home/wen/chall/install/mav_msgs/lib/python3.12/site-packages:/home/wen/chall/install/mav_planning_msgs/lib/python3.12/site-packages:/home/wen/ws/install/mav_planning_msgs/lib/python3.12/site-packages:/home/wen/ws/install/mav_msgs/lib/python3.12/site-packages:/opt/ros/jazzy/lib/python3.12/site-packages /usr/bin/cmake --build /home/wen/chall/build/simulation -- -j4 -l4
[0.176s] Invoking command in '/home/wen/chall/build/simulation': CMAKE_PREFIX_PATH=/home/wen/chall/install/mav_msgs:/home/wen/chall/install/takeoff_pkg:/home/wen/chall/install/simulation:/home/wen/chall/install/mav_planning_msgs:/home/wen/chall/install/controller_pkg:/home/wen/chall/install/mapping_pkg:/home/wen/ws/install/trajectory_planner_pkg:/home/wen/ws/install/state_estimator_pkg:/home/wen/ws/install/simulation:/home/wen/ws/install/mission_planner_pkg:/home/wen/ws/install/mav_planning_msgs:/home/wen/ws/install/controller_pkg:/home/wen/ws/install/mav_msgs:/opt/ros/jazzy/opt/gz_math_vendor:/opt/ros/jazzy/opt/gz_utils_vendor:/opt/ros/jazzy/opt/gz_cmake_vendor:/opt/ros/jazzy DEBUGINFOD_URLS=https://debuginfod.ubuntu.com LD_LIBRARY_PATH=/home/wen/chall/install/mav_msgs/lib:/home/wen/chall/install/simulation/lib:/home/wen/chall/install/mav_planning_msgs/lib:/home/wen/chall/install/controller_pkg/lib:/home/wen/ws/install/simulation/lib:/home/wen/ws/install/mav_planning_msgs/lib:/home/wen/ws/install/controller_pkg/lib:/home/wen/ws/install/mav_msgs/lib:/opt/ros/jazzy/opt/rviz_ogre_vendor/lib:/opt/ros/jazzy/lib/x86_64-linux-gnu:/opt/ros/jazzy/opt/gz_math_vendor/lib:/opt/ros/jazzy/opt/gz_utils_vendor/lib:/opt/ros/jazzy/opt/gz_cmake_vendor/lib:/opt/ros/jazzy/lib PYTHONPATH=/home/wen/chall/install/mav_msgs/lib/python3.12/site-packages:/home/wen/chall/install/mav_planning_msgs/lib/python3.12/site-packages:/home/wen/ws/install/mav_planning_msgs/lib/python3.12/site-packages:/home/wen/ws/install/mav_msgs/lib/python3.12/site-packages:/opt/ros/jazzy/lib/python3.12/site-packages /usr/bin/cmake --install /home/wen/chall/build/simulation
[0.183s] -- Install configuration: ""
[0.183s] -- Up-to-date: /home/wen/chall/install/simulation/lib/simulation/w_to_unity
[0.184s] -- Up-to-date: /home/wen/chall/install/simulation/lib/simulation/state_estimate_corruptor_node
[0.184s] -- Up-to-date: /home/wen/chall/install/simulation/lib/simulation/unity_ros
[0.185s] -- Up-to-date: /home/wen/chall/install/simulation/share/simulation/launch
[0.185s] -- Up-to-date: /home/wen/chall/install/simulation/share/simulation/launch/unity_ros.launch.py
[0.185s] -- Up-to-date: /home/wen/chall/install/simulation/share/simulation/launch/simulation.launch.py
[0.185s] -- Up-to-date: /home/wen/chall/install/simulation/share/simulation/launch/unity_sim.launch.py
[0.185s] -- Up-to-date: /home/wen/chall/install/simulation/share/ament_index/resource_index/package_run_dependencies/simulation
[0.185s] -- Up-to-date: /home/wen/chall/install/simulation/share/ament_index/resource_index/parent_prefix_path/simulation
[0.186s] -- Up-to-date: /home/wen/chall/install/simulation/share/simulation/environment/ament_prefix_path.sh
[0.186s] -- Up-to-date: /home/wen/chall/install/simulation/share/simulation/environment/ament_prefix_path.dsv
[0.186s] -- Up-to-date: /home/wen/chall/install/simulation/share/simulation/environment/path.sh
[0.186s] -- Up-to-date: /home/wen/chall/install/simulation/share/simulation/environment/path.dsv
[0.186s] -- Up-to-date: /home/wen/chall/install/simulation/share/simulation/local_setup.bash
[0.186s] -- Up-to-date: /home/wen/chall/install/simulation/share/simulation/local_setup.sh
[0.186s] -- Up-to-date: /home/wen/chall/install/simulation/share/simulation/local_setup.zsh
[0.186s] -- Up-to-date: /home/wen/chall/install/simulation/share/simulation/local_setup.dsv
[0.186s] -- Installing: /home/wen/chall/install/simulation/share/simulation/package.dsv
[0.186s] -- Up-to-date: /home/wen/chall/install/simulation/share/ament_index/resource_index/packages/simulation
[0.186s] -- Up-to-date: /home/wen/chall/install/simulation/share/simulation/cmake/ament_cmake_export_dependencies-extras.cmake
[0.186s] -- Up-to-date: /home/wen/chall/install/simulation/share/simulation/cmake/simulationConfig.cmake
[0.186s] -- Up-to-date: /home/wen/chall/install/simulation/share/simulation/cmake/simulationConfig-version.cmake
[0.186s] -- Up-to-date: /home/wen/chall/install/simulation/share/simulation/package.xml
[0.189s] Invoked command in '/home/wen/chall/build/simulation' returned '0': CMAKE_PREFIX_PATH=/home/wen/chall/install/mav_msgs:/home/wen/chall/install/takeoff_pkg:/home/wen/chall/install/simulation:/home/wen/chall/install/mav_planning_msgs:/home/wen/chall/install/controller_pkg:/home/wen/chall/install/mapping_pkg:/home/wen/ws/install/trajectory_planner_pkg:/home/wen/ws/install/state_estimator_pkg:/home/wen/ws/install/simulation:/home/wen/ws/install/mission_planner_pkg:/home/wen/ws/install/mav_planning_msgs:/home/wen/ws/install/controller_pkg:/home/wen/ws/install/mav_msgs:/opt/ros/jazzy/opt/gz_math_vendor:/opt/ros/jazzy/opt/gz_utils_vendor:/opt/ros/jazzy/opt/gz_cmake_vendor:/opt/ros/jazzy DEBUGINFOD_URLS=https://debuginfod.ubuntu.com LD_LIBRARY_PATH=/home/wen/chall/install/mav_msgs/lib:/home/wen/chall/install/simulation/lib:/home/wen/chall/install/mav_planning_msgs/lib:/home/wen/chall/install/controller_pkg/lib:/home/wen/ws/install/simulation/lib:/home/wen/ws/install/mav_planning_msgs/lib:/home/wen/ws/install/controller_pkg/lib:/home/wen/ws/install/mav_msgs/lib:/opt/ros/jazzy/opt/rviz_ogre_vendor/lib:/opt/ros/jazzy/lib/x86_64-linux-gnu:/opt/ros/jazzy/opt/gz_math_vendor/lib:/opt/ros/jazzy/opt/gz_utils_vendor/lib:/opt/ros/jazzy/opt/gz_cmake_vendor/lib:/opt/ros/jazzy/lib PYTHONPATH=/home/wen/chall/install/mav_msgs/lib/python3.12/site-packages:/home/wen/chall/install/mav_planning_msgs/lib/python3.12/site-packages:/home/wen/ws/install/mav_planning_msgs/lib/python3.12/site-packages:/home/wen/ws/install/mav_msgs/lib/python3.12/site-packages:/opt/ros/jazzy/lib/python3.12/site-packages /usr/bin/cmake --install /home/wen/chall/build/simulation
