[0.090s] DEBUG:colcon:Command line arguments: ['/usr/bin/colcon', 'build', '--packages-select', 'simulation']
[0.090s] DEBUG:colcon:Parsed command line arguments: Namespace(log_base=None, log_level=None, verb_name='build', build_base='build', install_base='install', merge_install=False, symlink_install=False, test_result_base=None, continue_on_error=False, executor='parallel', parallel_workers=4, event_handlers=None, ignore_user_meta=False, metas=['./colcon.meta'], base_paths=['.'], packages_ignore=None, packages_ignore_regex=None, paths=None, packages_up_to=None, packages_up_to_regex=None, packages_above=None, packages_above_and_dependencies=None, packages_above_depth=None, packages_select_by_dep=None, packages_skip_by_dep=None, packages_skip_up_to=None, packages_select_build_failed=False, packages_skip_build_finished=False, packages_select_test_failures=False, packages_skip_test_passed=False, packages_select=['simulation'], packages_skip=None, packages_select_regex=None, packages_skip_regex=None, packages_start=None, packages_end=None, allow_overriding=[], cmake_args=None, cmake_target=None, cmake_target_skip_unavailable=False, cmake_clean_cache=False, cmake_clean_first=False, cmake_force_configure=False, ament_cmake_args=None, catkin_cmake_args=None, catkin_skip_building_tests=False, mixin_files=None, mixin=None, verb_parser=<colcon_mixin.mixin.mixin_argument.MixinArgumentDecorator object at 0x785196998950>, verb_extension=<colcon_core.verb.build.BuildVerb object at 0x785196aebb60>, main=<bound method BuildVerb.main of <colcon_core.verb.build.BuildVerb object at 0x785196aebb60>>, mixin_verb=('build',))
[0.121s] Level 1:colcon.colcon_core.package_discovery:discover_packages(colcon_meta) check parameters
[0.122s] Level 1:colcon.colcon_core.package_discovery:discover_packages(recursive) check parameters
[0.122s] Level 1:colcon.colcon_core.package_discovery:discover_packages(ignore) check parameters
[0.122s] Level 1:colcon.colcon_core.package_discovery:discover_packages(path) check parameters
[0.122s] Level 1:colcon.colcon_core.package_discovery:discover_packages(colcon_meta) discover
[0.122s] Level 1:colcon.colcon_core.package_discovery:discover_packages(recursive) discover
[0.122s] INFO:colcon.colcon_core.package_discovery:Crawling recursively for packages in '/home/wen/Desktop/as project/autonomoussystems2025/ros2_ws'
[0.122s] Level 1:colcon.colcon_core.package_identification:_identify(.) by extensions ['ignore', 'ignore_ament_install']
[0.122s] Level 1:colcon.colcon_core.package_identification:_identify(.) by extension 'ignore'
[0.122s] Level 1:colcon.colcon_core.package_identification:_identify(.) by extension 'ignore_ament_install'
[0.122s] Level 1:colcon.colcon_core.package_identification:_identify(.) by extensions ['colcon_pkg']
[0.122s] Level 1:colcon.colcon_core.package_identification:_identify(.) by extension 'colcon_pkg'
[0.122s] Level 1:colcon.colcon_core.package_identification:_identify(.) by extensions ['colcon_meta']
[0.122s] Level 1:colcon.colcon_core.package_identification:_identify(.) by extension 'colcon_meta'
[0.122s] Level 1:colcon.colcon_core.package_identification:_identify(.) by extensions ['ros']
[0.122s] Level 1:colcon.colcon_core.package_identification:_identify(.) by extension 'ros'
[0.142s] Level 1:colcon.colcon_core.package_identification:_identify(.) by extensions ['cmake', 'python']
[0.142s] Level 1:colcon.colcon_core.package_identification:_identify(.) by extension 'cmake'
[0.142s] Level 1:colcon.colcon_core.package_identification:_identify(.) by extension 'python'
[0.142s] Level 1:colcon.colcon_core.package_identification:_identify(.) by extensions ['python_setup_py']
[0.142s] Level 1:colcon.colcon_core.package_identification:_identify(.) by extension 'python_setup_py'
[0.142s] Level 1:colcon.colcon_core.package_identification:_identify(build) by extensions ['ignore', 'ignore_ament_install']
[0.142s] Level 1:colcon.colcon_core.package_identification:_identify(build) by extension 'ignore'
[0.142s] Level 1:colcon.colcon_core.package_identification:_identify(build) ignored
[0.142s] Level 1:colcon.colcon_core.package_identification:_identify(install) by extensions ['ignore', 'ignore_ament_install']
[0.142s] Level 1:colcon.colcon_core.package_identification:_identify(install) by extension 'ignore'
[0.142s] Level 1:colcon.colcon_core.package_identification:_identify(install) ignored
[0.142s] Level 1:colcon.colcon_core.package_identification:_identify(log) by extensions ['ignore', 'ignore_ament_install']
[0.142s] Level 1:colcon.colcon_core.package_identification:_identify(log) by extension 'ignore'
[0.142s] Level 1:colcon.colcon_core.package_identification:_identify(log) ignored
[0.142s] Level 1:colcon.colcon_core.package_identification:_identify(src) by extensions ['ignore', 'ignore_ament_install']
[0.143s] Level 1:colcon.colcon_core.package_identification:_identify(src) by extension 'ignore'
[0.143s] Level 1:colcon.colcon_core.package_identification:_identify(src) by extension 'ignore_ament_install'
[0.143s] Level 1:colcon.colcon_core.package_identification:_identify(src) by extensions ['colcon_pkg']
[0.143s] Level 1:colcon.colcon_core.package_identification:_identify(src) by extension 'colcon_pkg'
[0.143s] Level 1:colcon.colcon_core.package_identification:_identify(src) by extensions ['colcon_meta']
[0.143s] Level 1:colcon.colcon_core.package_identification:_identify(src) by extension 'colcon_meta'
[0.143s] Level 1:colcon.colcon_core.package_identification:_identify(src) by extensions ['ros']
[0.143s] Level 1:colcon.colcon_core.package_identification:_identify(src) by extension 'ros'
[0.143s] Level 1:colcon.colcon_core.package_identification:_identify(src) by extensions ['cmake', 'python']
[0.143s] Level 1:colcon.colcon_core.package_identification:_identify(src) by extension 'cmake'
[0.144s] Level 1:colcon.colcon_core.package_identification:_identify(src) by extension 'python'
[0.144s] Level 1:colcon.colcon_core.package_identification:_identify(src) by extensions ['python_setup_py']
[0.144s] Level 1:colcon.colcon_core.package_identification:_identify(src) by extension 'python_setup_py'
[0.144s] Level 1:colcon.colcon_core.package_identification:_identify(src/controller_pkg) by extensions ['ignore', 'ignore_ament_install']
[0.144s] Level 1:colcon.colcon_core.package_identification:_identify(src/controller_pkg) by extension 'ignore'
[0.144s] Level 1:colcon.colcon_core.package_identification:_identify(src/controller_pkg) by extension 'ignore_ament_install'
[0.144s] Level 1:colcon.colcon_core.package_identification:_identify(src/controller_pkg) by extensions ['colcon_pkg']
[0.144s] Level 1:colcon.colcon_core.package_identification:_identify(src/controller_pkg) by extension 'colcon_pkg'
[0.144s] Level 1:colcon.colcon_core.package_identification:_identify(src/controller_pkg) by extensions ['colcon_meta']
[0.144s] Level 1:colcon.colcon_core.package_identification:_identify(src/controller_pkg) by extension 'colcon_meta'
[0.144s] Level 1:colcon.colcon_core.package_identification:_identify(src/controller_pkg) by extensions ['ros']
[0.144s] Level 1:colcon.colcon_core.package_identification:_identify(src/controller_pkg) by extension 'ros'
[0.146s] DEBUG:colcon.colcon_core.package_identification:Package 'src/controller_pkg' with type 'ros.ament_cmake' and name 'controller_pkg'
[0.146s] Level 1:colcon.colcon_core.package_identification:_identify(src/mapping_pkg) by extensions ['ignore', 'ignore_ament_install']
[0.147s] Level 1:colcon.colcon_core.package_identification:_identify(src/mapping_pkg) by extension 'ignore'
[0.147s] Level 1:colcon.colcon_core.package_identification:_identify(src/mapping_pkg) by extension 'ignore_ament_install'
[0.147s] Level 1:colcon.colcon_core.package_identification:_identify(src/mapping_pkg) by extensions ['colcon_pkg']
[0.147s] Level 1:colcon.colcon_core.package_identification:_identify(src/mapping_pkg) by extension 'colcon_pkg'
[0.147s] Level 1:colcon.colcon_core.package_identification:_identify(src/mapping_pkg) by extensions ['colcon_meta']
[0.147s] Level 1:colcon.colcon_core.package_identification:_identify(src/mapping_pkg) by extension 'colcon_meta'
[0.147s] Level 1:colcon.colcon_core.package_identification:_identify(src/mapping_pkg) by extensions ['ros']
[0.147s] Level 1:colcon.colcon_core.package_identification:_identify(src/mapping_pkg) by extension 'ros'
[0.147s] DEBUG:colcon.colcon_core.package_identification:Package 'src/mapping_pkg' with type 'ros.ament_cmake' and name 'mapping_pkg'
[0.148s] Level 1:colcon.colcon_core.package_identification:_identify(src/mav_msgs) by extensions ['ignore', 'ignore_ament_install']
[0.148s] Level 1:colcon.colcon_core.package_identification:_identify(src/mav_msgs) by extension 'ignore'
[0.148s] Level 1:colcon.colcon_core.package_identification:_identify(src/mav_msgs) by extension 'ignore_ament_install'
[0.148s] Level 1:colcon.colcon_core.package_identification:_identify(src/mav_msgs) by extensions ['colcon_pkg']
[0.148s] Level 1:colcon.colcon_core.package_identification:_identify(src/mav_msgs) by extension 'colcon_pkg'
[0.148s] Level 1:colcon.colcon_core.package_identification:_identify(src/mav_msgs) by extensions ['colcon_meta']
[0.148s] Level 1:colcon.colcon_core.package_identification:_identify(src/mav_msgs) by extension 'colcon_meta'
[0.148s] Level 1:colcon.colcon_core.package_identification:_identify(src/mav_msgs) by extensions ['ros']
[0.148s] Level 1:colcon.colcon_core.package_identification:_identify(src/mav_msgs) by extension 'ros'
[0.149s] DEBUG:colcon.colcon_core.package_identification:Package 'src/mav_msgs' with type 'ros.ament_cmake' and name 'mav_msgs'
[0.149s] Level 1:colcon.colcon_core.package_identification:_identify(src/mav_planning_msgs) by extensions ['ignore', 'ignore_ament_install']
[0.149s] Level 1:colcon.colcon_core.package_identification:_identify(src/mav_planning_msgs) by extension 'ignore'
[0.149s] Level 1:colcon.colcon_core.package_identification:_identify(src/mav_planning_msgs) by extension 'ignore_ament_install'
[0.149s] Level 1:colcon.colcon_core.package_identification:_identify(src/mav_planning_msgs) by extensions ['colcon_pkg']
[0.149s] Level 1:colcon.colcon_core.package_identification:_identify(src/mav_planning_msgs) by extension 'colcon_pkg'
[0.149s] Level 1:colcon.colcon_core.package_identification:_identify(src/mav_planning_msgs) by extensions ['colcon_meta']
[0.149s] Level 1:colcon.colcon_core.package_identification:_identify(src/mav_planning_msgs) by extension 'colcon_meta'
[0.149s] Level 1:colcon.colcon_core.package_identification:_identify(src/mav_planning_msgs) by extensions ['ros']
[0.149s] Level 1:colcon.colcon_core.package_identification:_identify(src/mav_planning_msgs) by extension 'ros'
[0.150s] DEBUG:colcon.colcon_core.package_identification:Package 'src/mav_planning_msgs' with type 'ros.ament_cmake' and name 'mav_planning_msgs'
[0.150s] Level 1:colcon.colcon_core.package_identification:_identify(src/simulation) by extensions ['ignore', 'ignore_ament_install']
[0.150s] Level 1:colcon.colcon_core.package_identification:_identify(src/simulation) by extension 'ignore'
[0.150s] Level 1:colcon.colcon_core.package_identification:_identify(src/simulation) by extension 'ignore_ament_install'
[0.150s] Level 1:colcon.colcon_core.package_identification:_identify(src/simulation) by extensions ['colcon_pkg']
[0.150s] Level 1:colcon.colcon_core.package_identification:_identify(src/simulation) by extension 'colcon_pkg'
[0.150s] Level 1:colcon.colcon_core.package_identification:_identify(src/simulation) by extensions ['colcon_meta']
[0.150s] Level 1:colcon.colcon_core.package_identification:_identify(src/simulation) by extension 'colcon_meta'
[0.150s] Level 1:colcon.colcon_core.package_identification:_identify(src/simulation) by extensions ['ros']
[0.150s] Level 1:colcon.colcon_core.package_identification:_identify(src/simulation) by extension 'ros'
[0.150s] DEBUG:colcon.colcon_core.package_identification:Package 'src/simulation' with type 'ros.ament_cmake' and name 'simulation'
[0.151s] Level 1:colcon.colcon_core.package_identification:_identify(src/takeoff_pkg) by extensions ['ignore', 'ignore_ament_install']
[0.151s] Level 1:colcon.colcon_core.package_identification:_identify(src/takeoff_pkg) by extension 'ignore'
[0.151s] Level 1:colcon.colcon_core.package_identification:_identify(src/takeoff_pkg) by extension 'ignore_ament_install'
[0.151s] Level 1:colcon.colcon_core.package_identification:_identify(src/takeoff_pkg) by extensions ['colcon_pkg']
[0.151s] Level 1:colcon.colcon_core.package_identification:_identify(src/takeoff_pkg) by extension 'colcon_pkg'
[0.151s] Level 1:colcon.colcon_core.package_identification:_identify(src/takeoff_pkg) by extensions ['colcon_meta']
[0.151s] Level 1:colcon.colcon_core.package_identification:_identify(src/takeoff_pkg) by extension 'colcon_meta'
[0.151s] Level 1:colcon.colcon_core.package_identification:_identify(src/takeoff_pkg) by extensions ['ros']
[0.151s] Level 1:colcon.colcon_core.package_identification:_identify(src/takeoff_pkg) by extension 'ros'
[0.151s] DEBUG:colcon.colcon_core.package_identification:Package 'src/takeoff_pkg' with type 'ros.ament_cmake' and name 'takeoff_pkg'
[0.151s] Level 1:colcon.colcon_core.package_discovery:discover_packages(recursive) using defaults
[0.151s] Level 1:colcon.colcon_core.package_discovery:discover_packages(ignore) discover
[0.151s] Level 1:colcon.colcon_core.package_discovery:discover_packages(ignore) using defaults
[0.151s] Level 1:colcon.colcon_core.package_discovery:discover_packages(path) discover
[0.151s] Level 1:colcon.colcon_core.package_discovery:discover_packages(path) using defaults
[0.165s] INFO:colcon.colcon_core.package_selection:Skipping not selected package 'mapping_pkg' in 'src/mapping_pkg'
[0.165s] INFO:colcon.colcon_core.package_selection:Skipping not selected package 'mav_msgs' in 'src/mav_msgs'
[0.165s] INFO:colcon.colcon_core.package_selection:Skipping not selected package 'takeoff_pkg' in 'src/takeoff_pkg'
[0.165s] INFO:colcon.colcon_core.package_selection:Skipping not selected package 'controller_pkg' in 'src/controller_pkg'
[0.165s] INFO:colcon.colcon_core.package_selection:Skipping not selected package 'mav_planning_msgs' in 'src/mav_planning_msgs'
[0.165s] Level 1:colcon.colcon_core.package_discovery:discover_packages(prefix_path) check parameters
[0.166s] Level 1:colcon.colcon_core.package_discovery:discover_packages(prefix_path) discover
[0.166s] WARNING:colcon.colcon_ros.prefix_path.ament:The path '/home/wen/Desktop/as project/autonomoussystems2025/ros2_ws/install/simulation' in the environment variable AMENT_PREFIX_PATH doesn't exist
[0.167s] WARNING:colcon.colcon_ros.prefix_path.catkin:The path '/home/wen/Desktop/as project/autonomoussystems2025/ros2_ws/install/simulation' in the environment variable CMAKE_PREFIX_PATH doesn't exist
[0.168s] DEBUG:colcon.colcon_installed_package_information.package_discovery:Found 7 installed packages in /home/wen/ws/install
[0.168s] DEBUG:colcon.colcon_installed_package_information.package_discovery:Found 5 installed packages in /home/wen/Desktop/as project/autonomoussystems2025/ros2_ws/install
[0.169s] DEBUG:colcon.colcon_installed_package_information.package_discovery:Found 288 installed packages in /opt/ros/jazzy
[0.170s] Level 1:colcon.colcon_core.package_discovery:discover_packages(prefix_path) using defaults
[0.202s] Level 5:colcon.colcon_core.verb:set package 'simulation' build argument 'cmake_args' from command line to 'None'
[0.202s] Level 5:colcon.colcon_core.verb:set package 'simulation' build argument 'cmake_target' from command line to 'None'
[0.202s] Level 5:colcon.colcon_core.verb:set package 'simulation' build argument 'cmake_target_skip_unavailable' from command line to 'False'
[0.202s] Level 5:colcon.colcon_core.verb:set package 'simulation' build argument 'cmake_clean_cache' from command line to 'False'
[0.202s] Level 5:colcon.colcon_core.verb:set package 'simulation' build argument 'cmake_clean_first' from command line to 'False'
[0.202s] Level 5:colcon.colcon_core.verb:set package 'simulation' build argument 'cmake_force_configure' from command line to 'False'
[0.202s] Level 5:colcon.colcon_core.verb:set package 'simulation' build argument 'ament_cmake_args' from command line to 'None'
[0.202s] Level 5:colcon.colcon_core.verb:set package 'simulation' build argument 'catkin_cmake_args' from command line to 'None'
[0.202s] Level 5:colcon.colcon_core.verb:set package 'simulation' build argument 'catkin_skip_building_tests' from command line to 'False'
[0.202s] DEBUG:colcon.colcon_core.verb:Building package 'simulation' with the following arguments: {'ament_cmake_args': None, 'build_base': '/home/wen/Desktop/as project/autonomoussystems2025/ros2_ws/build/simulation', 'catkin_cmake_args': None, 'catkin_skip_building_tests': False, 'cmake_args': None, 'cmake_clean_cache': False, 'cmake_clean_first': False, 'cmake_force_configure': False, 'cmake_target': None, 'cmake_target_skip_unavailable': False, 'install_base': '/home/wen/Desktop/as project/autonomoussystems2025/ros2_ws/install/simulation', 'merge_install': False, 'path': '/home/wen/Desktop/as project/autonomoussystems2025/ros2_ws/src/simulation', 'symlink_install': False, 'test_result_base': None}
[0.202s] INFO:colcon.colcon_core.executor:Executing jobs using 'parallel' executor
[0.203s] DEBUG:colcon.colcon_parallel_executor.executor.parallel:run_until_complete
[0.203s] INFO:colcon.colcon_ros.task.ament_cmake.build:Building ROS package in '/home/wen/Desktop/as project/autonomoussystems2025/ros2_ws/src/simulation' with build type 'ament_cmake'
[0.204s] INFO:colcon.colcon_cmake.task.cmake.build:Building CMake package in '/home/wen/Desktop/as project/autonomoussystems2025/ros2_ws/src/simulation'
[0.206s] INFO:colcon.colcon_core.plugin_system:Skipping extension 'colcon_core.shell.bat': Not used on non-Windows systems
[0.206s] INFO:colcon.colcon_core.shell:Skip shell extension 'powershell' for command environment: Not usable outside of PowerShell
[0.206s] DEBUG:colcon.colcon_core.shell:Skip shell extension 'dsv' for command environment
[0.222s] DEBUG:colcon.colcon_core.event_handler.log_command:Invoking command in '/home/wen/Desktop/as project/autonomoussystems2025/ros2_ws/build/simulation': AMENT_PREFIX_PATH=/home/wen/chall/install/mav_msgs:${AMENT_PREFIX_PATH} CMAKE_PREFIX_PATH=/home/wen/Desktop/as project/autonomoussystems2025/ros2_ws/install/mav_msgs:/home/wen/Desktop/as project/autonomoussystems2025/ros2_ws/install/takeoff_pkg:/home/wen/Desktop/as project/autonomoussystems2025/ros2_ws/install/simulation:/home/wen/Desktop/as project/autonomoussystems2025/ros2_ws/install/mav_planning_msgs:/home/wen/Desktop/as project/autonomoussystems2025/ros2_ws/install/controller_pkg:/home/wen/Desktop/as project/autonomoussystems2025/ros2_ws/install/mapping_pkg:/home/wen/ws/install/trajectory_planner_pkg:/home/wen/ws/install/state_estimator_pkg:/home/wen/ws/install/simulation:/home/wen/ws/install/mission_planner_pkg:/home/wen/ws/install/mav_planning_msgs:/home/wen/ws/install/controller_pkg:/home/wen/ws/install/mav_msgs:/opt/ros/jazzy/opt/gz_math_vendor:/opt/ros/jazzy/opt/gz_utils_vendor:/opt/ros/jazzy/opt/gz_cmake_vendor:/opt/ros/jazzy DEBUGINFOD_URLS=https://debuginfod.ubuntu.com LD_LIBRARY_PATH=/home/wen/chall/install/mav_msgs/lib:/home/wen/Desktop/as project/autonomoussystems2025/ros2_ws/install/mav_msgs/lib:/home/wen/Desktop/as project/autonomoussystems2025/ros2_ws/install/simulation/lib:/home/wen/Desktop/as project/autonomoussystems2025/ros2_ws/install/mav_planning_msgs/lib:/home/wen/Desktop/as project/autonomoussystems2025/ros2_ws/install/controller_pkg/lib:/home/wen/ws/install/simulation/lib:/home/wen/ws/install/mav_planning_msgs/lib:/home/wen/ws/install/controller_pkg/lib:/home/wen/ws/install/mav_msgs/lib:/opt/ros/jazzy/opt/rviz_ogre_vendor/lib:/opt/ros/jazzy/lib/x86_64-linux-gnu:/opt/ros/jazzy/opt/gz_math_vendor/lib:/opt/ros/jazzy/opt/gz_utils_vendor/lib:/opt/ros/jazzy/opt/gz_cmake_vendor/lib:/opt/ros/jazzy/lib PYTHONPATH=/home/wen/chall/install/mav_msgs/lib/python3.12/site-packages:/home/wen/Desktop/as project/autonomoussystems2025/ros2_ws/install/mav_msgs/lib/python3.12/site-packages:/home/wen/Desktop/as project/autonomoussystems2025/ros2_ws/install/mav_planning_msgs/lib/python3.12/site-packages:/home/wen/ws/install/mav_planning_msgs/lib/python3.12/site-packages:/home/wen/ws/install/mav_msgs/lib/python3.12/site-packages:/opt/ros/jazzy/lib/python3.12/site-packages /usr/bin/cmake /home/wen/Desktop/as project/autonomoussystems2025/ros2_ws/src/simulation -DCMAKE_INSTALL_PREFIX=/home/wen/Desktop/as project/autonomoussystems2025/ros2_ws/install/simulation
[2.305s] DEBUG:colcon.colcon_core.event_handler.log_command:Invoked command in '/home/wen/Desktop/as project/autonomoussystems2025/ros2_ws/build/simulation' returned '0': AMENT_PREFIX_PATH=/home/wen/chall/install/mav_msgs:${AMENT_PREFIX_PATH} CMAKE_PREFIX_PATH=/home/wen/Desktop/as project/autonomoussystems2025/ros2_ws/install/mav_msgs:/home/wen/Desktop/as project/autonomoussystems2025/ros2_ws/install/takeoff_pkg:/home/wen/Desktop/as project/autonomoussystems2025/ros2_ws/install/simulation:/home/wen/Desktop/as project/autonomoussystems2025/ros2_ws/install/mav_planning_msgs:/home/wen/Desktop/as project/autonomoussystems2025/ros2_ws/install/controller_pkg:/home/wen/Desktop/as project/autonomoussystems2025/ros2_ws/install/mapping_pkg:/home/wen/ws/install/trajectory_planner_pkg:/home/wen/ws/install/state_estimator_pkg:/home/wen/ws/install/simulation:/home/wen/ws/install/mission_planner_pkg:/home/wen/ws/install/mav_planning_msgs:/home/wen/ws/install/controller_pkg:/home/wen/ws/install/mav_msgs:/opt/ros/jazzy/opt/gz_math_vendor:/opt/ros/jazzy/opt/gz_utils_vendor:/opt/ros/jazzy/opt/gz_cmake_vendor:/opt/ros/jazzy DEBUGINFOD_URLS=https://debuginfod.ubuntu.com LD_LIBRARY_PATH=/home/wen/chall/install/mav_msgs/lib:/home/wen/Desktop/as project/autonomoussystems2025/ros2_ws/install/mav_msgs/lib:/home/wen/Desktop/as project/autonomoussystems2025/ros2_ws/install/simulation/lib:/home/wen/Desktop/as project/autonomoussystems2025/ros2_ws/install/mav_planning_msgs/lib:/home/wen/Desktop/as project/autonomoussystems2025/ros2_ws/install/controller_pkg/lib:/home/wen/ws/install/simulation/lib:/home/wen/ws/install/mav_planning_msgs/lib:/home/wen/ws/install/controller_pkg/lib:/home/wen/ws/install/mav_msgs/lib:/opt/ros/jazzy/opt/rviz_ogre_vendor/lib:/opt/ros/jazzy/lib/x86_64-linux-gnu:/opt/ros/jazzy/opt/gz_math_vendor/lib:/opt/ros/jazzy/opt/gz_utils_vendor/lib:/opt/ros/jazzy/opt/gz_cmake_vendor/lib:/opt/ros/jazzy/lib PYTHONPATH=/home/wen/chall/install/mav_msgs/lib/python3.12/site-packages:/home/wen/Desktop/as project/autonomoussystems2025/ros2_ws/install/mav_msgs/lib/python3.12/site-packages:/home/wen/Desktop/as project/autonomoussystems2025/ros2_ws/install/mav_planning_msgs/lib/python3.12/site-packages:/home/wen/ws/install/mav_planning_msgs/lib/python3.12/site-packages:/home/wen/ws/install/mav_msgs/lib/python3.12/site-packages:/opt/ros/jazzy/lib/python3.12/site-packages /usr/bin/cmake /home/wen/Desktop/as project/autonomoussystems2025/ros2_ws/src/simulation -DCMAKE_INSTALL_PREFIX=/home/wen/Desktop/as project/autonomoussystems2025/ros2_ws/install/simulation
[2.306s] DEBUG:colcon.colcon_core.event_handler.log_command:Invoking command in '/home/wen/Desktop/as project/autonomoussystems2025/ros2_ws/build/simulation': AMENT_PREFIX_PATH=/home/wen/chall/install/mav_msgs:${AMENT_PREFIX_PATH} CMAKE_PREFIX_PATH=/home/wen/Desktop/as project/autonomoussystems2025/ros2_ws/install/mav_msgs:/home/wen/Desktop/as project/autonomoussystems2025/ros2_ws/install/takeoff_pkg:/home/wen/Desktop/as project/autonomoussystems2025/ros2_ws/install/simulation:/home/wen/Desktop/as project/autonomoussystems2025/ros2_ws/install/mav_planning_msgs:/home/wen/Desktop/as project/autonomoussystems2025/ros2_ws/install/controller_pkg:/home/wen/Desktop/as project/autonomoussystems2025/ros2_ws/install/mapping_pkg:/home/wen/ws/install/trajectory_planner_pkg:/home/wen/ws/install/state_estimator_pkg:/home/wen/ws/install/simulation:/home/wen/ws/install/mission_planner_pkg:/home/wen/ws/install/mav_planning_msgs:/home/wen/ws/install/controller_pkg:/home/wen/ws/install/mav_msgs:/opt/ros/jazzy/opt/gz_math_vendor:/opt/ros/jazzy/opt/gz_utils_vendor:/opt/ros/jazzy/opt/gz_cmake_vendor:/opt/ros/jazzy DEBUGINFOD_URLS=https://debuginfod.ubuntu.com LD_LIBRARY_PATH=/home/wen/chall/install/mav_msgs/lib:/home/wen/Desktop/as project/autonomoussystems2025/ros2_ws/install/mav_msgs/lib:/home/wen/Desktop/as project/autonomoussystems2025/ros2_ws/install/simulation/lib:/home/wen/Desktop/as project/autonomoussystems2025/ros2_ws/install/mav_planning_msgs/lib:/home/wen/Desktop/as project/autonomoussystems2025/ros2_ws/install/controller_pkg/lib:/home/wen/ws/install/simulation/lib:/home/wen/ws/install/mav_planning_msgs/lib:/home/wen/ws/install/controller_pkg/lib:/home/wen/ws/install/mav_msgs/lib:/opt/ros/jazzy/opt/rviz_ogre_vendor/lib:/opt/ros/jazzy/lib/x86_64-linux-gnu:/opt/ros/jazzy/opt/gz_math_vendor/lib:/opt/ros/jazzy/opt/gz_utils_vendor/lib:/opt/ros/jazzy/opt/gz_cmake_vendor/lib:/opt/ros/jazzy/lib PYTHONPATH=/home/wen/chall/install/mav_msgs/lib/python3.12/site-packages:/home/wen/Desktop/as project/autonomoussystems2025/ros2_ws/install/mav_msgs/lib/python3.12/site-packages:/home/wen/Desktop/as project/autonomoussystems2025/ros2_ws/install/mav_planning_msgs/lib/python3.12/site-packages:/home/wen/ws/install/mav_planning_msgs/lib/python3.12/site-packages:/home/wen/ws/install/mav_msgs/lib/python3.12/site-packages:/opt/ros/jazzy/lib/python3.12/site-packages /usr/bin/cmake --build /home/wen/Desktop/as project/autonomoussystems2025/ros2_ws/build/simulation -- -j4 -l4
