[0.014s] Invoking command in '/home/wen/chall/build/simulation': AMENT_PREFIX_PATH=/home/wen/chall/install/mav_msgs:${AMENT_PREFIX_PATH} CMAKE_PREFIX_PATH=/home/wen/chall/install/mav_msgs:/home/wen/ws/install/trajectory_planner_pkg:/home/wen/ws/install/state_estimator_pkg:/home/wen/ws/install/simulation:/home/wen/ws/install/mission_planner_pkg:/home/wen/ws/install/mav_planning_msgs:/home/wen/ws/install/controller_pkg:/home/wen/ws/install/mav_msgs:/opt/ros/jazzy/opt/gz_math_vendor:/opt/ros/jazzy/opt/gz_utils_vendor:/opt/ros/jazzy/opt/gz_cmake_vendor:/opt/ros/jazzy DEBUGINFOD_URLS=https://debuginfod.ubuntu.com LD_LIBRARY_PATH=/home/wen/chall/install/mav_msgs/lib:${LD_LIBRARY_PATH} PYTHONPATH=/home/wen/chall/install/mav_msgs/lib/python3.12/site-packages:${PYTHONPATH} /usr/bin/cmake --build /home/wen/chall/build/simulation -- -j4 -l4
[0.078s] [ 44%] Built target libsocket
[0.101s] [ 55%] Built target tcpstreamreader
[0.107s] [ 66%] Built target state_estimate_corruptor_node
[0.109s] [ 77%] Built target w_to_unity
[0.121s] [ 88%] Built target tcpimage
[0.170s] [100%] Built target unity_ros
[0.180s] Invoked command in '/home/wen/chall/build/simulation' returned '0': AMENT_PREFIX_PATH=/home/wen/chall/install/mav_msgs:${AMENT_PREFIX_PATH} CMAKE_PREFIX_PATH=/home/wen/chall/install/mav_msgs:/home/wen/ws/install/trajectory_planner_pkg:/home/wen/ws/install/state_estimator_pkg:/home/wen/ws/install/simulation:/home/wen/ws/install/mission_planner_pkg:/home/wen/ws/install/mav_planning_msgs:/home/wen/ws/install/controller_pkg:/home/wen/ws/install/mav_msgs:/opt/ros/jazzy/opt/gz_math_vendor:/opt/ros/jazzy/opt/gz_utils_vendor:/opt/ros/jazzy/opt/gz_cmake_vendor:/opt/ros/jazzy DEBUGINFOD_URLS=https://debuginfod.ubuntu.com LD_LIBRARY_PATH=/home/wen/chall/install/mav_msgs/lib:${LD_LIBRARY_PATH} PYTHONPATH=/home/wen/chall/install/mav_msgs/lib/python3.12/site-packages:${PYTHONPATH} /usr/bin/cmake --build /home/wen/chall/build/simulation -- -j4 -l4
[0.184s] Invoking command in '/home/wen/chall/build/simulation': AMENT_PREFIX_PATH=/home/wen/chall/install/mav_msgs:${AMENT_PREFIX_PATH} CMAKE_PREFIX_PATH=/home/wen/chall/install/mav_msgs:/home/wen/ws/install/trajectory_planner_pkg:/home/wen/ws/install/state_estimator_pkg:/home/wen/ws/install/simulation:/home/wen/ws/install/mission_planner_pkg:/home/wen/ws/install/mav_planning_msgs:/home/wen/ws/install/controller_pkg:/home/wen/ws/install/mav_msgs:/opt/ros/jazzy/opt/gz_math_vendor:/opt/ros/jazzy/opt/gz_utils_vendor:/opt/ros/jazzy/opt/gz_cmake_vendor:/opt/ros/jazzy DEBUGINFOD_URLS=https://debuginfod.ubuntu.com LD_LIBRARY_PATH=/home/wen/chall/install/mav_msgs/lib:${LD_LIBRARY_PATH} PYTHONPATH=/home/wen/chall/install/mav_msgs/lib/python3.12/site-packages:${PYTHONPATH} /usr/bin/cmake --install /home/wen/chall/build/simulation
[0.190s] -- Install configuration: ""
[0.191s] -- Up-to-date: /home/wen/chall/install/simulation/lib/simulation/w_to_unity
[0.193s] -- Up-to-date: /home/wen/chall/install/simulation/lib/simulation/state_estimate_corruptor_node
[0.194s] -- Up-to-date: /home/wen/chall/install/simulation/lib/simulation/unity_ros
[0.194s] -- Up-to-date: /home/wen/chall/install/simulation/share/simulation/launch
[0.195s] -- Up-to-date: /home/wen/chall/install/simulation/share/simulation/launch/unity_ros.launch.py
[0.195s] -- Up-to-date: /home/wen/chall/install/simulation/share/simulation/launch/simulation.launch.py
[0.195s] -- Up-to-date: /home/wen/chall/install/simulation/share/simulation/launch/unity_sim.launch.py
[0.200s] -- Up-to-date: /home/wen/chall/install/simulation/share/ament_index/resource_index/package_run_dependencies/simulation
[0.201s] -- Up-to-date: /home/wen/chall/install/simulation/share/ament_index/resource_index/parent_prefix_path/simulation
[0.201s] -- Up-to-date: /home/wen/chall/install/simulation/share/simulation/environment/ament_prefix_path.sh
[0.201s] -- Up-to-date: /home/wen/chall/install/simulation/share/simulation/environment/ament_prefix_path.dsv
[0.201s] -- Up-to-date: /home/wen/chall/install/simulation/share/simulation/environment/path.sh
[0.201s] -- Up-to-date: /home/wen/chall/install/simulation/share/simulation/environment/path.dsv
[0.201s] -- Up-to-date: /home/wen/chall/install/simulation/share/simulation/local_setup.bash
[0.201s] -- Up-to-date: /home/wen/chall/install/simulation/share/simulation/local_setup.sh
[0.202s] -- Up-to-date: /home/wen/chall/install/simulation/share/simulation/local_setup.zsh
[0.202s] -- Up-to-date: /home/wen/chall/install/simulation/share/simulation/local_setup.dsv
[0.202s] -- Installing: /home/wen/chall/install/simulation/share/simulation/package.dsv
[0.202s] -- Up-to-date: /home/wen/chall/install/simulation/share/ament_index/resource_index/packages/simulation
[0.203s] -- Up-to-date: /home/wen/chall/install/simulation/share/simulation/cmake/ament_cmake_export_dependencies-extras.cmake
[0.203s] -- Up-to-date: /home/wen/chall/install/simulation/share/simulation/cmake/simulationConfig.cmake
[0.203s] -- Up-to-date: /home/wen/chall/install/simulation/share/simulation/cmake/simulationConfig-version.cmake
[0.203s] -- Up-to-date: /home/wen/chall/install/simulation/share/simulation/package.xml
[0.205s] Invoked command in '/home/wen/chall/build/simulation' returned '0': AMENT_PREFIX_PATH=/home/wen/chall/install/mav_msgs:${AMENT_PREFIX_PATH} CMAKE_PREFIX_PATH=/home/wen/chall/install/mav_msgs:/home/wen/ws/install/trajectory_planner_pkg:/home/wen/ws/install/state_estimator_pkg:/home/wen/ws/install/simulation:/home/wen/ws/install/mission_planner_pkg:/home/wen/ws/install/mav_planning_msgs:/home/wen/ws/install/controller_pkg:/home/wen/ws/install/mav_msgs:/opt/ros/jazzy/opt/gz_math_vendor:/opt/ros/jazzy/opt/gz_utils_vendor:/opt/ros/jazzy/opt/gz_cmake_vendor:/opt/ros/jazzy DEBUGINFOD_URLS=https://debuginfod.ubuntu.com LD_LIBRARY_PATH=/home/wen/chall/install/mav_msgs/lib:${LD_LIBRARY_PATH} PYTHONPATH=/home/wen/chall/install/mav_msgs/lib/python3.12/site-packages:${PYTHONPATH} /usr/bin/cmake --install /home/wen/chall/build/simulation
