-- The C compiler identification is GNU 13.3.0
-- The CXX compiler identification is GNU 13.3.0
-- Detecting C compiler ABI info
-- Detecting C compiler ABI info - done
-- Check for working C compiler: /usr/bin/cc - skipped
-- Detecting C compile features
-- Detecting C compile features - done
-- Detecting CXX compiler ABI info
-- Detecting CXX compiler ABI info - done
-- Check for working CXX compiler: /usr/bin/c++ - skipped
-- Detecting CXX compile features
-- Detecting CXX compile features - done
-- Found ament_cmake: 2.5.5 (/opt/ros/jazzy/share/ament_cmake/cmake)
-- Found Python3: /usr/bin/python3 (found version "3.12.3") found components: Interpreter 
-- Found rclcpp: 28.1.16 (/opt/ros/jazzy/share/rclcpp/cmake)
-- Found rosidl_generator_c: 4.6.7 (/opt/ros/jazzy/share/rosidl_generator_c/cmake)
-- Found rosidl_generator_cpp: 4.6.7 (/opt/ros/jazzy/share/rosidl_generator_cpp/cmake)
-- Using all available rosidl_typesupport_c: rosidl_typesupport_fastrtps_c;rosidl_typesupport_introspection_c
-- Using all available rosidl_typesupport_cpp: rosidl_typesupport_fastrtps_cpp;rosidl_typesupport_introspection_cpp
-- Found rmw_implementation_cmake: 7.3.3 (/opt/ros/jazzy/share/rmw_implementation_cmake/cmake)
-- Found rmw_fastrtps_cpp: 8.4.3 (/opt/ros/jazzy/share/rmw_fastrtps_cpp/cmake)
-- Found OpenSSL: /usr/lib/x86_64-linux-gnu/libcrypto.so (found version "3.0.13")  
-- Found FastRTPS: /opt/ros/jazzy/include (Required is at least version "2.13") 
-- Using RMW implementation 'rmw_fastrtps_cpp' as default
-- Found sensor_msgs: 5.3.6 (/opt/ros/jazzy/share/sensor_msgs/cmake)
-- Found nav_msgs: 5.3.6 (/opt/ros/jazzy/share/nav_msgs/cmake)
-- Found tf2_ros: 0.36.19 (/opt/ros/jazzy/share/tf2_ros/cmake)
-- Found ament_lint_auto: 0.17.4 (/opt/ros/jazzy/share/ament_lint_auto/cmake)
-- Added test 'flake8' to check Python code syntax and style conventions
-- Configured 'flake8' exclude dirs and/or files: 
-- Added test 'lint_cmake' to check CMake code style
-- Added test 'pep257' to check Python code against some of the docstring style conventions in PEP 257
-- Added test 'xmllint' to check XML markup files
-- Configuring done (0.9s)
-- Generating done (0.0s)
-- Build files have been written to: /home/wen/chall/build/mapping_pkg
-- Install configuration: ""
-- Installing: /home/wen/chall/install/mapping_pkg/share/mapping_pkg/launch
-- Installing: /home/wen/chall/install/mapping_pkg/share/mapping_pkg/launch/__pycache__
-- Installing: /home/wen/chall/install/mapping_pkg/share/mapping_pkg/launch/__pycache__/pointcloud.launch.cpython-312.pyc
-- Installing: /home/wen/chall/install/mapping_pkg/share/mapping_pkg/launch/pointcloud.launch.py
-- Installing: /home/wen/chall/install/mapping_pkg/share/mapping_pkg/launch/mapping.launch.py
-- Installing: /home/wen/chall/install/mapping_pkg/share/mapping_pkg/launch/octomap.launch.py
-- Installing: /home/wen/chall/install/mapping_pkg/share/mapping_pkg/config
-- Installing: /home/wen/chall/install/mapping_pkg/share/mapping_pkg/config/voxel_params.yaml
-- Installing: /home/wen/chall/install/mapping_pkg/share/mapping_pkg/config/octomap_params.yaml
-- Installing: /home/wen/chall/install/mapping_pkg/share/ament_index/resource_index/package_run_dependencies/mapping_pkg
-- Installing: /home/wen/chall/install/mapping_pkg/share/ament_index/resource_index/parent_prefix_path/mapping_pkg
-- Installing: /home/wen/chall/install/mapping_pkg/share/mapping_pkg/environment/ament_prefix_path.sh
-- Installing: /home/wen/chall/install/mapping_pkg/share/mapping_pkg/environment/ament_prefix_path.dsv
-- Installing: /home/wen/chall/install/mapping_pkg/share/mapping_pkg/environment/path.sh
-- Installing: /home/wen/chall/install/mapping_pkg/share/mapping_pkg/environment/path.dsv
-- Installing: /home/wen/chall/install/mapping_pkg/share/mapping_pkg/local_setup.bash
-- Installing: /home/wen/chall/install/mapping_pkg/share/mapping_pkg/local_setup.sh
-- Installing: /home/wen/chall/install/mapping_pkg/share/mapping_pkg/local_setup.zsh
-- Installing: /home/wen/chall/install/mapping_pkg/share/mapping_pkg/local_setup.dsv
-- Installing: /home/wen/chall/install/mapping_pkg/share/mapping_pkg/package.dsv
-- Installing: /home/wen/chall/install/mapping_pkg/share/ament_index/resource_index/packages/mapping_pkg
-- Installing: /home/wen/chall/install/mapping_pkg/share/mapping_pkg/cmake/mapping_pkgConfig.cmake
-- Installing: /home/wen/chall/install/mapping_pkg/share/mapping_pkg/cmake/mapping_pkgConfig-version.cmake
-- Installing: /home/wen/chall/install/mapping_pkg/share/mapping_pkg/package.xml
