[0.009s] Invoking command in '/home/wen/chall/build/mapping_pkg': CMAKE_PREFIX_PATH=${CMAKE_PREFIX_PATH}:/opt/ros/jazzy DEBUGINFOD_URLS=https://debuginfod.ubuntu.com /usr/bin/cmake /home/wen/chall/src/mapping_pkg -DCMAKE_INSTALL_PREFIX=/home/wen/chall/install/mapping_pkg
[0.050s] -- The C compiler identification is GNU 13.3.0
[0.089s] -- The CXX compiler identification is GNU 13.3.0
[0.104s] -- Detecting C compiler ABI info
[0.164s] -- Detecting C compiler ABI info - done
[0.170s] -- Check for working C compiler: /usr/bin/cc - skipped
[0.170s] -- Detecting C compile features
[0.170s] -- Detecting C compile features - done
[0.177s] -- Detecting CXX compiler ABI info
[0.249s] -- Detecting CXX compiler ABI info - done
[0.255s] -- Check for working CXX compiler: /usr/bin/c++ - skipped
[0.255s] -- Detecting CXX compile features
[0.255s] -- Detecting CXX compile features - done
[0.257s] -- Found ament_cmake: 2.5.5 (/opt/ros/jazzy/share/ament_cmake/cmake)
[0.360s] -- Found Python3: /usr/bin/python3 (found version "3.12.3") found components: Interpreter 
[0.433s] -- Found rclcpp: 28.1.16 (/opt/ros/jazzy/share/rclcpp/cmake)
[0.459s] -- Found rosidl_generator_c: 4.6.7 (/opt/ros/jazzy/share/rosidl_generator_c/cmake)
[0.468s] -- Found rosidl_generator_cpp: 4.6.7 (/opt/ros/jazzy/share/rosidl_generator_cpp/cmake)
[0.479s] -- Using all available rosidl_typesupport_c: rosidl_typesupport_fastrtps_c;rosidl_typesupport_introspection_c
[0.491s] -- Using all available rosidl_typesupport_cpp: rosidl_typesupport_fastrtps_cpp;rosidl_typesupport_introspection_cpp
[0.542s] -- Found rmw_implementation_cmake: 7.3.3 (/opt/ros/jazzy/share/rmw_implementation_cmake/cmake)
[0.545s] -- Found rmw_fastrtps_cpp: 8.4.3 (/opt/ros/jazzy/share/rmw_fastrtps_cpp/cmake)
[0.603s] -- Found OpenSSL: /usr/lib/x86_64-linux-gnu/libcrypto.so (found version "3.0.13")  
[0.619s] -- Found FastRTPS: /opt/ros/jazzy/include (Required is at least version "2.13") 
[0.635s] -- Using RMW implementation 'rmw_fastrtps_cpp' as default
[0.683s] -- Found sensor_msgs: 5.3.6 (/opt/ros/jazzy/share/sensor_msgs/cmake)
[0.722s] -- Found nav_msgs: 5.3.6 (/opt/ros/jazzy/share/nav_msgs/cmake)
[0.739s] -- Found tf2_ros: 0.36.19 (/opt/ros/jazzy/share/tf2_ros/cmake)
[0.825s] -- Found ament_lint_auto: 0.17.4 (/opt/ros/jazzy/share/ament_lint_auto/cmake)
[0.901s] -- Added test 'flake8' to check Python code syntax and style conventions
[0.902s] -- Configured 'flake8' exclude dirs and/or files: 
[0.902s] -- Added test 'lint_cmake' to check CMake code style
[0.902s] -- Added test 'pep257' to check Python code against some of the docstring style conventions in PEP 257
[0.903s] -- Added test 'xmllint' to check XML markup files
[0.905s] -- Configuring done (0.9s)
[0.910s] -- Generating done (0.0s)
[0.911s] -- Build files have been written to: /home/wen/chall/build/mapping_pkg
[0.919s] Invoked command in '/home/wen/chall/build/mapping_pkg' returned '0': CMAKE_PREFIX_PATH=${CMAKE_PREFIX_PATH}:/opt/ros/jazzy DEBUGINFOD_URLS=https://debuginfod.ubuntu.com /usr/bin/cmake /home/wen/chall/src/mapping_pkg -DCMAKE_INSTALL_PREFIX=/home/wen/chall/install/mapping_pkg
[0.920s] Invoking command in '/home/wen/chall/build/mapping_pkg': CMAKE_PREFIX_PATH=${CMAKE_PREFIX_PATH}:/opt/ros/jazzy DEBUGINFOD_URLS=https://debuginfod.ubuntu.com /usr/bin/cmake --build /home/wen/chall/build/mapping_pkg -- -j4 -l4
[0.960s] Invoked command in '/home/wen/chall/build/mapping_pkg' returned '0': CMAKE_PREFIX_PATH=${CMAKE_PREFIX_PATH}:/opt/ros/jazzy DEBUGINFOD_URLS=https://debuginfod.ubuntu.com /usr/bin/cmake --build /home/wen/chall/build/mapping_pkg -- -j4 -l4
[0.966s] Invoking command in '/home/wen/chall/build/mapping_pkg': CMAKE_PREFIX_PATH=${CMAKE_PREFIX_PATH}:/opt/ros/jazzy DEBUGINFOD_URLS=https://debuginfod.ubuntu.com /usr/bin/cmake --install /home/wen/chall/build/mapping_pkg
[0.973s] -- Install configuration: ""
[0.973s] -- Installing: /home/wen/chall/install/mapping_pkg/share/mapping_pkg/launch
[0.973s] -- Installing: /home/wen/chall/install/mapping_pkg/share/mapping_pkg/launch/__pycache__
[0.973s] -- Installing: /home/wen/chall/install/mapping_pkg/share/mapping_pkg/launch/__pycache__/pointcloud.launch.cpython-312.pyc
[0.973s] -- Installing: /home/wen/chall/install/mapping_pkg/share/mapping_pkg/launch/pointcloud.launch.py
[0.973s] -- Installing: /home/wen/chall/install/mapping_pkg/share/mapping_pkg/launch/mapping.launch.py
[0.973s] -- Installing: /home/wen/chall/install/mapping_pkg/share/mapping_pkg/launch/octomap.launch.py
[0.974s] -- Installing: /home/wen/chall/install/mapping_pkg/share/mapping_pkg/config
[0.974s] -- Installing: /home/wen/chall/install/mapping_pkg/share/mapping_pkg/config/voxel_params.yaml
[0.974s] -- Installing: /home/wen/chall/install/mapping_pkg/share/mapping_pkg/config/octomap_params.yaml
[0.975s] -- Installing: /home/wen/chall/install/mapping_pkg/share/ament_index/resource_index/package_run_dependencies/mapping_pkg
[0.975s] -- Installing: /home/wen/chall/install/mapping_pkg/share/ament_index/resource_index/parent_prefix_path/mapping_pkg
[0.975s] -- Installing: /home/wen/chall/install/mapping_pkg/share/mapping_pkg/environment/ament_prefix_path.sh
[0.975s] -- Installing: /home/wen/chall/install/mapping_pkg/share/mapping_pkg/environment/ament_prefix_path.dsv
[0.975s] -- Installing: /home/wen/chall/install/mapping_pkg/share/mapping_pkg/environment/path.sh
[0.975s] -- Installing: /home/wen/chall/install/mapping_pkg/share/mapping_pkg/environment/path.dsv
[0.976s] -- Installing: /home/wen/chall/install/mapping_pkg/share/mapping_pkg/local_setup.bash
[0.976s] -- Installing: /home/wen/chall/install/mapping_pkg/share/mapping_pkg/local_setup.sh
[0.976s] -- Installing: /home/wen/chall/install/mapping_pkg/share/mapping_pkg/local_setup.zsh
[0.976s] -- Installing: /home/wen/chall/install/mapping_pkg/share/mapping_pkg/local_setup.dsv
[0.976s] -- Installing: /home/wen/chall/install/mapping_pkg/share/mapping_pkg/package.dsv
[0.976s] -- Installing: /home/wen/chall/install/mapping_pkg/share/ament_index/resource_index/packages/mapping_pkg
[0.976s] -- Installing: /home/wen/chall/install/mapping_pkg/share/mapping_pkg/cmake/mapping_pkgConfig.cmake
[0.976s] -- Installing: /home/wen/chall/install/mapping_pkg/share/mapping_pkg/cmake/mapping_pkgConfig-version.cmake
[0.976s] -- Installing: /home/wen/chall/install/mapping_pkg/share/mapping_pkg/package.xml
[0.977s] Invoked command in '/home/wen/chall/build/mapping_pkg' returned '0': CMAKE_PREFIX_PATH=${CMAKE_PREFIX_PATH}:/opt/ros/jazzy DEBUGINFOD_URLS=https://debuginfod.ubuntu.com /usr/bin/cmake --install /home/wen/chall/build/mapping_pkg
