[0.013s] Invoking command in '/home/wen/chall/build/controller_pkg': AMENT_PREFIX_PATH=/home/wen/chall/install/mav_msgs:${AMENT_PREFIX_PATH} CMAKE_PREFIX_PATH=/home/wen/chall/install/mav_msgs:/home/wen/ws/install/trajectory_planner_pkg:/home/wen/ws/install/state_estimator_pkg:/home/wen/ws/install/simulation:/home/wen/ws/install/mission_planner_pkg:/home/wen/ws/install/mav_planning_msgs:/home/wen/ws/install/controller_pkg:/home/wen/ws/install/mav_msgs:/opt/ros/jazzy/opt/gz_math_vendor:/opt/ros/jazzy/opt/gz_utils_vendor:/opt/ros/jazzy/opt/gz_cmake_vendor:/opt/ros/jazzy DEBUGINFOD_URLS=https://debuginfod.ubuntu.com LD_LIBRARY_PATH=/home/wen/chall/install/mav_msgs/lib:${LD_LIBRARY_PATH} PYTHONPATH=/home/wen/chall/install/mav_msgs/lib/python3.12/site-packages:${PYTHONPATH} /usr/bin/cmake --build /home/wen/chall/build/controller_pkg -- -j4 -l4
[0.083s] [100%] Built target controller_node
[0.091s] Invoked command in '/home/wen/chall/build/controller_pkg' returned '0': AMENT_PREFIX_PATH=/home/wen/chall/install/mav_msgs:${AMENT_PREFIX_PATH} CMAKE_PREFIX_PATH=/home/wen/chall/install/mav_msgs:/home/wen/ws/install/trajectory_planner_pkg:/home/wen/ws/install/state_estimator_pkg:/home/wen/ws/install/simulation:/home/wen/ws/install/mission_planner_pkg:/home/wen/ws/install/mav_planning_msgs:/home/wen/ws/install/controller_pkg:/home/wen/ws/install/mav_msgs:/opt/ros/jazzy/opt/gz_math_vendor:/opt/ros/jazzy/opt/gz_utils_vendor:/opt/ros/jazzy/opt/gz_cmake_vendor:/opt/ros/jazzy DEBUGINFOD_URLS=https://debuginfod.ubuntu.com LD_LIBRARY_PATH=/home/wen/chall/install/mav_msgs/lib:${LD_LIBRARY_PATH} PYTHONPATH=/home/wen/chall/install/mav_msgs/lib/python3.12/site-packages:${PYTHONPATH} /usr/bin/cmake --build /home/wen/chall/build/controller_pkg -- -j4 -l4
[0.094s] Invoking command in '/home/wen/chall/build/controller_pkg': AMENT_PREFIX_PATH=/home/wen/chall/install/mav_msgs:${AMENT_PREFIX_PATH} CMAKE_PREFIX_PATH=/home/wen/chall/install/mav_msgs:/home/wen/ws/install/trajectory_planner_pkg:/home/wen/ws/install/state_estimator_pkg:/home/wen/ws/install/simulation:/home/wen/ws/install/mission_planner_pkg:/home/wen/ws/install/mav_planning_msgs:/home/wen/ws/install/controller_pkg:/home/wen/ws/install/mav_msgs:/opt/ros/jazzy/opt/gz_math_vendor:/opt/ros/jazzy/opt/gz_utils_vendor:/opt/ros/jazzy/opt/gz_cmake_vendor:/opt/ros/jazzy DEBUGINFOD_URLS=https://debuginfod.ubuntu.com LD_LIBRARY_PATH=/home/wen/chall/install/mav_msgs/lib:${LD_LIBRARY_PATH} PYTHONPATH=/home/wen/chall/install/mav_msgs/lib/python3.12/site-packages:${PYTHONPATH} /usr/bin/cmake --install /home/wen/chall/build/controller_pkg
[0.102s] -- Install configuration: ""
[0.102s] -- Up-to-date: /home/wen/chall/install/controller_pkg/lib/controller_pkg/controller_node
[0.102s] -- Up-to-date: /home/wen/chall/install/controller_pkg/lib/libcontroller_lib.so
[0.105s] -- Up-to-date: /home/wen/chall/install/controller_pkg/include/controller_pkg
[0.106s] -- Up-to-date: /home/wen/chall/install/controller_pkg/include/controller_pkg/controller_pkg
[0.106s] -- Up-to-date: /home/wen/chall/install/controller_pkg/include/controller_pkg/controller_pkg/controller_node.hpp
[0.107s] -- Up-to-date: /home/wen/chall/install/controller_pkg/share/controller_pkg/launch
[0.108s] -- Up-to-date: /home/wen/chall/install/controller_pkg/share/controller_pkg/launch/controller.launch.py
[0.108s] -- Up-to-date: /home/wen/chall/install/controller_pkg/share/controller_pkg/config
[0.108s] -- Up-to-date: /home/wen/chall/install/controller_pkg/share/controller_pkg/config/controller_params.yaml
[0.110s] -- Up-to-date: /home/wen/chall/install/controller_pkg/share/ament_index/resource_index/package_run_dependencies/controller_pkg
[0.110s] -- Up-to-date: /home/wen/chall/install/controller_pkg/share/ament_index/resource_index/parent_prefix_path/controller_pkg
[0.111s] -- Up-to-date: /home/wen/chall/install/controller_pkg/share/controller_pkg/environment/ament_prefix_path.sh
[0.111s] -- Up-to-date: /home/wen/chall/install/controller_pkg/share/controller_pkg/environment/ament_prefix_path.dsv
[0.111s] -- Up-to-date: /home/wen/chall/install/controller_pkg/share/controller_pkg/environment/path.sh
[0.111s] -- Up-to-date: /home/wen/chall/install/controller_pkg/share/controller_pkg/environment/path.dsv
[0.111s] -- Up-to-date: /home/wen/chall/install/controller_pkg/share/controller_pkg/local_setup.bash
[0.112s] -- Up-to-date: /home/wen/chall/install/controller_pkg/share/controller_pkg/local_setup.sh
[0.112s] -- Up-to-date: /home/wen/chall/install/controller_pkg/share/controller_pkg/local_setup.zsh
[0.112s] -- Up-to-date: /home/wen/chall/install/controller_pkg/share/controller_pkg/local_setup.dsv
[0.112s] -- Installing: /home/wen/chall/install/controller_pkg/share/controller_pkg/package.dsv
[0.114s] -- Up-to-date: /home/wen/chall/install/controller_pkg/share/ament_index/resource_index/packages/controller_pkg
[0.114s] -- Up-to-date: /home/wen/chall/install/controller_pkg/share/controller_pkg/cmake/ament_cmake_export_dependencies-extras.cmake
[0.114s] -- Up-to-date: /home/wen/chall/install/controller_pkg/share/controller_pkg/cmake/controller_pkgConfig.cmake
[0.114s] -- Up-to-date: /home/wen/chall/install/controller_pkg/share/controller_pkg/cmake/controller_pkgConfig-version.cmake
[0.114s] -- Up-to-date: /home/wen/chall/install/controller_pkg/share/controller_pkg/package.xml
[0.116s] Invoked command in '/home/wen/chall/build/controller_pkg' returned '0': AMENT_PREFIX_PATH=/home/wen/chall/install/mav_msgs:${AMENT_PREFIX_PATH} CMAKE_PREFIX_PATH=/home/wen/chall/install/mav_msgs:/home/wen/ws/install/trajectory_planner_pkg:/home/wen/ws/install/state_estimator_pkg:/home/wen/ws/install/simulation:/home/wen/ws/install/mission_planner_pkg:/home/wen/ws/install/mav_planning_msgs:/home/wen/ws/install/controller_pkg:/home/wen/ws/install/mav_msgs:/opt/ros/jazzy/opt/gz_math_vendor:/opt/ros/jazzy/opt/gz_utils_vendor:/opt/ros/jazzy/opt/gz_cmake_vendor:/opt/ros/jazzy DEBUGINFOD_URLS=https://debuginfod.ubuntu.com LD_LIBRARY_PATH=/home/wen/chall/install/mav_msgs/lib:${LD_LIBRARY_PATH} PYTHONPATH=/home/wen/chall/install/mav_msgs/lib/python3.12/site-packages:${PYTHONPATH} /usr/bin/cmake --install /home/wen/chall/build/controller_pkg
