[0.019s] Invoking command in '/home/wen/Desktop/as project/autonomoussystems2025/ros2_ws/build/mav_planning_msgs': AMENT_PREFIX_PATH=/home/wen/chall/install/mav_msgs:${AMENT_PREFIX_PATH} CMAKE_PREFIX_PATH=/home/wen/Desktop/as project/autonomoussystems2025/ros2_ws/install/mav_msgs:/home/wen/Desktop/as project/install/takeoff_pkg:/home/wen/Desktop/as project/install/simulation:/home/wen/Desktop/as project/install/mav_planning_msgs:/home/wen/Desktop/as project/install/controller_pkg:/home/wen/Desktop/as project/install/mav_msgs:/home/wen/Desktop/as project/install/mapping_pkg:/home/wen/ws/install/trajectory_planner_pkg:/home/wen/ws/install/state_estimator_pkg:/home/wen/ws/install/simulation:/home/wen/ws/install/mission_planner_pkg:/home/wen/ws/install/mav_planning_msgs:/home/wen/ws/install/controller_pkg:/home/wen/ws/install/mav_msgs:/opt/ros/jazzy/opt/gz_math_vendor:/opt/ros/jazzy/opt/gz_utils_vendor:/opt/ros/jazzy/opt/gz_cmake_vendor:/opt/ros/jazzy DEBUGINFOD_URLS=https://debuginfod.ubuntu.com LD_LIBRARY_PATH=/home/wen/chall/install/mav_msgs/lib:/home/wen/Desktop/as project/autonomoussystems2025/ros2_ws/install/mav_msgs/lib:${LD_LIBRARY_PATH} PYTHONPATH=/home/wen/chall/install/mav_msgs/lib/python3.12/site-packages:/home/wen/Desktop/as project/autonomoussystems2025/ros2_ws/install/mav_msgs/lib/python3.12/site-packages:${PYTHONPATH} /usr/bin/cmake --build /home/wen/Desktop/as project/autonomoussystems2025/ros2_ws/build/mav_planning_msgs -- -j4 -l4
[0.027s] [0mCMake Error: The current CMakeCache.txt directory /home/wen/Desktop/as project/autonomoussystems2025/ros2_ws/build/mav_planning_msgs/CMakeCache.txt is different than the directory /home/wen/chall/build/mav_planning_msgs where CMakeCache.txt was created. This may result in binaries being created in the wrong place. If you are not sure, reedit the CMakeCache.txt[0m
[0.088s] [  1%] Built target mav_planning_msgs__rosidl_generator_type_description
[0.119s] [  1%] Built target ament_cmake_python_copy_mav_planning_msgs
[0.128s] [  1%] Built target mav_planning_msgs__cpp
[0.131s] [ 27%] Built target mav_planning_msgs__rosidl_generator_c
[0.171s] [ 37%] Built target mav_planning_msgs__rosidl_typesupport_fastrtps_c
[0.177s] [ 47%] Built target mav_planning_msgs__rosidl_typesupport_introspection_c
[0.185s] [ 56%] Built target mav_planning_msgs__rosidl_typesupport_cpp
[0.209s] [ 66%] Built target mav_planning_msgs__rosidl_typesupport_c
[0.223s] [ 76%] Built target mav_planning_msgs__rosidl_typesupport_fastrtps_cpp
[0.238s] [ 85%] Built target mav_planning_msgs__rosidl_typesupport_introspection_cpp
[0.263s] [ 85%] Built target mav_planning_msgs
[0.275s] running egg_info
[0.285s] [ 86%] Built target mav_planning_msgs__py
[0.285s] writing mav_planning_msgs.egg-info/PKG-INFO
[0.285s] writing dependency_links to mav_planning_msgs.egg-info/dependency_links.txt
[0.285s] writing top-level names to mav_planning_msgs.egg-info/top_level.txt
[0.316s] [ 95%] Built target mav_planning_msgs__rosidl_generator_py
[0.320s] reading manifest file 'mav_planning_msgs.egg-info/SOURCES.txt'
[0.322s] writing manifest file 'mav_planning_msgs.egg-info/SOURCES.txt'
[0.346s] [ 97%] Built target ament_cmake_python_build_mav_planning_msgs_egg
[0.346s] [ 98%] Built target mav_planning_msgs_s__rosidl_typesupport_introspection_c
[0.347s] [ 98%] Built target mav_planning_msgs_s__rosidl_typesupport_fastrtps_c
[0.347s] [100%] Built target mav_planning_msgs_s__rosidl_typesupport_c
[0.356s] Invoked command in '/home/wen/Desktop/as project/autonomoussystems2025/ros2_ws/build/mav_planning_msgs' returned '0': AMENT_PREFIX_PATH=/home/wen/chall/install/mav_msgs:${AMENT_PREFIX_PATH} CMAKE_PREFIX_PATH=/home/wen/Desktop/as project/autonomoussystems2025/ros2_ws/install/mav_msgs:/home/wen/Desktop/as project/install/takeoff_pkg:/home/wen/Desktop/as project/install/simulation:/home/wen/Desktop/as project/install/mav_planning_msgs:/home/wen/Desktop/as project/install/controller_pkg:/home/wen/Desktop/as project/install/mav_msgs:/home/wen/Desktop/as project/install/mapping_pkg:/home/wen/ws/install/trajectory_planner_pkg:/home/wen/ws/install/state_estimator_pkg:/home/wen/ws/install/simulation:/home/wen/ws/install/mission_planner_pkg:/home/wen/ws/install/mav_planning_msgs:/home/wen/ws/install/controller_pkg:/home/wen/ws/install/mav_msgs:/opt/ros/jazzy/opt/gz_math_vendor:/opt/ros/jazzy/opt/gz_utils_vendor:/opt/ros/jazzy/opt/gz_cmake_vendor:/opt/ros/jazzy DEBUGINFOD_URLS=https://debuginfod.ubuntu.com LD_LIBRARY_PATH=/home/wen/chall/install/mav_msgs/lib:/home/wen/Desktop/as project/autonomoussystems2025/ros2_ws/install/mav_msgs/lib:${LD_LIBRARY_PATH} PYTHONPATH=/home/wen/chall/install/mav_msgs/lib/python3.12/site-packages:/home/wen/Desktop/as project/autonomoussystems2025/ros2_ws/install/mav_msgs/lib/python3.12/site-packages:${PYTHONPATH} /usr/bin/cmake --build /home/wen/Desktop/as project/autonomoussystems2025/ros2_ws/build/mav_planning_msgs -- -j4 -l4
[0.359s] Invoking command in '/home/wen/Desktop/as project/autonomoussystems2025/ros2_ws/build/mav_planning_msgs': AMENT_PREFIX_PATH=/home/wen/chall/install/mav_msgs:${AMENT_PREFIX_PATH} CMAKE_PREFIX_PATH=/home/wen/Desktop/as project/autonomoussystems2025/ros2_ws/install/mav_msgs:/home/wen/Desktop/as project/install/takeoff_pkg:/home/wen/Desktop/as project/install/simulation:/home/wen/Desktop/as project/install/mav_planning_msgs:/home/wen/Desktop/as project/install/controller_pkg:/home/wen/Desktop/as project/install/mav_msgs:/home/wen/Desktop/as project/install/mapping_pkg:/home/wen/ws/install/trajectory_planner_pkg:/home/wen/ws/install/state_estimator_pkg:/home/wen/ws/install/simulation:/home/wen/ws/install/mission_planner_pkg:/home/wen/ws/install/mav_planning_msgs:/home/wen/ws/install/controller_pkg:/home/wen/ws/install/mav_msgs:/opt/ros/jazzy/opt/gz_math_vendor:/opt/ros/jazzy/opt/gz_utils_vendor:/opt/ros/jazzy/opt/gz_cmake_vendor:/opt/ros/jazzy DEBUGINFOD_URLS=https://debuginfod.ubuntu.com LD_LIBRARY_PATH=/home/wen/chall/install/mav_msgs/lib:/home/wen/Desktop/as project/autonomoussystems2025/ros2_ws/install/mav_msgs/lib:${LD_LIBRARY_PATH} PYTHONPATH=/home/wen/chall/install/mav_msgs/lib/python3.12/site-packages:/home/wen/Desktop/as project/autonomoussystems2025/ros2_ws/install/mav_msgs/lib/python3.12/site-packages:${PYTHONPATH} /usr/bin/cmake --install /home/wen/Desktop/as project/autonomoussystems2025/ros2_ws/build/mav_planning_msgs
[0.366s] -- Install configuration: ""
[0.367s] -- Up-to-date: /home/wen/chall/install/mav_planning_msgs/share/ament_index/resource_index/rosidl_interfaces/mav_planning_msgs
[0.368s] -- Up-to-date: /home/wen/chall/install/mav_planning_msgs/share/mav_planning_msgs/msg/Point2D.json
[0.368s] -- Up-to-date: /home/wen/chall/install/mav_planning_msgs/share/mav_planning_msgs/msg/PointCloudWithPose.json
[0.368s] -- Up-to-date: /home/wen/chall/install/mav_planning_msgs/share/mav_planning_msgs/msg/Polygon2D.json
[0.368s] -- Up-to-date: /home/wen/chall/install/mav_planning_msgs/share/mav_planning_msgs/msg/PolygonWithHoles.json
[0.368s] -- Up-to-date: /home/wen/chall/install/mav_planning_msgs/share/mav_planning_msgs/msg/PolygonWithHolesStamped.json
[0.368s] -- Up-to-date: /home/wen/chall/install/mav_planning_msgs/share/mav_planning_msgs/msg/PolynomialSegment.json
[0.368s] -- Up-to-date: /home/wen/chall/install/mav_planning_msgs/share/mav_planning_msgs/msg/PolynomialSegment4D.json
[0.368s] -- Up-to-date: /home/wen/chall/install/mav_planning_msgs/share/mav_planning_msgs/msg/PolynomialTrajectory.json
[0.368s] -- Up-to-date: /home/wen/chall/install/mav_planning_msgs/share/mav_planning_msgs/msg/PolynomialTrajectory4D.json
[0.368s] -- Up-to-date: /home/wen/chall/install/mav_planning_msgs/share/mav_planning_msgs/srv/PlannerService.json
[0.369s] -- Up-to-date: /home/wen/chall/install/mav_planning_msgs/share/mav_planning_msgs/srv/PolygonService.json
[0.369s] -- Up-to-date: /home/wen/chall/install/mav_planning_msgs/share/mav_planning_msgs/srv/ChangeNameService.json
[0.369s] -- Up-to-date: /home/wen/chall/install/mav_planning_msgs/include/mav_planning_msgs/mav_planning_msgs
[0.369s] -- Up-to-date: /home/wen/chall/install/mav_planning_msgs/include/mav_planning_msgs/mav_planning_msgs/msg
[0.369s] -- Up-to-date: /home/wen/chall/install/mav_planning_msgs/include/mav_planning_msgs/mav_planning_msgs/msg/point2_d.h
[0.369s] -- Up-to-date: /home/wen/chall/install/mav_planning_msgs/include/mav_planning_msgs/mav_planning_msgs/msg/polygon2_d.h
[0.370s] -- Up-to-date: /home/wen/chall/install/mav_planning_msgs/include/mav_planning_msgs/mav_planning_msgs/msg/detail
[0.370s] -- Up-to-date: /home/wen/chall/install/mav_planning_msgs/include/mav_planning_msgs/mav_planning_msgs/msg/detail/point2_d__description.c
[0.370s] -- Up-to-date: /home/wen/chall/install/mav_planning_msgs/include/mav_planning_msgs/mav_planning_msgs/msg/detail/point_cloud_with_pose__functions.h
[0.370s] -- Up-to-date: /home/wen/chall/install/mav_planning_msgs/include/mav_planning_msgs/mav_planning_msgs/msg/detail/polynomial_trajectory4_d__struct.h
[0.370s] -- Up-to-date: /home/wen/chall/install/mav_planning_msgs/include/mav_planning_msgs/mav_planning_msgs/msg/detail/polynomial_trajectory__struct.h
[0.370s] -- Up-to-date: /home/wen/chall/install/mav_planning_msgs/include/mav_planning_msgs/mav_planning_msgs/msg/detail/polynomial_segment4_d__functions.c
[0.370s] -- Installing: /home/wen/chall/install/mav_planning_msgs/include/mav_planning_msgs/mav_planning_msgs/msg/detail/polynomial_trajectory__type_support.c
[0.370s] -- Up-to-date: /home/wen/chall/install/mav_planning_msgs/include/mav_planning_msgs/mav_planning_msgs/msg/detail/point2_d__functions.c
[0.370s] -- Up-to-date: /home/wen/chall/install/mav_planning_msgs/include/mav_planning_msgs/mav_planning_msgs/msg/detail/point_cloud_with_pose__description.c
[0.371s] -- Up-to-date: /home/wen/chall/install/mav_planning_msgs/include/mav_planning_msgs/mav_planning_msgs/msg/detail/polygon2_d__type_support.h
[0.371s] -- Up-to-date: /home/wen/chall/install/mav_planning_msgs/include/mav_planning_msgs/mav_planning_msgs/msg/detail/point2_d__type_support.h
[0.371s] -- Up-to-date: /home/wen/chall/install/mav_planning_msgs/include/mav_planning_msgs/mav_planning_msgs/msg/detail/polynomial_segment4_d__functions.h
[0.371s] -- Installing: /home/wen/chall/install/mav_planning_msgs/include/mav_planning_msgs/mav_planning_msgs/msg/detail/polygon2_d__type_support.c
[0.371s] -- Up-to-date: /home/wen/chall/install/mav_planning_msgs/include/mav_planning_msgs/mav_planning_msgs/msg/detail/polygon_with_holes_stamped__type_support.h
[0.371s] -- Installing: /home/wen/chall/install/mav_planning_msgs/include/mav_planning_msgs/mav_planning_msgs/msg/detail/polynomial_segment__type_support.c
[0.371s] -- Up-to-date: /home/wen/chall/install/mav_planning_msgs/include/mav_planning_msgs/mav_planning_msgs/msg/detail/polygon_with_holes__functions.c
[0.371s] -- Up-to-date: /home/wen/chall/install/mav_planning_msgs/include/mav_planning_msgs/mav_planning_msgs/msg/detail/polygon_with_holes_stamped__functions.c
[0.371s] -- Up-to-date: /home/wen/chall/install/mav_planning_msgs/include/mav_planning_msgs/mav_planning_msgs/msg/detail/polygon_with_holes__type_support.h
[0.371s] -- Up-to-date: /home/wen/chall/install/mav_planning_msgs/include/mav_planning_msgs/mav_planning_msgs/msg/detail/polynomial_trajectory__type_support.h
[0.371s] -- Up-to-date: /home/wen/chall/install/mav_planning_msgs/include/mav_planning_msgs/mav_planning_msgs/msg/detail/polygon_with_holes__functions.h
[0.371s] -- Up-to-date: /home/wen/chall/install/mav_planning_msgs/include/mav_planning_msgs/mav_planning_msgs/msg/detail/polygon_with_holes_stamped__description.c
[0.372s] -- Up-to-date: /home/wen/chall/install/mav_planning_msgs/include/mav_planning_msgs/mav_planning_msgs/msg/detail/point_cloud_with_pose__functions.c
[0.372s] -- Up-to-date: /home/wen/chall/install/mav_planning_msgs/include/mav_planning_msgs/mav_planning_msgs/msg/detail/polynomial_trajectory4_d__description.c
[0.372s] -- Up-to-date: /home/wen/chall/install/mav_planning_msgs/include/mav_planning_msgs/mav_planning_msgs/msg/detail/polygon_with_holes_stamped__struct.h
[0.372s] -- Installing: /home/wen/chall/install/mav_planning_msgs/include/mav_planning_msgs/mav_planning_msgs/msg/detail/point2_d__type_support.c
[0.372s] -- Installing: /home/wen/chall/install/mav_planning_msgs/include/mav_planning_msgs/mav_planning_msgs/msg/detail/point_cloud_with_pose__type_support.c
[0.372s] -- Up-to-date: /home/wen/chall/install/mav_planning_msgs/include/mav_planning_msgs/mav_planning_msgs/msg/detail/polygon2_d__description.c
[0.372s] -- Up-to-date: /home/wen/chall/install/mav_planning_msgs/include/mav_planning_msgs/mav_planning_msgs/msg/detail/polynomial_segment4_d__struct.h
[0.372s] -- Up-to-date: /home/wen/chall/install/mav_planning_msgs/include/mav_planning_msgs/mav_planning_msgs/msg/detail/polynomial_trajectory4_d__functions.c
[0.372s] -- Installing: /home/wen/chall/install/mav_planning_msgs/include/mav_planning_msgs/mav_planning_msgs/msg/detail/polynomial_segment4_d__type_support.c
[0.373s] -- Up-to-date: /home/wen/chall/install/mav_planning_msgs/include/mav_planning_msgs/mav_planning_msgs/msg/detail/polynomial_segment__type_support.h
[0.373s] -- Installing: /home/wen/chall/install/mav_planning_msgs/include/mav_planning_msgs/mav_planning_msgs/msg/detail/polygon_with_holes_stamped__type_support.c
[0.373s] -- Up-to-date: /home/wen/chall/install/mav_planning_msgs/include/mav_planning_msgs/mav_planning_msgs/msg/detail/polynomial_trajectory4_d__type_support.h
[0.373s] -- Up-to-date: /home/wen/chall/install/mav_planning_msgs/include/mav_planning_msgs/mav_planning_msgs/msg/detail/polygon_with_holes_stamped__functions.h
[0.373s] -- Up-to-date: /home/wen/chall/install/mav_planning_msgs/include/mav_planning_msgs/mav_planning_msgs/msg/detail/polynomial_segment__functions.h
[0.373s] -- Installing: /home/wen/chall/install/mav_planning_msgs/include/mav_planning_msgs/mav_planning_msgs/msg/detail/polynomial_trajectory4_d__type_support.c
[0.373s] -- Up-to-date: /home/wen/chall/install/mav_planning_msgs/include/mav_planning_msgs/mav_planning_msgs/msg/detail/polynomial_segment4_d__description.c
[0.373s] -- Up-to-date: /home/wen/chall/install/mav_planning_msgs/include/mav_planning_msgs/mav_planning_msgs/msg/detail/polygon_with_holes__struct.h
[0.374s] -- Installing: /home/wen/chall/install/mav_planning_msgs/include/mav_planning_msgs/mav_planning_msgs/msg/detail/polygon_with_holes__type_support.c
[0.374s] -- Up-to-date: /home/wen/chall/install/mav_planning_msgs/include/mav_planning_msgs/mav_planning_msgs/msg/detail/point2_d__functions.h
[0.374s] -- Up-to-date: /home/wen/chall/install/mav_planning_msgs/include/mav_planning_msgs/mav_planning_msgs/msg/detail/polynomial_segment__functions.c
[0.374s] -- Up-to-date: /home/wen/chall/install/mav_planning_msgs/include/mav_planning_msgs/mav_planning_msgs/msg/detail/polynomial_trajectory__functions.c
[0.374s] -- Up-to-date: /home/wen/chall/install/mav_planning_msgs/include/mav_planning_msgs/mav_planning_msgs/msg/detail/polynomial_trajectory4_d__functions.h
[0.374s] -- Up-to-date: /home/wen/chall/install/mav_planning_msgs/include/mav_planning_msgs/mav_planning_msgs/msg/detail/polynomial_segment__description.c
[0.374s] -- Up-to-date: /home/wen/chall/install/mav_planning_msgs/include/mav_planning_msgs/mav_planning_msgs/msg/detail/polynomial_segment__struct.h
[0.374s] -- Up-to-date: /home/wen/chall/install/mav_planning_msgs/include/mav_planning_msgs/mav_planning_msgs/msg/detail/polygon_with_holes__description.c
[0.374s] -- Up-to-date: /home/wen/chall/install/mav_planning_msgs/include/mav_planning_msgs/mav_planning_msgs/msg/detail/polygon2_d__struct.h
[0.374s] -- Up-to-date: /home/wen/chall/install/mav_planning_msgs/include/mav_planning_msgs/mav_planning_msgs/msg/detail/point_cloud_with_pose__struct.h
[0.374s] -- Up-to-date: /home/wen/chall/install/mav_planning_msgs/include/mav_planning_msgs/mav_planning_msgs/msg/detail/polynomial_trajectory__functions.h
[0.375s] -- Up-to-date: /home/wen/chall/install/mav_planning_msgs/include/mav_planning_msgs/mav_planning_msgs/msg/detail/point_cloud_with_pose__type_support.h
[0.375s] -- Up-to-date: /home/wen/chall/install/mav_planning_msgs/include/mav_planning_msgs/mav_planning_msgs/msg/detail/polygon2_d__functions.h
[0.375s] -- Up-to-date: /home/wen/chall/install/mav_planning_msgs/include/mav_planning_msgs/mav_planning_msgs/msg/detail/polynomial_segment4_d__type_support.h
[0.375s] -- Up-to-date: /home/wen/chall/install/mav_planning_msgs/include/mav_planning_msgs/mav_planning_msgs/msg/detail/polynomial_trajectory__description.c
[0.375s] -- Up-to-date: /home/wen/chall/install/mav_planning_msgs/include/mav_planning_msgs/mav_planning_msgs/msg/detail/point2_d__struct.h
[0.375s] -- Up-to-date: /home/wen/chall/install/mav_planning_msgs/include/mav_planning_msgs/mav_planning_msgs/msg/detail/polygon2_d__functions.c
[0.375s] -- Up-to-date: /home/wen/chall/install/mav_planning_msgs/include/mav_planning_msgs/mav_planning_msgs/msg/polygon_with_holes.h
[0.375s] -- Up-to-date: /home/wen/chall/install/mav_planning_msgs/include/mav_planning_msgs/mav_planning_msgs/msg/rosidl_generator_c__visibility_control.h
[0.375s] -- Up-to-date: /home/wen/chall/install/mav_planning_msgs/include/mav_planning_msgs/mav_planning_msgs/msg/polynomial_trajectory.h
[0.375s] -- Up-to-date: /home/wen/chall/install/mav_planning_msgs/include/mav_planning_msgs/mav_planning_msgs/msg/polygon_with_holes_stamped.h
[0.375s] -- Up-to-date: /home/wen/chall/install/mav_planning_msgs/include/mav_planning_msgs/mav_planning_msgs/msg/polynomial_trajectory4_d.h
[0.375s] -- Up-to-date: /home/wen/chall/install/mav_planning_msgs/include/mav_planning_msgs/mav_planning_msgs/msg/point_cloud_with_pose.h
[0.376s] -- Up-to-date: /home/wen/chall/install/mav_planning_msgs/include/mav_planning_msgs/mav_planning_msgs/msg/polynomial_segment4_d.h
[0.376s] -- Up-to-date: /home/wen/chall/install/mav_planning_msgs/include/mav_planning_msgs/mav_planning_msgs/msg/polynomial_segment.h
[0.376s] -- Up-to-date: /home/wen/chall/install/mav_planning_msgs/include/mav_planning_msgs/mav_planning_msgs/srv
[0.376s] -- Up-to-date: /home/wen/chall/install/mav_planning_msgs/include/mav_planning_msgs/mav_planning_msgs/srv/detail
[0.376s] -- Up-to-date: /home/wen/chall/install/mav_planning_msgs/include/mav_planning_msgs/mav_planning_msgs/srv/detail/planner_service__struct.h
[0.376s] -- Up-to-date: /home/wen/chall/install/mav_planning_msgs/include/mav_planning_msgs/mav_planning_msgs/srv/detail/polygon_service__description.c
[0.376s] -- Up-to-date: /home/wen/chall/install/mav_planning_msgs/include/mav_planning_msgs/mav_planning_msgs/srv/detail/planner_service__functions.c
[0.376s] -- Up-to-date: /home/wen/chall/install/mav_planning_msgs/include/mav_planning_msgs/mav_planning_msgs/srv/detail/change_name_service__functions.c
[0.376s] -- Up-to-date: /home/wen/chall/install/mav_planning_msgs/include/mav_planning_msgs/mav_planning_msgs/srv/detail/change_name_service__functions.h
[0.376s] -- Up-to-date: /home/wen/chall/install/mav_planning_msgs/include/mav_planning_msgs/mav_planning_msgs/srv/detail/polygon_service__type_support.h
[0.376s] -- Up-to-date: /home/wen/chall/install/mav_planning_msgs/include/mav_planning_msgs/mav_planning_msgs/srv/detail/change_name_service__description.c
[0.376s] -- Up-to-date: /home/wen/chall/install/mav_planning_msgs/include/mav_planning_msgs/mav_planning_msgs/srv/detail/polygon_service__functions.c
[0.376s] -- Installing: /home/wen/chall/install/mav_planning_msgs/include/mav_planning_msgs/mav_planning_msgs/srv/detail/polygon_service__type_support.c
[0.376s] -- Up-to-date: /home/wen/chall/install/mav_planning_msgs/include/mav_planning_msgs/mav_planning_msgs/srv/detail/planner_service__description.c
[0.376s] -- Up-to-date: /home/wen/chall/install/mav_planning_msgs/include/mav_planning_msgs/mav_planning_msgs/srv/detail/planner_service__functions.h
[0.376s] -- Up-to-date: /home/wen/chall/install/mav_planning_msgs/include/mav_planning_msgs/mav_planning_msgs/srv/detail/polygon_service__functions.h
[0.376s] -- Up-to-date: /home/wen/chall/install/mav_planning_msgs/include/mav_planning_msgs/mav_planning_msgs/srv/detail/change_name_service__struct.h
[0.376s] -- Up-to-date: /home/wen/chall/install/mav_planning_msgs/include/mav_planning_msgs/mav_planning_msgs/srv/detail/polygon_service__struct.h
[0.376s] -- Installing: /home/wen/chall/install/mav_planning_msgs/include/mav_planning_msgs/mav_planning_msgs/srv/detail/change_name_service__type_support.c
[0.377s] -- Installing: /home/wen/chall/install/mav_planning_msgs/include/mav_planning_msgs/mav_planning_msgs/srv/detail/planner_service__type_support.c
[0.377s] -- Up-to-date: /home/wen/chall/install/mav_planning_msgs/include/mav_planning_msgs/mav_planning_msgs/srv/detail/change_name_service__type_support.h
[0.377s] -- Up-to-date: /home/wen/chall/install/mav_planning_msgs/include/mav_planning_msgs/mav_planning_msgs/srv/detail/planner_service__type_support.h
[0.377s] -- Up-to-date: /home/wen/chall/install/mav_planning_msgs/include/mav_planning_msgs/mav_planning_msgs/srv/planner_service.h
[0.377s] -- Up-to-date: /home/wen/chall/install/mav_planning_msgs/include/mav_planning_msgs/mav_planning_msgs/srv/change_name_service.h
[0.377s] -- Up-to-date: /home/wen/chall/install/mav_planning_msgs/include/mav_planning_msgs/mav_planning_msgs/srv/polygon_service.h
[0.377s] -- Up-to-date: /home/wen/chall/install/mav_planning_msgs/share/mav_planning_msgs/environment/library_path.sh
[0.377s] -- Up-to-date: /home/wen/chall/install/mav_planning_msgs/share/mav_planning_msgs/environment/library_path.dsv
[0.377s] -- Up-to-date: /home/wen/chall/install/mav_planning_msgs/lib/libmav_planning_msgs__rosidl_generator_c.so
[0.378s] -- Up-to-date: /home/wen/chall/install/mav_planning_msgs/include/mav_planning_msgs/mav_planning_msgs
[0.378s] -- Up-to-date: /home/wen/chall/install/mav_planning_msgs/include/mav_planning_msgs/mav_planning_msgs/msg
[0.378s] -- Up-to-date: /home/wen/chall/install/mav_planning_msgs/include/mav_planning_msgs/mav_planning_msgs/msg/detail
[0.378s] -- Up-to-date: /home/wen/chall/install/mav_planning_msgs/include/mav_planning_msgs/mav_planning_msgs/msg/detail/polygon_with_holes__rosidl_typesupport_fastrtps_c.h
[0.378s] -- Up-to-date: /home/wen/chall/install/mav_planning_msgs/include/mav_planning_msgs/mav_planning_msgs/msg/detail/polynomial_trajectory__rosidl_typesupport_fastrtps_c.h
[0.378s] -- Up-to-date: /home/wen/chall/install/mav_planning_msgs/include/mav_planning_msgs/mav_planning_msgs/msg/detail/polynomial_trajectory4_d__rosidl_typesupport_fastrtps_c.h
[0.378s] -- Up-to-date: /home/wen/chall/install/mav_planning_msgs/include/mav_planning_msgs/mav_planning_msgs/msg/detail/polynomial_segment4_d__rosidl_typesupport_fastrtps_c.h
[0.378s] -- Up-to-date: /home/wen/chall/install/mav_planning_msgs/include/mav_planning_msgs/mav_planning_msgs/msg/detail/polygon2_d__rosidl_typesupport_fastrtps_c.h
[0.378s] -- Up-to-date: /home/wen/chall/install/mav_planning_msgs/include/mav_planning_msgs/mav_planning_msgs/msg/detail/polynomial_segment__rosidl_typesupport_fastrtps_c.h
[0.378s] -- Up-to-date: /home/wen/chall/install/mav_planning_msgs/include/mav_planning_msgs/mav_planning_msgs/msg/detail/polygon_with_holes_stamped__rosidl_typesupport_fastrtps_c.h
[0.378s] -- Up-to-date: /home/wen/chall/install/mav_planning_msgs/include/mav_planning_msgs/mav_planning_msgs/msg/detail/point_cloud_with_pose__rosidl_typesupport_fastrtps_c.h
[0.378s] -- Up-to-date: /home/wen/chall/install/mav_planning_msgs/include/mav_planning_msgs/mav_planning_msgs/msg/detail/point2_d__rosidl_typesupport_fastrtps_c.h
[0.378s] -- Up-to-date: /home/wen/chall/install/mav_planning_msgs/include/mav_planning_msgs/mav_planning_msgs/msg/rosidl_typesupport_fastrtps_c__visibility_control.h
[0.378s] -- Up-to-date: /home/wen/chall/install/mav_planning_msgs/include/mav_planning_msgs/mav_planning_msgs/srv
[0.378s] -- Up-to-date: /home/wen/chall/install/mav_planning_msgs/include/mav_planning_msgs/mav_planning_msgs/srv/detail
[0.378s] -- Up-to-date: /home/wen/chall/install/mav_planning_msgs/include/mav_planning_msgs/mav_planning_msgs/srv/detail/planner_service__rosidl_typesupport_fastrtps_c.h
[0.378s] -- Up-to-date: /home/wen/chall/install/mav_planning_msgs/include/mav_planning_msgs/mav_planning_msgs/srv/detail/change_name_service__rosidl_typesupport_fastrtps_c.h
[0.378s] -- Up-to-date: /home/wen/chall/install/mav_planning_msgs/include/mav_planning_msgs/mav_planning_msgs/srv/detail/polygon_service__rosidl_typesupport_fastrtps_c.h
[0.379s] -- Up-to-date: /home/wen/chall/install/mav_planning_msgs/lib/libmav_planning_msgs__rosidl_typesupport_fastrtps_c.so
[0.379s] -- Up-to-date: /home/wen/chall/install/mav_planning_msgs/include/mav_planning_msgs/mav_planning_msgs
[0.379s] -- Up-to-date: /home/wen/chall/install/mav_planning_msgs/include/mav_planning_msgs/mav_planning_msgs/msg
[0.379s] -- Up-to-date: /home/wen/chall/install/mav_planning_msgs/include/mav_planning_msgs/mav_planning_msgs/msg/detail
[0.379s] -- Installing: /home/wen/chall/install/mav_planning_msgs/include/mav_planning_msgs/mav_planning_msgs/msg/detail/polynomial_trajectory__type_support.c
[0.379s] -- Up-to-date: /home/wen/chall/install/mav_planning_msgs/include/mav_planning_msgs/mav_planning_msgs/msg/detail/polynomial_trajectory__rosidl_typesupport_introspection_c.h
[0.379s] -- Up-to-date: /home/wen/chall/install/mav_planning_msgs/include/mav_planning_msgs/mav_planning_msgs/msg/detail/polynomial_segment4_d__rosidl_typesupport_introspection_c.h
[0.379s] -- Installing: /home/wen/chall/install/mav_planning_msgs/include/mav_planning_msgs/mav_planning_msgs/msg/detail/polygon2_d__type_support.c
[0.379s] -- Installing: /home/wen/chall/install/mav_planning_msgs/include/mav_planning_msgs/mav_planning_msgs/msg/detail/polynomial_segment__type_support.c
[0.380s] -- Installing: /home/wen/chall/install/mav_planning_msgs/include/mav_planning_msgs/mav_planning_msgs/msg/detail/point2_d__type_support.c
[0.380s] -- Installing: /home/wen/chall/install/mav_planning_msgs/include/mav_planning_msgs/mav_planning_msgs/msg/detail/point_cloud_with_pose__type_support.c
[0.380s] -- Installing: /home/wen/chall/install/mav_planning_msgs/include/mav_planning_msgs/mav_planning_msgs/msg/detail/polynomial_segment4_d__type_support.c
[0.381s] -- Installing: /home/wen/chall/install/mav_planning_msgs/include/mav_planning_msgs/mav_planning_msgs/msg/detail/polygon_with_holes_stamped__type_support.c
[0.381s] -- Up-to-date: /home/wen/chall/install/mav_planning_msgs/include/mav_planning_msgs/mav_planning_msgs/msg/detail/point2_d__rosidl_typesupport_introspection_c.h
[0.381s] -- Installing: /home/wen/chall/install/mav_planning_msgs/include/mav_planning_msgs/mav_planning_msgs/msg/detail/polynomial_trajectory4_d__type_support.c
[0.382s] -- Up-to-date: /home/wen/chall/install/mav_planning_msgs/include/mav_planning_msgs/mav_planning_msgs/msg/detail/polygon_with_holes_stamped__rosidl_typesupport_introspection_c.h
[0.382s] -- Installing: /home/wen/chall/install/mav_planning_msgs/include/mav_planning_msgs/mav_planning_msgs/msg/detail/polygon_with_holes__type_support.c
[0.382s] -- Up-to-date: /home/wen/chall/install/mav_planning_msgs/include/mav_planning_msgs/mav_planning_msgs/msg/detail/point_cloud_with_pose__rosidl_typesupport_introspection_c.h
[0.382s] -- Up-to-date: /home/wen/chall/install/mav_planning_msgs/include/mav_planning_msgs/mav_planning_msgs/msg/detail/polygon_with_holes__rosidl_typesupport_introspection_c.h
[0.382s] -- Up-to-date: /home/wen/chall/install/mav_planning_msgs/include/mav_planning_msgs/mav_planning_msgs/msg/detail/polynomial_trajectory4_d__rosidl_typesupport_introspection_c.h
[0.383s] -- Up-to-date: /home/wen/chall/install/mav_planning_msgs/include/mav_planning_msgs/mav_planning_msgs/msg/detail/polynomial_segment__rosidl_typesupport_introspection_c.h
[0.383s] -- Up-to-date: /home/wen/chall/install/mav_planning_msgs/include/mav_planning_msgs/mav_planning_msgs/msg/detail/polygon2_d__rosidl_typesupport_introspection_c.h
[0.383s] -- Up-to-date: /home/wen/chall/install/mav_planning_msgs/include/mav_planning_msgs/mav_planning_msgs/msg/rosidl_typesupport_introspection_c__visibility_control.h
[0.383s] -- Up-to-date: /home/wen/chall/install/mav_planning_msgs/include/mav_planning_msgs/mav_planning_msgs/srv
[0.383s] -- Up-to-date: /home/wen/chall/install/mav_planning_msgs/include/mav_planning_msgs/mav_planning_msgs/srv/detail
[0.383s] -- Up-to-date: /home/wen/chall/install/mav_planning_msgs/include/mav_planning_msgs/mav_planning_msgs/srv/detail/change_name_service__rosidl_typesupport_introspection_c.h
[0.383s] -- Installing: /home/wen/chall/install/mav_planning_msgs/include/mav_planning_msgs/mav_planning_msgs/srv/detail/polygon_service__type_support.c
[0.383s] -- Up-to-date: /home/wen/chall/install/mav_planning_msgs/include/mav_planning_msgs/mav_planning_msgs/srv/detail/polygon_service__rosidl_typesupport_introspection_c.h
[0.383s] -- Up-to-date: /home/wen/chall/install/mav_planning_msgs/include/mav_planning_msgs/mav_planning_msgs/srv/detail/planner_service__rosidl_typesupport_introspection_c.h
[0.383s] -- Installing: /home/wen/chall/install/mav_planning_msgs/include/mav_planning_msgs/mav_planning_msgs/srv/detail/change_name_service__type_support.c
[0.383s] -- Installing: /home/wen/chall/install/mav_planning_msgs/include/mav_planning_msgs/mav_planning_msgs/srv/detail/planner_service__type_support.c
[0.385s] -- Up-to-date: /home/wen/chall/install/mav_planning_msgs/lib/libmav_planning_msgs__rosidl_typesupport_introspection_c.so
[0.386s] -- Up-to-date: /home/wen/chall/install/mav_planning_msgs/lib/libmav_planning_msgs__rosidl_typesupport_c.so
[0.386s] -- Up-to-date: /home/wen/chall/install/mav_planning_msgs/include/mav_planning_msgs/mav_planning_msgs
[0.387s] -- Up-to-date: /home/wen/chall/install/mav_planning_msgs/include/mav_planning_msgs/mav_planning_msgs/msg
[0.387s] -- Up-to-date: /home/wen/chall/install/mav_planning_msgs/include/mav_planning_msgs/mav_planning_msgs/msg/polygon2_d.hpp
[0.387s] -- Up-to-date: /home/wen/chall/install/mav_planning_msgs/include/mav_planning_msgs/mav_planning_msgs/msg/polygon_with_holes_stamped.hpp
[0.387s] -- Up-to-date: /home/wen/chall/install/mav_planning_msgs/include/mav_planning_msgs/mav_planning_msgs/msg/detail
[0.387s] -- Up-to-date: /home/wen/chall/install/mav_planning_msgs/include/mav_planning_msgs/mav_planning_msgs/msg/detail/point2_d__type_support.hpp
[0.387s] -- Up-to-date: /home/wen/chall/install/mav_planning_msgs/include/mav_planning_msgs/mav_planning_msgs/msg/detail/polynomial_trajectory4_d__builder.hpp
[0.387s] -- Up-to-date: /home/wen/chall/install/mav_planning_msgs/include/mav_planning_msgs/mav_planning_msgs/msg/detail/polygon2_d__builder.hpp
[0.387s] -- Up-to-date: /home/wen/chall/install/mav_planning_msgs/include/mav_planning_msgs/mav_planning_msgs/msg/detail/polygon_with_holes__type_support.hpp
[0.387s] -- Up-to-date: /home/wen/chall/install/mav_planning_msgs/include/mav_planning_msgs/mav_planning_msgs/msg/detail/polynomial_segment4_d__builder.hpp
[0.387s] -- Up-to-date: /home/wen/chall/install/mav_planning_msgs/include/mav_planning_msgs/mav_planning_msgs/msg/detail/polygon_with_holes__struct.hpp
[0.387s] -- Up-to-date: /home/wen/chall/install/mav_planning_msgs/include/mav_planning_msgs/mav_planning_msgs/msg/detail/polynomial_segment4_d__traits.hpp
[0.388s] -- Up-to-date: /home/wen/chall/install/mav_planning_msgs/include/mav_planning_msgs/mav_planning_msgs/msg/detail/polygon2_d__type_support.hpp
[0.388s] -- Up-to-date: /home/wen/chall/install/mav_planning_msgs/include/mav_planning_msgs/mav_planning_msgs/msg/detail/point_cloud_with_pose__struct.hpp
[0.388s] -- Up-to-date: /home/wen/chall/install/mav_planning_msgs/include/mav_planning_msgs/mav_planning_msgs/msg/detail/point2_d__traits.hpp
[0.388s] -- Up-to-date: /home/wen/chall/install/mav_planning_msgs/include/mav_planning_msgs/mav_planning_msgs/msg/detail/polynomial_trajectory__struct.hpp
[0.388s] -- Up-to-date: /home/wen/chall/install/mav_planning_msgs/include/mav_planning_msgs/mav_planning_msgs/msg/detail/point2_d__struct.hpp
[0.388s] -- Up-to-date: /home/wen/chall/install/mav_planning_msgs/include/mav_planning_msgs/mav_planning_msgs/msg/detail/polynomial_trajectory__builder.hpp
[0.388s] -- Up-to-date: /home/wen/chall/install/mav_planning_msgs/include/mav_planning_msgs/mav_planning_msgs/msg/detail/polynomial_segment__struct.hpp
[0.388s] -- Up-to-date: /home/wen/chall/install/mav_planning_msgs/include/mav_planning_msgs/mav_planning_msgs/msg/detail/polynomial_trajectory__type_support.hpp
[0.388s] -- Up-to-date: /home/wen/chall/install/mav_planning_msgs/include/mav_planning_msgs/mav_planning_msgs/msg/detail/polynomial_trajectory4_d__struct.hpp
[0.388s] -- Up-to-date: /home/wen/chall/install/mav_planning_msgs/include/mav_planning_msgs/mav_planning_msgs/msg/detail/polynomial_trajectory4_d__type_support.hpp
[0.388s] -- Up-to-date: /home/wen/chall/install/mav_planning_msgs/include/mav_planning_msgs/mav_planning_msgs/msg/detail/polynomial_segment4_d__struct.hpp
[0.388s] -- Up-to-date: /home/wen/chall/install/mav_planning_msgs/include/mav_planning_msgs/mav_planning_msgs/msg/detail/polygon2_d__struct.hpp
[0.388s] -- Up-to-date: /home/wen/chall/install/mav_planning_msgs/include/mav_planning_msgs/mav_planning_msgs/msg/detail/polygon2_d__traits.hpp
[0.388s] -- Up-to-date: /home/wen/chall/install/mav_planning_msgs/include/mav_planning_msgs/mav_planning_msgs/msg/detail/point_cloud_with_pose__type_support.hpp
[0.388s] -- Up-to-date: /home/wen/chall/install/mav_planning_msgs/include/mav_planning_msgs/mav_planning_msgs/msg/detail/polygon_with_holes_stamped__type_support.hpp
[0.388s] -- Up-to-date: /home/wen/chall/install/mav_planning_msgs/include/mav_planning_msgs/mav_planning_msgs/msg/detail/polygon_with_holes__builder.hpp
[0.388s] -- Up-to-date: /home/wen/chall/install/mav_planning_msgs/include/mav_planning_msgs/mav_planning_msgs/msg/detail/polygon_with_holes_stamped__struct.hpp
[0.388s] -- Up-to-date: /home/wen/chall/install/mav_planning_msgs/include/mav_planning_msgs/mav_planning_msgs/msg/detail/polygon_with_holes_stamped__traits.hpp
[0.388s] -- Up-to-date: /home/wen/chall/install/mav_planning_msgs/include/mav_planning_msgs/mav_planning_msgs/msg/detail/polynomial_segment__builder.hpp
[0.388s] -- Up-to-date: /home/wen/chall/install/mav_planning_msgs/include/mav_planning_msgs/mav_planning_msgs/msg/detail/polygon_with_holes__traits.hpp
[0.389s] -- Up-to-date: /home/wen/chall/install/mav_planning_msgs/include/mav_planning_msgs/mav_planning_msgs/msg/detail/polynomial_trajectory__traits.hpp
[0.389s] -- Up-to-date: /home/wen/chall/install/mav_planning_msgs/include/mav_planning_msgs/mav_planning_msgs/msg/detail/polygon_with_holes_stamped__builder.hpp
[0.389s] -- Up-to-date: /home/wen/chall/install/mav_planning_msgs/include/mav_planning_msgs/mav_planning_msgs/msg/detail/point_cloud_with_pose__traits.hpp
[0.389s] -- Up-to-date: /home/wen/chall/install/mav_planning_msgs/include/mav_planning_msgs/mav_planning_msgs/msg/detail/point2_d__builder.hpp
[0.389s] -- Up-to-date: /home/wen/chall/install/mav_planning_msgs/include/mav_planning_msgs/mav_planning_msgs/msg/detail/point_cloud_with_pose__builder.hpp
[0.389s] -- Up-to-date: /home/wen/chall/install/mav_planning_msgs/include/mav_planning_msgs/mav_planning_msgs/msg/detail/polynomial_trajectory4_d__traits.hpp
[0.389s] -- Up-to-date: /home/wen/chall/install/mav_planning_msgs/include/mav_planning_msgs/mav_planning_msgs/msg/detail/polynomial_segment__type_support.hpp
[0.389s] -- Up-to-date: /home/wen/chall/install/mav_planning_msgs/include/mav_planning_msgs/mav_planning_msgs/msg/detail/polynomial_segment4_d__type_support.hpp
[0.389s] -- Up-to-date: /home/wen/chall/install/mav_planning_msgs/include/mav_planning_msgs/mav_planning_msgs/msg/detail/polynomial_segment__traits.hpp
[0.389s] -- Up-to-date: /home/wen/chall/install/mav_planning_msgs/include/mav_planning_msgs/mav_planning_msgs/msg/point2_d.hpp
[0.389s] -- Up-to-date: /home/wen/chall/install/mav_planning_msgs/include/mav_planning_msgs/mav_planning_msgs/msg/polynomial_segment.hpp
[0.389s] -- Up-to-date: /home/wen/chall/install/mav_planning_msgs/include/mav_planning_msgs/mav_planning_msgs/msg/polygon_with_holes.hpp
[0.389s] -- Up-to-date: /home/wen/chall/install/mav_planning_msgs/include/mav_planning_msgs/mav_planning_msgs/msg/polynomial_segment4_d.hpp
[0.389s] -- Up-to-date: /home/wen/chall/install/mav_planning_msgs/include/mav_planning_msgs/mav_planning_msgs/msg/polynomial_trajectory.hpp
[0.390s] -- Up-to-date: /home/wen/chall/install/mav_planning_msgs/include/mav_planning_msgs/mav_planning_msgs/msg/polynomial_trajectory4_d.hpp
[0.390s] -- Up-to-date: /home/wen/chall/install/mav_planning_msgs/include/mav_planning_msgs/mav_planning_msgs/msg/point_cloud_with_pose.hpp
[0.390s] -- Up-to-date: /home/wen/chall/install/mav_planning_msgs/include/mav_planning_msgs/mav_planning_msgs/msg/rosidl_generator_cpp__visibility_control.hpp
[0.390s] -- Up-to-date: /home/wen/chall/install/mav_planning_msgs/include/mav_planning_msgs/mav_planning_msgs/srv
[0.390s] -- Up-to-date: /home/wen/chall/install/mav_planning_msgs/include/mav_planning_msgs/mav_planning_msgs/srv/detail
[0.390s] -- Up-to-date: /home/wen/chall/install/mav_planning_msgs/include/mav_planning_msgs/mav_planning_msgs/srv/detail/change_name_service__builder.hpp
[0.390s] -- Up-to-date: /home/wen/chall/install/mav_planning_msgs/include/mav_planning_msgs/mav_planning_msgs/srv/detail/planner_service__traits.hpp
[0.390s] -- Up-to-date: /home/wen/chall/install/mav_planning_msgs/include/mav_planning_msgs/mav_planning_msgs/srv/detail/change_name_service__type_support.hpp
[0.390s] -- Up-to-date: /home/wen/chall/install/mav_planning_msgs/include/mav_planning_msgs/mav_planning_msgs/srv/detail/planner_service__type_support.hpp
[0.390s] -- Up-to-date: /home/wen/chall/install/mav_planning_msgs/include/mav_planning_msgs/mav_planning_msgs/srv/detail/change_name_service__struct.hpp
[0.390s] -- Up-to-date: /home/wen/chall/install/mav_planning_msgs/include/mav_planning_msgs/mav_planning_msgs/srv/detail/polygon_service__builder.hpp
[0.390s] -- Up-to-date: /home/wen/chall/install/mav_planning_msgs/include/mav_planning_msgs/mav_planning_msgs/srv/detail/polygon_service__type_support.hpp
[0.390s] -- Up-to-date: /home/wen/chall/install/mav_planning_msgs/include/mav_planning_msgs/mav_planning_msgs/srv/detail/planner_service__builder.hpp
[0.390s] -- Up-to-date: /home/wen/chall/install/mav_planning_msgs/include/mav_planning_msgs/mav_planning_msgs/srv/detail/polygon_service__traits.hpp
[0.391s] -- Up-to-date: /home/wen/chall/install/mav_planning_msgs/include/mav_planning_msgs/mav_planning_msgs/srv/detail/change_name_service__traits.hpp
[0.391s] -- Up-to-date: /home/wen/chall/install/mav_planning_msgs/include/mav_planning_msgs/mav_planning_msgs/srv/detail/polygon_service__struct.hpp
[0.391s] -- Up-to-date: /home/wen/chall/install/mav_planning_msgs/include/mav_planning_msgs/mav_planning_msgs/srv/detail/planner_service__struct.hpp
[0.391s] -- Up-to-date: /home/wen/chall/install/mav_planning_msgs/include/mav_planning_msgs/mav_planning_msgs/srv/polygon_service.hpp
[0.391s] -- Up-to-date: /home/wen/chall/install/mav_planning_msgs/include/mav_planning_msgs/mav_planning_msgs/srv/planner_service.hpp
[0.391s] -- Up-to-date: /home/wen/chall/install/mav_planning_msgs/include/mav_planning_msgs/mav_planning_msgs/srv/change_name_service.hpp
[0.391s] -- Up-to-date: /home/wen/chall/install/mav_planning_msgs/include/mav_planning_msgs/mav_planning_msgs
[0.391s] -- Up-to-date: /home/wen/chall/install/mav_planning_msgs/include/mav_planning_msgs/mav_planning_msgs/msg
[0.391s] -- Up-to-date: /home/wen/chall/install/mav_planning_msgs/include/mav_planning_msgs/mav_planning_msgs/msg/rosidl_typesupport_fastrtps_cpp__visibility_control.h
[0.391s] -- Up-to-date: /home/wen/chall/install/mav_planning_msgs/include/mav_planning_msgs/mav_planning_msgs/msg/detail
[0.391s] -- Up-to-date: /home/wen/chall/install/mav_planning_msgs/include/mav_planning_msgs/mav_planning_msgs/msg/detail/point_cloud_with_pose__rosidl_typesupport_fastrtps_cpp.hpp
[0.391s] -- Up-to-date: /home/wen/chall/install/mav_planning_msgs/include/mav_planning_msgs/mav_planning_msgs/msg/detail/polynomial_segment__rosidl_typesupport_fastrtps_cpp.hpp
[0.391s] -- Up-to-date: /home/wen/chall/install/mav_planning_msgs/include/mav_planning_msgs/mav_planning_msgs/msg/detail/polygon_with_holes_stamped__rosidl_typesupport_fastrtps_cpp.hpp
[0.391s] -- Up-to-date: /home/wen/chall/install/mav_planning_msgs/include/mav_planning_msgs/mav_planning_msgs/msg/detail/polynomial_trajectory4_d__rosidl_typesupport_fastrtps_cpp.hpp
[0.391s] -- Up-to-date: /home/wen/chall/install/mav_planning_msgs/include/mav_planning_msgs/mav_planning_msgs/msg/detail/polynomial_trajectory__rosidl_typesupport_fastrtps_cpp.hpp
[0.392s] -- Up-to-date: /home/wen/chall/install/mav_planning_msgs/include/mav_planning_msgs/mav_planning_msgs/msg/detail/point2_d__rosidl_typesupport_fastrtps_cpp.hpp
[0.392s] -- Up-to-date: /home/wen/chall/install/mav_planning_msgs/include/mav_planning_msgs/mav_planning_msgs/msg/detail/polygon2_d__rosidl_typesupport_fastrtps_cpp.hpp
[0.392s] -- Up-to-date: /home/wen/chall/install/mav_planning_msgs/include/mav_planning_msgs/mav_planning_msgs/msg/detail/polynomial_segment4_d__rosidl_typesupport_fastrtps_cpp.hpp
[0.392s] -- Up-to-date: /home/wen/chall/install/mav_planning_msgs/include/mav_planning_msgs/mav_planning_msgs/msg/detail/dds_fastrtps
[0.392s] -- Up-to-date: /home/wen/chall/install/mav_planning_msgs/include/mav_planning_msgs/mav_planning_msgs/msg/detail/polygon_with_holes__rosidl_typesupport_fastrtps_cpp.hpp
[0.392s] -- Up-to-date: /home/wen/chall/install/mav_planning_msgs/include/mav_planning_msgs/mav_planning_msgs/srv
[0.392s] -- Up-to-date: /home/wen/chall/install/mav_planning_msgs/include/mav_planning_msgs/mav_planning_msgs/srv/detail
[0.392s] -- Up-to-date: /home/wen/chall/install/mav_planning_msgs/include/mav_planning_msgs/mav_planning_msgs/srv/detail/polygon_service__rosidl_typesupport_fastrtps_cpp.hpp
[0.392s] -- Up-to-date: /home/wen/chall/install/mav_planning_msgs/include/mav_planning_msgs/mav_planning_msgs/srv/detail/change_name_service__rosidl_typesupport_fastrtps_cpp.hpp
[0.392s] -- Up-to-date: /home/wen/chall/install/mav_planning_msgs/include/mav_planning_msgs/mav_planning_msgs/srv/detail/planner_service__rosidl_typesupport_fastrtps_cpp.hpp
[0.392s] -- Up-to-date: /home/wen/chall/install/mav_planning_msgs/include/mav_planning_msgs/mav_planning_msgs/srv/detail/dds_fastrtps
[0.393s] -- Up-to-date: /home/wen/chall/install/mav_planning_msgs/lib/libmav_planning_msgs__rosidl_typesupport_fastrtps_cpp.so
[0.393s] -- Up-to-date: /home/wen/chall/install/mav_planning_msgs/include/mav_planning_msgs/mav_planning_msgs
[0.393s] -- Up-to-date: /home/wen/chall/install/mav_planning_msgs/include/mav_planning_msgs/mav_planning_msgs/msg
[0.393s] -- Up-to-date: /home/wen/chall/install/mav_planning_msgs/include/mav_planning_msgs/mav_planning_msgs/msg/detail
[0.393s] -- Up-to-date: /home/wen/chall/install/mav_planning_msgs/include/mav_planning_msgs/mav_planning_msgs/msg/detail/polynomial_trajectory4_d__rosidl_typesupport_introspection_cpp.hpp
[0.393s] -- Up-to-date: /home/wen/chall/install/mav_planning_msgs/include/mav_planning_msgs/mav_planning_msgs/msg/detail/polynomial_segment__rosidl_typesupport_introspection_cpp.hpp
[0.393s] -- Up-to-date: /home/wen/chall/install/mav_planning_msgs/include/mav_planning_msgs/mav_planning_msgs/msg/detail/polygon_with_holes__type_support.cpp
[0.393s] -- Up-to-date: /home/wen/chall/install/mav_planning_msgs/include/mav_planning_msgs/mav_planning_msgs/msg/detail/point2_d__rosidl_typesupport_introspection_cpp.hpp
[0.393s] -- Up-to-date: /home/wen/chall/install/mav_planning_msgs/include/mav_planning_msgs/mav_planning_msgs/msg/detail/polynomial_trajectory__rosidl_typesupport_introspection_cpp.hpp
[0.393s] -- Up-to-date: /home/wen/chall/install/mav_planning_msgs/include/mav_planning_msgs/mav_planning_msgs/msg/detail/polygon2_d__rosidl_typesupport_introspection_cpp.hpp
[0.393s] -- Up-to-date: /home/wen/chall/install/mav_planning_msgs/include/mav_planning_msgs/mav_planning_msgs/msg/detail/polygon_with_holes_stamped__type_support.cpp
[0.393s] -- Up-to-date: /home/wen/chall/install/mav_planning_msgs/include/mav_planning_msgs/mav_planning_msgs/msg/detail/polygon2_d__type_support.cpp
[0.393s] -- Up-to-date: /home/wen/chall/install/mav_planning_msgs/include/mav_planning_msgs/mav_planning_msgs/msg/detail/point_cloud_with_pose__rosidl_typesupport_introspection_cpp.hpp
[0.393s] -- Up-to-date: /home/wen/chall/install/mav_planning_msgs/include/mav_planning_msgs/mav_planning_msgs/msg/detail/polygon_with_holes__rosidl_typesupport_introspection_cpp.hpp
[0.393s] -- Up-to-date: /home/wen/chall/install/mav_planning_msgs/include/mav_planning_msgs/mav_planning_msgs/msg/detail/polynomial_segment4_d__type_support.cpp
[0.393s] -- Up-to-date: /home/wen/chall/install/mav_planning_msgs/include/mav_planning_msgs/mav_planning_msgs/msg/detail/polygon_with_holes_stamped__rosidl_typesupport_introspection_cpp.hpp
[0.393s] -- Up-to-date: /home/wen/chall/install/mav_planning_msgs/include/mav_planning_msgs/mav_planning_msgs/msg/detail/polynomial_segment4_d__rosidl_typesupport_introspection_cpp.hpp
[0.394s] -- Up-to-date: /home/wen/chall/install/mav_planning_msgs/include/mav_planning_msgs/mav_planning_msgs/msg/detail/polynomial_trajectory4_d__type_support.cpp
[0.394s] -- Up-to-date: /home/wen/chall/install/mav_planning_msgs/include/mav_planning_msgs/mav_planning_msgs/msg/detail/polynomial_segment__type_support.cpp
[0.394s] -- Up-to-date: /home/wen/chall/install/mav_planning_msgs/include/mav_planning_msgs/mav_planning_msgs/msg/detail/point2_d__type_support.cpp
[0.394s] -- Up-to-date: /home/wen/chall/install/mav_planning_msgs/include/mav_planning_msgs/mav_planning_msgs/msg/detail/polynomial_trajectory__type_support.cpp
[0.394s] -- Up-to-date: /home/wen/chall/install/mav_planning_msgs/include/mav_planning_msgs/mav_planning_msgs/msg/detail/point_cloud_with_pose__type_support.cpp
[0.394s] -- Up-to-date: /home/wen/chall/install/mav_planning_msgs/include/mav_planning_msgs/mav_planning_msgs/srv
[0.394s] -- Up-to-date: /home/wen/chall/install/mav_planning_msgs/include/mav_planning_msgs/mav_planning_msgs/srv/detail
[0.394s] -- Up-to-date: /home/wen/chall/install/mav_planning_msgs/include/mav_planning_msgs/mav_planning_msgs/srv/detail/planner_service__type_support.cpp
[0.394s] -- Up-to-date: /home/wen/chall/install/mav_planning_msgs/include/mav_planning_msgs/mav_planning_msgs/srv/detail/planner_service__rosidl_typesupport_introspection_cpp.hpp
[0.394s] -- Up-to-date: /home/wen/chall/install/mav_planning_msgs/include/mav_planning_msgs/mav_planning_msgs/srv/detail/change_name_service__type_support.cpp
[0.394s] -- Up-to-date: /home/wen/chall/install/mav_planning_msgs/include/mav_planning_msgs/mav_planning_msgs/srv/detail/change_name_service__rosidl_typesupport_introspection_cpp.hpp
[0.394s] -- Up-to-date: /home/wen/chall/install/mav_planning_msgs/include/mav_planning_msgs/mav_planning_msgs/srv/detail/polygon_service__type_support.cpp
[0.394s] -- Up-to-date: /home/wen/chall/install/mav_planning_msgs/include/mav_planning_msgs/mav_planning_msgs/srv/detail/polygon_service__rosidl_typesupport_introspection_cpp.hpp
[0.394s] -- Up-to-date: /home/wen/chall/install/mav_planning_msgs/lib/libmav_planning_msgs__rosidl_typesupport_introspection_cpp.so
[0.394s] -- Up-to-date: /home/wen/chall/install/mav_planning_msgs/lib/libmav_planning_msgs__rosidl_typesupport_cpp.so
[0.394s] -- Up-to-date: /home/wen/chall/install/mav_planning_msgs/share/mav_planning_msgs/environment/pythonpath.sh
[0.394s] -- Up-to-date: /home/wen/chall/install/mav_planning_msgs/share/mav_planning_msgs/environment/pythonpath.dsv
[0.394s] -- Up-to-date: /home/wen/chall/install/mav_planning_msgs/lib/python3.12/site-packages/mav_planning_msgs-3.3.3-py3.12.egg-info
[0.394s] -- Installing: /home/wen/chall/install/mav_planning_msgs/lib/python3.12/site-packages/mav_planning_msgs-3.3.3-py3.12.egg-info/PKG-INFO
[0.394s] -- Installing: /home/wen/chall/install/mav_planning_msgs/lib/python3.12/site-packages/mav_planning_msgs-3.3.3-py3.12.egg-info/SOURCES.txt
[0.394s] -- Installing: /home/wen/chall/install/mav_planning_msgs/lib/python3.12/site-packages/mav_planning_msgs-3.3.3-py3.12.egg-info/dependency_links.txt
[0.394s] -- Installing: /home/wen/chall/install/mav_planning_msgs/lib/python3.12/site-packages/mav_planning_msgs-3.3.3-py3.12.egg-info/top_level.txt
[0.394s] -- Up-to-date: /home/wen/chall/install/mav_planning_msgs/lib/python3.12/site-packages/mav_planning_msgs
[0.394s] -- Up-to-date: /home/wen/chall/install/mav_planning_msgs/lib/python3.12/site-packages/mav_planning_msgs/_mav_planning_msgs_s.ep.rosidl_typesupport_c.c
[0.394s] -- Up-to-date: /home/wen/chall/install/mav_planning_msgs/lib/python3.12/site-packages/mav_planning_msgs/_mav_planning_msgs_s.ep.rosidl_typesupport_introspection_c.c
[0.395s] -- Up-to-date: /home/wen/chall/install/mav_planning_msgs/lib/python3.12/site-packages/mav_planning_msgs/msg
[0.395s] -- Up-to-date: /home/wen/chall/install/mav_planning_msgs/lib/python3.12/site-packages/mav_planning_msgs/msg/_polygon2_d.py
[0.395s] -- Up-to-date: /home/wen/chall/install/mav_planning_msgs/lib/python3.12/site-packages/mav_planning_msgs/msg/_polynomial_trajectory.py
[0.395s] -- Up-to-date: /home/wen/chall/install/mav_planning_msgs/lib/python3.12/site-packages/mav_planning_msgs/msg/_point_cloud_with_pose.py
[0.395s] -- Up-to-date: /home/wen/chall/install/mav_planning_msgs/lib/python3.12/site-packages/mav_planning_msgs/msg/_polygon_with_holes_stamped_s.c
[0.395s] -- Up-to-date: /home/wen/chall/install/mav_planning_msgs/lib/python3.12/site-packages/mav_planning_msgs/msg/_polynomial_segment_s.c
[0.395s] -- Up-to-date: /home/wen/chall/install/mav_planning_msgs/lib/python3.12/site-packages/mav_planning_msgs/msg/_polygon_with_holes.py
[0.395s] -- Up-to-date: /home/wen/chall/install/mav_planning_msgs/lib/python3.12/site-packages/mav_planning_msgs/msg/_polynomial_segment4_d_s.c
[0.395s] -- Up-to-date: /home/wen/chall/install/mav_planning_msgs/lib/python3.12/site-packages/mav_planning_msgs/msg/_polynomial_trajectory_s.c
[0.395s] -- Up-to-date: /home/wen/chall/install/mav_planning_msgs/lib/python3.12/site-packages/mav_planning_msgs/msg/_polygon_with_holes_s.c
[0.395s] -- Up-to-date: /home/wen/chall/install/mav_planning_msgs/lib/python3.12/site-packages/mav_planning_msgs/msg/_polygon2_d_s.c
[0.395s] -- Up-to-date: /home/wen/chall/install/mav_planning_msgs/lib/python3.12/site-packages/mav_planning_msgs/msg/_polynomial_segment.py
[0.395s] -- Up-to-date: /home/wen/chall/install/mav_planning_msgs/lib/python3.12/site-packages/mav_planning_msgs/msg/_polygon_with_holes_stamped.py
[0.395s] -- Up-to-date: /home/wen/chall/install/mav_planning_msgs/lib/python3.12/site-packages/mav_planning_msgs/msg/_point2_d_s.c
[0.395s] -- Up-to-date: /home/wen/chall/install/mav_planning_msgs/lib/python3.12/site-packages/mav_planning_msgs/msg/_polynomial_trajectory4_d_s.c
[0.395s] -- Up-to-date: /home/wen/chall/install/mav_planning_msgs/lib/python3.12/site-packages/mav_planning_msgs/msg/_polynomial_segment4_d.py
[0.395s] -- Up-to-date: /home/wen/chall/install/mav_planning_msgs/lib/python3.12/site-packages/mav_planning_msgs/msg/__init__.py
[0.395s] -- Up-to-date: /home/wen/chall/install/mav_planning_msgs/lib/python3.12/site-packages/mav_planning_msgs/msg/_polynomial_trajectory4_d.py
[0.395s] -- Up-to-date: /home/wen/chall/install/mav_planning_msgs/lib/python3.12/site-packages/mav_planning_msgs/msg/_point_cloud_with_pose_s.c
[0.395s] -- Up-to-date: /home/wen/chall/install/mav_planning_msgs/lib/python3.12/site-packages/mav_planning_msgs/msg/_point2_d.py
[0.395s] -- Up-to-date: /home/wen/chall/install/mav_planning_msgs/lib/python3.12/site-packages/mav_planning_msgs/mav_planning_msgs_s__rosidl_typesupport_fastrtps_c.so
[0.395s] -- Up-to-date: /home/wen/chall/install/mav_planning_msgs/lib/python3.12/site-packages/mav_planning_msgs/mav_planning_msgs_s__rosidl_typesupport_introspection_c.so
[0.395s] -- Up-to-date: /home/wen/chall/install/mav_planning_msgs/lib/python3.12/site-packages/mav_planning_msgs/__init__.py
[0.395s] -- Up-to-date: /home/wen/chall/install/mav_planning_msgs/lib/python3.12/site-packages/mav_planning_msgs/srv
[0.395s] -- Up-to-date: /home/wen/chall/install/mav_planning_msgs/lib/python3.12/site-packages/mav_planning_msgs/srv/_planner_service.py
[0.395s] -- Up-to-date: /home/wen/chall/install/mav_planning_msgs/lib/python3.12/site-packages/mav_planning_msgs/srv/_polygon_service_s.c
[0.395s] -- Up-to-date: /home/wen/chall/install/mav_planning_msgs/lib/python3.12/site-packages/mav_planning_msgs/srv/_change_name_service.py
[0.395s] -- Up-to-date: /home/wen/chall/install/mav_planning_msgs/lib/python3.12/site-packages/mav_planning_msgs/srv/_planner_service_s.c
[0.396s] -- Up-to-date: /home/wen/chall/install/mav_planning_msgs/lib/python3.12/site-packages/mav_planning_msgs/srv/__init__.py
[0.396s] -- Up-to-date: /home/wen/chall/install/mav_planning_msgs/lib/python3.12/site-packages/mav_planning_msgs/srv/_polygon_service.py
[0.396s] -- Up-to-date: /home/wen/chall/install/mav_planning_msgs/lib/python3.12/site-packages/mav_planning_msgs/srv/_change_name_service_s.c
[0.396s] -- Up-to-date: /home/wen/chall/install/mav_planning_msgs/lib/python3.12/site-packages/mav_planning_msgs/_mav_planning_msgs_s.ep.rosidl_typesupport_fastrtps_c.c
[0.396s] -- Up-to-date: /home/wen/chall/install/mav_planning_msgs/lib/python3.12/site-packages/mav_planning_msgs/mav_planning_msgs_s__rosidl_typesupport_c.so
[0.423s] Listing '/home/wen/chall/install/mav_planning_msgs/lib/python3.12/site-packages/mav_planning_msgs'...
[0.423s] Listing '/home/wen/chall/install/mav_planning_msgs/lib/python3.12/site-packages/mav_planning_msgs/msg'...
[0.424s] Listing '/home/wen/chall/install/mav_planning_msgs/lib/python3.12/site-packages/mav_planning_msgs/srv'...
[0.429s] -- Up-to-date: /home/wen/chall/install/mav_planning_msgs/lib/python3.12/site-packages/mav_planning_msgs/mav_planning_msgs_s__rosidl_typesupport_fastrtps_c.so
[0.430s] -- Up-to-date: /home/wen/chall/install/mav_planning_msgs/lib/python3.12/site-packages/mav_planning_msgs/mav_planning_msgs_s__rosidl_typesupport_introspection_c.so
[0.431s] -- Up-to-date: /home/wen/chall/install/mav_planning_msgs/lib/python3.12/site-packages/mav_planning_msgs/mav_planning_msgs_s__rosidl_typesupport_c.so
[0.432s] -- Up-to-date: /home/wen/chall/install/mav_planning_msgs/lib/libmav_planning_msgs__rosidl_generator_py.so
[0.433s] -- Up-to-date: /home/wen/chall/install/mav_planning_msgs/share/mav_planning_msgs/msg/Point2D.idl
[0.433s] -- Up-to-date: /home/wen/chall/install/mav_planning_msgs/share/mav_planning_msgs/msg/PointCloudWithPose.idl
[0.434s] -- Up-to-date: /home/wen/chall/install/mav_planning_msgs/share/mav_planning_msgs/msg/Polygon2D.idl
[0.434s] -- Up-to-date: /home/wen/chall/install/mav_planning_msgs/share/mav_planning_msgs/msg/PolygonWithHoles.idl
[0.434s] -- Up-to-date: /home/wen/chall/install/mav_planning_msgs/share/mav_planning_msgs/msg/PolygonWithHolesStamped.idl
[0.434s] -- Up-to-date: /home/wen/chall/install/mav_planning_msgs/share/mav_planning_msgs/msg/PolynomialSegment.idl
[0.434s] -- Up-to-date: /home/wen/chall/install/mav_planning_msgs/share/mav_planning_msgs/msg/PolynomialSegment4D.idl
[0.434s] -- Up-to-date: /home/wen/chall/install/mav_planning_msgs/share/mav_planning_msgs/msg/PolynomialTrajectory.idl
[0.434s] -- Up-to-date: /home/wen/chall/install/mav_planning_msgs/share/mav_planning_msgs/msg/PolynomialTrajectory4D.idl
[0.434s] -- Up-to-date: /home/wen/chall/install/mav_planning_msgs/share/mav_planning_msgs/srv/PlannerService.idl
[0.434s] -- Up-to-date: /home/wen/chall/install/mav_planning_msgs/share/mav_planning_msgs/srv/PolygonService.idl
[0.434s] -- Up-to-date: /home/wen/chall/install/mav_planning_msgs/share/mav_planning_msgs/srv/ChangeNameService.idl
[0.434s] -- Up-to-date: /home/wen/chall/install/mav_planning_msgs/share/mav_planning_msgs/msg/Point2D.msg
[0.434s] -- Up-to-date: /home/wen/chall/install/mav_planning_msgs/share/mav_planning_msgs/msg/PointCloudWithPose.msg
[0.434s] -- Up-to-date: /home/wen/chall/install/mav_planning_msgs/share/mav_planning_msgs/msg/Polygon2D.msg
[0.435s] -- Up-to-date: /home/wen/chall/install/mav_planning_msgs/share/mav_planning_msgs/msg/PolygonWithHoles.msg
[0.435s] -- Up-to-date: /home/wen/chall/install/mav_planning_msgs/share/mav_planning_msgs/msg/PolygonWithHolesStamped.msg
[0.435s] -- Up-to-date: /home/wen/chall/install/mav_planning_msgs/share/mav_planning_msgs/msg/PolynomialSegment.msg
[0.435s] -- Up-to-date: /home/wen/chall/install/mav_planning_msgs/share/mav_planning_msgs/msg/PolynomialSegment4D.msg
[0.435s] -- Up-to-date: /home/wen/chall/install/mav_planning_msgs/share/mav_planning_msgs/msg/PolynomialTrajectory.msg
[0.435s] -- Up-to-date: /home/wen/chall/install/mav_planning_msgs/share/mav_planning_msgs/msg/PolynomialTrajectory4D.msg
[0.435s] -- Up-to-date: /home/wen/chall/install/mav_planning_msgs/share/mav_planning_msgs/srv/PlannerService.srv
[0.435s] -- Up-to-date: /home/wen/chall/install/mav_planning_msgs/share/mav_planning_msgs/srv/PolygonService.srv
[0.435s] -- Up-to-date: /home/wen/chall/install/mav_planning_msgs/share/mav_planning_msgs/srv/ChangeNameService.srv
[0.435s] -- Up-to-date: /home/wen/chall/install/mav_planning_msgs/include/mav_planning_msgs
[0.435s] -- Up-to-date: /home/wen/chall/install/mav_planning_msgs/include/mav_planning_msgs/mav_planning_msgs
[0.436s] -- Up-to-date: /home/wen/chall/install/mav_planning_msgs/include/mav_planning_msgs/mav_planning_msgs/conversions.hpp
[0.436s] -- Up-to-date: /home/wen/chall/install/mav_planning_msgs/include/mav_planning_msgs/mav_planning_msgs/conversions_deprecated.hpp
[0.436s] -- Up-to-date: /home/wen/chall/install/mav_planning_msgs/include/mav_planning_msgs/mav_planning_msgs/eigen_planning_msgs.hpp
[0.436s] -- Up-to-date: /home/wen/chall/install/mav_planning_msgs/share/ament_index/resource_index/package_run_dependencies/mav_planning_msgs
[0.436s] -- Up-to-date: /home/wen/chall/install/mav_planning_msgs/share/ament_index/resource_index/parent_prefix_path/mav_planning_msgs
[0.436s] -- Up-to-date: /home/wen/chall/install/mav_planning_msgs/share/mav_planning_msgs/environment/ament_prefix_path.sh
[0.437s] -- Up-to-date: /home/wen/chall/install/mav_planning_msgs/share/mav_planning_msgs/environment/ament_prefix_path.dsv
[0.437s] -- Up-to-date: /home/wen/chall/install/mav_planning_msgs/share/mav_planning_msgs/environment/path.sh
[0.437s] -- Up-to-date: /home/wen/chall/install/mav_planning_msgs/share/mav_planning_msgs/environment/path.dsv
[0.437s] -- Up-to-date: /home/wen/chall/install/mav_planning_msgs/share/mav_planning_msgs/local_setup.bash
[0.437s] -- Up-to-date: /home/wen/chall/install/mav_planning_msgs/share/mav_planning_msgs/local_setup.sh
[0.437s] -- Up-to-date: /home/wen/chall/install/mav_planning_msgs/share/mav_planning_msgs/local_setup.zsh
[0.437s] -- Up-to-date: /home/wen/chall/install/mav_planning_msgs/share/mav_planning_msgs/local_setup.dsv
[0.437s] -- Installing: /home/wen/chall/install/mav_planning_msgs/share/mav_planning_msgs/package.dsv
[0.438s] -- Up-to-date: /home/wen/chall/install/mav_planning_msgs/share/ament_index/resource_index/packages/mav_planning_msgs
[0.439s] -- Up-to-date: /home/wen/chall/install/mav_planning_msgs/share/mav_planning_msgs/cmake/export_mav_planning_msgs__rosidl_generator_cExport.cmake
[0.439s] -- Up-to-date: /home/wen/chall/install/mav_planning_msgs/share/mav_planning_msgs/cmake/export_mav_planning_msgs__rosidl_generator_cExport-noconfig.cmake
[0.440s] -- Up-to-date: /home/wen/chall/install/mav_planning_msgs/share/mav_planning_msgs/cmake/export_mav_planning_msgs__rosidl_typesupport_fastrtps_cExport.cmake
[0.440s] -- Up-to-date: /home/wen/chall/install/mav_planning_msgs/share/mav_planning_msgs/cmake/export_mav_planning_msgs__rosidl_typesupport_fastrtps_cExport-noconfig.cmake
[0.441s] -- Up-to-date: /home/wen/chall/install/mav_planning_msgs/share/mav_planning_msgs/cmake/mav_planning_msgs__rosidl_typesupport_introspection_cExport.cmake
[0.441s] -- Up-to-date: /home/wen/chall/install/mav_planning_msgs/share/mav_planning_msgs/cmake/mav_planning_msgs__rosidl_typesupport_introspection_cExport-noconfig.cmake
[0.441s] -- Up-to-date: /home/wen/chall/install/mav_planning_msgs/share/mav_planning_msgs/cmake/mav_planning_msgs__rosidl_typesupport_cExport.cmake
[0.442s] -- Up-to-date: /home/wen/chall/install/mav_planning_msgs/share/mav_planning_msgs/cmake/mav_planning_msgs__rosidl_typesupport_cExport-noconfig.cmake
[0.442s] -- Up-to-date: /home/wen/chall/install/mav_planning_msgs/share/mav_planning_msgs/cmake/export_mav_planning_msgs__rosidl_generator_cppExport.cmake
[0.442s] -- Up-to-date: /home/wen/chall/install/mav_planning_msgs/share/mav_planning_msgs/cmake/export_mav_planning_msgs__rosidl_typesupport_fastrtps_cppExport.cmake
[0.442s] -- Up-to-date: /home/wen/chall/install/mav_planning_msgs/share/mav_planning_msgs/cmake/export_mav_planning_msgs__rosidl_typesupport_fastrtps_cppExport-noconfig.cmake
[0.443s] -- Up-to-date: /home/wen/chall/install/mav_planning_msgs/share/mav_planning_msgs/cmake/mav_planning_msgs__rosidl_typesupport_introspection_cppExport.cmake
[0.443s] -- Up-to-date: /home/wen/chall/install/mav_planning_msgs/share/mav_planning_msgs/cmake/mav_planning_msgs__rosidl_typesupport_introspection_cppExport-noconfig.cmake
[0.444s] -- Up-to-date: /home/wen/chall/install/mav_planning_msgs/share/mav_planning_msgs/cmake/mav_planning_msgs__rosidl_typesupport_cppExport.cmake
[0.444s] -- Up-to-date: /home/wen/chall/install/mav_planning_msgs/share/mav_planning_msgs/cmake/mav_planning_msgs__rosidl_typesupport_cppExport-noconfig.cmake
[0.445s] -- Up-to-date: /home/wen/chall/install/mav_planning_msgs/share/mav_planning_msgs/cmake/export_mav_planning_msgs__rosidl_generator_pyExport.cmake
[0.445s] -- Up-to-date: /home/wen/chall/install/mav_planning_msgs/share/mav_planning_msgs/cmake/export_mav_planning_msgs__rosidl_generator_pyExport-noconfig.cmake
[0.445s] -- Up-to-date: /home/wen/chall/install/mav_planning_msgs/share/mav_planning_msgs/cmake/rosidl_cmake-extras.cmake
[0.445s] -- Up-to-date: /home/wen/chall/install/mav_planning_msgs/share/mav_planning_msgs/cmake/ament_cmake_export_dependencies-extras.cmake
[0.446s] -- Up-to-date: /home/wen/chall/install/mav_planning_msgs/share/mav_planning_msgs/cmake/ament_cmake_export_include_directories-extras.cmake
[0.446s] -- Up-to-date: /home/wen/chall/install/mav_planning_msgs/share/mav_planning_msgs/cmake/ament_cmake_export_libraries-extras.cmake
[0.446s] -- Up-to-date: /home/wen/chall/install/mav_planning_msgs/share/mav_planning_msgs/cmake/ament_cmake_export_targets-extras.cmake
[0.446s] -- Up-to-date: /home/wen/chall/install/mav_planning_msgs/share/mav_planning_msgs/cmake/rosidl_cmake_export_typesupport_targets-extras.cmake
[0.446s] -- Up-to-date: /home/wen/chall/install/mav_planning_msgs/share/mav_planning_msgs/cmake/rosidl_cmake_export_typesupport_libraries-extras.cmake
[0.446s] -- Up-to-date: /home/wen/chall/install/mav_planning_msgs/share/mav_planning_msgs/cmake/mav_planning_msgsConfig.cmake
[0.446s] -- Up-to-date: /home/wen/chall/install/mav_planning_msgs/share/mav_planning_msgs/cmake/mav_planning_msgsConfig-version.cmake
[0.447s] -- Up-to-date: /home/wen/chall/install/mav_planning_msgs/share/mav_planning_msgs/package.xml
[0.448s] Invoked command in '/home/wen/Desktop/as project/autonomoussystems2025/ros2_ws/build/mav_planning_msgs' returned '0': AMENT_PREFIX_PATH=/home/wen/chall/install/mav_msgs:${AMENT_PREFIX_PATH} CMAKE_PREFIX_PATH=/home/wen/Desktop/as project/autonomoussystems2025/ros2_ws/install/mav_msgs:/home/wen/Desktop/as project/install/takeoff_pkg:/home/wen/Desktop/as project/install/simulation:/home/wen/Desktop/as project/install/mav_planning_msgs:/home/wen/Desktop/as project/install/controller_pkg:/home/wen/Desktop/as project/install/mav_msgs:/home/wen/Desktop/as project/install/mapping_pkg:/home/wen/ws/install/trajectory_planner_pkg:/home/wen/ws/install/state_estimator_pkg:/home/wen/ws/install/simulation:/home/wen/ws/install/mission_planner_pkg:/home/wen/ws/install/mav_planning_msgs:/home/wen/ws/install/controller_pkg:/home/wen/ws/install/mav_msgs:/opt/ros/jazzy/opt/gz_math_vendor:/opt/ros/jazzy/opt/gz_utils_vendor:/opt/ros/jazzy/opt/gz_cmake_vendor:/opt/ros/jazzy DEBUGINFOD_URLS=https://debuginfod.ubuntu.com LD_LIBRARY_PATH=/home/wen/chall/install/mav_msgs/lib:/home/wen/Desktop/as project/autonomoussystems2025/ros2_ws/install/mav_msgs/lib:${LD_LIBRARY_PATH} PYTHONPATH=/home/wen/chall/install/mav_msgs/lib/python3.12/site-packages:/home/wen/Desktop/as project/autonomoussystems2025/ros2_ws/install/mav_msgs/lib/python3.12/site-packages:${PYTHONPATH} /usr/bin/cmake --install /home/wen/Desktop/as project/autonomoussystems2025/ros2_ws/build/mav_planning_msgs
