[0.013s] Invoking command in '/home/wen/chall/build/mav_planning_msgs': AMENT_PREFIX_PATH=/home/wen/chall/install/mav_msgs:${AMENT_PREFIX_PATH} CMAKE_PREFIX_PATH=/home/wen/chall/install/mav_msgs:/home/wen/ws/install/trajectory_planner_pkg:/home/wen/ws/install/state_estimator_pkg:/home/wen/ws/install/simulation:/home/wen/ws/install/mission_planner_pkg:/home/wen/ws/install/mav_planning_msgs:/home/wen/ws/install/controller_pkg:/home/wen/ws/install/mav_msgs:/opt/ros/jazzy/opt/gz_math_vendor:/opt/ros/jazzy/opt/gz_utils_vendor:/opt/ros/jazzy/opt/gz_cmake_vendor:/opt/ros/jazzy DEBUGINFOD_URLS=https://debuginfod.ubuntu.com LD_LIBRARY_PATH=/home/wen/chall/install/mav_msgs/lib:${LD_LIBRARY_PATH} PYTHONPATH=/home/wen/chall/install/mav_msgs/lib/python3.12/site-packages:${PYTHONPATH} /usr/bin/cmake --build /home/wen/chall/build/mav_planning_msgs -- -j4 -l4
[0.087s] [  1%] Built target mav_planning_msgs__rosidl_generator_type_description
[0.111s] [  1%] Built target mav_planning_msgs__cpp
[0.118s] [  1%] Built target ament_cmake_python_copy_mav_planning_msgs
[0.127s] [ 27%] Built target mav_planning_msgs__rosidl_generator_c
[0.158s] [ 37%] Built target mav_planning_msgs__rosidl_typesupport_introspection_c
[0.162s] [ 46%] Built target mav_planning_msgs__rosidl_typesupport_cpp
[0.167s] [ 56%] Built target mav_planning_msgs__rosidl_typesupport_fastrtps_c
[0.184s] [ 66%] Built target mav_planning_msgs__rosidl_typesupport_c
[0.195s] [ 76%] Built target mav_planning_msgs__rosidl_typesupport_fastrtps_cpp
[0.198s] [ 85%] Built target mav_planning_msgs__rosidl_typesupport_introspection_cpp
[0.218s] [ 85%] Built target mav_planning_msgs
[0.235s] [ 86%] Built target mav_planning_msgs__py
[0.260s] [ 95%] Built target mav_planning_msgs__rosidl_generator_py
[0.266s] running egg_info
[0.276s] writing mav_planning_msgs.egg-info/PKG-INFO
[0.276s] writing dependency_links to mav_planning_msgs.egg-info/dependency_links.txt
[0.277s] writing top-level names to mav_planning_msgs.egg-info/top_level.txt
[0.279s] [ 96%] Built target mav_planning_msgs_s__rosidl_typesupport_fastrtps_c
[0.280s] [ 98%] Built target mav_planning_msgs_s__rosidl_typesupport_c
[0.281s] [100%] Built target mav_planning_msgs_s__rosidl_typesupport_introspection_c
[0.307s] reading manifest file 'mav_planning_msgs.egg-info/SOURCES.txt'
[0.308s] writing manifest file 'mav_planning_msgs.egg-info/SOURCES.txt'
[0.326s] [100%] Built target ament_cmake_python_build_mav_planning_msgs_egg
[0.336s] Invoked command in '/home/wen/chall/build/mav_planning_msgs' returned '0': AMENT_PREFIX_PATH=/home/wen/chall/install/mav_msgs:${AMENT_PREFIX_PATH} CMAKE_PREFIX_PATH=/home/wen/chall/install/mav_msgs:/home/wen/ws/install/trajectory_planner_pkg:/home/wen/ws/install/state_estimator_pkg:/home/wen/ws/install/simulation:/home/wen/ws/install/mission_planner_pkg:/home/wen/ws/install/mav_planning_msgs:/home/wen/ws/install/controller_pkg:/home/wen/ws/install/mav_msgs:/opt/ros/jazzy/opt/gz_math_vendor:/opt/ros/jazzy/opt/gz_utils_vendor:/opt/ros/jazzy/opt/gz_cmake_vendor:/opt/ros/jazzy DEBUGINFOD_URLS=https://debuginfod.ubuntu.com LD_LIBRARY_PATH=/home/wen/chall/install/mav_msgs/lib:${LD_LIBRARY_PATH} PYTHONPATH=/home/wen/chall/install/mav_msgs/lib/python3.12/site-packages:${PYTHONPATH} /usr/bin/cmake --build /home/wen/chall/build/mav_planning_msgs -- -j4 -l4
[0.338s] Invoking command in '/home/wen/chall/build/mav_planning_msgs': AMENT_PREFIX_PATH=/home/wen/chall/install/mav_msgs:${AMENT_PREFIX_PATH} CMAKE_PREFIX_PATH=/home/wen/chall/install/mav_msgs:/home/wen/ws/install/trajectory_planner_pkg:/home/wen/ws/install/state_estimator_pkg:/home/wen/ws/install/simulation:/home/wen/ws/install/mission_planner_pkg:/home/wen/ws/install/mav_planning_msgs:/home/wen/ws/install/controller_pkg:/home/wen/ws/install/mav_msgs:/opt/ros/jazzy/opt/gz_math_vendor:/opt/ros/jazzy/opt/gz_utils_vendor:/opt/ros/jazzy/opt/gz_cmake_vendor:/opt/ros/jazzy DEBUGINFOD_URLS=https://debuginfod.ubuntu.com LD_LIBRARY_PATH=/home/wen/chall/install/mav_msgs/lib:${LD_LIBRARY_PATH} PYTHONPATH=/home/wen/chall/install/mav_msgs/lib/python3.12/site-packages:${PYTHONPATH} /usr/bin/cmake --install /home/wen/chall/build/mav_planning_msgs
[0.344s] -- Install configuration: ""
[0.345s] -- Up-to-date: /home/wen/chall/install/mav_planning_msgs/share/ament_index/resource_index/rosidl_interfaces/mav_planning_msgs
[0.346s] -- Up-to-date: /home/wen/chall/install/mav_planning_msgs/share/mav_planning_msgs/msg/Point2D.json
[0.346s] -- Up-to-date: /home/wen/chall/install/mav_planning_msgs/share/mav_planning_msgs/msg/PointCloudWithPose.json
[0.346s] -- Up-to-date: /home/wen/chall/install/mav_planning_msgs/share/mav_planning_msgs/msg/Polygon2D.json
[0.346s] -- Up-to-date: /home/wen/chall/install/mav_planning_msgs/share/mav_planning_msgs/msg/PolygonWithHoles.json
[0.346s] -- Up-to-date: /home/wen/chall/install/mav_planning_msgs/share/mav_planning_msgs/msg/PolygonWithHolesStamped.json
[0.346s] -- Up-to-date: /home/wen/chall/install/mav_planning_msgs/share/mav_planning_msgs/msg/PolynomialSegment.json
[0.346s] -- Up-to-date: /home/wen/chall/install/mav_planning_msgs/share/mav_planning_msgs/msg/PolynomialSegment4D.json
[0.346s] -- Up-to-date: /home/wen/chall/install/mav_planning_msgs/share/mav_planning_msgs/msg/PolynomialTrajectory.json
[0.346s] -- Up-to-date: /home/wen/chall/install/mav_planning_msgs/share/mav_planning_msgs/msg/PolynomialTrajectory4D.json
[0.347s] -- Up-to-date: /home/wen/chall/install/mav_planning_msgs/share/mav_planning_msgs/srv/PlannerService.json
[0.347s] -- Up-to-date: /home/wen/chall/install/mav_planning_msgs/share/mav_planning_msgs/srv/PolygonService.json
[0.347s] -- Up-to-date: /home/wen/chall/install/mav_planning_msgs/share/mav_planning_msgs/srv/ChangeNameService.json
[0.347s] -- Up-to-date: /home/wen/chall/install/mav_planning_msgs/include/mav_planning_msgs/mav_planning_msgs
[0.348s] -- Up-to-date: /home/wen/chall/install/mav_planning_msgs/include/mav_planning_msgs/mav_planning_msgs/msg
[0.348s] -- Up-to-date: /home/wen/chall/install/mav_planning_msgs/include/mav_planning_msgs/mav_planning_msgs/msg/point2_d.h
[0.348s] -- Up-to-date: /home/wen/chall/install/mav_planning_msgs/include/mav_planning_msgs/mav_planning_msgs/msg/polygon2_d.h
[0.348s] -- Up-to-date: /home/wen/chall/install/mav_planning_msgs/include/mav_planning_msgs/mav_planning_msgs/msg/detail
[0.348s] -- Up-to-date: /home/wen/chall/install/mav_planning_msgs/include/mav_planning_msgs/mav_planning_msgs/msg/detail/point2_d__description.c
[0.348s] -- Up-to-date: /home/wen/chall/install/mav_planning_msgs/include/mav_planning_msgs/mav_planning_msgs/msg/detail/point_cloud_with_pose__functions.h
[0.348s] -- Up-to-date: /home/wen/chall/install/mav_planning_msgs/include/mav_planning_msgs/mav_planning_msgs/msg/detail/polynomial_trajectory4_d__struct.h
[0.348s] -- Up-to-date: /home/wen/chall/install/mav_planning_msgs/include/mav_planning_msgs/mav_planning_msgs/msg/detail/polynomial_trajectory__struct.h
[0.348s] -- Up-to-date: /home/wen/chall/install/mav_planning_msgs/include/mav_planning_msgs/mav_planning_msgs/msg/detail/polynomial_segment4_d__functions.c
[0.349s] -- Installing: /home/wen/chall/install/mav_planning_msgs/include/mav_planning_msgs/mav_planning_msgs/msg/detail/polynomial_trajectory__type_support.c
[0.349s] -- Up-to-date: /home/wen/chall/install/mav_planning_msgs/include/mav_planning_msgs/mav_planning_msgs/msg/detail/point2_d__functions.c
[0.349s] -- Up-to-date: /home/wen/chall/install/mav_planning_msgs/include/mav_planning_msgs/mav_planning_msgs/msg/detail/point_cloud_with_pose__description.c
[0.349s] -- Up-to-date: /home/wen/chall/install/mav_planning_msgs/include/mav_planning_msgs/mav_planning_msgs/msg/detail/polygon2_d__type_support.h
[0.349s] -- Up-to-date: /home/wen/chall/install/mav_planning_msgs/include/mav_planning_msgs/mav_planning_msgs/msg/detail/point2_d__type_support.h
[0.349s] -- Up-to-date: /home/wen/chall/install/mav_planning_msgs/include/mav_planning_msgs/mav_planning_msgs/msg/detail/polynomial_segment4_d__functions.h
[0.349s] -- Installing: /home/wen/chall/install/mav_planning_msgs/include/mav_planning_msgs/mav_planning_msgs/msg/detail/polygon2_d__type_support.c
[0.349s] -- Up-to-date: /home/wen/chall/install/mav_planning_msgs/include/mav_planning_msgs/mav_planning_msgs/msg/detail/polygon_with_holes_stamped__type_support.h
[0.350s] -- Installing: /home/wen/chall/install/mav_planning_msgs/include/mav_planning_msgs/mav_planning_msgs/msg/detail/polynomial_segment__type_support.c
[0.350s] -- Up-to-date: /home/wen/chall/install/mav_planning_msgs/include/mav_planning_msgs/mav_planning_msgs/msg/detail/polygon_with_holes__functions.c
[0.350s] -- Up-to-date: /home/wen/chall/install/mav_planning_msgs/include/mav_planning_msgs/mav_planning_msgs/msg/detail/polygon_with_holes_stamped__functions.c
[0.350s] -- Up-to-date: /home/wen/chall/install/mav_planning_msgs/include/mav_planning_msgs/mav_planning_msgs/msg/detail/polygon_with_holes__type_support.h
[0.350s] -- Up-to-date: /home/wen/chall/install/mav_planning_msgs/include/mav_planning_msgs/mav_planning_msgs/msg/detail/polynomial_trajectory__type_support.h
[0.350s] -- Up-to-date: /home/wen/chall/install/mav_planning_msgs/include/mav_planning_msgs/mav_planning_msgs/msg/detail/polygon_with_holes__functions.h
[0.350s] -- Up-to-date: /home/wen/chall/install/mav_planning_msgs/include/mav_planning_msgs/mav_planning_msgs/msg/detail/polygon_with_holes_stamped__description.c
[0.350s] -- Up-to-date: /home/wen/chall/install/mav_planning_msgs/include/mav_planning_msgs/mav_planning_msgs/msg/detail/point_cloud_with_pose__functions.c
[0.350s] -- Up-to-date: /home/wen/chall/install/mav_planning_msgs/include/mav_planning_msgs/mav_planning_msgs/msg/detail/polynomial_trajectory4_d__description.c
[0.350s] -- Up-to-date: /home/wen/chall/install/mav_planning_msgs/include/mav_planning_msgs/mav_planning_msgs/msg/detail/polygon_with_holes_stamped__struct.h
[0.350s] -- Installing: /home/wen/chall/install/mav_planning_msgs/include/mav_planning_msgs/mav_planning_msgs/msg/detail/point2_d__type_support.c
[0.350s] -- Installing: /home/wen/chall/install/mav_planning_msgs/include/mav_planning_msgs/mav_planning_msgs/msg/detail/point_cloud_with_pose__type_support.c
[0.353s] -- Up-to-date: /home/wen/chall/install/mav_planning_msgs/include/mav_planning_msgs/mav_planning_msgs/msg/detail/polygon2_d__description.c
[0.353s] -- Up-to-date: /home/wen/chall/install/mav_planning_msgs/include/mav_planning_msgs/mav_planning_msgs/msg/detail/polynomial_segment4_d__struct.h
[0.353s] -- Up-to-date: /home/wen/chall/install/mav_planning_msgs/include/mav_planning_msgs/mav_planning_msgs/msg/detail/polynomial_trajectory4_d__functions.c
[0.353s] -- Installing: /home/wen/chall/install/mav_planning_msgs/include/mav_planning_msgs/mav_planning_msgs/msg/detail/polynomial_segment4_d__type_support.c
[0.353s] -- Up-to-date: /home/wen/chall/install/mav_planning_msgs/include/mav_planning_msgs/mav_planning_msgs/msg/detail/polynomial_segment__type_support.h
[0.353s] -- Installing: /home/wen/chall/install/mav_planning_msgs/include/mav_planning_msgs/mav_planning_msgs/msg/detail/polygon_with_holes_stamped__type_support.c
[0.354s] -- Up-to-date: /home/wen/chall/install/mav_planning_msgs/include/mav_planning_msgs/mav_planning_msgs/msg/detail/polynomial_trajectory4_d__type_support.h
[0.354s] -- Up-to-date: /home/wen/chall/install/mav_planning_msgs/include/mav_planning_msgs/mav_planning_msgs/msg/detail/polygon_with_holes_stamped__functions.h
[0.354s] -- Up-to-date: /home/wen/chall/install/mav_planning_msgs/include/mav_planning_msgs/mav_planning_msgs/msg/detail/polynomial_segment__functions.h
[0.354s] -- Installing: /home/wen/chall/install/mav_planning_msgs/include/mav_planning_msgs/mav_planning_msgs/msg/detail/polynomial_trajectory4_d__type_support.c
[0.354s] -- Up-to-date: /home/wen/chall/install/mav_planning_msgs/include/mav_planning_msgs/mav_planning_msgs/msg/detail/polynomial_segment4_d__description.c
[0.354s] -- Up-to-date: /home/wen/chall/install/mav_planning_msgs/include/mav_planning_msgs/mav_planning_msgs/msg/detail/polygon_with_holes__struct.h
[0.354s] -- Installing: /home/wen/chall/install/mav_planning_msgs/include/mav_planning_msgs/mav_planning_msgs/msg/detail/polygon_with_holes__type_support.c
[0.354s] -- Up-to-date: /home/wen/chall/install/mav_planning_msgs/include/mav_planning_msgs/mav_planning_msgs/msg/detail/point2_d__functions.h
[0.354s] -- Up-to-date: /home/wen/chall/install/mav_planning_msgs/include/mav_planning_msgs/mav_planning_msgs/msg/detail/polynomial_segment__functions.c
[0.355s] -- Up-to-date: /home/wen/chall/install/mav_planning_msgs/include/mav_planning_msgs/mav_planning_msgs/msg/detail/polynomial_trajectory__functions.c
[0.355s] -- Up-to-date: /home/wen/chall/install/mav_planning_msgs/include/mav_planning_msgs/mav_planning_msgs/msg/detail/polynomial_trajectory4_d__functions.h
[0.355s] -- Up-to-date: /home/wen/chall/install/mav_planning_msgs/include/mav_planning_msgs/mav_planning_msgs/msg/detail/polynomial_segment__description.c
[0.355s] -- Up-to-date: /home/wen/chall/install/mav_planning_msgs/include/mav_planning_msgs/mav_planning_msgs/msg/detail/polynomial_segment__struct.h
[0.355s] -- Up-to-date: /home/wen/chall/install/mav_planning_msgs/include/mav_planning_msgs/mav_planning_msgs/msg/detail/polygon_with_holes__description.c
[0.355s] -- Up-to-date: /home/wen/chall/install/mav_planning_msgs/include/mav_planning_msgs/mav_planning_msgs/msg/detail/polygon2_d__struct.h
[0.355s] -- Up-to-date: /home/wen/chall/install/mav_planning_msgs/include/mav_planning_msgs/mav_planning_msgs/msg/detail/point_cloud_with_pose__struct.h
[0.355s] -- Up-to-date: /home/wen/chall/install/mav_planning_msgs/include/mav_planning_msgs/mav_planning_msgs/msg/detail/polynomial_trajectory__functions.h
[0.355s] -- Up-to-date: /home/wen/chall/install/mav_planning_msgs/include/mav_planning_msgs/mav_planning_msgs/msg/detail/point_cloud_with_pose__type_support.h
[0.355s] -- Up-to-date: /home/wen/chall/install/mav_planning_msgs/include/mav_planning_msgs/mav_planning_msgs/msg/detail/polygon2_d__functions.h
[0.355s] -- Up-to-date: /home/wen/chall/install/mav_planning_msgs/include/mav_planning_msgs/mav_planning_msgs/msg/detail/polynomial_segment4_d__type_support.h
[0.355s] -- Up-to-date: /home/wen/chall/install/mav_planning_msgs/include/mav_planning_msgs/mav_planning_msgs/msg/detail/polynomial_trajectory__description.c
[0.355s] -- Up-to-date: /home/wen/chall/install/mav_planning_msgs/include/mav_planning_msgs/mav_planning_msgs/msg/detail/point2_d__struct.h
[0.355s] -- Up-to-date: /home/wen/chall/install/mav_planning_msgs/include/mav_planning_msgs/mav_planning_msgs/msg/detail/polygon2_d__functions.c
[0.355s] -- Up-to-date: /home/wen/chall/install/mav_planning_msgs/include/mav_planning_msgs/mav_planning_msgs/msg/polygon_with_holes.h
[0.355s] -- Up-to-date: /home/wen/chall/install/mav_planning_msgs/include/mav_planning_msgs/mav_planning_msgs/msg/rosidl_generator_c__visibility_control.h
[0.355s] -- Up-to-date: /home/wen/chall/install/mav_planning_msgs/include/mav_planning_msgs/mav_planning_msgs/msg/polynomial_trajectory.h
[0.355s] -- Up-to-date: /home/wen/chall/install/mav_planning_msgs/include/mav_planning_msgs/mav_planning_msgs/msg/polygon_with_holes_stamped.h
[0.355s] -- Up-to-date: /home/wen/chall/install/mav_planning_msgs/include/mav_planning_msgs/mav_planning_msgs/msg/polynomial_trajectory4_d.h
[0.355s] -- Up-to-date: /home/wen/chall/install/mav_planning_msgs/include/mav_planning_msgs/mav_planning_msgs/msg/point_cloud_with_pose.h
[0.356s] -- Up-to-date: /home/wen/chall/install/mav_planning_msgs/include/mav_planning_msgs/mav_planning_msgs/msg/polynomial_segment4_d.h
[0.356s] -- Up-to-date: /home/wen/chall/install/mav_planning_msgs/include/mav_planning_msgs/mav_planning_msgs/msg/polynomial_segment.h
[0.356s] -- Up-to-date: /home/wen/chall/install/mav_planning_msgs/include/mav_planning_msgs/mav_planning_msgs/srv
[0.356s] -- Up-to-date: /home/wen/chall/install/mav_planning_msgs/include/mav_planning_msgs/mav_planning_msgs/srv/detail
[0.356s] -- Up-to-date: /home/wen/chall/install/mav_planning_msgs/include/mav_planning_msgs/mav_planning_msgs/srv/detail/planner_service__struct.h
[0.356s] -- Up-to-date: /home/wen/chall/install/mav_planning_msgs/include/mav_planning_msgs/mav_planning_msgs/srv/detail/polygon_service__description.c
[0.356s] -- Up-to-date: /home/wen/chall/install/mav_planning_msgs/include/mav_planning_msgs/mav_planning_msgs/srv/detail/planner_service__functions.c
[0.356s] -- Up-to-date: /home/wen/chall/install/mav_planning_msgs/include/mav_planning_msgs/mav_planning_msgs/srv/detail/change_name_service__functions.c
[0.356s] -- Up-to-date: /home/wen/chall/install/mav_planning_msgs/include/mav_planning_msgs/mav_planning_msgs/srv/detail/change_name_service__functions.h
[0.356s] -- Up-to-date: /home/wen/chall/install/mav_planning_msgs/include/mav_planning_msgs/mav_planning_msgs/srv/detail/polygon_service__type_support.h
[0.356s] -- Up-to-date: /home/wen/chall/install/mav_planning_msgs/include/mav_planning_msgs/mav_planning_msgs/srv/detail/change_name_service__description.c
[0.356s] -- Up-to-date: /home/wen/chall/install/mav_planning_msgs/include/mav_planning_msgs/mav_planning_msgs/srv/detail/polygon_service__functions.c
[0.356s] -- Installing: /home/wen/chall/install/mav_planning_msgs/include/mav_planning_msgs/mav_planning_msgs/srv/detail/polygon_service__type_support.c
[0.356s] -- Up-to-date: /home/wen/chall/install/mav_planning_msgs/include/mav_planning_msgs/mav_planning_msgs/srv/detail/planner_service__description.c
[0.356s] -- Up-to-date: /home/wen/chall/install/mav_planning_msgs/include/mav_planning_msgs/mav_planning_msgs/srv/detail/planner_service__functions.h
[0.356s] -- Up-to-date: /home/wen/chall/install/mav_planning_msgs/include/mav_planning_msgs/mav_planning_msgs/srv/detail/polygon_service__functions.h
[0.356s] -- Up-to-date: /home/wen/chall/install/mav_planning_msgs/include/mav_planning_msgs/mav_planning_msgs/srv/detail/change_name_service__struct.h
[0.356s] -- Up-to-date: /home/wen/chall/install/mav_planning_msgs/include/mav_planning_msgs/mav_planning_msgs/srv/detail/polygon_service__struct.h
[0.356s] -- Installing: /home/wen/chall/install/mav_planning_msgs/include/mav_planning_msgs/mav_planning_msgs/srv/detail/change_name_service__type_support.c
[0.356s] -- Installing: /home/wen/chall/install/mav_planning_msgs/include/mav_planning_msgs/mav_planning_msgs/srv/detail/planner_service__type_support.c
[0.357s] -- Up-to-date: /home/wen/chall/install/mav_planning_msgs/include/mav_planning_msgs/mav_planning_msgs/srv/detail/change_name_service__type_support.h
[0.357s] -- Up-to-date: /home/wen/chall/install/mav_planning_msgs/include/mav_planning_msgs/mav_planning_msgs/srv/detail/planner_service__type_support.h
[0.357s] -- Up-to-date: /home/wen/chall/install/mav_planning_msgs/include/mav_planning_msgs/mav_planning_msgs/srv/planner_service.h
[0.357s] -- Up-to-date: /home/wen/chall/install/mav_planning_msgs/include/mav_planning_msgs/mav_planning_msgs/srv/change_name_service.h
[0.357s] -- Up-to-date: /home/wen/chall/install/mav_planning_msgs/include/mav_planning_msgs/mav_planning_msgs/srv/polygon_service.h
[0.357s] -- Up-to-date: /home/wen/chall/install/mav_planning_msgs/share/mav_planning_msgs/environment/library_path.sh
[0.357s] -- Up-to-date: /home/wen/chall/install/mav_planning_msgs/share/mav_planning_msgs/environment/library_path.dsv
[0.357s] -- Up-to-date: /home/wen/chall/install/mav_planning_msgs/lib/libmav_planning_msgs__rosidl_generator_c.so
[0.358s] -- Up-to-date: /home/wen/chall/install/mav_planning_msgs/include/mav_planning_msgs/mav_planning_msgs
[0.358s] -- Up-to-date: /home/wen/chall/install/mav_planning_msgs/include/mav_planning_msgs/mav_planning_msgs/msg
[0.358s] -- Up-to-date: /home/wen/chall/install/mav_planning_msgs/include/mav_planning_msgs/mav_planning_msgs/msg/detail
[0.358s] -- Up-to-date: /home/wen/chall/install/mav_planning_msgs/include/mav_planning_msgs/mav_planning_msgs/msg/detail/polygon_with_holes__rosidl_typesupport_fastrtps_c.h
[0.358s] -- Up-to-date: /home/wen/chall/install/mav_planning_msgs/include/mav_planning_msgs/mav_planning_msgs/msg/detail/polynomial_trajectory__rosidl_typesupport_fastrtps_c.h
[0.358s] -- Up-to-date: /home/wen/chall/install/mav_planning_msgs/include/mav_planning_msgs/mav_planning_msgs/msg/detail/polynomial_trajectory4_d__rosidl_typesupport_fastrtps_c.h
[0.358s] -- Up-to-date: /home/wen/chall/install/mav_planning_msgs/include/mav_planning_msgs/mav_planning_msgs/msg/detail/polynomial_segment4_d__rosidl_typesupport_fastrtps_c.h
[0.358s] -- Up-to-date: /home/wen/chall/install/mav_planning_msgs/include/mav_planning_msgs/mav_planning_msgs/msg/detail/polygon2_d__rosidl_typesupport_fastrtps_c.h
[0.358s] -- Up-to-date: /home/wen/chall/install/mav_planning_msgs/include/mav_planning_msgs/mav_planning_msgs/msg/detail/polynomial_segment__rosidl_typesupport_fastrtps_c.h
[0.358s] -- Up-to-date: /home/wen/chall/install/mav_planning_msgs/include/mav_planning_msgs/mav_planning_msgs/msg/detail/polygon_with_holes_stamped__rosidl_typesupport_fastrtps_c.h
[0.358s] -- Up-to-date: /home/wen/chall/install/mav_planning_msgs/include/mav_planning_msgs/mav_planning_msgs/msg/detail/point_cloud_with_pose__rosidl_typesupport_fastrtps_c.h
[0.358s] -- Up-to-date: /home/wen/chall/install/mav_planning_msgs/include/mav_planning_msgs/mav_planning_msgs/msg/detail/point2_d__rosidl_typesupport_fastrtps_c.h
[0.358s] -- Up-to-date: /home/wen/chall/install/mav_planning_msgs/include/mav_planning_msgs/mav_planning_msgs/msg/rosidl_typesupport_fastrtps_c__visibility_control.h
[0.358s] -- Up-to-date: /home/wen/chall/install/mav_planning_msgs/include/mav_planning_msgs/mav_planning_msgs/srv
[0.358s] -- Up-to-date: /home/wen/chall/install/mav_planning_msgs/include/mav_planning_msgs/mav_planning_msgs/srv/detail
[0.358s] -- Up-to-date: /home/wen/chall/install/mav_planning_msgs/include/mav_planning_msgs/mav_planning_msgs/srv/detail/planner_service__rosidl_typesupport_fastrtps_c.h
[0.358s] -- Up-to-date: /home/wen/chall/install/mav_planning_msgs/include/mav_planning_msgs/mav_planning_msgs/srv/detail/change_name_service__rosidl_typesupport_fastrtps_c.h
[0.358s] -- Up-to-date: /home/wen/chall/install/mav_planning_msgs/include/mav_planning_msgs/mav_planning_msgs/srv/detail/polygon_service__rosidl_typesupport_fastrtps_c.h
[0.359s] -- Up-to-date: /home/wen/chall/install/mav_planning_msgs/lib/libmav_planning_msgs__rosidl_typesupport_fastrtps_c.so
[0.359s] -- Up-to-date: /home/wen/chall/install/mav_planning_msgs/include/mav_planning_msgs/mav_planning_msgs
[0.359s] -- Up-to-date: /home/wen/chall/install/mav_planning_msgs/include/mav_planning_msgs/mav_planning_msgs/msg
[0.359s] -- Up-to-date: /home/wen/chall/install/mav_planning_msgs/include/mav_planning_msgs/mav_planning_msgs/msg/detail
[0.359s] -- Installing: /home/wen/chall/install/mav_planning_msgs/include/mav_planning_msgs/mav_planning_msgs/msg/detail/polynomial_trajectory__type_support.c
[0.359s] -- Up-to-date: /home/wen/chall/install/mav_planning_msgs/include/mav_planning_msgs/mav_planning_msgs/msg/detail/polynomial_trajectory__rosidl_typesupport_introspection_c.h
[0.359s] -- Up-to-date: /home/wen/chall/install/mav_planning_msgs/include/mav_planning_msgs/mav_planning_msgs/msg/detail/polynomial_segment4_d__rosidl_typesupport_introspection_c.h
[0.360s] -- Installing: /home/wen/chall/install/mav_planning_msgs/include/mav_planning_msgs/mav_planning_msgs/msg/detail/polygon2_d__type_support.c
[0.360s] -- Installing: /home/wen/chall/install/mav_planning_msgs/include/mav_planning_msgs/mav_planning_msgs/msg/detail/polynomial_segment__type_support.c
[0.361s] -- Installing: /home/wen/chall/install/mav_planning_msgs/include/mav_planning_msgs/mav_planning_msgs/msg/detail/point2_d__type_support.c
[0.361s] -- Installing: /home/wen/chall/install/mav_planning_msgs/include/mav_planning_msgs/mav_planning_msgs/msg/detail/point_cloud_with_pose__type_support.c
[0.361s] -- Installing: /home/wen/chall/install/mav_planning_msgs/include/mav_planning_msgs/mav_planning_msgs/msg/detail/polynomial_segment4_d__type_support.c
[0.362s] -- Installing: /home/wen/chall/install/mav_planning_msgs/include/mav_planning_msgs/mav_planning_msgs/msg/detail/polygon_with_holes_stamped__type_support.c
[0.362s] -- Up-to-date: /home/wen/chall/install/mav_planning_msgs/include/mav_planning_msgs/mav_planning_msgs/msg/detail/point2_d__rosidl_typesupport_introspection_c.h
[0.362s] -- Installing: /home/wen/chall/install/mav_planning_msgs/include/mav_planning_msgs/mav_planning_msgs/msg/detail/polynomial_trajectory4_d__type_support.c
[0.363s] -- Up-to-date: /home/wen/chall/install/mav_planning_msgs/include/mav_planning_msgs/mav_planning_msgs/msg/detail/polygon_with_holes_stamped__rosidl_typesupport_introspection_c.h
[0.363s] -- Installing: /home/wen/chall/install/mav_planning_msgs/include/mav_planning_msgs/mav_planning_msgs/msg/detail/polygon_with_holes__type_support.c
[0.363s] -- Up-to-date: /home/wen/chall/install/mav_planning_msgs/include/mav_planning_msgs/mav_planning_msgs/msg/detail/point_cloud_with_pose__rosidl_typesupport_introspection_c.h
[0.363s] -- Up-to-date: /home/wen/chall/install/mav_planning_msgs/include/mav_planning_msgs/mav_planning_msgs/msg/detail/polygon_with_holes__rosidl_typesupport_introspection_c.h
[0.363s] -- Up-to-date: /home/wen/chall/install/mav_planning_msgs/include/mav_planning_msgs/mav_planning_msgs/msg/detail/polynomial_trajectory4_d__rosidl_typesupport_introspection_c.h
[0.363s] -- Up-to-date: /home/wen/chall/install/mav_planning_msgs/include/mav_planning_msgs/mav_planning_msgs/msg/detail/polynomial_segment__rosidl_typesupport_introspection_c.h
[0.363s] -- Up-to-date: /home/wen/chall/install/mav_planning_msgs/include/mav_planning_msgs/mav_planning_msgs/msg/detail/polygon2_d__rosidl_typesupport_introspection_c.h
[0.363s] -- Up-to-date: /home/wen/chall/install/mav_planning_msgs/include/mav_planning_msgs/mav_planning_msgs/msg/rosidl_typesupport_introspection_c__visibility_control.h
[0.363s] -- Up-to-date: /home/wen/chall/install/mav_planning_msgs/include/mav_planning_msgs/mav_planning_msgs/srv
[0.363s] -- Up-to-date: /home/wen/chall/install/mav_planning_msgs/include/mav_planning_msgs/mav_planning_msgs/srv/detail
[0.363s] -- Up-to-date: /home/wen/chall/install/mav_planning_msgs/include/mav_planning_msgs/mav_planning_msgs/srv/detail/change_name_service__rosidl_typesupport_introspection_c.h
[0.363s] -- Installing: /home/wen/chall/install/mav_planning_msgs/include/mav_planning_msgs/mav_planning_msgs/srv/detail/polygon_service__type_support.c
[0.363s] -- Up-to-date: /home/wen/chall/install/mav_planning_msgs/include/mav_planning_msgs/mav_planning_msgs/srv/detail/polygon_service__rosidl_typesupport_introspection_c.h
[0.363s] -- Up-to-date: /home/wen/chall/install/mav_planning_msgs/include/mav_planning_msgs/mav_planning_msgs/srv/detail/planner_service__rosidl_typesupport_introspection_c.h
[0.364s] -- Installing: /home/wen/chall/install/mav_planning_msgs/include/mav_planning_msgs/mav_planning_msgs/srv/detail/change_name_service__type_support.c
[0.364s] -- Installing: /home/wen/chall/install/mav_planning_msgs/include/mav_planning_msgs/mav_planning_msgs/srv/detail/planner_service__type_support.c
[0.365s] -- Up-to-date: /home/wen/chall/install/mav_planning_msgs/lib/libmav_planning_msgs__rosidl_typesupport_introspection_c.so
[0.366s] -- Up-to-date: /home/wen/chall/install/mav_planning_msgs/lib/libmav_planning_msgs__rosidl_typesupport_c.so
[0.366s] -- Up-to-date: /home/wen/chall/install/mav_planning_msgs/include/mav_planning_msgs/mav_planning_msgs
[0.366s] -- Up-to-date: /home/wen/chall/install/mav_planning_msgs/include/mav_planning_msgs/mav_planning_msgs/msg
[0.366s] -- Up-to-date: /home/wen/chall/install/mav_planning_msgs/include/mav_planning_msgs/mav_planning_msgs/msg/polygon2_d.hpp
[0.366s] -- Up-to-date: /home/wen/chall/install/mav_planning_msgs/include/mav_planning_msgs/mav_planning_msgs/msg/polygon_with_holes_stamped.hpp
[0.366s] -- Up-to-date: /home/wen/chall/install/mav_planning_msgs/include/mav_planning_msgs/mav_planning_msgs/msg/detail
[0.366s] -- Up-to-date: /home/wen/chall/install/mav_planning_msgs/include/mav_planning_msgs/mav_planning_msgs/msg/detail/point2_d__type_support.hpp
[0.366s] -- Up-to-date: /home/wen/chall/install/mav_planning_msgs/include/mav_planning_msgs/mav_planning_msgs/msg/detail/polynomial_trajectory4_d__builder.hpp
[0.366s] -- Up-to-date: /home/wen/chall/install/mav_planning_msgs/include/mav_planning_msgs/mav_planning_msgs/msg/detail/polygon2_d__builder.hpp
[0.367s] -- Up-to-date: /home/wen/chall/install/mav_planning_msgs/include/mav_planning_msgs/mav_planning_msgs/msg/detail/polygon_with_holes__type_support.hpp
[0.367s] -- Up-to-date: /home/wen/chall/install/mav_planning_msgs/include/mav_planning_msgs/mav_planning_msgs/msg/detail/polynomial_segment4_d__builder.hpp
[0.367s] -- Up-to-date: /home/wen/chall/install/mav_planning_msgs/include/mav_planning_msgs/mav_planning_msgs/msg/detail/polygon_with_holes__struct.hpp
[0.367s] -- Up-to-date: /home/wen/chall/install/mav_planning_msgs/include/mav_planning_msgs/mav_planning_msgs/msg/detail/polynomial_segment4_d__traits.hpp
[0.367s] -- Up-to-date: /home/wen/chall/install/mav_planning_msgs/include/mav_planning_msgs/mav_planning_msgs/msg/detail/polygon2_d__type_support.hpp
[0.367s] -- Up-to-date: /home/wen/chall/install/mav_planning_msgs/include/mav_planning_msgs/mav_planning_msgs/msg/detail/point_cloud_with_pose__struct.hpp
[0.367s] -- Up-to-date: /home/wen/chall/install/mav_planning_msgs/include/mav_planning_msgs/mav_planning_msgs/msg/detail/point2_d__traits.hpp
[0.367s] -- Up-to-date: /home/wen/chall/install/mav_planning_msgs/include/mav_planning_msgs/mav_planning_msgs/msg/detail/polynomial_trajectory__struct.hpp
[0.367s] -- Up-to-date: /home/wen/chall/install/mav_planning_msgs/include/mav_planning_msgs/mav_planning_msgs/msg/detail/point2_d__struct.hpp
[0.367s] -- Up-to-date: /home/wen/chall/install/mav_planning_msgs/include/mav_planning_msgs/mav_planning_msgs/msg/detail/polynomial_trajectory__builder.hpp
[0.367s] -- Up-to-date: /home/wen/chall/install/mav_planning_msgs/include/mav_planning_msgs/mav_planning_msgs/msg/detail/polynomial_segment__struct.hpp
[0.367s] -- Up-to-date: /home/wen/chall/install/mav_planning_msgs/include/mav_planning_msgs/mav_planning_msgs/msg/detail/polynomial_trajectory__type_support.hpp
[0.367s] -- Up-to-date: /home/wen/chall/install/mav_planning_msgs/include/mav_planning_msgs/mav_planning_msgs/msg/detail/polynomial_trajectory4_d__struct.hpp
[0.367s] -- Up-to-date: /home/wen/chall/install/mav_planning_msgs/include/mav_planning_msgs/mav_planning_msgs/msg/detail/polynomial_trajectory4_d__type_support.hpp
[0.367s] -- Up-to-date: /home/wen/chall/install/mav_planning_msgs/include/mav_planning_msgs/mav_planning_msgs/msg/detail/polynomial_segment4_d__struct.hpp
[0.367s] -- Up-to-date: /home/wen/chall/install/mav_planning_msgs/include/mav_planning_msgs/mav_planning_msgs/msg/detail/polygon2_d__struct.hpp
[0.367s] -- Up-to-date: /home/wen/chall/install/mav_planning_msgs/include/mav_planning_msgs/mav_planning_msgs/msg/detail/polygon2_d__traits.hpp
[0.367s] -- Up-to-date: /home/wen/chall/install/mav_planning_msgs/include/mav_planning_msgs/mav_planning_msgs/msg/detail/point_cloud_with_pose__type_support.hpp
[0.367s] -- Up-to-date: /home/wen/chall/install/mav_planning_msgs/include/mav_planning_msgs/mav_planning_msgs/msg/detail/polygon_with_holes_stamped__type_support.hpp
[0.368s] -- Up-to-date: /home/wen/chall/install/mav_planning_msgs/include/mav_planning_msgs/mav_planning_msgs/msg/detail/polygon_with_holes__builder.hpp
[0.368s] -- Up-to-date: /home/wen/chall/install/mav_planning_msgs/include/mav_planning_msgs/mav_planning_msgs/msg/detail/polygon_with_holes_stamped__struct.hpp
[0.368s] -- Up-to-date: /home/wen/chall/install/mav_planning_msgs/include/mav_planning_msgs/mav_planning_msgs/msg/detail/polygon_with_holes_stamped__traits.hpp
[0.368s] -- Up-to-date: /home/wen/chall/install/mav_planning_msgs/include/mav_planning_msgs/mav_planning_msgs/msg/detail/polynomial_segment__builder.hpp
[0.368s] -- Up-to-date: /home/wen/chall/install/mav_planning_msgs/include/mav_planning_msgs/mav_planning_msgs/msg/detail/polygon_with_holes__traits.hpp
[0.368s] -- Up-to-date: /home/wen/chall/install/mav_planning_msgs/include/mav_planning_msgs/mav_planning_msgs/msg/detail/polynomial_trajectory__traits.hpp
[0.368s] -- Up-to-date: /home/wen/chall/install/mav_planning_msgs/include/mav_planning_msgs/mav_planning_msgs/msg/detail/polygon_with_holes_stamped__builder.hpp
[0.368s] -- Up-to-date: /home/wen/chall/install/mav_planning_msgs/include/mav_planning_msgs/mav_planning_msgs/msg/detail/point_cloud_with_pose__traits.hpp
[0.368s] -- Up-to-date: /home/wen/chall/install/mav_planning_msgs/include/mav_planning_msgs/mav_planning_msgs/msg/detail/point2_d__builder.hpp
[0.368s] -- Up-to-date: /home/wen/chall/install/mav_planning_msgs/include/mav_planning_msgs/mav_planning_msgs/msg/detail/point_cloud_with_pose__builder.hpp
[0.368s] -- Up-to-date: /home/wen/chall/install/mav_planning_msgs/include/mav_planning_msgs/mav_planning_msgs/msg/detail/polynomial_trajectory4_d__traits.hpp
[0.368s] -- Up-to-date: /home/wen/chall/install/mav_planning_msgs/include/mav_planning_msgs/mav_planning_msgs/msg/detail/polynomial_segment__type_support.hpp
[0.368s] -- Up-to-date: /home/wen/chall/install/mav_planning_msgs/include/mav_planning_msgs/mav_planning_msgs/msg/detail/polynomial_segment4_d__type_support.hpp
[0.368s] -- Up-to-date: /home/wen/chall/install/mav_planning_msgs/include/mav_planning_msgs/mav_planning_msgs/msg/detail/polynomial_segment__traits.hpp
[0.368s] -- Up-to-date: /home/wen/chall/install/mav_planning_msgs/include/mav_planning_msgs/mav_planning_msgs/msg/point2_d.hpp
[0.368s] -- Up-to-date: /home/wen/chall/install/mav_planning_msgs/include/mav_planning_msgs/mav_planning_msgs/msg/polynomial_segment.hpp
[0.368s] -- Up-to-date: /home/wen/chall/install/mav_planning_msgs/include/mav_planning_msgs/mav_planning_msgs/msg/polygon_with_holes.hpp
[0.368s] -- Up-to-date: /home/wen/chall/install/mav_planning_msgs/include/mav_planning_msgs/mav_planning_msgs/msg/polynomial_segment4_d.hpp
[0.368s] -- Up-to-date: /home/wen/chall/install/mav_planning_msgs/include/mav_planning_msgs/mav_planning_msgs/msg/polynomial_trajectory.hpp
[0.368s] -- Up-to-date: /home/wen/chall/install/mav_planning_msgs/include/mav_planning_msgs/mav_planning_msgs/msg/polynomial_trajectory4_d.hpp
[0.368s] -- Up-to-date: /home/wen/chall/install/mav_planning_msgs/include/mav_planning_msgs/mav_planning_msgs/msg/point_cloud_with_pose.hpp
[0.368s] -- Up-to-date: /home/wen/chall/install/mav_planning_msgs/include/mav_planning_msgs/mav_planning_msgs/msg/rosidl_generator_cpp__visibility_control.hpp
[0.369s] -- Up-to-date: /home/wen/chall/install/mav_planning_msgs/include/mav_planning_msgs/mav_planning_msgs/srv
[0.369s] -- Up-to-date: /home/wen/chall/install/mav_planning_msgs/include/mav_planning_msgs/mav_planning_msgs/srv/detail
[0.369s] -- Up-to-date: /home/wen/chall/install/mav_planning_msgs/include/mav_planning_msgs/mav_planning_msgs/srv/detail/change_name_service__builder.hpp
[0.369s] -- Up-to-date: /home/wen/chall/install/mav_planning_msgs/include/mav_planning_msgs/mav_planning_msgs/srv/detail/planner_service__traits.hpp
[0.369s] -- Up-to-date: /home/wen/chall/install/mav_planning_msgs/include/mav_planning_msgs/mav_planning_msgs/srv/detail/change_name_service__type_support.hpp
[0.369s] -- Up-to-date: /home/wen/chall/install/mav_planning_msgs/include/mav_planning_msgs/mav_planning_msgs/srv/detail/planner_service__type_support.hpp
[0.369s] -- Up-to-date: /home/wen/chall/install/mav_planning_msgs/include/mav_planning_msgs/mav_planning_msgs/srv/detail/change_name_service__struct.hpp
[0.369s] -- Up-to-date: /home/wen/chall/install/mav_planning_msgs/include/mav_planning_msgs/mav_planning_msgs/srv/detail/polygon_service__builder.hpp
[0.369s] -- Up-to-date: /home/wen/chall/install/mav_planning_msgs/include/mav_planning_msgs/mav_planning_msgs/srv/detail/polygon_service__type_support.hpp
[0.369s] -- Up-to-date: /home/wen/chall/install/mav_planning_msgs/include/mav_planning_msgs/mav_planning_msgs/srv/detail/planner_service__builder.hpp
[0.369s] -- Up-to-date: /home/wen/chall/install/mav_planning_msgs/include/mav_planning_msgs/mav_planning_msgs/srv/detail/polygon_service__traits.hpp
[0.369s] -- Up-to-date: /home/wen/chall/install/mav_planning_msgs/include/mav_planning_msgs/mav_planning_msgs/srv/detail/change_name_service__traits.hpp
[0.369s] -- Up-to-date: /home/wen/chall/install/mav_planning_msgs/include/mav_planning_msgs/mav_planning_msgs/srv/detail/polygon_service__struct.hpp
[0.369s] -- Up-to-date: /home/wen/chall/install/mav_planning_msgs/include/mav_planning_msgs/mav_planning_msgs/srv/detail/planner_service__struct.hpp
[0.369s] -- Up-to-date: /home/wen/chall/install/mav_planning_msgs/include/mav_planning_msgs/mav_planning_msgs/srv/polygon_service.hpp
[0.369s] -- Up-to-date: /home/wen/chall/install/mav_planning_msgs/include/mav_planning_msgs/mav_planning_msgs/srv/planner_service.hpp
[0.369s] -- Up-to-date: /home/wen/chall/install/mav_planning_msgs/include/mav_planning_msgs/mav_planning_msgs/srv/change_name_service.hpp
[0.369s] -- Up-to-date: /home/wen/chall/install/mav_planning_msgs/include/mav_planning_msgs/mav_planning_msgs
[0.369s] -- Up-to-date: /home/wen/chall/install/mav_planning_msgs/include/mav_planning_msgs/mav_planning_msgs/msg
[0.369s] -- Up-to-date: /home/wen/chall/install/mav_planning_msgs/include/mav_planning_msgs/mav_planning_msgs/msg/rosidl_typesupport_fastrtps_cpp__visibility_control.h
[0.369s] -- Up-to-date: /home/wen/chall/install/mav_planning_msgs/include/mav_planning_msgs/mav_planning_msgs/msg/detail
[0.369s] -- Up-to-date: /home/wen/chall/install/mav_planning_msgs/include/mav_planning_msgs/mav_planning_msgs/msg/detail/point_cloud_with_pose__rosidl_typesupport_fastrtps_cpp.hpp
[0.369s] -- Up-to-date: /home/wen/chall/install/mav_planning_msgs/include/mav_planning_msgs/mav_planning_msgs/msg/detail/polynomial_segment__rosidl_typesupport_fastrtps_cpp.hpp
[0.370s] -- Up-to-date: /home/wen/chall/install/mav_planning_msgs/include/mav_planning_msgs/mav_planning_msgs/msg/detail/polygon_with_holes_stamped__rosidl_typesupport_fastrtps_cpp.hpp
[0.370s] -- Up-to-date: /home/wen/chall/install/mav_planning_msgs/include/mav_planning_msgs/mav_planning_msgs/msg/detail/polynomial_trajectory4_d__rosidl_typesupport_fastrtps_cpp.hpp
[0.370s] -- Up-to-date: /home/wen/chall/install/mav_planning_msgs/include/mav_planning_msgs/mav_planning_msgs/msg/detail/polynomial_trajectory__rosidl_typesupport_fastrtps_cpp.hpp
[0.370s] -- Up-to-date: /home/wen/chall/install/mav_planning_msgs/include/mav_planning_msgs/mav_planning_msgs/msg/detail/point2_d__rosidl_typesupport_fastrtps_cpp.hpp
[0.370s] -- Up-to-date: /home/wen/chall/install/mav_planning_msgs/include/mav_planning_msgs/mav_planning_msgs/msg/detail/polygon2_d__rosidl_typesupport_fastrtps_cpp.hpp
[0.370s] -- Up-to-date: /home/wen/chall/install/mav_planning_msgs/include/mav_planning_msgs/mav_planning_msgs/msg/detail/polynomial_segment4_d__rosidl_typesupport_fastrtps_cpp.hpp
[0.370s] -- Up-to-date: /home/wen/chall/install/mav_planning_msgs/include/mav_planning_msgs/mav_planning_msgs/msg/detail/dds_fastrtps
[0.370s] -- Up-to-date: /home/wen/chall/install/mav_planning_msgs/include/mav_planning_msgs/mav_planning_msgs/msg/detail/polygon_with_holes__rosidl_typesupport_fastrtps_cpp.hpp
[0.370s] -- Up-to-date: /home/wen/chall/install/mav_planning_msgs/include/mav_planning_msgs/mav_planning_msgs/srv
[0.370s] -- Up-to-date: /home/wen/chall/install/mav_planning_msgs/include/mav_planning_msgs/mav_planning_msgs/srv/detail
[0.370s] -- Up-to-date: /home/wen/chall/install/mav_planning_msgs/include/mav_planning_msgs/mav_planning_msgs/srv/detail/polygon_service__rosidl_typesupport_fastrtps_cpp.hpp
[0.370s] -- Up-to-date: /home/wen/chall/install/mav_planning_msgs/include/mav_planning_msgs/mav_planning_msgs/srv/detail/change_name_service__rosidl_typesupport_fastrtps_cpp.hpp
[0.370s] -- Up-to-date: /home/wen/chall/install/mav_planning_msgs/include/mav_planning_msgs/mav_planning_msgs/srv/detail/planner_service__rosidl_typesupport_fastrtps_cpp.hpp
[0.370s] -- Up-to-date: /home/wen/chall/install/mav_planning_msgs/include/mav_planning_msgs/mav_planning_msgs/srv/detail/dds_fastrtps
[0.370s] -- Up-to-date: /home/wen/chall/install/mav_planning_msgs/lib/libmav_planning_msgs__rosidl_typesupport_fastrtps_cpp.so
[0.370s] -- Up-to-date: /home/wen/chall/install/mav_planning_msgs/include/mav_planning_msgs/mav_planning_msgs
[0.370s] -- Up-to-date: /home/wen/chall/install/mav_planning_msgs/include/mav_planning_msgs/mav_planning_msgs/msg
[0.370s] -- Up-to-date: /home/wen/chall/install/mav_planning_msgs/include/mav_planning_msgs/mav_planning_msgs/msg/detail
[0.371s] -- Up-to-date: /home/wen/chall/install/mav_planning_msgs/include/mav_planning_msgs/mav_planning_msgs/msg/detail/polynomial_trajectory4_d__rosidl_typesupport_introspection_cpp.hpp
[0.371s] -- Up-to-date: /home/wen/chall/install/mav_planning_msgs/include/mav_planning_msgs/mav_planning_msgs/msg/detail/polynomial_segment__rosidl_typesupport_introspection_cpp.hpp
[0.371s] -- Up-to-date: /home/wen/chall/install/mav_planning_msgs/include/mav_planning_msgs/mav_planning_msgs/msg/detail/polygon_with_holes__type_support.cpp
[0.371s] -- Up-to-date: /home/wen/chall/install/mav_planning_msgs/include/mav_planning_msgs/mav_planning_msgs/msg/detail/point2_d__rosidl_typesupport_introspection_cpp.hpp
[0.371s] -- Up-to-date: /home/wen/chall/install/mav_planning_msgs/include/mav_planning_msgs/mav_planning_msgs/msg/detail/polynomial_trajectory__rosidl_typesupport_introspection_cpp.hpp
[0.371s] -- Up-to-date: /home/wen/chall/install/mav_planning_msgs/include/mav_planning_msgs/mav_planning_msgs/msg/detail/polygon2_d__rosidl_typesupport_introspection_cpp.hpp
[0.371s] -- Up-to-date: /home/wen/chall/install/mav_planning_msgs/include/mav_planning_msgs/mav_planning_msgs/msg/detail/polygon_with_holes_stamped__type_support.cpp
[0.371s] -- Up-to-date: /home/wen/chall/install/mav_planning_msgs/include/mav_planning_msgs/mav_planning_msgs/msg/detail/polygon2_d__type_support.cpp
[0.371s] -- Up-to-date: /home/wen/chall/install/mav_planning_msgs/include/mav_planning_msgs/mav_planning_msgs/msg/detail/point_cloud_with_pose__rosidl_typesupport_introspection_cpp.hpp
[0.371s] -- Up-to-date: /home/wen/chall/install/mav_planning_msgs/include/mav_planning_msgs/mav_planning_msgs/msg/detail/polygon_with_holes__rosidl_typesupport_introspection_cpp.hpp
[0.371s] -- Up-to-date: /home/wen/chall/install/mav_planning_msgs/include/mav_planning_msgs/mav_planning_msgs/msg/detail/polynomial_segment4_d__type_support.cpp
[0.371s] -- Up-to-date: /home/wen/chall/install/mav_planning_msgs/include/mav_planning_msgs/mav_planning_msgs/msg/detail/polygon_with_holes_stamped__rosidl_typesupport_introspection_cpp.hpp
[0.371s] -- Up-to-date: /home/wen/chall/install/mav_planning_msgs/include/mav_planning_msgs/mav_planning_msgs/msg/detail/polynomial_segment4_d__rosidl_typesupport_introspection_cpp.hpp
[0.371s] -- Up-to-date: /home/wen/chall/install/mav_planning_msgs/include/mav_planning_msgs/mav_planning_msgs/msg/detail/polynomial_trajectory4_d__type_support.cpp
[0.371s] -- Up-to-date: /home/wen/chall/install/mav_planning_msgs/include/mav_planning_msgs/mav_planning_msgs/msg/detail/polynomial_segment__type_support.cpp
[0.371s] -- Up-to-date: /home/wen/chall/install/mav_planning_msgs/include/mav_planning_msgs/mav_planning_msgs/msg/detail/point2_d__type_support.cpp
[0.371s] -- Up-to-date: /home/wen/chall/install/mav_planning_msgs/include/mav_planning_msgs/mav_planning_msgs/msg/detail/polynomial_trajectory__type_support.cpp
[0.371s] -- Up-to-date: /home/wen/chall/install/mav_planning_msgs/include/mav_planning_msgs/mav_planning_msgs/msg/detail/point_cloud_with_pose__type_support.cpp
[0.371s] -- Up-to-date: /home/wen/chall/install/mav_planning_msgs/include/mav_planning_msgs/mav_planning_msgs/srv
[0.371s] -- Up-to-date: /home/wen/chall/install/mav_planning_msgs/include/mav_planning_msgs/mav_planning_msgs/srv/detail
[0.371s] -- Up-to-date: /home/wen/chall/install/mav_planning_msgs/include/mav_planning_msgs/mav_planning_msgs/srv/detail/planner_service__type_support.cpp
[0.371s] -- Up-to-date: /home/wen/chall/install/mav_planning_msgs/include/mav_planning_msgs/mav_planning_msgs/srv/detail/planner_service__rosidl_typesupport_introspection_cpp.hpp
[0.371s] -- Up-to-date: /home/wen/chall/install/mav_planning_msgs/include/mav_planning_msgs/mav_planning_msgs/srv/detail/change_name_service__type_support.cpp
[0.372s] -- Up-to-date: /home/wen/chall/install/mav_planning_msgs/include/mav_planning_msgs/mav_planning_msgs/srv/detail/change_name_service__rosidl_typesupport_introspection_cpp.hpp
[0.372s] -- Up-to-date: /home/wen/chall/install/mav_planning_msgs/include/mav_planning_msgs/mav_planning_msgs/srv/detail/polygon_service__type_support.cpp
[0.372s] -- Up-to-date: /home/wen/chall/install/mav_planning_msgs/include/mav_planning_msgs/mav_planning_msgs/srv/detail/polygon_service__rosidl_typesupport_introspection_cpp.hpp
[0.372s] -- Up-to-date: /home/wen/chall/install/mav_planning_msgs/lib/libmav_planning_msgs__rosidl_typesupport_introspection_cpp.so
[0.373s] -- Up-to-date: /home/wen/chall/install/mav_planning_msgs/lib/libmav_planning_msgs__rosidl_typesupport_cpp.so
[0.373s] -- Up-to-date: /home/wen/chall/install/mav_planning_msgs/share/mav_planning_msgs/environment/pythonpath.sh
[0.373s] -- Up-to-date: /home/wen/chall/install/mav_planning_msgs/share/mav_planning_msgs/environment/pythonpath.dsv
[0.373s] -- Up-to-date: /home/wen/chall/install/mav_planning_msgs/lib/python3.12/site-packages/mav_planning_msgs-3.3.3-py3.12.egg-info
[0.374s] -- Installing: /home/wen/chall/install/mav_planning_msgs/lib/python3.12/site-packages/mav_planning_msgs-3.3.3-py3.12.egg-info/PKG-INFO
[0.374s] -- Installing: /home/wen/chall/install/mav_planning_msgs/lib/python3.12/site-packages/mav_planning_msgs-3.3.3-py3.12.egg-info/SOURCES.txt
[0.374s] -- Installing: /home/wen/chall/install/mav_planning_msgs/lib/python3.12/site-packages/mav_planning_msgs-3.3.3-py3.12.egg-info/dependency_links.txt
[0.374s] -- Installing: /home/wen/chall/install/mav_planning_msgs/lib/python3.12/site-packages/mav_planning_msgs-3.3.3-py3.12.egg-info/top_level.txt
[0.374s] -- Up-to-date: /home/wen/chall/install/mav_planning_msgs/lib/python3.12/site-packages/mav_planning_msgs
[0.374s] -- Up-to-date: /home/wen/chall/install/mav_planning_msgs/lib/python3.12/site-packages/mav_planning_msgs/_mav_planning_msgs_s.ep.rosidl_typesupport_c.c
[0.374s] -- Up-to-date: /home/wen/chall/install/mav_planning_msgs/lib/python3.12/site-packages/mav_planning_msgs/_mav_planning_msgs_s.ep.rosidl_typesupport_introspection_c.c
[0.374s] -- Up-to-date: /home/wen/chall/install/mav_planning_msgs/lib/python3.12/site-packages/mav_planning_msgs/msg
[0.375s] -- Up-to-date: /home/wen/chall/install/mav_planning_msgs/lib/python3.12/site-packages/mav_planning_msgs/msg/_polygon2_d.py
[0.375s] -- Up-to-date: /home/wen/chall/install/mav_planning_msgs/lib/python3.12/site-packages/mav_planning_msgs/msg/_polynomial_trajectory.py
[0.375s] -- Up-to-date: /home/wen/chall/install/mav_planning_msgs/lib/python3.12/site-packages/mav_planning_msgs/msg/_point_cloud_with_pose.py
[0.375s] -- Up-to-date: /home/wen/chall/install/mav_planning_msgs/lib/python3.12/site-packages/mav_planning_msgs/msg/_polygon_with_holes_stamped_s.c
[0.375s] -- Up-to-date: /home/wen/chall/install/mav_planning_msgs/lib/python3.12/site-packages/mav_planning_msgs/msg/_polynomial_segment_s.c
[0.375s] -- Up-to-date: /home/wen/chall/install/mav_planning_msgs/lib/python3.12/site-packages/mav_planning_msgs/msg/_polygon_with_holes.py
[0.375s] -- Up-to-date: /home/wen/chall/install/mav_planning_msgs/lib/python3.12/site-packages/mav_planning_msgs/msg/_polynomial_segment4_d_s.c
[0.375s] -- Up-to-date: /home/wen/chall/install/mav_planning_msgs/lib/python3.12/site-packages/mav_planning_msgs/msg/_polynomial_trajectory_s.c
[0.375s] -- Up-to-date: /home/wen/chall/install/mav_planning_msgs/lib/python3.12/site-packages/mav_planning_msgs/msg/_polygon_with_holes_s.c
[0.375s] -- Up-to-date: /home/wen/chall/install/mav_planning_msgs/lib/python3.12/site-packages/mav_planning_msgs/msg/_polygon2_d_s.c
[0.375s] -- Up-to-date: /home/wen/chall/install/mav_planning_msgs/lib/python3.12/site-packages/mav_planning_msgs/msg/_polynomial_segment.py
[0.375s] -- Up-to-date: /home/wen/chall/install/mav_planning_msgs/lib/python3.12/site-packages/mav_planning_msgs/msg/_polygon_with_holes_stamped.py
[0.375s] -- Up-to-date: /home/wen/chall/install/mav_planning_msgs/lib/python3.12/site-packages/mav_planning_msgs/msg/_point2_d_s.c
[0.375s] -- Up-to-date: /home/wen/chall/install/mav_planning_msgs/lib/python3.12/site-packages/mav_planning_msgs/msg/_polynomial_trajectory4_d_s.c
[0.375s] -- Up-to-date: /home/wen/chall/install/mav_planning_msgs/lib/python3.12/site-packages/mav_planning_msgs/msg/_polynomial_segment4_d.py
[0.375s] -- Up-to-date: /home/wen/chall/install/mav_planning_msgs/lib/python3.12/site-packages/mav_planning_msgs/msg/__init__.py
[0.375s] -- Up-to-date: /home/wen/chall/install/mav_planning_msgs/lib/python3.12/site-packages/mav_planning_msgs/msg/_polynomial_trajectory4_d.py
[0.375s] -- Up-to-date: /home/wen/chall/install/mav_planning_msgs/lib/python3.12/site-packages/mav_planning_msgs/msg/_point_cloud_with_pose_s.c
[0.376s] -- Up-to-date: /home/wen/chall/install/mav_planning_msgs/lib/python3.12/site-packages/mav_planning_msgs/msg/_point2_d.py
[0.376s] -- Up-to-date: /home/wen/chall/install/mav_planning_msgs/lib/python3.12/site-packages/mav_planning_msgs/mav_planning_msgs_s__rosidl_typesupport_fastrtps_c.so
[0.376s] -- Up-to-date: /home/wen/chall/install/mav_planning_msgs/lib/python3.12/site-packages/mav_planning_msgs/mav_planning_msgs_s__rosidl_typesupport_introspection_c.so
[0.376s] -- Up-to-date: /home/wen/chall/install/mav_planning_msgs/lib/python3.12/site-packages/mav_planning_msgs/__init__.py
[0.376s] -- Up-to-date: /home/wen/chall/install/mav_planning_msgs/lib/python3.12/site-packages/mav_planning_msgs/srv
[0.376s] -- Up-to-date: /home/wen/chall/install/mav_planning_msgs/lib/python3.12/site-packages/mav_planning_msgs/srv/_planner_service.py
[0.376s] -- Up-to-date: /home/wen/chall/install/mav_planning_msgs/lib/python3.12/site-packages/mav_planning_msgs/srv/_polygon_service_s.c
[0.376s] -- Up-to-date: /home/wen/chall/install/mav_planning_msgs/lib/python3.12/site-packages/mav_planning_msgs/srv/_change_name_service.py
[0.376s] -- Up-to-date: /home/wen/chall/install/mav_planning_msgs/lib/python3.12/site-packages/mav_planning_msgs/srv/_planner_service_s.c
[0.376s] -- Up-to-date: /home/wen/chall/install/mav_planning_msgs/lib/python3.12/site-packages/mav_planning_msgs/srv/__init__.py
[0.376s] -- Up-to-date: /home/wen/chall/install/mav_planning_msgs/lib/python3.12/site-packages/mav_planning_msgs/srv/_polygon_service.py
[0.376s] -- Up-to-date: /home/wen/chall/install/mav_planning_msgs/lib/python3.12/site-packages/mav_planning_msgs/srv/_change_name_service_s.c
[0.376s] -- Up-to-date: /home/wen/chall/install/mav_planning_msgs/lib/python3.12/site-packages/mav_planning_msgs/_mav_planning_msgs_s.ep.rosidl_typesupport_fastrtps_c.c
[0.376s] -- Up-to-date: /home/wen/chall/install/mav_planning_msgs/lib/python3.12/site-packages/mav_planning_msgs/mav_planning_msgs_s__rosidl_typesupport_c.so
[0.401s] Listing '/home/wen/chall/install/mav_planning_msgs/lib/python3.12/site-packages/mav_planning_msgs'...
[0.402s] Listing '/home/wen/chall/install/mav_planning_msgs/lib/python3.12/site-packages/mav_planning_msgs/msg'...
[0.402s] Listing '/home/wen/chall/install/mav_planning_msgs/lib/python3.12/site-packages/mav_planning_msgs/srv'...
[0.405s] -- Up-to-date: /home/wen/chall/install/mav_planning_msgs/lib/python3.12/site-packages/mav_planning_msgs/mav_planning_msgs_s__rosidl_typesupport_fastrtps_c.so
[0.409s] -- Up-to-date: /home/wen/chall/install/mav_planning_msgs/lib/python3.12/site-packages/mav_planning_msgs/mav_planning_msgs_s__rosidl_typesupport_introspection_c.so
[0.410s] -- Up-to-date: /home/wen/chall/install/mav_planning_msgs/lib/python3.12/site-packages/mav_planning_msgs/mav_planning_msgs_s__rosidl_typesupport_c.so
[0.411s] -- Up-to-date: /home/wen/chall/install/mav_planning_msgs/lib/libmav_planning_msgs__rosidl_generator_py.so
[0.411s] -- Up-to-date: /home/wen/chall/install/mav_planning_msgs/share/mav_planning_msgs/msg/Point2D.idl
[0.411s] -- Up-to-date: /home/wen/chall/install/mav_planning_msgs/share/mav_planning_msgs/msg/PointCloudWithPose.idl
[0.411s] -- Up-to-date: /home/wen/chall/install/mav_planning_msgs/share/mav_planning_msgs/msg/Polygon2D.idl
[0.411s] -- Up-to-date: /home/wen/chall/install/mav_planning_msgs/share/mav_planning_msgs/msg/PolygonWithHoles.idl
[0.411s] -- Up-to-date: /home/wen/chall/install/mav_planning_msgs/share/mav_planning_msgs/msg/PolygonWithHolesStamped.idl
[0.411s] -- Up-to-date: /home/wen/chall/install/mav_planning_msgs/share/mav_planning_msgs/msg/PolynomialSegment.idl
[0.411s] -- Up-to-date: /home/wen/chall/install/mav_planning_msgs/share/mav_planning_msgs/msg/PolynomialSegment4D.idl
[0.411s] -- Up-to-date: /home/wen/chall/install/mav_planning_msgs/share/mav_planning_msgs/msg/PolynomialTrajectory.idl
[0.412s] -- Up-to-date: /home/wen/chall/install/mav_planning_msgs/share/mav_planning_msgs/msg/PolynomialTrajectory4D.idl
[0.412s] -- Up-to-date: /home/wen/chall/install/mav_planning_msgs/share/mav_planning_msgs/srv/PlannerService.idl
[0.412s] -- Up-to-date: /home/wen/chall/install/mav_planning_msgs/share/mav_planning_msgs/srv/PolygonService.idl
[0.412s] -- Up-to-date: /home/wen/chall/install/mav_planning_msgs/share/mav_planning_msgs/srv/ChangeNameService.idl
[0.412s] -- Up-to-date: /home/wen/chall/install/mav_planning_msgs/share/mav_planning_msgs/msg/Point2D.msg
[0.412s] -- Up-to-date: /home/wen/chall/install/mav_planning_msgs/share/mav_planning_msgs/msg/PointCloudWithPose.msg
[0.412s] -- Up-to-date: /home/wen/chall/install/mav_planning_msgs/share/mav_planning_msgs/msg/Polygon2D.msg
[0.412s] -- Up-to-date: /home/wen/chall/install/mav_planning_msgs/share/mav_planning_msgs/msg/PolygonWithHoles.msg
[0.412s] -- Up-to-date: /home/wen/chall/install/mav_planning_msgs/share/mav_planning_msgs/msg/PolygonWithHolesStamped.msg
[0.412s] -- Up-to-date: /home/wen/chall/install/mav_planning_msgs/share/mav_planning_msgs/msg/PolynomialSegment.msg
[0.412s] -- Up-to-date: /home/wen/chall/install/mav_planning_msgs/share/mav_planning_msgs/msg/PolynomialSegment4D.msg
[0.412s] -- Up-to-date: /home/wen/chall/install/mav_planning_msgs/share/mav_planning_msgs/msg/PolynomialTrajectory.msg
[0.412s] -- Up-to-date: /home/wen/chall/install/mav_planning_msgs/share/mav_planning_msgs/msg/PolynomialTrajectory4D.msg
[0.412s] -- Up-to-date: /home/wen/chall/install/mav_planning_msgs/share/mav_planning_msgs/srv/PlannerService.srv
[0.412s] -- Up-to-date: /home/wen/chall/install/mav_planning_msgs/share/mav_planning_msgs/srv/PolygonService.srv
[0.413s] -- Up-to-date: /home/wen/chall/install/mav_planning_msgs/share/mav_planning_msgs/srv/ChangeNameService.srv
[0.413s] -- Up-to-date: /home/wen/chall/install/mav_planning_msgs/include/mav_planning_msgs
[0.413s] -- Up-to-date: /home/wen/chall/install/mav_planning_msgs/include/mav_planning_msgs/mav_planning_msgs
[0.413s] -- Up-to-date: /home/wen/chall/install/mav_planning_msgs/include/mav_planning_msgs/mav_planning_msgs/conversions.hpp
[0.413s] -- Up-to-date: /home/wen/chall/install/mav_planning_msgs/include/mav_planning_msgs/mav_planning_msgs/conversions_deprecated.hpp
[0.413s] -- Up-to-date: /home/wen/chall/install/mav_planning_msgs/include/mav_planning_msgs/mav_planning_msgs/eigen_planning_msgs.hpp
[0.413s] -- Up-to-date: /home/wen/chall/install/mav_planning_msgs/share/ament_index/resource_index/package_run_dependencies/mav_planning_msgs
[0.413s] -- Up-to-date: /home/wen/chall/install/mav_planning_msgs/share/ament_index/resource_index/parent_prefix_path/mav_planning_msgs
[0.413s] -- Up-to-date: /home/wen/chall/install/mav_planning_msgs/share/mav_planning_msgs/environment/ament_prefix_path.sh
[0.413s] -- Up-to-date: /home/wen/chall/install/mav_planning_msgs/share/mav_planning_msgs/environment/ament_prefix_path.dsv
[0.413s] -- Up-to-date: /home/wen/chall/install/mav_planning_msgs/share/mav_planning_msgs/environment/path.sh
[0.413s] -- Up-to-date: /home/wen/chall/install/mav_planning_msgs/share/mav_planning_msgs/environment/path.dsv
[0.413s] -- Up-to-date: /home/wen/chall/install/mav_planning_msgs/share/mav_planning_msgs/local_setup.bash
[0.413s] -- Up-to-date: /home/wen/chall/install/mav_planning_msgs/share/mav_planning_msgs/local_setup.sh
[0.413s] -- Up-to-date: /home/wen/chall/install/mav_planning_msgs/share/mav_planning_msgs/local_setup.zsh
[0.413s] -- Up-to-date: /home/wen/chall/install/mav_planning_msgs/share/mav_planning_msgs/local_setup.dsv
[0.413s] -- Installing: /home/wen/chall/install/mav_planning_msgs/share/mav_planning_msgs/package.dsv
[0.414s] -- Up-to-date: /home/wen/chall/install/mav_planning_msgs/share/ament_index/resource_index/packages/mav_planning_msgs
[0.415s] -- Up-to-date: /home/wen/chall/install/mav_planning_msgs/share/mav_planning_msgs/cmake/export_mav_planning_msgs__rosidl_generator_cExport.cmake
[0.415s] -- Up-to-date: /home/wen/chall/install/mav_planning_msgs/share/mav_planning_msgs/cmake/export_mav_planning_msgs__rosidl_generator_cExport-noconfig.cmake
[0.416s] -- Up-to-date: /home/wen/chall/install/mav_planning_msgs/share/mav_planning_msgs/cmake/export_mav_planning_msgs__rosidl_typesupport_fastrtps_cExport.cmake
[0.416s] -- Up-to-date: /home/wen/chall/install/mav_planning_msgs/share/mav_planning_msgs/cmake/export_mav_planning_msgs__rosidl_typesupport_fastrtps_cExport-noconfig.cmake
[0.416s] -- Up-to-date: /home/wen/chall/install/mav_planning_msgs/share/mav_planning_msgs/cmake/mav_planning_msgs__rosidl_typesupport_introspection_cExport.cmake
[0.416s] -- Up-to-date: /home/wen/chall/install/mav_planning_msgs/share/mav_planning_msgs/cmake/mav_planning_msgs__rosidl_typesupport_introspection_cExport-noconfig.cmake
[0.419s] -- Up-to-date: /home/wen/chall/install/mav_planning_msgs/share/mav_planning_msgs/cmake/mav_planning_msgs__rosidl_typesupport_cExport.cmake
[0.419s] -- Up-to-date: /home/wen/chall/install/mav_planning_msgs/share/mav_planning_msgs/cmake/mav_planning_msgs__rosidl_typesupport_cExport-noconfig.cmake
[0.420s] -- Up-to-date: /home/wen/chall/install/mav_planning_msgs/share/mav_planning_msgs/cmake/export_mav_planning_msgs__rosidl_generator_cppExport.cmake
[0.420s] -- Up-to-date: /home/wen/chall/install/mav_planning_msgs/share/mav_planning_msgs/cmake/export_mav_planning_msgs__rosidl_typesupport_fastrtps_cppExport.cmake
[0.420s] -- Up-to-date: /home/wen/chall/install/mav_planning_msgs/share/mav_planning_msgs/cmake/export_mav_planning_msgs__rosidl_typesupport_fastrtps_cppExport-noconfig.cmake
[0.421s] -- Up-to-date: /home/wen/chall/install/mav_planning_msgs/share/mav_planning_msgs/cmake/mav_planning_msgs__rosidl_typesupport_introspection_cppExport.cmake
[0.421s] -- Up-to-date: /home/wen/chall/install/mav_planning_msgs/share/mav_planning_msgs/cmake/mav_planning_msgs__rosidl_typesupport_introspection_cppExport-noconfig.cmake
[0.421s] -- Up-to-date: /home/wen/chall/install/mav_planning_msgs/share/mav_planning_msgs/cmake/mav_planning_msgs__rosidl_typesupport_cppExport.cmake
[0.421s] -- Up-to-date: /home/wen/chall/install/mav_planning_msgs/share/mav_planning_msgs/cmake/mav_planning_msgs__rosidl_typesupport_cppExport-noconfig.cmake
[0.422s] -- Up-to-date: /home/wen/chall/install/mav_planning_msgs/share/mav_planning_msgs/cmake/export_mav_planning_msgs__rosidl_generator_pyExport.cmake
[0.422s] -- Up-to-date: /home/wen/chall/install/mav_planning_msgs/share/mav_planning_msgs/cmake/export_mav_planning_msgs__rosidl_generator_pyExport-noconfig.cmake
[0.422s] -- Up-to-date: /home/wen/chall/install/mav_planning_msgs/share/mav_planning_msgs/cmake/rosidl_cmake-extras.cmake
[0.422s] -- Up-to-date: /home/wen/chall/install/mav_planning_msgs/share/mav_planning_msgs/cmake/ament_cmake_export_dependencies-extras.cmake
[0.422s] -- Up-to-date: /home/wen/chall/install/mav_planning_msgs/share/mav_planning_msgs/cmake/ament_cmake_export_include_directories-extras.cmake
[0.422s] -- Up-to-date: /home/wen/chall/install/mav_planning_msgs/share/mav_planning_msgs/cmake/ament_cmake_export_libraries-extras.cmake
[0.422s] -- Up-to-date: /home/wen/chall/install/mav_planning_msgs/share/mav_planning_msgs/cmake/ament_cmake_export_targets-extras.cmake
[0.422s] -- Up-to-date: /home/wen/chall/install/mav_planning_msgs/share/mav_planning_msgs/cmake/rosidl_cmake_export_typesupport_targets-extras.cmake
[0.422s] -- Up-to-date: /home/wen/chall/install/mav_planning_msgs/share/mav_planning_msgs/cmake/rosidl_cmake_export_typesupport_libraries-extras.cmake
[0.422s] -- Up-to-date: /home/wen/chall/install/mav_planning_msgs/share/mav_planning_msgs/cmake/mav_planning_msgsConfig.cmake
[0.422s] -- Up-to-date: /home/wen/chall/install/mav_planning_msgs/share/mav_planning_msgs/cmake/mav_planning_msgsConfig-version.cmake
[0.422s] -- Up-to-date: /home/wen/chall/install/mav_planning_msgs/share/mav_planning_msgs/package.xml
[0.424s] Invoked command in '/home/wen/chall/build/mav_planning_msgs' returned '0': AMENT_PREFIX_PATH=/home/wen/chall/install/mav_msgs:${AMENT_PREFIX_PATH} CMAKE_PREFIX_PATH=/home/wen/chall/install/mav_msgs:/home/wen/ws/install/trajectory_planner_pkg:/home/wen/ws/install/state_estimator_pkg:/home/wen/ws/install/simulation:/home/wen/ws/install/mission_planner_pkg:/home/wen/ws/install/mav_planning_msgs:/home/wen/ws/install/controller_pkg:/home/wen/ws/install/mav_msgs:/opt/ros/jazzy/opt/gz_math_vendor:/opt/ros/jazzy/opt/gz_utils_vendor:/opt/ros/jazzy/opt/gz_cmake_vendor:/opt/ros/jazzy DEBUGINFOD_URLS=https://debuginfod.ubuntu.com LD_LIBRARY_PATH=/home/wen/chall/install/mav_msgs/lib:${LD_LIBRARY_PATH} PYTHONPATH=/home/wen/chall/install/mav_msgs/lib/python3.12/site-packages:${PYTHONPATH} /usr/bin/cmake --install /home/wen/chall/build/mav_planning_msgs
